[2016.04.03-19.55.22:829][  0]Log file open, 04/03/16 22:55:22
[2016.04.03-19.55.22:829][  0]LogInit:Display: Running engine for game: SCG
[2016.04.03-19.55.22:829][  0]LogPlatformFile: Not using cached read wrapper
[2016.04.03-19.55.22:829][  0]LogInit:Display: RandInit(-1289601333) SRandInit(-1289601331).
[2016.04.03-19.55.22:829][  0]LogTaskGraph: Started task graph with 4 named threads and 7 total threads.
[2016.04.03-19.55.22:829][  0]LogStats: Stats thread started at 0.130596
[2016.04.03-19.55.22:829][  0]LogInit: Version: 4.10.4-2872498+++depot+UE4-Releases+4.10
[2016.04.03-19.55.22:829][  0]LogInit: API Version: 2758231
[2016.04.03-19.55.22:829][  0]LogInit: Compiled (64-bit): Feb 18 2016 15:47:04
[2016.04.03-19.55.22:829][  0]LogInit: Compiled with Visual C++: 19.00.23026.00
[2016.04.03-19.55.22:829][  0]LogInit: Build Configuration: Development
[2016.04.03-19.55.22:829][  0]LogInit: Branch Name: ++depot+UE4-Releases+4.10
[2016.04.03-19.55.22:829][  0]LogInit: Command line:  
[2016.04.03-19.55.22:829][  0]LogInit: Base directory: C:/Program Files (x86)/Epic Games/4.10/Engine/Binaries/Win64/
[2016.04.03-19.55.22:829][  0]LogInit: Rocket: 1
[2016.04.03-19.55.22:849][  0]LogInit: Using libcurl 7.41.0
[2016.04.03-19.55.22:849][  0]LogInit:  - built for x86_64-pc-win32
[2016.04.03-19.55.22:849][  0]LogInit:  - supports SSL with WinSSL
[2016.04.03-19.55.22:849][  0]LogInit:  - other features:
[2016.04.03-19.55.22:849][  0]LogInit:      CURL_VERSION_SSL
[2016.04.03-19.55.22:849][  0]LogInit:      CURL_VERSION_IPV6
[2016.04.03-19.55.22:849][  0]LogInit:      CURL_VERSION_ASYNCHDNS
[2016.04.03-19.55.22:849][  0]LogInit:      CURL_VERSION_LARGEFILE
[2016.04.03-19.55.22:849][  0]LogInit:      CURL_VERSION_IDN
[2016.04.03-19.55.22:849][  0]LogInit:  CurlRequestOptions (configurable via config and command line):
[2016.04.03-19.55.22:849][  0]LogInit:  - bVerifyPeer = true  - Libcurl will verify peer certificate
[2016.04.03-19.55.22:849][  0]LogInit:  - bUseHttpProxy = false  - Libcurl will NOT use HTTP proxy
[2016.04.03-19.55.22:849][  0]LogInit:  - bDontReuseConnections = false  - Libcurl will reuse connections
[2016.04.03-19.55.22:849][  0]LogInit:  - CertBundlePath = nullptr  - Libcurl will use whatever was configured at build time.
[2016.04.03-19.55.22:885][  0]LogInit: Presizing for 0 objects not considered by GC, pre-allocating 0 bytes.
[2016.04.03-19.55.22:891][  0]LogInit: Object subsystem initialized
[2016.04.03-19.55.22:891][  0]LogInit: Selected Device Profile: [Windows]
[2016.04.03-19.55.22:891][  0]LogInit: Applying CVar settings loaded from the selected device profile: [Windows]
[2016.04.03-19.55.22:911][  0]LogInit: Computer: DESKTOP-9PE97P4
[2016.04.03-19.55.22:911][  0]LogInit: User: AlexeyAYashin
[2016.04.03-19.55.22:911][  0]LogInit: CPU Page size=4096, Cores=4
[2016.04.03-19.55.22:911][  0]LogInit: High frequency timer resolution =2.531250 MHz
[2016.04.03-19.55.22:911][  0]LogMemory: Memory total: Physical=15.9GB (16GB approx)
[2016.04.03-19.55.22:911][  0]LogMemory: Platform Memory Stats for Windows
[2016.04.03-19.55.22:911][  0]LogMemory: Process Physical Memory: 56.45 MB used, 56.45 MB peak
[2016.04.03-19.55.22:911][  0]LogMemory: Process Virtual Memory: 56.74 MB used, 56.74 MB peak
[2016.04.03-19.55.22:911][  0]LogMemory: Physical Memory: 5585.17 MB used, 16283.51 MB total
[2016.04.03-19.55.22:911][  0]LogMemory: Virtual Memory: 382.89 MB used, 134217728.00 MB total
[2016.04.03-19.55.23:171][  0]LogTextLocalizationManager: No translations for ('ru-RU') exist, falling back to 'en' for localization and internationalization data.
[2016.04.03-19.55.23:792][  0]LogD3D11RHI: Found D3D11 adapter 0: NVIDIA GeForce GTX 980M    (Feature Level 11_0)
[2016.04.03-19.55.23:792][  0]LogD3D11RHI: Adapter has 4009MB of dedicated video memory, 0MB of dedicated system memory, and 8141MB of shared system memory, 1 output[s]
[2016.04.03-19.55.23:800][  0]LogD3D11RHI: Found D3D11 adapter 1: Intel(R) HD Graphics 530 (Feature Level 11_0)
[2016.04.03-19.55.23:800][  0]LogD3D11RHI: Adapter has 128MB of dedicated video memory, 0MB of dedicated system memory, and 8141MB of shared system memory, 0 output[s]
[2016.04.03-19.55.23:802][  0]LogD3D11RHI: Found D3D11 adapter 2: Microsoft Basic Render Driver (Feature Level 11_0)
[2016.04.03-19.55.23:802][  0]LogD3D11RHI: Adapter has 0MB of dedicated video memory, 0MB of dedicated system memory, and 8141MB of shared system memory, 0 output[s]
[2016.04.03-19.55.23:802][  0]LogD3D11RHI: Chosen D3D11 Adapter Id = 0
[2016.04.03-19.55.23:807][  0]LogD3D11RHI: !Direct3DDevice
[2016.04.03-19.55.23:807][  0]LogRHI: Texture pool is 1361 MB (70% of 1945 MB)
[2016.04.03-19.55.23:824][  0]LogD3D11RHI: Async texture creation enabled
[2016.04.03-19.55.23:839][  0]LogShaderCompilers: Guid format shader working directory is 38 characters bigger than the processId version (D:/GitHub/SCG_1/Intermediate/Shaders/WorkingDirectory/7336/).
[2016.04.03-19.55.23:839][  0]LogShaderCompilers: Cleaned the shader compiler working directory 'C:/Users/ALEXEY~1.YAS/AppData/Local/Temp/UnrealShaderWorkingDir/8906C7B943E31A06D3BB2EA856C2F4A5/'.
[2016.04.03-19.55.23:839][  0]LogShaderCompilers:Display: Using Local Shader Compiler.
[2016.04.03-19.55.25:843][  0]LogTemp:Display: Loaded TP AllDesktopTargetPlatform
[2016.04.03-19.55.25:849][  0]LogTemp:Display: Loaded TP WindowsClientTargetPlatform
[2016.04.03-19.55.25:854][  0]LogTemp:Display: Loaded TP WindowsNoEditorTargetPlatform
[2016.04.03-19.55.25:859][  0]LogTemp:Display: Loaded TP WindowsServerTargetPlatform
[2016.04.03-19.55.25:865][  0]LogTemp:Display: Loaded TP WindowsTargetPlatform
[2016.04.03-19.55.25:872][  0]LogTemp:Display: Loaded TP AndroidTargetPlatform
[2016.04.03-19.55.25:875][  0]LogTemp:Display: Loaded TP Android_ASTCTargetPlatform
[2016.04.03-19.55.25:878][  0]LogTemp:Display: Loaded TP Android_ATCTargetPlatform
[2016.04.03-19.55.25:882][  0]LogTemp:Display: Loaded TP Android_DXTTargetPlatform
[2016.04.03-19.55.25:885][  0]LogTemp:Display: Loaded TP Android_ETC1TargetPlatform
[2016.04.03-19.55.25:888][  0]LogTemp:Display: Loaded TP Android_ETC2TargetPlatform
[2016.04.03-19.55.25:894][  0]LogTemp:Display: Loaded TP Android_MultiTargetPlatform
[2016.04.03-19.55.25:894][  0]LogTemp:Display: Loaded TP Android_PVRTCTargetPlatform
[2016.04.03-19.55.25:895][  0]LogTemp:Display: Loaded TP HTML5TargetPlatform
[2016.04.03-19.55.25:934][  0]LogTemp:Display: Loaded TP IOSTargetPlatform
[2016.04.03-19.55.25:937][  0]LogTemp:Display: Loaded TP LinuxNoEditorTargetPlatform
[2016.04.03-19.55.25:940][  0]LogTemp:Display: Loaded TP LinuxServerTargetPlatform
[2016.04.03-19.55.25:945][  0]LogTemp:Display: Loaded TP LinuxTargetPlatform
[2016.04.03-19.55.25:945][  0]LogTargetPlatformManager:Display: Building Assets For Windows
[2016.04.03-19.55.26:234][  0]LogDerivedDataCache:Display: Max Cache Size: 512 MB
[2016.04.03-19.55.26:353][  0]LogDerivedDataCache: Loaded boot cache 0.12s 41MB C:/Users/Alexey A. Yashin/AppData/Local/UnrealEngine/4.10/DerivedDataCache/Boot.ddc.
[2016.04.03-19.55.26:353][  0]LogDerivedDataCache:Display: Loaded Boot cache: C:/Users/Alexey A. Yashin/AppData/Local/UnrealEngine/4.10/DerivedDataCache/Boot.ddc
[2016.04.03-19.55.26:353][  0]LogDerivedDataCache: FDerivedDataBackendGraph:  Pak pak cache file D:/GitHub/SCG_1/DerivedDataCache/DDC.ddp not found, will not use a pak cache.
[2016.04.03-19.55.26:353][  0]LogDerivedDataCache: Unable to find inner node Pak for hierarchical cache Hierarchy.
[2016.04.03-19.55.26:353][  0]LogDerivedDataCache: FDerivedDataBackendGraph:  CompressedPak pak cache file D:/GitHub/SCG_1/DerivedDataCache/Compressed.ddp not found, will not use a pak cache.
[2016.04.03-19.55.26:353][  0]LogDerivedDataCache: Unable to find inner node CompressedPak for hierarchical cache Hierarchy.
[2016.04.03-19.55.26:428][  0]LogDerivedDataCache:Display: Pak cache opened for reading ../../../Engine/DerivedDataCache/Compressed.ddp.
[2016.04.03-19.55.26:440][  0]LogDerivedDataCache: Using Local data cache path C:/Users/Alexey A. Yashin/AppData/Local/UnrealEngine/Common/DerivedDataCache: Writable
[2016.04.03-19.55.29:741][  0]LogInit: Selected Device Profile: [Windows]
[2016.04.03-19.55.29:752][  0]LogContentStreaming: Texture pool size is 0.000000MB
[2016.04.03-19.55.29:996][  0]LogMeshUtilities: No automatic mesh reduction module available
[2016.04.03-19.55.29:996][  0]LogMeshUtilities: No automatic mesh merging module available
[2016.04.03-19.55.30:745][  0]LogInit: WinSock: version 1.1 (2.2), MaxSocks=32767, MaxUdp=65467
[2016.04.03-19.55.33:413][  0]UdpMessaging: Initializing bridge on interface 0.0.0.0:0 to multicast group 230.0.0.1:6666.
[2016.04.03-19.55.33:574][  0]LogAssetRegistry: FAssetRegistry took 0.0127 seconds to start up
[2016.04.03-19.55.33:938][  0]SourceControl: Info Source control is disabled
[2016.04.03-19.55.34:067][  0]SourceControl: Info Source control is disabled
[2016.04.03-19.55.34:082][  0]SourceControl: Info Source control is disabled
[2016.04.03-19.55.34:097][  0]SourceControl: Info Source control is disabled
[2016.04.03-19.55.34:472][  0]LogObj: 28633 objects as part of root set at end of initial load.
[2016.04.03-19.55.34:472][  0]LogUObjectAllocator: 6099752 out of 0 bytes used by permanent object pool.
[2016.04.03-19.55.34:596][  0]LogEngine: Initializing Engine...
[2016.04.03-19.55.34:601][  0]LogHMD: Can't find Oculus library dev build: is proper Runtime installed? Version: 0.8.0.0
[2016.04.03-19.55.34:617][  0]LogHMD: SteamVR failed to initialize.  Err: 110
[2016.04.03-19.55.34:876][  0]LogAIModule: Creating AISystem for world NewWorld
[2016.04.03-19.55.34:891][  0]LogInit: XAudio2 using 'Динамики (Sound Blaster Recon3Di)' : 2 channels at 48 kHz using 32 bits per sample (channel mask 0x3)
[2016.04.03-19.55.34:905][  0]LogInit: FAudioDevice initialized.
[2016.04.03-19.55.34:926][  0]LogDerivedDataCache: Saved boot cache 0.02s 41MB C:/Users/Alexey A. Yashin/AppData/Local/UnrealEngine/4.10/DerivedDataCache/Boot.ddc.
[2016.04.03-19.55.34:931][  0]LogInit: Texture streaming: Enabled
[2016.04.03-19.55.34:939][  0]LogAnalytics: Creating configured Analytics provider AnalyticsET
[2016.04.03-19.55.34:939][  0]LogAnalytics: [UEEditor.Rocket.Release] APIServer = http://et2.epicgames.com/ET2/. AppVersion = 4.10.4-2872498+++depot+UE4-Releases+4.10
[2016.04.03-19.55.34:939][  0]LogAnalytics: [UEEditor.Rocket.Release] SetUserId f5a2790d4621e793f57aed83a4c1ad3b|44963bdca51a4f6a8fcfa146bce134ea|b1ea7d6f-3642-40ca-8e23-a6158fe6a3f1
[2016.04.03-19.55.34:940][  0]LogAnalytics: [UEEditor.Rocket.Release] AnalyticsET::StartSession
[2016.04.03-19.55.34:953][  0]LogInit: Transaction tracking system initialized
[2016.04.03-19.55.35:010][  0]BlueprintLog: New page: Editor Load
[2016.04.03-19.55.35:203][  0]LocalizationService: Info Localization service is disabled
[2016.04.03-19.55.35:384][  0]LogConsoleResponse:Display: 
[2016.04.03-19.55.35:545][  0]LogCook:Display: Done creating registry. It took  0.00s.
[2016.04.03-19.55.35:657][  0]LogFileCache: Scanning file cache for directory 'D:/GitHub/SCG_1/Content/' took 0.02s
[2016.04.03-19.55.35:658][  0]SourceControl: Info Source control is disabled
[2016.04.03-19.55.35:659][  0]Cmd: MAP LOAD FILE="D:/GitHub/SCG_1/Content/SideScrollerBP/Maps/SideScrollerExampleMap.umap" TEMPLATE=0 SHOWPROGRESS=1 FEATURELEVEL=3
[2016.04.03-19.55.35:660][  0]LightingResults: New page: Lighting Build
[2016.04.03-19.55.35:669][  0]MapCheck: New page: Map Check
[2016.04.03-19.55.35:669][  0]LightingResults: New page: Lighting Build
[2016.04.03-19.55.35:687][  0]LogParticles: Destroying 0 GPU particle simulations for FXSystem 0x000002209C207420
[2016.04.03-19.55.37:474][  0]LogStaticMesh: Building static mesh FlyingRobot...
[2016.04.03-19.55.37:569][  0]LogStaticMesh: Built static mesh [0.096499.2s] /Game/enemies/FlyingRobot.FlyingRobot
[2016.04.03-19.55.37:887][  0]LogMaterial: Missing cached shader map for material BaseMaterial, compiling. 
[2016.04.03-19.55.37:927][  0]LogAIModule: Creating AISystem for world SideScrollerExampleMap
[2016.04.03-19.55.37:960][  0]LogEditorServer: Finished looking for orphan Actors (0.000 secs)
[2016.04.03-19.55.37:964][  0]Cmd: MAP CHECKDEP NOCLEARLOG
[2016.04.03-19.55.38:025][  0]MapCheck: Info Map check complete: 0 Error(s), 0 Warning(s), took 61.163ms to complete.
[2016.04.03-19.55.38:025][  0]LogFileHelpers: Loading map 'SideScrollerExampleMap' took 2.367
[2016.04.03-19.55.38:231][  0]LogCollectionManager: Loaded 0 collections in 0.003005 seconds
[2016.04.03-19.55.38:283][  0]LogFileCache: Scanning file cache for directory 'D:/GitHub/SCG_1/Saved/Collections/' took 0.01s
[2016.04.03-19.55.38:283][  0]LogFileCache: Scanning file cache for directory 'D:/GitHub/SCG_1/Content/Developers/AlexeyAYashin/Collections/' took 0.01s
[2016.04.03-19.55.38:283][  0]LogFileCache: Scanning file cache for directory 'D:/GitHub/SCG_1/Content/Collections/' took 0.01s
[2016.04.03-19.55.38:283][  0]LogCollectionManager: Rebuilt the GUID cache for 0 collections in 0.000008 seconds
[2016.04.03-19.55.38:295][  0]LogContentBrowser: Native class hierarchy populated in 0.0103 seconds. Added 1894 classes and 340 folders.
[2016.04.03-19.55.38:308][  0]LogContentBrowser: Native class hierarchy updated for 'WidgetCarousel' in 0.0003 seconds. Added 0 classes and 0 folders.
[2016.04.03-19.55.38:658][  0]LogContentBrowser: Native class hierarchy updated for 'AddContentDialog' in 0.0004 seconds. Added 0 classes and 0 folders.
[2016.04.03-19.55.38:785][  0]LogCrashTracker: Crashtracker disabled due to settings.
[2016.04.03-19.55.38:800][  0]LogUObjectGlobals:Warning: Failed to find object 'Class None.'
[2016.04.03-19.55.38:825][  0]LogLoad: Full Startup: 17.09 seconds (BP compile: 0.38 seconds)
[2016.04.03-19.55.38:847][  0]LogOcInput: Can't find Oculus library dev build: is proper Runtime installed? Version: 0.8.0.0
[2016.04.03-19.55.38:985][  0]LogContentStreaming: Texture pool size now 1000 MB
[2016.04.03-19.55.39:172][  0]LogRenderer: Reallocating scene render targets to support 1052x388 (Frame:2).
[2016.04.03-19.55.43:200][209]LogCollectionManager: Rebuilt the object cache for 0 collections in 0.000001 seconds (found 0 objects)
[2016.04.03-19.55.43:803][245]LogAssetRegistry: Asset discovery search completed in 10.2414 seconds
[2016.04.03-19.55.43:804][245]LogCollectionManager: Fixed up redirectors for 0 collections in 0.000007 seconds (updated 0 objects)
[2016.04.03-19.55.44:290][272]LogFileCache: Retrieving MD5 hashes for directory 'D:/GitHub/SCG_1/Content/' took 5.43s
[2016.04.03-19.55.51:544][701]LogLinker:Warning: Asset '../../../Engine/Content/ArtTools/RenderToTexture/Macros/RenderToTextureMacros.uasset' has been saved with empty engine version. The asset will be loaded but may be incompatible.
[2016.04.03-19.55.52:023][701]LogContentBrowser: Native class hierarchy updated for 'BlueprintGraph' in 0.0007 seconds. Added 107 classes and 0 folders.
[2016.04.03-19.56.01:808][250]LogRenderer: Reallocating scene render targets to support 1052x540 (Frame:802).
[2016.04.03-19.56.31:287][840]LogActorComponent: UnregisterComponent: (/Engine/Transient.FloatingPawnMovement_GEN_VARIABLE) Not registered. Aborting.
[2016.04.03-19.56.31:287][840]LogActorComponent: UnregisterComponent: (/Engine/Transient.FloatingPawnMovement_0) Not registered. Aborting.
[2016.04.03-19.56.31:287][840]LogActorComponent: UnregisterComponent: (/Engine/Transient.ProjectileMovement_GEN_VARIABLE) Not registered. Aborting.
[2016.04.03-19.56.31:331][840]LogParticles: Destroying 0 GPU particle simulations for FXSystem 0x00000220A2478C20
[2016.04.03-19.56.31:470][840]LogWindowsTextInputMethodSystem:Display: IME system now deactivated.
[2016.04.03-19.56.31:675][841]Cmd: QUIT_EDITOR
[2016.04.03-19.56.31:808][841]LogExit: Preparing to exit.
[2016.04.03-19.56.32:498][841]LogExit: Editor shut down
[2016.04.03-19.56.32:498][841]LogExit: Transaction tracking system shut down
[2016.04.03-19.56.32:505][841]LogParticles: Destroying 0 GPU particle simulations for FXSystem 0x00000220A2385760
[2016.04.03-19.56.32:505][841]LogParticles: Destroying 0 GPU particle simulations for FXSystem 0x00000220AB975760
[2016.04.03-19.56.32:505][841]LogParticles: Destroying 0 GPU particle simulations for FXSystem 0x000002209AF8DF80
[2016.04.03-19.56.32:506][841]LogParticles: Destroying 0 GPU particle simulations for FXSystem 0x00000220B2DCECA0
[2016.04.03-19.56.32:506][841]LogParticles: Destroying 0 GPU particle simulations for FXSystem 0x00000220B2DCEC00
[2016.04.03-19.56.32:506][841]LogParticles: Destroying 0 GPU particle simulations for FXSystem 0x00000220B2DCE8E0
[2016.04.03-19.56.32:506][841]LogParticles: Destroying 0 GPU particle simulations for FXSystem 0x00000220C55B3880
[2016.04.03-19.56.32:506][841]LogParticles: Destroying 0 GPU particle simulations for FXSystem 0x00000220C55B32E0
[2016.04.03-19.56.32:688][841]LogExit: Object subsystem successfully closed.
[2016.04.03-19.56.32:713][841]LogD3D11RHI: Shutdown
[2016.04.03-19.56.32:713][841]LogD3D11RHI: CleanupD3DDevice
[2016.04.03-19.56.32:789][841]LogD3D11RHI: ~FD3D11DynamicRHI
[2016.04.03-19.56.32:800][841]LogModuleManager: Shutting down and abandoning module BlueprintGraph (199)
[2016.04.03-19.56.32:800][841]LogModuleManager: Shutting down and abandoning module CrashTracker (198)
[2016.04.03-19.56.32:800][841]LogModuleManager: Shutting down and abandoning module SuperSearch (197)
[2016.04.03-19.56.32:800][841]LogModuleManager: Shutting down and abandoning module WidgetCarousel (196)
[2016.04.03-19.56.32:800][841]LogModuleManager: Shutting down and abandoning module AddContentDialog (195)
[2016.04.03-19.56.32:802][841]LogModuleManager: Shutting down and abandoning module EditorWidgets (194)
[2016.04.03-19.56.32:802][841]LogModuleManager: Shutting down and abandoning module CollectionManager (193)
[2016.04.03-19.56.32:802][841]LogModuleManager: Shutting down and abandoning module SceneOutliner (192)
[2016.04.03-19.56.32:802][841]LogModuleManager: Shutting down and abandoning module StatsViewer (191)
[2016.04.03-19.56.32:802][841]LogModuleManager: Shutting down and abandoning module FoliageEdit (190)
[2016.04.03-19.56.32:802][841]LogModuleManager: Shutting down and abandoning module LandscapeEditor (189)
[2016.04.03-19.56.32:802][841]LogModuleManager: Shutting down and abandoning module ActorPickerMode (188)
[2016.04.03-19.56.32:802][841]LogModuleManager: Shutting down and abandoning module GeometryMode (187)
[2016.04.03-19.56.32:802][841]LogModuleManager: Shutting down and abandoning module TextureAlignMode (186)
[2016.04.03-19.56.32:802][841]LogModuleManager: Shutting down and abandoning module BspMode (185)
[2016.04.03-19.56.32:802][841]LogModuleManager: Shutting down and abandoning module PlacementMode (184)
[2016.04.03-19.56.32:802][841]LogModuleManager: Shutting down and abandoning module AutomationWorker (183)
[2016.04.03-19.56.32:802][841]LogModuleManager: Shutting down and abandoning module CharacterAI (182)
[2016.04.03-19.56.32:802][841]LogModuleManager: Shutting down and abandoning module SmartSnapping (181)
[2016.04.03-19.56.32:802][841]LogModuleManager: Shutting down and abandoning module ViewportSnapping (180)
[2016.04.03-19.56.32:802][841]LogModuleManager: Shutting down and abandoning module LogVisualizer (179)
[2016.04.03-19.56.32:803][841]LogModuleManager: Shutting down and abandoning module GameProjectGeneration (178)
[2016.04.03-19.56.32:803][841]LogModuleManager: Shutting down and abandoning module IntroTutorials (177)
[2016.04.03-19.56.32:803][841]LogModuleManager: Shutting down and abandoning module EditorLiveStreaming (176)
[2016.04.03-19.56.32:803][841]LogModuleManager: Shutting down and abandoning module IOSPlatformEditor (175)
[2016.04.03-19.56.32:803][841]LogModuleManager: Shutting down and abandoning module HTML5PlatformEditor (174)
[2016.04.03-19.56.32:803][841]LogModuleManager: Shutting down and abandoning module AndroidDeviceDetection (173)
[2016.04.03-19.56.33:278][841]LogModuleManager: Shutting down and abandoning module AndroidPlatformEditor (172)
[2016.04.03-19.56.33:278][841]LogModuleManager: Shutting down and abandoning module IOSRuntimeSettings (171)
[2016.04.03-19.56.33:278][841]LogModuleManager: Shutting down and abandoning module AndroidRuntimeSettings (170)
[2016.04.03-19.56.33:278][841]LogModuleManager: Shutting down and abandoning module MergeActors (169)
[2016.04.03-19.56.33:278][841]LogModuleManager: Shutting down and abandoning module SizeMap (168)
[2016.04.03-19.56.33:278][841]LogModuleManager: Shutting down and abandoning module TreeMap (167)
[2016.04.03-19.56.33:278][841]LogModuleManager: Shutting down and abandoning module ReferenceViewer (166)
[2016.04.03-19.56.33:278][841]LogModuleManager: Shutting down and abandoning module LocalizationService (165)
[2016.04.03-19.56.33:278][841]LogModuleManager: Shutting down and abandoning module LocalizationDashboard (164)
[2016.04.03-19.56.33:278][841]LogModuleManager: Shutting down and abandoning module HardwareTargeting (163)
[2016.04.03-19.56.33:278][841]LogModuleManager: Shutting down and abandoning module DeviceProfileEditor (162)
[2016.04.03-19.56.33:278][841]LogModuleManager: Shutting down and abandoning module UndoHistory (161)
[2016.04.03-19.56.33:278][841]LogModuleManager: Shutting down and abandoning module GameplayTagsEditor (160)
[2016.04.03-19.56.33:278][841]LogModuleManager: Shutting down and abandoning module UserFeedback (159)
[2016.04.03-19.56.33:278][841]LogModuleManager: Shutting down and abandoning module XmlParser (158)
[2016.04.03-19.56.33:278][841]LogModuleManager: Shutting down and abandoning module Blutility (157)
[2016.04.03-19.56.33:278][841]LogModuleManager: Shutting down and abandoning module ProjectTargetPlatformEditor (156)
[2016.04.03-19.56.33:278][841]LogModuleManager: Shutting down and abandoning module ProjectSettingsViewer (155)
[2016.04.03-19.56.33:278][841]LogModuleManager: Shutting down and abandoning module InputBindingEditor (154)
[2016.04.03-19.56.33:279][841]LogModuleManager: Shutting down and abandoning module EditorSettingsViewer (153)
[2016.04.03-19.56.33:279][841]LogModuleManager: Shutting down and abandoning module SettingsEditor (152)
[2016.04.03-19.56.33:279][841]LogModuleManager: Shutting down and abandoning module ProjectLauncher (151)
[2016.04.03-19.56.33:279][841]LogModuleManager: Shutting down and abandoning module SessionFrontend (150)
[2016.04.03-19.56.33:279][841]LogModuleManager: Shutting down and abandoning module ProfilerClient (149)
[2016.04.03-19.56.33:279][841]LogModuleManager: Shutting down and abandoning module TargetDeviceServices (148)
[2016.04.03-19.56.33:279][841]LogModuleManager: Shutting down and abandoning module DeviceManager (147)
[2016.04.03-19.56.33:279][841]LogModuleManager: Shutting down and abandoning module AutomationController (146)
[2016.04.03-19.56.33:279][841]LogModuleManager: Shutting down and abandoning module AutomationWindow (145)
[2016.04.03-19.56.33:279][841]LogModuleManager: Shutting down and abandoning module Layers (144)
[2016.04.03-19.56.33:279][841]LogModuleManager: Shutting down and abandoning module ComponentVisualizers (143)
[2016.04.03-19.56.33:279][841]LogModuleManager: Shutting down and abandoning module DetailCustomizations (142)
[2016.04.03-19.56.33:279][841]LogModuleManager: Shutting down and abandoning module PackagesDialog (141)
[2016.04.03-19.56.33:279][841]LogModuleManager: Shutting down and abandoning module Persona (140)
[2016.04.03-19.56.33:279][841]LogModuleManager: Shutting down and abandoning module Kismet (139)
[2016.04.03-19.56.33:279][841]LogModuleManager: Shutting down and abandoning module GraphEditor (138)
[2016.04.03-19.56.33:279][841]LogModuleManager: Shutting down and abandoning module ClassViewer (137)
[2016.04.03-19.56.33:279][841]LogModuleManager: Shutting down and abandoning module Toolbox (136)
[2016.04.03-19.56.33:279][841]LogModuleManager: Shutting down and abandoning module ModuleUI (135)
[2016.04.03-19.56.33:279][841]LogModuleManager: Shutting down and abandoning module MovieSceneTools (134)
[2016.04.03-19.56.33:279][841]LogModuleManager: Shutting down and abandoning module OutputLog (133)
[2016.04.03-19.56.33:279][841]LogModuleManager: Shutting down and abandoning module GammaUI (132)
[2016.04.03-19.56.33:279][841]LogModuleManager: Shutting down and abandoning module Documentation (131)
[2016.04.03-19.56.33:279][841]LogModuleManager: Shutting down and abandoning module GameLiveStreaming (130)
[2016.04.03-19.56.33:279][841]LogModuleManager: Shutting down and abandoning module StreamingPauseRendering (129)
[2016.04.03-19.56.33:279][841]LogModuleManager: Shutting down and abandoning module AnalyticsET (128)
[2016.04.03-19.56.33:279][841]LogModuleManager: Shutting down and abandoning module Analytics (127)
[2016.04.03-19.56.33:279][841]LogModuleManager: Shutting down and abandoning module AITestSuite (126)
[2016.04.03-19.56.33:279][841]LogModuleManager: Shutting down and abandoning module GameplayDebugger (125)
[2016.04.03-19.56.33:279][841]LogModuleManager: Shutting down and abandoning module AIModule (124)
[2016.04.03-19.56.33:279][841]LogModuleManager: Shutting down and abandoning module ProfilerService (123)
[2016.04.03-19.56.33:304][841]LogModuleManager: Shutting down and abandoning module TaskGraph (122)
[2016.04.03-19.56.33:304][841]LogModuleManager: Shutting down and abandoning module SlateRemote (121)
[2016.04.03-19.56.33:304][841]LogModuleManager: Shutting down and abandoning module SteamVRController (120)
[2016.04.03-19.56.33:304][841]LogModuleManager: Shutting down and abandoning module SteamVR (119)
[2016.04.03-19.56.33:305][841]LogModuleManager: Shutting down and abandoning module ProceduralMeshComponent (118)
[2016.04.03-19.56.33:305][841]LogModuleManager: Shutting down and abandoning module OculusLibrary (117)
[2016.04.03-19.56.33:305][841]LogModuleManager: Shutting down and abandoning module OculusInput (116)
[2016.04.03-19.56.33:305][841]LogModuleManager: Shutting down and abandoning module LeapMotionController (115)
[2016.04.03-19.56.33:323][841]LogModuleManager: Shutting down and abandoning module CustomMeshComponent (114)
[2016.04.03-19.56.33:323][841]LogModuleManager: Shutting down and abandoning module CableComponent (113)
[2016.04.03-19.56.33:323][841]LogModuleManager: Shutting down and abandoning module ArchVisCharacter (112)
[2016.04.03-19.56.33:323][841]LogModuleManager: Shutting down and abandoning module MessagingDebugger (111)
[2016.04.03-19.56.33:323][841]LogModuleManager: Shutting down and abandoning module MediaPlayerEditor (110)
[2016.04.03-19.56.33:323][841]LogModuleManager: Shutting down and abandoning module HTML5Networking (109)
[2016.04.03-19.56.33:323][841]LogModuleManager: Shutting down and abandoning module SpeedTreeImporter (108)
[2016.04.03-19.56.33:323][841]LogModuleManager: Shutting down and abandoning module PluginBrowser (107)
[2016.04.03-19.56.33:324][841]LogModuleManager: Shutting down and abandoning module EpicSurvey (106)
[2016.04.03-19.56.33:324][841]LogModuleManager: Shutting down and abandoning module DesktopPlatform (105)
[2016.04.03-19.56.33:324][841]LogModuleManager: Shutting down and abandoning module VisualStudioSourceCodeAccess (104)
[2016.04.03-19.56.33:324][841]LogModuleManager: Shutting down and abandoning module UObjectPlugin (103)
[2016.04.03-19.56.33:324][841]LogModuleManager: Shutting down and abandoning module SubversionSourceControl (102)
[2016.04.03-19.56.33:324][841]LogModuleManager: Shutting down and abandoning module PerforceSourceControl (101)
[2016.04.03-19.56.33:324][841]LogModuleManager: Shutting down and abandoning module SourceControl (100)
[2016.04.03-19.56.33:324][841]LogModuleManager: Shutting down and abandoning module GitSourceControl (99)
[2016.04.03-19.56.33:324][841]LogModuleManager: Shutting down and abandoning module LightPropagationVolumeEditor (98)
[2016.04.03-19.56.33:324][841]LogModuleManager: Shutting down and abandoning module PaperTiledImporter (97)
[2016.04.03-19.56.33:324][841]LogModuleManager: Shutting down and abandoning module PaperSpriteSheetImporter (96)
[2016.04.03-19.56.33:324][841]LogModuleManager: Shutting down and abandoning module MeshPaint (95)
[2016.04.03-19.56.33:324][841]LogModuleManager: Shutting down and abandoning module SlateReflector (94)
[2016.04.03-19.56.33:324][841]LogModuleManager: Shutting down and abandoning module HotReload (93)
[2016.04.03-19.56.33:324][841]LogModuleManager: Shutting down and abandoning module MainFrame (92)
[2016.04.03-19.56.33:324][841]LogModuleManager: Shutting down and abandoning module LevelEditor (91)
[2016.04.03-19.56.33:325][841]LogModuleManager: Shutting down and abandoning module DirectoryWatcher (90)
[2016.04.03-19.56.33:325][841]LogModuleManager: Shutting down and abandoning module AssetRegistry (89)
[2016.04.03-19.56.33:426][841]LogModuleManager: Shutting down and abandoning module ContentBrowser (88)
[2016.04.03-19.56.33:427][841]LogModuleManager: Shutting down and abandoning module Paper2DEditor (87)
[2016.04.03-19.56.33:427][841]LogModuleManager: Shutting down and abandoning module UdpMessaging (86)
[2016.04.03-19.56.33:528][841]LogModuleManager: Shutting down and abandoning module LightPropagationVolumeRuntime (85)
[2016.04.03-19.56.33:528][841]LogModuleManager: Shutting down and abandoning module Paper2D (84)
[2016.04.03-19.56.33:528][841]LogModuleManager: Shutting down and abandoning module WindowsMoviePlayer (83)
[2016.04.03-19.56.33:530][841]LogModuleManager: Shutting down and abandoning module Media (82)
[2016.04.03-19.56.33:530][841]LogModuleManager: Shutting down and abandoning module WmfMedia (81)
[2016.04.03-19.56.33:530][841]LogModuleManager: Shutting down and abandoning module OnlineBlueprintSupport (80)
[2016.04.03-19.56.33:531][841]LogModuleManager: Shutting down and abandoning module GameplayTasksEditor (79)
[2016.04.03-19.56.33:531][841]LogModuleManager: Shutting down and abandoning module PropertyEditor (78)
[2016.04.03-19.56.33:531][841]LogModuleManager: Shutting down and abandoning module BehaviorTreeEditor (77)
[2016.04.03-19.56.33:531][841]LogModuleManager: Shutting down and abandoning module FunctionalTesting (76)
[2016.04.03-19.56.33:531][841]LogModuleManager: Shutting down and abandoning module CollisionAnalyzer (75)
[2016.04.03-19.56.33:531][841]LogModuleManager: Shutting down and abandoning module WorkspaceMenuStructure (74)
[2016.04.03-19.56.33:531][841]LogModuleManager: Shutting down and abandoning module MessageLog (73)
[2016.04.03-19.56.33:531][841]LogModuleManager: Shutting down and abandoning module Sequencer (72)
[2016.04.03-19.56.33:531][841]LogModuleManager: Shutting down and abandoning module AssetTools (71)
[2016.04.03-19.56.33:531][841]LogModuleManager: Shutting down and abandoning module UMGEditor (70)
[2016.04.03-19.56.33:531][841]LogModuleManager: Shutting down and abandoning module UMG (69)
[2016.04.03-19.56.33:531][841]LogModuleManager: Shutting down and abandoning module Slate (68)
[2016.04.03-19.56.33:531][841]LogModuleManager: Shutting down and abandoning module EditorStyle (67)
[2016.04.03-19.56.33:533][841]LogModuleManager: Shutting down and abandoning module SessionServices (66)
[2016.04.03-19.56.33:533][841]LogModuleManager: Shutting down and abandoning module SourceCodeAccess (65)
[2016.04.03-19.56.33:533][841]LogModuleManager: Shutting down and abandoning module HeadMountedDisplay (64)
[2016.04.03-19.56.33:533][841]LogModuleManager: Shutting down and abandoning module XAudio2 (63)
[2016.04.03-19.56.33:533][841]LogModuleManager: Shutting down and abandoning module Networking (61)
[2016.04.03-19.56.33:533][841]LogModuleManager: Shutting down and abandoning module Core (60)
[2016.04.03-19.56.33:533][841]LogModuleManager: Shutting down and abandoning module KismetCompiler (59)
[2016.04.03-19.56.33:533][841]LogModuleManager: Shutting down and abandoning module PhysXFormats (58)
[2016.04.03-19.56.33:533][841]LogModuleManager: Shutting down and abandoning module MeshUtilities (57)
[2016.04.03-19.56.33:534][841]LogModuleManager: Shutting down and abandoning module DerivedDataCache (56)
[2016.04.03-19.56.33:970][841]LogDerivedDataCache: Shutdown
[2016.04.03-19.56.33:970][841]LogModuleManager: Shutting down and abandoning module ShaderFormatOpenGL (55)
[2016.04.03-19.56.33:970][841]LogModuleManager: Shutting down and abandoning module ShaderFormatD3D (54)
[2016.04.03-19.56.33:970][841]LogModuleManager: Shutting down and abandoning module MetalShaderFormat (53)
[2016.04.03-19.56.33:970][841]LogModuleManager: Shutting down and abandoning module TextureFormatUncompressed (52)
[2016.04.03-19.56.33:970][841]LogModuleManager: Shutting down and abandoning module TextureFormatPVR (51)
[2016.04.03-19.56.33:970][841]LogModuleManager: Shutting down and abandoning module TextureFormatIntelISPCTexComp (50)
[2016.04.03-19.56.33:970][841]LogModuleManager: Shutting down and abandoning module TextureFormatDXT (49)
[2016.04.03-19.56.33:970][841]LogModuleManager: Shutting down and abandoning module ImageWrapper (48)
[2016.04.03-19.56.33:970][841]LogModuleManager: Shutting down and abandoning module TextureFormatASTC (47)
[2016.04.03-19.56.33:970][841]LogModuleManager: Shutting down and abandoning module TextureFormatAndroid (46)
[2016.04.03-19.56.33:970][841]LogModuleManager: Shutting down and abandoning module AudioFormatOpus (45)
[2016.04.03-19.56.33:970][841]LogModuleManager: Shutting down and abandoning module AudioFormatOgg (44)
[2016.04.03-19.56.33:970][841]LogModuleManager: Shutting down and abandoning module AudioFormatADPCM (43)
[2016.04.03-19.56.33:970][841]LogModuleManager: Shutting down and abandoning module LinuxTargetPlatform (42)
[2016.04.03-19.56.33:970][841]LogModuleManager: Shutting down and abandoning module LinuxServerTargetPlatform (41)
[2016.04.03-19.56.33:970][841]LogModuleManager: Shutting down and abandoning module LinuxNoEditorTargetPlatform (40)
[2016.04.03-19.56.33:970][841]LogModuleManager: Shutting down and abandoning module Messaging (39)
[2016.04.03-19.56.33:970][841]LogModuleManager: Shutting down and abandoning module IOSTargetPlatform (38)
[2016.04.03-19.56.33:970][841]LogModuleManager: Shutting down and abandoning module HTML5TargetPlatform (37)
[2016.04.03-19.56.33:970][841]LogModuleManager: Shutting down and abandoning module Android_PVRTCTargetPlatform (36)
[2016.04.03-19.56.33:970][841]LogModuleManager: Shutting down and abandoning module Android_MultiTargetPlatform (35)
[2016.04.03-19.56.33:970][841]LogModuleManager: Shutting down and abandoning module Android_ETC2TargetPlatform (34)
[2016.04.03-19.56.33:970][841]LogModuleManager: Shutting down and abandoning module Android_ETC1TargetPlatform (33)
[2016.04.03-19.56.33:970][841]LogModuleManager: Shutting down and abandoning module Android_DXTTargetPlatform (32)
[2016.04.03-19.56.33:970][841]LogModuleManager: Shutting down and abandoning module Android_ATCTargetPlatform (31)
[2016.04.03-19.56.33:970][841]LogModuleManager: Shutting down and abandoning module Android_ASTCTargetPlatform (30)
[2016.04.03-19.56.33:970][841]LogModuleManager: Shutting down and abandoning module AndroidTargetPlatform (29)
[2016.04.03-19.56.33:970][841]LogModuleManager: Shutting down and abandoning module WindowsTargetPlatform (28)
[2016.04.03-19.56.33:970][841]LogModuleManager: Shutting down and abandoning module WindowsServerTargetPlatform (27)
[2016.04.03-19.56.33:970][841]LogModuleManager: Shutting down and abandoning module WindowsNoEditorTargetPlatform (26)
[2016.04.03-19.56.33:970][841]LogModuleManager: Shutting down and abandoning module WindowsClientTargetPlatform (25)
[2016.04.03-19.56.33:970][841]LogModuleManager: Shutting down and abandoning module AllDesktopTargetPlatform (24)
[2016.04.03-19.56.33:970][841]LogModuleManager: Shutting down and abandoning module TargetPlatform (23)
[2016.04.03-19.56.33:970][841]LogModuleManager: Shutting down and abandoning module InputCore (22)
[2016.04.03-19.56.33:970][841]LogModuleManager: Shutting down and abandoning module Settings (21)
[2016.04.03-19.56.33:970][841]LogModuleManager: Shutting down and abandoning module OnlineSubsystem (19)
[2016.04.03-19.56.33:970][841]LogModuleManager: Shutting down and abandoning module HTTP (18)
[2016.04.03-19.56.35:974][841]LogModuleManager: Shutting down and abandoning module XMPP (17)
[2016.04.03-19.56.35:974][841]LogModuleManager: Shutting down and abandoning module OculusRift (16)
[2016.04.03-19.56.35:974][841]LogModuleManager: Shutting down and abandoning module ExampleDeviceProfileSelector (15)
[2016.04.03-19.56.35:974][841]LogModuleManager: Shutting down and abandoning module TextureCompressor (14)
[2016.04.03-19.56.35:974][841]LogModuleManager: Shutting down and abandoning module ShaderCore (13)
[2016.04.03-19.56.35:974][841]LogModuleManager: Shutting down and abandoning module Landscape (12)
[2016.04.03-19.56.35:974][841]LogModuleManager: Shutting down and abandoning module SlateRHIRenderer (11)
[2016.04.03-19.56.35:975][841]LogModuleManager: Shutting down and abandoning module OpenGLDrv (10)
[2016.04.03-19.56.35:975][841]LogModuleManager: Shutting down and abandoning module D3D11RHI (9)
[2016.04.03-19.56.35:975][841]LogModuleManager: Shutting down and abandoning module AnimGraphRuntime (8)
[2016.04.03-19.56.35:975][841]LogModuleManager: Shutting down and abandoning module Renderer (7)
[2016.04.03-19.56.35:975][841]LogModuleManager: Shutting down and abandoning module Engine (6)
[2016.04.03-19.56.35:975][841]LogModuleManager: Shutting down and abandoning module CoreUObject (5)
[2016.04.03-19.56.35:975][841]LogModuleManager: Shutting down and abandoning module NetworkFile (4)
[2016.04.03-19.56.35:975][841]LogModuleManager: Shutting down and abandoning module StreamingFile (3)
[2016.04.03-19.56.35:975][841]LogModuleManager: Shutting down and abandoning module SandboxFile (2)
[2016.04.03-19.56.35:975][841]LogModuleManager: Shutting down and abandoning module PakFile (1)
[2016.04.03-19.56.35:976][841]LogExit: Exiting.
[2016.04.03-19.56.35:978][841]Log file closed, 04/03/16 22:56:35
