[2016.04.05-09.12.21:011][  0]Log file open, 04/05/16 12:12:21
[2016.04.05-09.12.21:011][  0]LogInit:Display: Running engine for game: SCG
[2016.04.05-09.12.21:011][  0]LogPlatformFile: Not using cached read wrapper
[2016.04.05-09.12.21:011][  0]LogInit:Display: RandInit(-1751959453) SRandInit(-1751959452).
[2016.04.05-09.12.21:011][  0]LogTaskGraph: Started task graph with 4 named threads and 7 total threads.
[2016.04.05-09.12.21:011][  0]LogStats: Stats thread started at 0.074774
[2016.04.05-09.12.21:011][  0]LogInit: Version: 4.10.4-2872498+++depot+UE4-Releases+4.10
[2016.04.05-09.12.21:011][  0]LogInit: API Version: 2758231
[2016.04.05-09.12.21:011][  0]LogInit: Compiled (64-bit): Feb 18 2016 15:47:04
[2016.04.05-09.12.21:011][  0]LogInit: Compiled with Visual C++: 19.00.23026.00
[2016.04.05-09.12.21:011][  0]LogInit: Build Configuration: Development
[2016.04.05-09.12.21:011][  0]LogInit: Branch Name: ++depot+UE4-Releases+4.10
[2016.04.05-09.12.21:011][  0]LogInit: Command line:  
[2016.04.05-09.12.21:011][  0]LogInit: Base directory: C:/Program Files (x86)/Epic Games/4.10/Engine/Binaries/Win64/
[2016.04.05-09.12.21:011][  0]LogInit: Rocket: 1
[2016.04.05-09.12.21:017][  0]LogInit: Using libcurl 7.41.0
[2016.04.05-09.12.21:017][  0]LogInit:  - built for x86_64-pc-win32
[2016.04.05-09.12.21:017][  0]LogInit:  - supports SSL with WinSSL
[2016.04.05-09.12.21:017][  0]LogInit:  - other features:
[2016.04.05-09.12.21:017][  0]LogInit:      CURL_VERSION_SSL
[2016.04.05-09.12.21:017][  0]LogInit:      CURL_VERSION_IPV6
[2016.04.05-09.12.21:017][  0]LogInit:      CURL_VERSION_ASYNCHDNS
[2016.04.05-09.12.21:017][  0]LogInit:      CURL_VERSION_LARGEFILE
[2016.04.05-09.12.21:017][  0]LogInit:      CURL_VERSION_IDN
[2016.04.05-09.12.21:017][  0]LogInit:  CurlRequestOptions (configurable via config and command line):
[2016.04.05-09.12.21:017][  0]LogInit:  - bVerifyPeer = true  - Libcurl will verify peer certificate
[2016.04.05-09.12.21:017][  0]LogInit:  - bUseHttpProxy = false  - Libcurl will NOT use HTTP proxy
[2016.04.05-09.12.21:017][  0]LogInit:  - bDontReuseConnections = false  - Libcurl will reuse connections
[2016.04.05-09.12.21:017][  0]LogInit:  - CertBundlePath = nullptr  - Libcurl will use whatever was configured at build time.
[2016.04.05-09.12.21:024][  0]LogInit: Presizing for 0 objects not considered by GC, pre-allocating 0 bytes.
[2016.04.05-09.12.21:029][  0]LogInit: Object subsystem initialized
[2016.04.05-09.12.21:030][  0]LogInit: Selected Device Profile: [Windows]
[2016.04.05-09.12.21:030][  0]LogInit: Applying CVar settings loaded from the selected device profile: [Windows]
[2016.04.05-09.12.21:037][  0]LogInit: Computer: DESKTOP-9PE97P4
[2016.04.05-09.12.21:037][  0]LogInit: User: AlexeyAYashin
[2016.04.05-09.12.21:037][  0]LogInit: CPU Page size=4096, Cores=4
[2016.04.05-09.12.21:037][  0]LogInit: High frequency timer resolution =2.531246 MHz
[2016.04.05-09.12.21:037][  0]LogMemory: Memory total: Physical=15.9GB (16GB approx)
[2016.04.05-09.12.21:037][  0]LogMemory: Platform Memory Stats for Windows
[2016.04.05-09.12.21:037][  0]LogMemory: Process Physical Memory: 56.42 MB used, 56.42 MB peak
[2016.04.05-09.12.21:037][  0]LogMemory: Process Virtual Memory: 56.80 MB used, 56.80 MB peak
[2016.04.05-09.12.21:037][  0]LogMemory: Physical Memory: 2650.70 MB used, 16283.51 MB total
[2016.04.05-09.12.21:037][  0]LogMemory: Virtual Memory: 382.89 MB used, 134217728.00 MB total
[2016.04.05-09.12.21:071][  0]LogTextLocalizationManager: No translations for ('ru-RU') exist, falling back to 'en' for localization and internationalization data.
[2016.04.05-09.12.21:472][  0]LogD3D11RHI: Found D3D11 adapter 0: NVIDIA GeForce GTX 980M    (Feature Level 11_0)
[2016.04.05-09.12.21:472][  0]LogD3D11RHI: Adapter has 4009MB of dedicated video memory, 0MB of dedicated system memory, and 8141MB of shared system memory, 1 output[s]
[2016.04.05-09.12.21:477][  0]LogD3D11RHI: Found D3D11 adapter 1: Intel(R) HD Graphics 530 (Feature Level 11_0)
[2016.04.05-09.12.21:477][  0]LogD3D11RHI: Adapter has 128MB of dedicated video memory, 0MB of dedicated system memory, and 8141MB of shared system memory, 0 output[s]
[2016.04.05-09.12.21:478][  0]LogD3D11RHI: Found D3D11 adapter 2: Microsoft Basic Render Driver (Feature Level 11_0)
[2016.04.05-09.12.21:478][  0]LogD3D11RHI: Adapter has 0MB of dedicated video memory, 0MB of dedicated system memory, and 8141MB of shared system memory, 0 output[s]
[2016.04.05-09.12.21:478][  0]LogD3D11RHI: Chosen D3D11 Adapter Id = 0
[2016.04.05-09.12.21:482][  0]LogD3D11RHI: !Direct3DDevice
[2016.04.05-09.12.21:483][  0]LogRHI: Texture pool is 1361 MB (70% of 1945 MB)
[2016.04.05-09.12.21:495][  0]LogD3D11RHI: Async texture creation enabled
[2016.04.05-09.12.21:511][  0]LogShaderCompilers: Guid format shader working directory is 38 characters bigger than the processId version (D:/GitHub/SCG_1/Intermediate/Shaders/WorkingDirectory/5456/).
[2016.04.05-09.12.21:511][  0]LogShaderCompilers: Cleaned the shader compiler working directory 'C:/Users/ALEXEY~1.YAS/AppData/Local/Temp/UnrealShaderWorkingDir/1F9304064C07E65B75AAC79F2C3AE477/'.
[2016.04.05-09.12.21:511][  0]LogShaderCompilers:Display: Using Local Shader Compiler.
[2016.04.05-09.12.22:192][  0]LogTemp:Display: Loaded TP AllDesktopTargetPlatform
[2016.04.05-09.12.22:195][  0]LogTemp:Display: Loaded TP WindowsClientTargetPlatform
[2016.04.05-09.12.22:200][  0]LogTemp:Display: Loaded TP WindowsNoEditorTargetPlatform
[2016.04.05-09.12.22:204][  0]LogTemp:Display: Loaded TP WindowsServerTargetPlatform
[2016.04.05-09.12.22:207][  0]LogTemp:Display: Loaded TP WindowsTargetPlatform
[2016.04.05-09.12.22:210][  0]LogTemp:Display: Loaded TP AndroidTargetPlatform
[2016.04.05-09.12.22:213][  0]LogTemp:Display: Loaded TP Android_ASTCTargetPlatform
[2016.04.05-09.12.22:215][  0]LogTemp:Display: Loaded TP Android_ATCTargetPlatform
[2016.04.05-09.12.22:218][  0]LogTemp:Display: Loaded TP Android_DXTTargetPlatform
[2016.04.05-09.12.22:221][  0]LogTemp:Display: Loaded TP Android_ETC1TargetPlatform
[2016.04.05-09.12.22:223][  0]LogTemp:Display: Loaded TP Android_ETC2TargetPlatform
[2016.04.05-09.12.22:228][  0]LogTemp:Display: Loaded TP Android_MultiTargetPlatform
[2016.04.05-09.12.22:228][  0]LogTemp:Display: Loaded TP Android_PVRTCTargetPlatform
[2016.04.05-09.12.22:228][  0]LogTemp:Display: Loaded TP HTML5TargetPlatform
[2016.04.05-09.12.22:245][  0]LogTemp:Display: Loaded TP IOSTargetPlatform
[2016.04.05-09.12.22:247][  0]LogTemp:Display: Loaded TP LinuxNoEditorTargetPlatform
[2016.04.05-09.12.22:250][  0]LogTemp:Display: Loaded TP LinuxServerTargetPlatform
[2016.04.05-09.12.22:252][  0]LogTemp:Display: Loaded TP LinuxTargetPlatform
[2016.04.05-09.12.22:252][  0]LogTargetPlatformManager:Display: Building Assets For Windows
[2016.04.05-09.12.22:322][  0]LogDerivedDataCache:Display: Max Cache Size: 512 MB
[2016.04.05-09.12.22:361][  0]LogDerivedDataCache: Loaded boot cache 0.04s 41MB C:/Users/Alexey A. Yashin/AppData/Local/UnrealEngine/4.10/DerivedDataCache/Boot.ddc.
[2016.04.05-09.12.22:361][  0]LogDerivedDataCache:Display: Loaded Boot cache: C:/Users/Alexey A. Yashin/AppData/Local/UnrealEngine/4.10/DerivedDataCache/Boot.ddc
[2016.04.05-09.12.22:361][  0]LogDerivedDataCache: FDerivedDataBackendGraph:  Pak pak cache file D:/GitHub/SCG_1/DerivedDataCache/DDC.ddp not found, will not use a pak cache.
[2016.04.05-09.12.22:361][  0]LogDerivedDataCache: Unable to find inner node Pak for hierarchical cache Hierarchy.
[2016.04.05-09.12.22:361][  0]LogDerivedDataCache: FDerivedDataBackendGraph:  CompressedPak pak cache file D:/GitHub/SCG_1/DerivedDataCache/Compressed.ddp not found, will not use a pak cache.
[2016.04.05-09.12.22:361][  0]LogDerivedDataCache: Unable to find inner node CompressedPak for hierarchical cache Hierarchy.
[2016.04.05-09.12.22:411][  0]LogDerivedDataCache:Display: Pak cache opened for reading ../../../Engine/DerivedDataCache/Compressed.ddp.
[2016.04.05-09.12.22:423][  0]LogDerivedDataCache: Using Local data cache path C:/Users/Alexey A. Yashin/AppData/Local/UnrealEngine/Common/DerivedDataCache: Writable
[2016.04.05-09.12.22:568][  0]LogInit: Selected Device Profile: [Windows]
[2016.04.05-09.12.22:570][  0]LogContentStreaming: Texture pool size is 0.000000MB
[2016.04.05-09.12.22:660][  0]LogMeshUtilities: No automatic mesh reduction module available
[2016.04.05-09.12.22:660][  0]LogMeshUtilities: No automatic mesh merging module available
[2016.04.05-09.12.22:842][  0]LogInit: WinSock: version 1.1 (2.2), MaxSocks=32767, MaxUdp=65467
[2016.04.05-09.12.23:451][  0]UdpMessaging: Initializing bridge on interface 0.0.0.0:0 to multicast group 230.0.0.1:6666.
[2016.04.05-09.12.23:553][  0]LogAssetRegistry: FAssetRegistry took 0.0108 seconds to start up
[2016.04.05-09.12.23:699][  0]SourceControl: Info Source control is disabled
[2016.04.05-09.12.23:732][  0]SourceControl: Info Source control is disabled
[2016.04.05-09.12.23:746][  0]SourceControl: Info Source control is disabled
[2016.04.05-09.12.23:756][  0]SourceControl: Info Source control is disabled
[2016.04.05-09.12.23:943][  0]LogObj: 28633 objects as part of root set at end of initial load.
[2016.04.05-09.12.23:943][  0]LogUObjectAllocator: 6099752 out of 0 bytes used by permanent object pool.
[2016.04.05-09.12.23:991][  0]LogEngine: Initializing Engine...
[2016.04.05-09.12.23:993][  0]LogHMD: Can't find Oculus library dev build: is proper Runtime installed? Version: 0.8.0.0
[2016.04.05-09.12.23:993][  0]LogHMD: SteamVR failed to initialize.  Err: 110
[2016.04.05-09.12.24:100][  0]LogAIModule: Creating AISystem for world NewWorld
[2016.04.05-09.12.24:103][  0]LogInit: XAudio2 using 'Динамики (Sound Blaster Recon3Di)' : 2 channels at 48 kHz using 32 bits per sample (channel mask 0x3)
[2016.04.05-09.12.24:111][  0]LogInit: FAudioDevice initialized.
[2016.04.05-09.12.24:132][  0]LogDerivedDataCache: Saved boot cache 0.02s 41MB C:/Users/Alexey A. Yashin/AppData/Local/UnrealEngine/4.10/DerivedDataCache/Boot.ddc.
[2016.04.05-09.12.24:137][  0]LogInit: Texture streaming: Enabled
[2016.04.05-09.12.24:142][  0]LogAnalytics: Creating configured Analytics provider AnalyticsET
[2016.04.05-09.12.24:142][  0]LogAnalytics: [UEEditor.Rocket.Release] APIServer = http://et2.epicgames.com/ET2/. AppVersion = 4.10.4-2872498+++depot+UE4-Releases+4.10
[2016.04.05-09.12.24:142][  0]LogAnalytics: [UEEditor.Rocket.Release] SetUserId f5a2790d4621e793f57aed83a4c1ad3b|44963bdca51a4f6a8fcfa146bce134ea|b1ea7d6f-3642-40ca-8e23-a6158fe6a3f1
[2016.04.05-09.12.24:142][  0]LogAnalytics: [UEEditor.Rocket.Release] AnalyticsET::StartSession
[2016.04.05-09.12.24:150][  0]LogInit: Transaction tracking system initialized
[2016.04.05-09.12.24:179][  0]BlueprintLog: New page: Editor Load
[2016.04.05-09.12.24:257][  0]LocalizationService: Info Localization service is disabled
[2016.04.05-09.12.24:333][  0]LogConsoleResponse:Display: 
[2016.04.05-09.12.24:429][  0]LogCook:Display: Done creating registry. It took  0.00s.
[2016.04.05-09.12.24:477][  0]LogFileCache: Scanning file cache for directory 'D:/GitHub/SCG_1/Content/' took 0.01s
[2016.04.05-09.12.24:477][  0]SourceControl: Info Source control is disabled
[2016.04.05-09.12.24:477][  0]Cmd: MAP LOAD FILE="D:/GitHub/SCG_1/Content/SideScrollerBP/Maps/SideScrollerExampleMap.umap" TEMPLATE=0 SHOWPROGRESS=1 FEATURELEVEL=3
[2016.04.05-09.12.24:478][  0]LightingResults: New page: Lighting Build
[2016.04.05-09.12.24:480][  0]MapCheck: New page: Map Check
[2016.04.05-09.12.24:480][  0]LightingResults: New page: Lighting Build
[2016.04.05-09.12.24:490][  0]LogParticles: Destroying 0 GPU particle simulations for FXSystem 0x000002BDBC523420
[2016.04.05-09.12.25:292][  0]LogAIModule: Creating AISystem for world SideScrollerExampleMap
[2016.04.05-09.12.25:303][  0]LogEditorServer: Finished looking for orphan Actors (0.000 secs)
[2016.04.05-09.12.25:304][  0]Cmd: MAP CHECKDEP NOCLEARLOG
[2016.04.05-09.12.25:343][  0]MapCheck: Info Map check complete: 0 Error(s), 0 Warning(s), took 39.005ms to complete.
[2016.04.05-09.12.25:343][  0]LogFileHelpers: Loading map 'SideScrollerExampleMap' took 0.866
[2016.04.05-09.12.25:456][  0]LogCollectionManager: Loaded 0 collections in 0.001773 seconds
[2016.04.05-09.12.25:494][  0]LogFileCache: Scanning file cache for directory 'D:/GitHub/SCG_1/Saved/Collections/' took 0.01s
[2016.04.05-09.12.25:494][  0]LogFileCache: Scanning file cache for directory 'D:/GitHub/SCG_1/Content/Developers/AlexeyAYashin/Collections/' took 0.01s
[2016.04.05-09.12.25:494][  0]LogFileCache: Scanning file cache for directory 'D:/GitHub/SCG_1/Content/Collections/' took 0.01s
[2016.04.05-09.12.25:494][  0]LogCollectionManager: Rebuilt the GUID cache for 0 collections in 0.000001 seconds
[2016.04.05-09.12.25:501][  0]LogContentBrowser: Native class hierarchy populated in 0.0066 seconds. Added 1894 classes and 340 folders.
[2016.04.05-09.12.25:509][  0]LogContentBrowser: Native class hierarchy updated for 'WidgetCarousel' in 0.0006 seconds. Added 0 classes and 0 folders.
[2016.04.05-09.12.25:557][  0]LogContentBrowser: Native class hierarchy updated for 'AddContentDialog' in 0.0003 seconds. Added 0 classes and 0 folders.
[2016.04.05-09.12.25:598][  0]LogCrashTracker: Crashtracker disabled due to settings.
[2016.04.05-09.12.25:604][  0]LogUObjectGlobals:Warning: Failed to find object 'Class None.'
[2016.04.05-09.12.25:626][  0]LogLoad: Full Startup: 5.05 seconds (BP compile: 0.23 seconds)
[2016.04.05-09.12.25:644][  0]LogWindowsTextInputMethodSystem:Display: IME system now deactivated.
[2016.04.05-09.12.25:648][  0]LogOcInput: Can't find Oculus library dev build: is proper Runtime installed? Version: 0.8.0.0
[2016.04.05-09.12.25:699][  0]LogContentStreaming: Texture pool size now 1000 MB
[2016.04.05-09.12.25:817][  0]LogRenderer: Reallocating scene render targets to support 892x332 (Frame:2).
[2016.04.05-09.12.26:161][  6]LogAssetRegistry: Asset discovery search completed in 2.6192 seconds
[2016.04.05-09.12.26:161][  6]LogCollectionManager: Rebuilt the object cache for 0 collections in 0.000000 seconds (found 0 objects)
[2016.04.05-09.12.26:161][  6]LogCollectionManager: Fixed up redirectors for 0 collections in 0.000015 seconds (updated 0 objects)
[2016.04.05-09.12.26:797][ 35]LogLinker:Warning: Asset '../../../Engine/Content/ArtTools/RenderToTexture/Macros/RenderToTextureMacros.uasset' has been saved with empty engine version. The asset will be loaded but may be incompatible.
[2016.04.05-09.12.27:142][ 35]LogContentBrowser: Native class hierarchy updated for 'BlueprintGraph' in 0.0006 seconds. Added 107 classes and 0 folders.
[2016.04.05-09.12.31:182][ 44]LogFileCache: Retrieving MD5 hashes for directory 'D:/GitHub/SCG_1/Content/' took 5.52s
[2016.04.05-09.27.53:852][812]LogWindowsTextInputMethodSystem:Display: IME system now deactivated.
[2016.04.05-09.27.53:852][812]LogWindowsTextInputMethodSystem:Display: IME system now deactivated.
[2016.04.05-09.29.03:246][888]LogRenderer: Reallocating scene render targets to support 1032x540 (Frame:14).
[2016.04.05-09.31.11:438][383]LogActorComponent: UnregisterComponent: (/Engine/Transient.FloatingPawnMovement_GEN_VARIABLE) Not registered. Aborting.
[2016.04.05-09.31.11:438][383]LogActorComponent: UnregisterComponent: (/Engine/Transient.FloatingPawnMovement_0) Not registered. Aborting.
[2016.04.05-09.31.11:513][383]LogFileHelpers: Editor autosave (incl. sublevels) for '/Game/SideScrollerBP/Maps/SideScrollerExampleMap' took 0.075
[2016.04.05-09.31.11:518][383]OBJ SavePackage: Generating thumbnails for [0] asset(s) in package [/Game/enemies/AIFlyingController] ([1] browsable assets)...
[2016.04.05-09.31.11:518][383]OBJ SavePackage: Finished generating thumbnails for package [/Game/enemies/AIFlyingController]
[2016.04.05-09.31.11:518][383]Cmd: OBJ SAVEPACKAGE PACKAGE="/Game/enemies/AIFlyingController" FILE="D:/GitHub/SCG_1/Saved/Autosaves/Game/enemies/AIFlyingController_Auto1.uasset" SILENT=false AUTOSAVING=true
[2016.04.05-09.31.11:565][383]LogSavePackage: Save=20.685860ms
[2016.04.05-09.31.11:565][383]LogSavePackage: Moving 'D:/GitHub/SCG_1/Saved/AIFlyingController_Auto13948B4094BE5729AF9D5E8BF12114B9A.tmp' to 'D:/GitHub/SCG_1/Saved/Autosaves/Game/enemies/AIFlyingController_Auto1.uasset'
[2016.04.05-09.31.11:565][383]LogSavePackage: Total save time: 45.997899ms
[2016.04.05-09.31.11:565][383]LogSavePackage:Display: Finished SavePackage D:/GitHub/SCG_1/Saved/Autosaves/Game/enemies/AIFlyingController_Auto1.uasset
[2016.04.05-09.31.11:565][383]LogFileHelpers: Auto-saving content packages took 0.052
[2016.04.05-09.40.49:851][ 46]BlueprintLog: New page: Compile AIFlyingController
[2016.04.05-09.40.49:970][ 46]BlueprintEditorCompileResults: Info [1709.39] Compile of AIFlyingController successful! [in 118 ms]
[2016.04.05-09.41.20:030][626]LogBlueprintUserMessages: Early PlayInEditor Detection: Level '/Game/SideScrollerBP/Maps/SideScrollerExampleMap.SideScrollerExampleMap:PersistentLevel' has LevelScriptBlueprint '/Game/SideScrollerBP/Maps/SideScrollerExampleMap.SideScrollerExampleMap:PersistentLevel.SideScrollerExampleMap' with GeneratedClass '/Game/SideScrollerBP/Maps/SideScrollerExampleMap.SideScrollerExampleMap_C' with ClassGeneratedBy '/Game/SideScrollerBP/Maps/SideScrollerExampleMap.SideScrollerExampleMap:PersistentLevel.SideScrollerExampleMap'
[2016.04.05-09.41.20:033][626]LogPlayLevel: PlayLevel: No blueprints needed recompiling
[2016.04.05-09.41.20:033][626]PIE: New page: PIE session: SideScrollerExampleMap (Apr 5, 2016, 3:41:20 PM)
[2016.04.05-09.41.20:033][626]LogPlayLevel: Creating play world package: /Game/SideScrollerBP/Maps/UEDPIE_0_SideScrollerExampleMap
[2016.04.05-09.41.20:076][626]LogPlayLevel: PIE: StaticDuplicateObject took: (0.042230s)
[2016.04.05-09.41.20:080][626]LogAIModule: Creating AISystem for world SideScrollerExampleMap
[2016.04.05-09.41.20:080][626]LogPlayLevel: PIE: World Init took: (0.004422s)
[2016.04.05-09.41.20:080][626]LogPlayLevel: PIE: Created PIE world by copying editor world from /Game/SideScrollerBP/Maps/SideScrollerExampleMap.SideScrollerExampleMap to /Game/SideScrollerBP/Maps/UEDPIE_0_SideScrollerExampleMap.SideScrollerExampleMap (0.047020s)
[2016.04.05-09.41.20:119][626]LogInit: XAudio2 using 'Динамики (Sound Blaster Recon3Di)' : 2 channels at 48 kHz using 32 bits per sample (channel mask 0x3)
[2016.04.05-09.41.20:128][626]LogInit: FAudioDevice initialized.
[2016.04.05-09.41.20:217][626]LogWorld: Game class is 'GameModeSCG_C'
[2016.04.05-09.41.20:224][626]LogWorld: Bringing World /Game/SideScrollerBP/Maps/UEDPIE_0_SideScrollerExampleMap.SideScrollerExampleMap up for play (max tick rate 60) at 2016.04.05-12.41.20
[2016.04.05-09.41.20:224][626]LogActor:Warning: GameSession /Game/SideScrollerBP/Maps/UEDPIE_0_SideScrollerExampleMap.SideScrollerExampleMap:PersistentLevel.GameSession_0 has natively added scene component(s), but none of them were set as the actor's RootComponent - picking one arbitrarily
[2016.04.05-09.41.20:224][626]LogActor:Warning: GameNetworkManager /Game/SideScrollerBP/Maps/UEDPIE_0_SideScrollerExampleMap.SideScrollerExampleMap:PersistentLevel.GameNetworkManager_0 has natively added scene component(s), but none of them were set as the actor's RootComponent - picking one arbitrarily
[2016.04.05-09.41.20:226][626]LogWorld: Bringing up level for play took: 0.006535
[2016.04.05-09.41.20:228][626]PIE: Info Play in editor start time for /Game/SideScrollerBP/Maps/UEDPIE_0_SideScrollerExampleMap -0.678
[2016.04.05-09.41.20:228][626]LogBlueprintUserMessages: Late PlayInEditor Detection: Level '/Game/SideScrollerBP/Maps/SideScrollerExampleMap.SideScrollerExampleMap:PersistentLevel' has LevelScriptBlueprint '/Game/SideScrollerBP/Maps/SideScrollerExampleMap.SideScrollerExampleMap:PersistentLevel.SideScrollerExampleMap' with GeneratedClass '/Game/SideScrollerBP/Maps/SideScrollerExampleMap.SideScrollerExampleMap_C' with ClassGeneratedBy '/Game/SideScrollerBP/Maps/SideScrollerExampleMap.SideScrollerExampleMap:PersistentLevel.SideScrollerExampleMap'
[2016.04.05-09.41.39:838][800]LogBlueprintUserMessages: Early EndPlayMap Detection: Level '/Game/SideScrollerBP/Maps/SideScrollerExampleMap.SideScrollerExampleMap:PersistentLevel' has LevelScriptBlueprint '/Game/SideScrollerBP/Maps/SideScrollerExampleMap.SideScrollerExampleMap:PersistentLevel.SideScrollerExampleMap' with GeneratedClass '/Game/SideScrollerBP/Maps/SideScrollerExampleMap.SideScrollerExampleMap_C' with ClassGeneratedBy '/Game/SideScrollerBP/Maps/SideScrollerExampleMap.SideScrollerExampleMap:PersistentLevel.SideScrollerExampleMap'
[2016.04.05-09.41.39:888][800]LogBlueprintUserMessages: Late EndPlayMap Detection: Level '/Game/SideScrollerBP/Maps/SideScrollerExampleMap.SideScrollerExampleMap:PersistentLevel' has LevelScriptBlueprint '/Game/SideScrollerBP/Maps/SideScrollerExampleMap.SideScrollerExampleMap:PersistentLevel.SideScrollerExampleMap' with GeneratedClass '/Game/SideScrollerBP/Maps/SideScrollerExampleMap.SideScrollerExampleMap_C' with ClassGeneratedBy '/Game/SideScrollerBP/Maps/SideScrollerExampleMap.SideScrollerExampleMap:PersistentLevel.SideScrollerExampleMap'
[2016.04.05-09.41.39:933][800]LogParticles: Destroying 0 GPU particle simulations for FXSystem 0x000002BDDCC38C20
[2016.04.05-09.42.22:358][123]BlueprintLog: New page: Compile AIFlyingController
[2016.04.05-09.42.22:420][123]LogActorComponent: UnregisterComponent: (/Engine/Transient.FloatingPawnMovement_GEN_VARIABLE) Not registered. Aborting.
[2016.04.05-09.42.22:457][123]BlueprintEditorCompileResults: Info [1801.88] Compile of AIFlyingController successful! [in 98 ms]
[2016.04.05-09.42.53:216][593]LogFileHelpers: Editor autosave (incl. sublevels) for '/Game/SideScrollerBP/Maps/SideScrollerExampleMap' took 0.040
[2016.04.05-09.42.53:223][593]OBJ SavePackage: Generating thumbnails for [0] asset(s) in package [/Game/enemies/AIFlyingController] ([1] browsable assets)...
[2016.04.05-09.42.53:223][593]OBJ SavePackage: Finished generating thumbnails for package [/Game/enemies/AIFlyingController]
[2016.04.05-09.42.53:223][593]Cmd: OBJ SAVEPACKAGE PACKAGE="/Game/enemies/AIFlyingController" FILE="D:/GitHub/SCG_1/Saved/Autosaves/Game/enemies/AIFlyingController_Auto2.uasset" SILENT=false AUTOSAVING=true
[2016.04.05-09.42.53:536][593]LogSavePackage: Save=301.600861ms
[2016.04.05-09.42.53:536][593]LogSavePackage: Moving 'D:/GitHub/SCG_1/Saved/AIFlyingController_Auto2C5413CD246E06DACE143DFB04ED73EC6.tmp' to 'D:/GitHub/SCG_1/Saved/Autosaves/Game/enemies/AIFlyingController_Auto2.uasset'
[2016.04.05-09.42.53:537][593]LogSavePackage: Total save time: 312.312197ms
[2016.04.05-09.42.53:537][593]LogSavePackage:Display: Finished SavePackage D:/GitHub/SCG_1/Saved/Autosaves/Game/enemies/AIFlyingController_Auto2.uasset
[2016.04.05-09.42.53:537][593]LogFileHelpers: Auto-saving content packages took 0.319
[2016.04.05-09.50.17:224][925]LogWindowsTextInputMethodSystem:Display: IME system now deactivated.
[2016.04.05-09.50.17:224][925]LogWindowsTextInputMethodSystem:Display: IME system now deactivated.
[2016.04.05-11.21.14:260][420]Cmd: OBJ SAVEPACKAGE PACKAGE="/Game/enemies/AIFlyingController" FILE="D:/GitHub/SCG_1/Content/enemies/AIFlyingController.uasset" SILENT=true
[2016.04.05-11.21.14:288][420]LogSavePackage: Save=18.270449ms
[2016.04.05-11.21.14:288][420]LogSavePackage: Moving 'D:/GitHub/SCG_1/Saved/AIFlyingController3E9A6D1B44310ECDBDAC7E8068C66DEE.tmp' to 'D:/GitHub/SCG_1/Content/enemies/AIFlyingController.uasset'
[2016.04.05-11.21.14:290][420]LogSavePackage: Total save time: 27.891006ms
[2016.04.05-11.21.14:290][420]LogSavePackage:Display: Finished SavePackage D:/GitHub/SCG_1/Content/enemies/AIFlyingController.uasset
[2016.04.05-11.21.14:506][420]LogWindowsTextInputMethodSystem:Display: IME system now deactivated.
[2016.04.05-11.21.14:718][421]Cmd: QUIT_EDITOR
[2016.04.05-11.21.14:832][421]LogExit: Preparing to exit.
[2016.04.05-11.21.15:651][421]LogExit: Editor shut down
[2016.04.05-11.21.15:651][421]LogExit: Transaction tracking system shut down
[2016.04.05-11.21.15:653][421]LogParticles: Destroying 0 GPU particle simulations for FXSystem 0x000002BDC1FE6D40
[2016.04.05-11.21.15:654][421]LogParticles: Destroying 0 GPU particle simulations for FXSystem 0x000002BDCC3C3880
[2016.04.05-11.21.15:655][421]LogParticles: Destroying 0 GPU particle simulations for FXSystem 0x000002BDCCD54180
[2016.04.05-11.21.15:655][421]LogParticles: Destroying 0 GPU particle simulations for FXSystem 0x000002BDDCCD7D80
[2016.04.05-11.21.15:655][421]LogParticles: Destroying 0 GPU particle simulations for FXSystem 0x000002BDDCCD7CE0
[2016.04.05-11.21.15:655][421]LogParticles: Destroying 0 GPU particle simulations for FXSystem 0x000002BDDCC3B060
[2016.04.05-11.21.15:658][421]LogParticles: Destroying 0 GPU particle simulations for FXSystem 0x000002BDF24BEE80
[2016.04.05-11.21.15:658][421]LogParticles: Destroying 0 GPU particle simulations for FXSystem 0x000002BDAF2F3100
[2016.04.05-11.21.15:659][421]LogParticles: Destroying 0 GPU particle simulations for FXSystem 0x000002BDFC155940
[2016.04.05-11.21.15:806][421]LogExit: Object subsystem successfully closed.
[2016.04.05-11.21.15:818][421]LogD3D11RHI: Shutdown
[2016.04.05-11.21.15:818][421]LogD3D11RHI: CleanupD3DDevice
[2016.04.05-11.21.15:894][421]LogD3D11RHI: ~FD3D11DynamicRHI
[2016.04.05-11.21.15:905][421]LogModuleManager: Shutting down and abandoning module CookingStats (200)
[2016.04.05-11.21.15:905][421]LogModuleManager: Shutting down and abandoning module BlueprintGraph (199)
[2016.04.05-11.21.15:905][421]LogModuleManager: Shutting down and abandoning module CrashTracker (198)
[2016.04.05-11.21.15:905][421]LogModuleManager: Shutting down and abandoning module SuperSearch (197)
[2016.04.05-11.21.15:905][421]LogModuleManager: Shutting down and abandoning module WidgetCarousel (196)
[2016.04.05-11.21.15:905][421]LogModuleManager: Shutting down and abandoning module AddContentDialog (195)
[2016.04.05-11.21.15:907][421]LogModuleManager: Shutting down and abandoning module EditorWidgets (194)
[2016.04.05-11.21.15:907][421]LogModuleManager: Shutting down and abandoning module CollectionManager (193)
[2016.04.05-11.21.15:907][421]LogModuleManager: Shutting down and abandoning module SceneOutliner (192)
[2016.04.05-11.21.15:907][421]LogModuleManager: Shutting down and abandoning module StatsViewer (191)
[2016.04.05-11.21.15:907][421]LogModuleManager: Shutting down and abandoning module FoliageEdit (190)
[2016.04.05-11.21.15:907][421]LogModuleManager: Shutting down and abandoning module LandscapeEditor (189)
[2016.04.05-11.21.15:908][421]LogModuleManager: Shutting down and abandoning module ActorPickerMode (188)
[2016.04.05-11.21.15:908][421]LogModuleManager: Shutting down and abandoning module GeometryMode (187)
[2016.04.05-11.21.15:908][421]LogModuleManager: Shutting down and abandoning module TextureAlignMode (186)
[2016.04.05-11.21.15:908][421]LogModuleManager: Shutting down and abandoning module BspMode (185)
[2016.04.05-11.21.15:908][421]LogModuleManager: Shutting down and abandoning module PlacementMode (184)
[2016.04.05-11.21.15:908][421]LogModuleManager: Shutting down and abandoning module AutomationWorker (183)
[2016.04.05-11.21.15:908][421]LogModuleManager: Shutting down and abandoning module CharacterAI (182)
[2016.04.05-11.21.15:908][421]LogModuleManager: Shutting down and abandoning module SmartSnapping (181)
[2016.04.05-11.21.15:908][421]LogModuleManager: Shutting down and abandoning module ViewportSnapping (180)
[2016.04.05-11.21.15:908][421]LogModuleManager: Shutting down and abandoning module LogVisualizer (179)
[2016.04.05-11.21.15:908][421]LogModuleManager: Shutting down and abandoning module GameProjectGeneration (178)
[2016.04.05-11.21.15:908][421]LogModuleManager: Shutting down and abandoning module IntroTutorials (177)
[2016.04.05-11.21.15:908][421]LogModuleManager: Shutting down and abandoning module EditorLiveStreaming (176)
[2016.04.05-11.21.15:908][421]LogModuleManager: Shutting down and abandoning module IOSPlatformEditor (175)
[2016.04.05-11.21.15:908][421]LogModuleManager: Shutting down and abandoning module HTML5PlatformEditor (174)
[2016.04.05-11.21.15:908][421]LogModuleManager: Shutting down and abandoning module AndroidDeviceDetection (173)
[2016.04.05-11.21.16:619][421]LogModuleManager: Shutting down and abandoning module AndroidPlatformEditor (172)
[2016.04.05-11.21.16:619][421]LogModuleManager: Shutting down and abandoning module IOSRuntimeSettings (171)
[2016.04.05-11.21.16:619][421]LogModuleManager: Shutting down and abandoning module AndroidRuntimeSettings (170)
[2016.04.05-11.21.16:619][421]LogModuleManager: Shutting down and abandoning module MergeActors (169)
[2016.04.05-11.21.16:619][421]LogModuleManager: Shutting down and abandoning module SizeMap (168)
[2016.04.05-11.21.16:620][421]LogModuleManager: Shutting down and abandoning module TreeMap (167)
[2016.04.05-11.21.16:620][421]LogModuleManager: Shutting down and abandoning module ReferenceViewer (166)
[2016.04.05-11.21.16:620][421]LogModuleManager: Shutting down and abandoning module LocalizationService (165)
[2016.04.05-11.21.16:620][421]LogModuleManager: Shutting down and abandoning module LocalizationDashboard (164)
[2016.04.05-11.21.16:620][421]LogModuleManager: Shutting down and abandoning module HardwareTargeting (163)
[2016.04.05-11.21.16:620][421]LogModuleManager: Shutting down and abandoning module DeviceProfileEditor (162)
[2016.04.05-11.21.16:620][421]LogModuleManager: Shutting down and abandoning module UndoHistory (161)
[2016.04.05-11.21.16:620][421]LogModuleManager: Shutting down and abandoning module GameplayTagsEditor (160)
[2016.04.05-11.21.16:620][421]LogModuleManager: Shutting down and abandoning module UserFeedback (159)
[2016.04.05-11.21.16:620][421]LogModuleManager: Shutting down and abandoning module XmlParser (158)
[2016.04.05-11.21.16:620][421]LogModuleManager: Shutting down and abandoning module Blutility (157)
[2016.04.05-11.21.16:620][421]LogModuleManager: Shutting down and abandoning module ProjectTargetPlatformEditor (156)
[2016.04.05-11.21.16:620][421]LogModuleManager: Shutting down and abandoning module ProjectSettingsViewer (155)
[2016.04.05-11.21.16:620][421]LogModuleManager: Shutting down and abandoning module InputBindingEditor (154)
[2016.04.05-11.21.16:620][421]LogModuleManager: Shutting down and abandoning module EditorSettingsViewer (153)
[2016.04.05-11.21.16:620][421]LogModuleManager: Shutting down and abandoning module SettingsEditor (152)
[2016.04.05-11.21.16:620][421]LogModuleManager: Shutting down and abandoning module ProjectLauncher (151)
[2016.04.05-11.21.16:620][421]LogModuleManager: Shutting down and abandoning module SessionFrontend (150)
[2016.04.05-11.21.16:620][421]LogModuleManager: Shutting down and abandoning module ProfilerClient (149)
[2016.04.05-11.21.16:620][421]LogModuleManager: Shutting down and abandoning module TargetDeviceServices (148)
[2016.04.05-11.21.16:620][421]LogModuleManager: Shutting down and abandoning module DeviceManager (147)
[2016.04.05-11.21.16:621][421]LogModuleManager: Shutting down and abandoning module AutomationController (146)
[2016.04.05-11.21.16:621][421]LogModuleManager: Shutting down and abandoning module AutomationWindow (145)
[2016.04.05-11.21.16:621][421]LogModuleManager: Shutting down and abandoning module Layers (144)
[2016.04.05-11.21.16:621][421]LogModuleManager: Shutting down and abandoning module ComponentVisualizers (143)
[2016.04.05-11.21.16:621][421]LogModuleManager: Shutting down and abandoning module DetailCustomizations (142)
[2016.04.05-11.21.16:621][421]LogModuleManager: Shutting down and abandoning module PackagesDialog (141)
[2016.04.05-11.21.16:621][421]LogModuleManager: Shutting down and abandoning module Persona (140)
[2016.04.05-11.21.16:621][421]LogModuleManager: Shutting down and abandoning module Kismet (139)
[2016.04.05-11.21.16:621][421]LogModuleManager: Shutting down and abandoning module GraphEditor (138)
[2016.04.05-11.21.16:621][421]LogModuleManager: Shutting down and abandoning module ClassViewer (137)
[2016.04.05-11.21.16:621][421]LogModuleManager: Shutting down and abandoning module Toolbox (136)
[2016.04.05-11.21.16:621][421]LogModuleManager: Shutting down and abandoning module ModuleUI (135)
[2016.04.05-11.21.16:621][421]LogModuleManager: Shutting down and abandoning module MovieSceneTools (134)
[2016.04.05-11.21.16:621][421]LogModuleManager: Shutting down and abandoning module OutputLog (133)
[2016.04.05-11.21.16:621][421]LogModuleManager: Shutting down and abandoning module GammaUI (132)
[2016.04.05-11.21.16:621][421]LogModuleManager: Shutting down and abandoning module Documentation (131)
[2016.04.05-11.21.16:621][421]LogModuleManager: Shutting down and abandoning module GameLiveStreaming (130)
[2016.04.05-11.21.16:622][421]LogModuleManager: Shutting down and abandoning module StreamingPauseRendering (129)
[2016.04.05-11.21.16:622][421]LogModuleManager: Shutting down and abandoning module AnalyticsET (128)
[2016.04.05-11.21.16:622][421]LogModuleManager: Shutting down and abandoning module Analytics (127)
[2016.04.05-11.21.16:622][421]LogModuleManager: Shutting down and abandoning module AITestSuite (126)
[2016.04.05-11.21.16:622][421]LogModuleManager: Shutting down and abandoning module GameplayDebugger (125)
[2016.04.05-11.21.16:622][421]LogModuleManager: Shutting down and abandoning module AIModule (124)
[2016.04.05-11.21.16:622][421]LogModuleManager: Shutting down and abandoning module ProfilerService (123)
[2016.04.05-11.21.16:822][421]LogModuleManager: Shutting down and abandoning module TaskGraph (122)
[2016.04.05-11.21.16:822][421]LogModuleManager: Shutting down and abandoning module SlateRemote (121)
[2016.04.05-11.21.16:822][421]LogModuleManager: Shutting down and abandoning module SteamVRController (120)
[2016.04.05-11.21.16:822][421]LogModuleManager: Shutting down and abandoning module SteamVR (119)
[2016.04.05-11.21.16:822][421]LogModuleManager: Shutting down and abandoning module ProceduralMeshComponent (118)
[2016.04.05-11.21.16:822][421]LogModuleManager: Shutting down and abandoning module OculusLibrary (117)
[2016.04.05-11.21.16:822][421]LogModuleManager: Shutting down and abandoning module OculusInput (116)
[2016.04.05-11.21.16:822][421]LogModuleManager: Shutting down and abandoning module LeapMotionController (115)
[2016.04.05-11.21.16:845][421]LogModuleManager: Shutting down and abandoning module CustomMeshComponent (114)
[2016.04.05-11.21.16:845][421]LogModuleManager: Shutting down and abandoning module CableComponent (113)
[2016.04.05-11.21.16:845][421]LogModuleManager: Shutting down and abandoning module ArchVisCharacter (112)
[2016.04.05-11.21.16:845][421]LogModuleManager: Shutting down and abandoning module MessagingDebugger (111)
[2016.04.05-11.21.16:845][421]LogModuleManager: Shutting down and abandoning module MediaPlayerEditor (110)
[2016.04.05-11.21.16:845][421]LogModuleManager: Shutting down and abandoning module HTML5Networking (109)
[2016.04.05-11.21.16:845][421]LogModuleManager: Shutting down and abandoning module SpeedTreeImporter (108)
[2016.04.05-11.21.16:845][421]LogModuleManager: Shutting down and abandoning module PluginBrowser (107)
[2016.04.05-11.21.16:845][421]LogModuleManager: Shutting down and abandoning module EpicSurvey (106)
[2016.04.05-11.21.16:845][421]LogModuleManager: Shutting down and abandoning module DesktopPlatform (105)
[2016.04.05-11.21.16:845][421]LogModuleManager: Shutting down and abandoning module VisualStudioSourceCodeAccess (104)
[2016.04.05-11.21.16:845][421]LogModuleManager: Shutting down and abandoning module UObjectPlugin (103)
[2016.04.05-11.21.16:845][421]LogModuleManager: Shutting down and abandoning module SubversionSourceControl (102)
[2016.04.05-11.21.16:845][421]LogModuleManager: Shutting down and abandoning module PerforceSourceControl (101)
[2016.04.05-11.21.16:845][421]LogModuleManager: Shutting down and abandoning module SourceControl (100)
[2016.04.05-11.21.16:845][421]LogModuleManager: Shutting down and abandoning module GitSourceControl (99)
[2016.04.05-11.21.16:845][421]LogModuleManager: Shutting down and abandoning module LightPropagationVolumeEditor (98)
[2016.04.05-11.21.16:845][421]LogModuleManager: Shutting down and abandoning module PaperTiledImporter (97)
[2016.04.05-11.21.16:845][421]LogModuleManager: Shutting down and abandoning module PaperSpriteSheetImporter (96)
[2016.04.05-11.21.16:845][421]LogModuleManager: Shutting down and abandoning module MeshPaint (95)
[2016.04.05-11.21.16:845][421]LogModuleManager: Shutting down and abandoning module SlateReflector (94)
[2016.04.05-11.21.16:845][421]LogModuleManager: Shutting down and abandoning module HotReload (93)
[2016.04.05-11.21.16:846][421]LogModuleManager: Shutting down and abandoning module MainFrame (92)
[2016.04.05-11.21.16:846][421]LogModuleManager: Shutting down and abandoning module LevelEditor (91)
[2016.04.05-11.21.16:847][421]LogModuleManager: Shutting down and abandoning module DirectoryWatcher (90)
[2016.04.05-11.21.16:851][421]LogModuleManager: Shutting down and abandoning module AssetRegistry (89)
[2016.04.05-11.21.16:986][421]LogModuleManager: Shutting down and abandoning module ContentBrowser (88)
[2016.04.05-11.21.16:987][421]LogModuleManager: Shutting down and abandoning module Paper2DEditor (87)
[2016.04.05-11.21.16:987][421]LogModuleManager: Shutting down and abandoning module UdpMessaging (86)
[2016.04.05-11.21.17:088][421]LogModuleManager: Shutting down and abandoning module LightPropagationVolumeRuntime (85)
[2016.04.05-11.21.17:088][421]LogModuleManager: Shutting down and abandoning module Paper2D (84)
[2016.04.05-11.21.17:088][421]LogModuleManager: Shutting down and abandoning module WindowsMoviePlayer (83)
[2016.04.05-11.21.17:091][421]LogModuleManager: Shutting down and abandoning module Media (82)
[2016.04.05-11.21.17:091][421]LogModuleManager: Shutting down and abandoning module WmfMedia (81)
[2016.04.05-11.21.17:092][421]LogModuleManager: Shutting down and abandoning module OnlineBlueprintSupport (80)
[2016.04.05-11.21.17:092][421]LogModuleManager: Shutting down and abandoning module GameplayTasksEditor (79)
[2016.04.05-11.21.17:092][421]LogModuleManager: Shutting down and abandoning module PropertyEditor (78)
[2016.04.05-11.21.17:092][421]LogModuleManager: Shutting down and abandoning module BehaviorTreeEditor (77)
[2016.04.05-11.21.17:092][421]LogModuleManager: Shutting down and abandoning module FunctionalTesting (76)
[2016.04.05-11.21.17:092][421]LogModuleManager: Shutting down and abandoning module CollisionAnalyzer (75)
[2016.04.05-11.21.17:092][421]LogModuleManager: Shutting down and abandoning module WorkspaceMenuStructure (74)
[2016.04.05-11.21.17:092][421]LogModuleManager: Shutting down and abandoning module MessageLog (73)
[2016.04.05-11.21.17:092][421]LogModuleManager: Shutting down and abandoning module Sequencer (72)
[2016.04.05-11.21.17:092][421]LogModuleManager: Shutting down and abandoning module AssetTools (71)
[2016.04.05-11.21.17:092][421]LogModuleManager: Shutting down and abandoning module UMGEditor (70)
[2016.04.05-11.21.17:092][421]LogModuleManager: Shutting down and abandoning module UMG (69)
[2016.04.05-11.21.17:092][421]LogModuleManager: Shutting down and abandoning module Slate (68)
[2016.04.05-11.21.17:092][421]LogModuleManager: Shutting down and abandoning module EditorStyle (67)
[2016.04.05-11.21.17:095][421]LogModuleManager: Shutting down and abandoning module SessionServices (66)
[2016.04.05-11.21.17:095][421]LogModuleManager: Shutting down and abandoning module SourceCodeAccess (65)
[2016.04.05-11.21.17:095][421]LogModuleManager: Shutting down and abandoning module HeadMountedDisplay (64)
[2016.04.05-11.21.17:095][421]LogModuleManager: Shutting down and abandoning module XAudio2 (63)
[2016.04.05-11.21.17:095][421]LogModuleManager: Shutting down and abandoning module Networking (61)
[2016.04.05-11.21.17:095][421]LogModuleManager: Shutting down and abandoning module Core (60)
[2016.04.05-11.21.17:095][421]LogModuleManager: Shutting down and abandoning module KismetCompiler (59)
[2016.04.05-11.21.17:095][421]LogModuleManager: Shutting down and abandoning module PhysXFormats (58)
[2016.04.05-11.21.17:095][421]LogModuleManager: Shutting down and abandoning module MeshUtilities (57)
[2016.04.05-11.21.17:095][421]LogModuleManager: Shutting down and abandoning module DerivedDataCache (56)
[2016.04.05-11.21.17:098][421]LogDerivedDataCache: Shutdown
[2016.04.05-11.21.17:098][421]LogModuleManager: Shutting down and abandoning module ShaderFormatOpenGL (55)
[2016.04.05-11.21.17:098][421]LogModuleManager: Shutting down and abandoning module ShaderFormatD3D (54)
[2016.04.05-11.21.17:098][421]LogModuleManager: Shutting down and abandoning module MetalShaderFormat (53)
[2016.04.05-11.21.17:098][421]LogModuleManager: Shutting down and abandoning module TextureFormatUncompressed (52)
[2016.04.05-11.21.17:098][421]LogModuleManager: Shutting down and abandoning module TextureFormatPVR (51)
[2016.04.05-11.21.17:098][421]LogModuleManager: Shutting down and abandoning module TextureFormatIntelISPCTexComp (50)
[2016.04.05-11.21.17:098][421]LogModuleManager: Shutting down and abandoning module TextureFormatDXT (49)
[2016.04.05-11.21.17:098][421]LogModuleManager: Shutting down and abandoning module ImageWrapper (48)
[2016.04.05-11.21.17:098][421]LogModuleManager: Shutting down and abandoning module TextureFormatASTC (47)
[2016.04.05-11.21.17:098][421]LogModuleManager: Shutting down and abandoning module TextureFormatAndroid (46)
[2016.04.05-11.21.17:098][421]LogModuleManager: Shutting down and abandoning module AudioFormatOpus (45)
[2016.04.05-11.21.17:098][421]LogModuleManager: Shutting down and abandoning module AudioFormatOgg (44)
[2016.04.05-11.21.17:098][421]LogModuleManager: Shutting down and abandoning module AudioFormatADPCM (43)
[2016.04.05-11.21.17:098][421]LogModuleManager: Shutting down and abandoning module LinuxTargetPlatform (42)
[2016.04.05-11.21.17:098][421]LogModuleManager: Shutting down and abandoning module LinuxServerTargetPlatform (41)
[2016.04.05-11.21.17:098][421]LogModuleManager: Shutting down and abandoning module LinuxNoEditorTargetPlatform (40)
[2016.04.05-11.21.17:098][421]LogModuleManager: Shutting down and abandoning module Messaging (39)
[2016.04.05-11.21.17:098][421]LogModuleManager: Shutting down and abandoning module IOSTargetPlatform (38)
[2016.04.05-11.21.17:098][421]LogModuleManager: Shutting down and abandoning module HTML5TargetPlatform (37)
[2016.04.05-11.21.17:098][421]LogModuleManager: Shutting down and abandoning module Android_PVRTCTargetPlatform (36)
[2016.04.05-11.21.17:098][421]LogModuleManager: Shutting down and abandoning module Android_MultiTargetPlatform (35)
[2016.04.05-11.21.17:098][421]LogModuleManager: Shutting down and abandoning module Android_ETC2TargetPlatform (34)
[2016.04.05-11.21.17:098][421]LogModuleManager: Shutting down and abandoning module Android_ETC1TargetPlatform (33)
[2016.04.05-11.21.17:098][421]LogModuleManager: Shutting down and abandoning module Android_DXTTargetPlatform (32)
[2016.04.05-11.21.17:098][421]LogModuleManager: Shutting down and abandoning module Android_ATCTargetPlatform (31)
[2016.04.05-11.21.17:098][421]LogModuleManager: Shutting down and abandoning module Android_ASTCTargetPlatform (30)
[2016.04.05-11.21.17:098][421]LogModuleManager: Shutting down and abandoning module AndroidTargetPlatform (29)
[2016.04.05-11.21.17:098][421]LogModuleManager: Shutting down and abandoning module WindowsTargetPlatform (28)
[2016.04.05-11.21.17:098][421]LogModuleManager: Shutting down and abandoning module WindowsServerTargetPlatform (27)
[2016.04.05-11.21.17:099][421]LogModuleManager: Shutting down and abandoning module WindowsNoEditorTargetPlatform (26)
[2016.04.05-11.21.17:099][421]LogModuleManager: Shutting down and abandoning module WindowsClientTargetPlatform (25)
[2016.04.05-11.21.17:099][421]LogModuleManager: Shutting down and abandoning module AllDesktopTargetPlatform (24)
[2016.04.05-11.21.17:099][421]LogModuleManager: Shutting down and abandoning module TargetPlatform (23)
[2016.04.05-11.21.17:099][421]LogModuleManager: Shutting down and abandoning module InputCore (22)
[2016.04.05-11.21.17:099][421]LogModuleManager: Shutting down and abandoning module Settings (21)
[2016.04.05-11.21.17:099][421]LogModuleManager: Shutting down and abandoning module OnlineSubsystem (19)
[2016.04.05-11.21.17:099][421]LogModuleManager: Shutting down and abandoning module HTTP (18)
[2016.04.05-11.21.19:101][421]LogModuleManager: Shutting down and abandoning module XMPP (17)
[2016.04.05-11.21.19:101][421]LogModuleManager: Shutting down and abandoning module OculusRift (16)
[2016.04.05-11.21.19:101][421]LogModuleManager: Shutting down and abandoning module ExampleDeviceProfileSelector (15)
[2016.04.05-11.21.19:101][421]LogModuleManager: Shutting down and abandoning module TextureCompressor (14)
[2016.04.05-11.21.19:101][421]LogModuleManager: Shutting down and abandoning module ShaderCore (13)
[2016.04.05-11.21.19:101][421]LogModuleManager: Shutting down and abandoning module Landscape (12)
[2016.04.05-11.21.19:101][421]LogModuleManager: Shutting down and abandoning module SlateRHIRenderer (11)
[2016.04.05-11.21.19:103][421]LogModuleManager: Shutting down and abandoning module OpenGLDrv (10)
[2016.04.05-11.21.19:103][421]LogModuleManager: Shutting down and abandoning module D3D11RHI (9)
[2016.04.05-11.21.19:103][421]LogModuleManager: Shutting down and abandoning module AnimGraphRuntime (8)
[2016.04.05-11.21.19:103][421]LogModuleManager: Shutting down and abandoning module Renderer (7)
[2016.04.05-11.21.19:103][421]LogModuleManager: Shutting down and abandoning module Engine (6)
[2016.04.05-11.21.19:103][421]LogModuleManager: Shutting down and abandoning module CoreUObject (5)
[2016.04.05-11.21.19:103][421]LogModuleManager: Shutting down and abandoning module NetworkFile (4)
[2016.04.05-11.21.19:103][421]LogModuleManager: Shutting down and abandoning module StreamingFile (3)
[2016.04.05-11.21.19:103][421]LogModuleManager: Shutting down and abandoning module SandboxFile (2)
[2016.04.05-11.21.19:103][421]LogModuleManager: Shutting down and abandoning module PakFile (1)
[2016.04.05-11.21.19:105][421]LogExit: Exiting.
[2016.04.05-11.21.19:107][421]Log file closed, 04/05/16 14:21:19
