[2016.03.24-19.07.54:194][  0]Log file open, 03/24/16 22:07:54
[2016.03.24-19.07.54:194][  0]LogInit:Display: Running engine for game: SCG
[2016.03.24-19.07.54:194][  0]LogPlatformFile: Not using cached read wrapper
[2016.03.24-19.07.54:194][  0]LogInit:Display: RandInit(1160703727) SRandInit(1160703729).
[2016.03.24-19.07.54:194][  0]LogTaskGraph: Started task graph with 4 named threads and 6 total threads.
[2016.03.24-19.07.54:194][  0]LogStats: Stats thread started at 0.077056
[2016.03.24-19.07.54:194][  0]LogInit: Version: 4.10.4-2872498+++depot+UE4-Releases+4.10
[2016.03.24-19.07.54:194][  0]LogInit: API Version: 2758231
[2016.03.24-19.07.54:194][  0]LogInit: Compiled (64-bit): Feb 18 2016 15:47:04
[2016.03.24-19.07.54:194][  0]LogInit: Compiled with Visual C++: 19.00.23026.00
[2016.03.24-19.07.54:194][  0]LogInit: Build Configuration: Development
[2016.03.24-19.07.54:194][  0]LogInit: Branch Name: ++depot+UE4-Releases+4.10
[2016.03.24-19.07.54:194][  0]LogInit: Command line: -EpicPortal 
[2016.03.24-19.07.54:194][  0]LogInit: Base directory: C:/Program Files (x86)/Epic Games/4.10/Engine/Binaries/Win64/
[2016.03.24-19.07.54:194][  0]LogInit: Rocket: 1
[2016.03.24-19.07.54:215][  0]LogInit: Using libcurl 7.41.0
[2016.03.24-19.07.54:215][  0]LogInit:  - built for x86_64-pc-win32
[2016.03.24-19.07.54:215][  0]LogInit:  - supports SSL with WinSSL
[2016.03.24-19.07.54:215][  0]LogInit:  - other features:
[2016.03.24-19.07.54:215][  0]LogInit:      CURL_VERSION_SSL
[2016.03.24-19.07.54:215][  0]LogInit:      CURL_VERSION_IPV6
[2016.03.24-19.07.54:215][  0]LogInit:      CURL_VERSION_ASYNCHDNS
[2016.03.24-19.07.54:215][  0]LogInit:      CURL_VERSION_LARGEFILE
[2016.03.24-19.07.54:215][  0]LogInit:      CURL_VERSION_IDN
[2016.03.24-19.07.54:215][  0]LogInit:  CurlRequestOptions (configurable via config and command line):
[2016.03.24-19.07.54:215][  0]LogInit:  - bVerifyPeer = true  - Libcurl will verify peer certificate
[2016.03.24-19.07.54:215][  0]LogInit:  - bUseHttpProxy = false  - Libcurl will NOT use HTTP proxy
[2016.03.24-19.07.54:215][  0]LogInit:  - bDontReuseConnections = false  - Libcurl will reuse connections
[2016.03.24-19.07.54:215][  0]LogInit:  - CertBundlePath = nullptr  - Libcurl will use whatever was configured at build time.
[2016.03.24-19.07.54:225][  0]LogInit: Presizing for 0 objects not considered by GC, pre-allocating 0 bytes.
[2016.03.24-19.07.54:236][  0]LogInit: Object subsystem initialized
[2016.03.24-19.07.54:237][  0]LogInit: Selected Device Profile: [Windows]
[2016.03.24-19.07.54:237][  0]LogInit: Applying CVar settings loaded from the selected device profile: [Windows]
[2016.03.24-19.07.54:247][  0]LogInit: Computer: SS-ПК
[2016.03.24-19.07.54:247][  0]LogInit: User: SS
[2016.03.24-19.07.54:247][  0]LogInit: CPU Page size=4096, Cores=3
[2016.03.24-19.07.54:247][  0]LogInit: High frequency timer resolution =3.433222 MHz
[2016.03.24-19.07.54:247][  0]LogMemory: Memory total: Physical=8.0GB (8GB approx)
[2016.03.24-19.07.54:247][  0]LogMemory: Platform Memory Stats for Windows
[2016.03.24-19.07.54:247][  0]LogMemory: Process Physical Memory: 57.16 MB used, 57.16 MB peak
[2016.03.24-19.07.54:247][  0]LogMemory: Process Virtual Memory: 57.01 MB used, 57.01 MB peak
[2016.03.24-19.07.54:247][  0]LogMemory: Physical Memory: 3669.74 MB used, 8189.55 MB total
[2016.03.24-19.07.54:247][  0]LogMemory: Virtual Memory: 351.32 MB used, 8388608.00 MB total
[2016.03.24-19.07.54:305][  0]LogTextLocalizationManager: No translations for ('ru-RU') exist, falling back to 'en' for localization and internationalization data.
[2016.03.24-19.07.54:999][  0]LogD3D11RHI: Found D3D11 adapter 0: AMD Radeon R9 200 Series (Feature Level 11_0)
[2016.03.24-19.07.54:999][  0]LogD3D11RHI: Adapter has 3051MB of dedicated video memory, 0MB of dedicated system memory, and 3838MB of shared system memory, 1 output[s]
[2016.03.24-19.07.54:999][  0]LogD3D11RHI: Chosen D3D11 Adapter Id = 0
[2016.03.24-19.07.55:008][  0]LogD3D11RHI: !Direct3DDevice
[2016.03.24-19.07.55:008][  0]LogRHI: Texture pool is 1361 MB (70% of 1945 MB)
[2016.03.24-19.07.55:016][  0]LogD3D11RHI: Async texture creation disabled: no driver support
[2016.03.24-19.07.55:027][  0]LogShaderCompilers: Guid format shader working directory is -6 characters bigger than the processId version (../../../../../../Users/SS/Documents/GitHub/SCG_1/Intermediate/Shaders/WorkingDirectory/3828/).
[2016.03.24-19.07.55:028][  0]LogShaderCompilers: Cleaned the shader compiler working directory 'C:/Users/SS/AppData/Local/Temp/UnrealShaderWorkingDir/9919EA8E4EB062B7A99F28A27A7B2EF9/'.
[2016.03.24-19.07.55:028][  0]LogShaderCompilers:Display: Using Local Shader Compiler.
[2016.03.24-19.07.56:602][  0]LogTemp:Display: Loaded TP AllDesktopTargetPlatform
[2016.03.24-19.07.56:608][  0]LogTemp:Display: Loaded TP WindowsClientTargetPlatform
[2016.03.24-19.07.56:614][  0]LogTemp:Display: Loaded TP WindowsNoEditorTargetPlatform
[2016.03.24-19.07.56:620][  0]LogTemp:Display: Loaded TP WindowsServerTargetPlatform
[2016.03.24-19.07.56:626][  0]LogTemp:Display: Loaded TP WindowsTargetPlatform
[2016.03.24-19.07.56:632][  0]LogTemp:Display: Loaded TP AndroidTargetPlatform
[2016.03.24-19.07.56:637][  0]LogTemp:Display: Loaded TP Android_ASTCTargetPlatform
[2016.03.24-19.07.56:641][  0]LogTemp:Display: Loaded TP Android_ATCTargetPlatform
[2016.03.24-19.07.56:645][  0]LogTemp:Display: Loaded TP Android_DXTTargetPlatform
[2016.03.24-19.07.56:649][  0]LogTemp:Display: Loaded TP Android_ETC1TargetPlatform
[2016.03.24-19.07.56:654][  0]LogTemp:Display: Loaded TP Android_ETC2TargetPlatform
[2016.03.24-19.07.56:663][  0]LogTemp:Display: Loaded TP Android_MultiTargetPlatform
[2016.03.24-19.07.56:663][  0]LogTemp:Display: Loaded TP Android_PVRTCTargetPlatform
[2016.03.24-19.07.56:664][  0]LogTemp:Display: Loaded TP HTML5TargetPlatform
[2016.03.24-19.07.56:683][  0]LogTemp:Display: Loaded TP IOSTargetPlatform
[2016.03.24-19.07.56:690][  0]LogTemp:Display: Loaded TP LinuxNoEditorTargetPlatform
[2016.03.24-19.07.56:694][  0]LogTemp:Display: Loaded TP LinuxServerTargetPlatform
[2016.03.24-19.07.56:699][  0]LogTemp:Display: Loaded TP LinuxTargetPlatform
[2016.03.24-19.07.56:699][  0]LogTargetPlatformManager:Display: Building Assets For Windows
[2016.03.24-19.07.56:810][  0]LogDerivedDataCache:Display: Max Cache Size: 512 MB
[2016.03.24-19.07.56:912][  0]LogDerivedDataCache: Loaded boot cache 0.10s 41MB C:/Users/SS/AppData/Local/UnrealEngine/4.10/DerivedDataCache/Boot.ddc.
[2016.03.24-19.07.56:912][  0]LogDerivedDataCache:Display: Loaded Boot cache: C:/Users/SS/AppData/Local/UnrealEngine/4.10/DerivedDataCache/Boot.ddc
[2016.03.24-19.07.56:912][  0]LogDerivedDataCache: FDerivedDataBackendGraph:  Pak pak cache file ../../../../../../Users/SS/Documents/GitHub/SCG_1/DerivedDataCache/DDC.ddp not found, will not use a pak cache.
[2016.03.24-19.07.56:912][  0]LogDerivedDataCache: Unable to find inner node Pak for hierarchical cache Hierarchy.
[2016.03.24-19.07.56:912][  0]LogDerivedDataCache: FDerivedDataBackendGraph:  CompressedPak pak cache file ../../../../../../Users/SS/Documents/GitHub/SCG_1/DerivedDataCache/Compressed.ddp not found, will not use a pak cache.
[2016.03.24-19.07.56:912][  0]LogDerivedDataCache: Unable to find inner node CompressedPak for hierarchical cache Hierarchy.
[2016.03.24-19.07.57:003][  0]LogDerivedDataCache:Display: Pak cache opened for reading ../../../Engine/DerivedDataCache/Compressed.ddp.
[2016.03.24-19.07.57:015][  0]LogDerivedDataCache: Using Local data cache path C:/Users/SS/AppData/Local/UnrealEngine/Common/DerivedDataCache: Writable
[2016.03.24-19.07.57:296][  0]LogInit: Selected Device Profile: [Windows]
[2016.03.24-19.07.57:296][  0]LogContentStreaming: Texture pool size is 0.000000MB
[2016.03.24-19.07.57:345][  0]LogMeshUtilities: No automatic mesh reduction module available
[2016.03.24-19.07.57:345][  0]LogMeshUtilities: No automatic mesh merging module available
[2016.03.24-19.07.57:859][  0]LogInit: WinSock: version 1.1 (2.2), MaxSocks=32767, MaxUdp=65467
[2016.03.24-19.07.59:262][  0]UdpMessaging: Initializing bridge on interface 0.0.0.0:0 to multicast group 230.0.0.1:6666.
[2016.03.24-19.07.59:382][  0]LogAssetRegistry: FAssetRegistry took 0.0103 seconds to start up
[2016.03.24-19.07.59:609][  0]SourceControl: Info Source control is disabled
[2016.03.24-19.07.59:903][  0]SourceControl: Info Source control is disabled
[2016.03.24-19.07.59:923][  0]SourceControl: Info Source control is disabled
[2016.03.24-19.07.59:942][  0]SourceControl: Info Source control is disabled
[2016.03.24-19.08.00:327][  0]LogObj: 28633 objects as part of root set at end of initial load.
[2016.03.24-19.08.00:327][  0]LogUObjectAllocator: 6099752 out of 0 bytes used by permanent object pool.
[2016.03.24-19.08.00:402][  0]LogEngine: Initializing Engine...
[2016.03.24-19.08.00:408][  0]LogHMD: Can't find Oculus library dev build: is proper Runtime installed? Version: 0.8.0.0
[2016.03.24-19.08.00:410][  0]LogHMD: SteamVR failed to initialize.  Err: 110
[2016.03.24-19.08.00:552][  0]LogAIModule: Creating AISystem for world NewWorld
[2016.03.24-19.08.00:560][  0]LogInit: XAudio2 using 'Динамики (Realtek High Definition Audio)' : 2 channels at 48 kHz using 32 bits per sample (channel mask 0x3)
[2016.03.24-19.08.00:577][  0]LogInit: FAudioDevice initialized.
[2016.03.24-19.08.00:615][  0]LogDerivedDataCache: Saved boot cache 0.04s 41MB C:/Users/SS/AppData/Local/UnrealEngine/4.10/DerivedDataCache/Boot.ddc.
[2016.03.24-19.08.00:625][  0]LogInit: Texture streaming: Enabled
[2016.03.24-19.08.00:632][  0]LogAnalytics: Creating configured Analytics provider AnalyticsET
[2016.03.24-19.08.00:632][  0]LogAnalytics: [UEEditor.Rocket.Release] APIServer = http://et2.epicgames.com/ET2/. AppVersion = 4.10.4-2872498+++depot+UE4-Releases+4.10
[2016.03.24-19.08.00:632][  0]LogAnalytics: [UEEditor.Rocket.Release] SetUserId 6ad552374bcf9fbb587594aa92b88bf9|5445d462d59a4c7d999972eeace6b418|7f2b92f0-3089-478d-9bb7-fe00f1e50143
[2016.03.24-19.08.00:632][  0]LogAnalytics: [UEEditor.Rocket.Release] AnalyticsET::StartSession
[2016.03.24-19.08.00:641][  0]LogInit: Transaction tracking system initialized
[2016.03.24-19.08.00:671][  0]BlueprintLog: New page: Editor Load
[2016.03.24-19.08.00:759][  0]LocalizationService: Info Localization service is disabled
[2016.03.24-19.08.00:833][  0]LogLinker:Warning: Can't find file '/Game/SideScrollerCPP/SideScrollerOverview'
[2016.03.24-19.08.00:834][  0]LogLinker:Warning: Can't find file '/Game/SideScrollerCPP/SideScrollerOverview'
[2016.03.24-19.08.00:834][  0]LogUObjectGlobals:Warning: Failed to find object 'Class /Game/SideScrollerCPP/SideScrollerOverview.SideScrollerOverview_C'
[2016.03.24-19.08.00:851][  0]LogConsoleResponse:Display: 
[2016.03.24-19.08.01:004][  0]LogCook:Display: Done creating registry. It took  0.00s.
[2016.03.24-19.08.01:088][  0]LogFileCache: Scanning file cache for directory 'C:/Users/SS/Documents/GitHub/SCG_1/Content/' took 0.04s
[2016.03.24-19.08.01:088][  0]SourceControl: Info Source control is disabled
[2016.03.24-19.08.01:088][  0]Cmd: MAP LOAD FILE="../../../../../../Users/SS/Documents/GitHub/SCG_1/Content/SideScrollerBP/Maps/SideScrollerExampleMap.umap" TEMPLATE=0 SHOWPROGRESS=1 FEATURELEVEL=3
[2016.03.24-19.08.01:107][  0]LightingResults: New page: Lighting Build
[2016.03.24-19.08.01:111][  0]MapCheck: New page: Map Check
[2016.03.24-19.08.01:111][  0]LightingResults: New page: Lighting Build
[2016.03.24-19.08.01:128][  0]LogParticles: Destroying 0 GPU particle simulations for FXSystem 0x000000001D20AAC0
[2016.03.24-19.08.03:833][  0]LogAIModule: Creating AISystem for world SideScrollerExampleMap
[2016.03.24-19.08.03:845][  0]LogEditorServer: Finished looking for orphan Actors (0.000 secs)
[2016.03.24-19.08.03:846][  0]Cmd: MAP CHECKDEP NOCLEARLOG
[2016.03.24-19.08.03:949][  0]MapCheck: Info Map check complete: 0 Error(s), 0 Warning(s), took 102.944ms to complete.
[2016.03.24-19.08.03:949][  0]LogFileHelpers: Loading map 'SideScrollerExampleMap' took 2.861
[2016.03.24-19.08.04:082][  0]LogCollectionManager: Loaded 0 collections in 0.002886 seconds
[2016.03.24-19