[2016.04.05-09.04.32:322][  0]Log file open, 04/05/16 12:04:32
[2016.04.05-09.04.32:322][  0]LogInit:Display: Running engine for game: SCG
[2016.04.05-09.04.32:322][  0]LogPlatformFile: Not using cached read wrapper
[2016.04.05-09.04.32:322][  0]LogInit:Display: RandInit(1355693808) SRandInit(1355693809).
[2016.04.05-09.04.32:322][  0]LogTaskGraph: Started task graph with 4 named threads and 7 total threads.
[2016.04.05-09.04.32:322][  0]LogStats: Stats thread started at 0.094811
[2016.04.05-09.04.32:322][  0]LogInit: Version: 4.10.4-2872498+++depot+UE4-Releases+4.10
[2016.04.05-09.04.32:322][  0]LogInit: API Version: 2758231
[2016.04.05-09.04.32:322][  0]LogInit: Compiled (64-bit): Feb 18 2016 15:47:04
[2016.04.05-09.04.32:322][  0]LogInit: Compiled with Visual C++: 19.00.23026.00
[2016.04.05-09.04.32:322][  0]LogInit: Build Configuration: Development
[2016.04.05-09.04.32:322][  0]LogInit: Branch Name: ++depot+UE4-Releases+4.10
[2016.04.05-09.04.32:322][  0]LogInit: Command line:  
[2016.04.05-09.04.32:322][  0]LogInit: Base directory: C:/Program Files (x86)/Epic Games/4.10/Engine/Binaries/Win64/
[2016.04.05-09.04.32:322][  0]LogInit: Rocket: 1
[2016.04.05-09.04.32:352][  0]LogInit: Using libcurl 7.41.0
[2016.04.05-09.04.32:352][  0]LogInit:  - built for x86_64-pc-win32
[2016.04.05-09.04.32:352][  0]LogInit:  - supports SSL with WinSSL
[2016.04.05-09.04.32:352][  0]LogInit:  - other features:
[2016.04.05-09.04.32:352][  0]LogInit:      CURL_VERSION_SSL
[2016.04.05-09.04.32:352][  0]LogInit:      CURL_VERSION_IPV6
[2016.04.05-09.04.32:352][  0]LogInit:      CURL_VERSION_ASYNCHDNS
[2016.04.05-09.04.32:352][  0]LogInit:      CURL_VERSION_LARGEFILE
[2016.04.05-09.04.32:352][  0]LogInit:      CURL_VERSION_IDN
[2016.04.05-09.04.32:352][  0]LogInit:  CurlRequestOptions (configurable via config and command line):
[2016.04.05-09.04.32:352][  0]LogInit:  - bVerifyPeer = true  - Libcurl will verify peer certificate
[2016.04.05-09.04.32:352][  0]LogInit:  - bUseHttpProxy = false  - Libcurl will NOT use HTTP proxy
[2016.04.05-09.04.32:352][  0]LogInit:  - bDontReuseConnections = false  - Libcurl will reuse connections
[2016.04.05-09.04.32:352][  0]LogInit:  - CertBundlePath = nullptr  - Libcurl will use whatever was configured at build time.
[2016.04.05-09.04.32:381][  0]LogInit: Presizing for 0 objects not considered by GC, pre-allocating 0 bytes.
[2016.04.05-09.04.32:386][  0]LogInit: Object subsystem initialized
[2016.04.05-09.04.32:387][  0]LogInit: Selected Device Profile: [Windows]
[2016.04.05-09.04.32:387][  0]LogInit: Applying CVar settings loaded from the selected device profile: [Windows]
[2016.04.05-09.04.32:413][  0]LogInit: Computer: DESKTOP-9PE97P4
[2016.04.05-09.04.32:413][  0]LogInit: User: AlexeyAYashin
[2016.04.05-09.04.32:413][  0]LogInit: CPU Page size=4096, Cores=4
[2016.04.05-09.04.32:413][  0]LogInit: High frequency timer resolution =2.531246 MHz
[2016.04.05-09.04.32:413][  0]LogMemory: Memory total: Physical=15.9GB (16GB approx)
[2016.04.05-09.04.32:413][  0]LogMemory: Platform Memory Stats for Windows
[2016.04.05-09.04.32:413][  0]LogMemory: Process Physical Memory: 56.36 MB used, 56.36 MB peak
[2016.04.05-09.04.32:413][  0]LogMemory: Process Virtual Memory: 56.75 MB used, 56.75 MB peak
[2016.04.05-09.04.32:413][  0]LogMemory: Physical Memory: 2585.25 MB used, 16283.51 MB total
[2016.04.05-09.04.32:413][  0]LogMemory: Virtual Memory: 382.89 MB used, 134217728.00 MB total
[2016.04.05-09.04.32:584][  0]LogTextLocalizationManager: No translations for ('ru-RU') exist, falling back to 'en' for localization and internationalization data.
[2016.04.05-09.04.33:023][  0]LogD3D11RHI: Found D3D11 adapter 0: NVIDIA GeForce GTX 980M    (Feature Level 11_0)
[2016.04.05-09.04.33:023][  0]LogD3D11RHI: Adapter has 4009MB of dedicated video memory, 0MB of dedicated system memory, and 8141MB of shared system memory, 1 output[s]
[2016.04.05-09.04.33:029][  0]LogD3D11RHI: Found D3D11 adapter 1: Intel(R) HD Graphics 530 (Feature Level 11_0)
[2016.04.05-09.04.33:029][  0]LogD3D11RHI: Adapter has 128MB of dedicated video memory, 0MB of dedicated system memory, and 8141MB of shared system memory, 0 output[s]
[2016.04.05-09.04.33:030][  0]LogD3D11RHI: Found D3D11 adapter 2: Microsoft Basic Render Driver (Feature Level 11_0)
[2016.04.05-09.04.33:030][  0]LogD3D11RHI: Adapter has 0MB of dedicated video memory, 0MB of dedicated system memory, and 8141MB of shared system memory, 0 output[s]
[2016.04.05-09.04.33:030][  0]LogD3D11RHI: Chosen D3D11 Adapter Id = 0
[2016.04.05-09.04.33:034][  0]LogD3D11RHI: !Direct3DDevice
[2016.04.05-09.04.33:034][  0]LogRHI: Texture pool is 1361 MB (70% of 1945 MB)
[2016.04.05-09.04.33:047][  0]LogD3D11RHI: Async texture creation enabled
[2016.04.05-09.04.33:064][  0]LogShaderCompilers: Guid format shader working directory is 38 characters bigger than the processId version (D:/GitHub/SCG_1/Intermediate/Shaders/WorkingDirectory/8560/).
[2016.04.05-09.04.33:064][  0]LogShaderCompilers: Cleaned the shader compiler working directory 'C:/Users/ALEXEY~1.YAS/AppData/Local/Temp/UnrealShaderWorkingDir/88250F734CF69808CA41A1B8EBA05963/'.
[2016.04.05-09.04.33:064][  0]LogShaderCompilers:Display: Using Local Shader Compiler.
[2016.04.05-09.04.34:316][  0]LogTemp:Display: Loaded TP AllDesktopTargetPlatform
[2016.04.05-09.04.34:320][  0]LogTemp:Display: Loaded TP WindowsClientTargetPlatform
[2016.04.05-09.04.34:324][  0]LogTemp:Display: Loaded TP WindowsNoEditorTargetPlatform
[2016.04.05-09.04.34:328][  0]LogTemp:Display: Loaded TP WindowsServerTargetPlatform
[2016.04.05-09.04.34:333][  0]LogTemp:Display: Loaded TP WindowsTargetPlatform
[2016.04.05-09.04.34:336][  0]LogTemp:Display: Loaded TP AndroidTargetPlatform
[2016.04.05-09.04.34:338][  0]LogTemp:Display: Loaded TP Android_ASTCTargetPlatform
[2016.04.05-09.04.34:341][  0]LogTemp:Display: Loaded TP Android_ATCTargetPlatform
[2016.04.05-09.04.34:343][  0]LogTemp:Display: Loaded TP Android_DXTTargetPlatform
[2016.04.05-09.04.34:346][  0]LogTemp:Display: Loaded TP Android_ETC1TargetPlatform
[2016.04.05-09.04.34:352][  0]LogTemp:Display: Loaded TP Android_ETC2TargetPlatform
[2016.04.05-09.04.34:365][  0]LogTemp:Display: Loaded TP Android_MultiTargetPlatform
[2016.04.05-09.04.34:365][  0]LogTemp:Display: Loaded TP Android_PVRTCTargetPlatform
[2016.04.05-09.04.34:367][  0]LogTemp:Display: Loaded TP HTML5TargetPlatform
[2016.04.05-09.04.34:413][  0]LogTemp:Display: Loaded TP IOSTargetPlatform
[2016.04.05-09.04.34:416][  0]LogTemp:Display: Loaded TP LinuxNoEditorTargetPlatform
[2016.04.05-09.04.34:419][  0]LogTemp:Display: Loaded TP LinuxServerTargetPlatform
[2016.04.05-09.04.34:423][  0]LogTemp:Display: Loaded TP LinuxTargetPlatform
[2016.04.05-09.04.34:423][  0]LogTargetPlatformManager:Display: Building Assets For Windows
[2016.04.05-09.04.34:673][  0]LogDerivedDataCache:Display: Max Cache Size: 512 MB
[2016.04.05-09.04.34:853][  0]LogDerivedDataCache: Loaded boot cache 0.18s 41MB C:/Users/Alexey A. Yashin/AppData/Local/UnrealEngine/4.10/DerivedDataCache/Boot.ddc.
[2016.04.05-09.04.34:853][  0]LogDerivedDataCache:Display: Loaded Boot cache: C:/Users/Alexey A. Yashin/AppData/Local/UnrealEngine/4.10/DerivedDataCache/Boot.ddc
[2016.04.05-09.04.34:853][  0]LogDerivedDataCache: FDerivedDataBackendGraph:  Pak pak cache file D:/GitHub/SCG_1/DerivedDataCache/DDC.ddp not found, will not use a pak cache.
[2016.04.05-09.04.34:853][  0]LogDerivedDataCache: Unable to find inner node Pak for hierarchical cache Hierarchy.
[2016.04.05-09.04.34:853][  0]LogDerivedDataCache: FDerivedDataBackendGraph:  CompressedPak pak cache file D:/GitHub/SCG_1/DerivedDataCache/Compressed.ddp not found, will not use a pak cache.
[2016.04.05-09.04.34:853][  0]LogDerivedDataCache: Unable to find inner node CompressedPak for hierarchical cache Hierarchy.
[2016.04.05-09.04.34:949][  0]LogDerivedDataCache:Display: Pak cache opened for reading ../../../Engine/DerivedDataCache/Compressed.ddp.
[2016.04.05-09.04.34:962][  0]LogDerivedDataCache: Using Local data cache path C:/Users/Alexey A. Yashin/AppData/Local/UnrealEngine/Common/DerivedDataCache: Writable
[2016.04.05-09.04.37:591][  0]LogInit: Selected Device Profile: [Windows]
[2016.04.05-09.04.37:604][  0]LogContentStreaming: Texture pool size is 0.000000MB
[2016.04.05-09.04.37:855][  0]LogMeshUtilities: No automatic mesh reduction module available
[2016.04.05-09.04.37:855][  0]LogMeshUtilities: No automatic mesh merging module available
[2016.04.05-09.04.38:520][  0]LogInit: WinSock: version 1.1 (2.2), MaxSocks=32767, MaxUdp=65467
[2016.04.05-09.04.40:708][  0]UdpMessaging: Initializing bridge on interface 0.0.0.0:0 to multicast group 230.0.0.1:6666.
[2016.04.05-09.04.40:861][  0]LogAssetRegistry: FAssetRegistry took 0.0128 seconds to start up
[2016.04.05-09.04.41:164][  0]SourceControl: Info Source control is disabled
[2016.04.05-09.04.41:262][  0]SourceControl: Info Source control is disabled
[2016.04.05-09.04.41:276][  0]SourceControl: Info Source control is disabled
[2016.04.05-09.04.41:288][  0]SourceControl: Info Source control is disabled
[2016.04.05-09.04.41:606][  0]LogObj: 28633 objects as part of root set at end of initial load.
[2016.04.05-09.04.41:607][  0]LogUObjectAllocator: 6099752 out of 0 bytes used by permanent object pool.
[2016.04.05-09.04.41:731][  0]LogEngine: Initializing Engine...
[2016.04.05-09.04.41:734][  0]LogHMD: Can't find Oculus library dev build: is proper Runtime installed? Version: 0.8.0.0
[2016.04.05-09.04.41:749][  0]LogHMD: SteamVR failed to initialize.  Err: 110
[2016.04.05-09.04.41:996][  0]LogAIModule: Creating AISystem for world NewWorld
[2016.04.05-09.04.42:013][  0]LogInit: XAudio2 using 'Динамики (Sound Blaster Recon3Di)' : 2 channels at 48 kHz using 32 bits per sample (channel mask 0x3)
[2016.04.05-09.04.42:026][  0]LogInit: FAudioDevice initialized.
[2016.04.05-09.04.42:047][  0]LogDerivedDataCache: Saved boot cache 0.02s 41MB C:/Users/Alexey A. Yashin/AppData/Local/UnrealEngine/4.10/DerivedDataCache/Boot.ddc.
[2016.04.05-09.04.42:052][  0]LogInit: Texture streaming: Enabled
[2016.04.05-09.04.42:059][  0]LogAnalytics: Creating configured Analytics provider AnalyticsET
[2016.04.05-09.04.42:060][  0]LogAnalytics: [UEEditor.Rocket.Release] APIServer = http://et2.epicgames.com/ET2/. AppVersion = 4.10.4-2872498+++depot+UE4-Releases+4.10
[2016.04.05-09.04.42:060][  0]LogAnalytics: [UEEditor.Rocket.Release] SetUserId f5a2790d4621e793f57aed83a4c1ad3b|44963bdca51a4f6a8fcfa146bce134ea|b1ea7d6f-3642-40ca-8e23-a6158fe6a3f1
[2016.04.05-09.04.42:060][  0]LogAnalytics: [UEEditor.Rocket.Release] AnalyticsET::StartSession
[2016.04.05-09.04.42:074][  0]LogInit: Transaction tracking system initialized
[2016.04.05-09.04.42:124][  0]BlueprintLog: New page: Editor Load
[2016.04.05-09.04.42:346][  0]LocalizationService: Info Localization service is disabled
[2016.04.05-09.04.42:502][  0]LogConsoleResponse:Display: 
[2016.04.05-09.04.42:805][  0]LogCook:Display: Done creating registry. It took  0.00s.
[2016.04.05-09.04.42:900][  0]LogFileCache: Scanning file cache for directory 'D:/GitHub/SCG_1/Content/' took 0.03s
[2016.04.05-09.04.42:900][  0]SourceControl: Info Source control is disabled
[2016.04.05-09.04.42:902][  0]Cmd: MAP LOAD FILE="D:/GitHub/SCG_1/Content/SideScrollerBP/Maps/SideScrollerExampleMap.umap" TEMPLATE=0 SHOWPROGRESS=1 FEATURELEVEL=3
[2016.04.05-09.04.42:973][  0]LightingResults: New page: Lighting Build
[2016.04.05-09.04.42:989][  0]MapCheck: New page: Map Check
[2016.04.05-09.04.42:989][  0]LightingResults: New page: Lighting Build
[2016.04.05-09.04.43:023][  0]LogParticles: Destroying 0 GPU particle simulations for FXSystem 0x000001DB4BD5F420
[2016.04.05-09.04.45:293][  0]LogAIModule: Creating AISystem for world SideScrollerExampleMap
[2016.04.05-09.04.45:328][  0]LogEditorServer: Finished looking for orphan Actors (0.000 secs)
[2016.04.05-09.04.45:332][  0]Cmd: MAP CHECKDEP NOCLEARLOG
[2016.04.05-09.04.45:372][  0]MapCheck: Info Map check complete: 0 Error(s), 0 Warning(s), took 40.749ms to complete.
[2016.04.05-09.04.45:372][  0]LogFileHelpers: Loading map 'SideScrollerExampleMap' took 2.471
[2016.04.05-09.04.45:561][  0]LogCollectionManager: Loaded 0 collections in 0.001892 seconds
[2016.04.05-09.04.45:618][  0]LogFileCache: Scanning file cache for directory 'D:/GitHub/SCG_1/Saved/Collections/' took 0.01s
[2016.04.05-09.04.45:618][  0]LogFileCache: Scanning file cache for directory 'D:/GitHub/SCG_1/Content/Developers/AlexeyAYashin/Collections/' took 0.01s
[2016.04.05-09.04.45:618][  0]LogFileCache: Scanning file cache for directory 'D:/GitHub/SCG_1/Content/Collections/' took 0.01s
[2016.04.05-09.04.45:618][  0]LogCollectionManager: Rebuilt the GUID cache for 0 collections in 0.000037 seconds
[2016.04.05-09.04.45:627][  0]LogContentBrowser: Native class hierarchy populated in 0.0080 seconds. Added 1894 classes and 340 folders.
[2016.04.05-09.04.45:639][  0]LogContentBrowser: Native class hierarchy updated for 'WidgetCarousel' in 0.0003 seconds. Added 0 classes and 0 folders.
[2016.04.05-09.04.45:934][  0]LogContentBrowser: Native class hierarchy updated for 'AddContentDialog' in 0.0003 seconds. Added 0 classes and 0 folders.
[2016.04.05-09.04.46:070][  0]LogCrashTracker: Crashtracker disabled due to settings.
[2016.04.05-09.04.46:088][  0]LogUObjectGlobals:Warning: Failed to find object 'Class None.'
[2016.04.05-09.04.46:114][  0]LogLoad: Full Startup: 14.62 seconds (BP compile: 0.34 seconds)
[2016.04.05-09.04.46:134][  0]LogWindowsTextInputMethodSystem:Display: IME system now deactivated.
[2016.04.05-09.04.46:140][  0]LogOcInput: Can't find Oculus library dev build: is proper Runtime installed? Version: 0.8.0.0
[2016.04.05-09.04.46:278][  0]LogContentStreaming: Texture pool size now 1000 MB
[2016.04.05-09.04.46:415][  0]LogRenderer: Reallocating scene render targets to support 892x332 (Frame:2).
[2016.04.05-09.04.46:861][  6]LogAssetRegistry: Asset discovery search completed in 6.0117 seconds
[2016.04.05-09.04.46:862][  6]LogCollectionManager: Rebuilt the object cache for 0 collections in 0.000001 seconds (found 0 objects)
[2016.04.05-09.04.46:862][  6]LogCollectionManager: Fixed up redirectors for 0 collections in 0.000175 seconds (updated 0 objects)
[2016.04.05-09.04.47:406][ 15]LogLinker:Warning: Asset '../../../Engine/Content/ArtTools/RenderToTexture/Macros/RenderToTextureMacros.uasset' has been saved with empty engine version. The asset will be loaded but may be incompatible.
[2016.04.05-09.04.47:782][ 15]LogContentBrowser: Native class hierarchy updated for 'BlueprintGraph' in 0.0005 seconds. Added 107 classes and 0 folders.
[2016.04.05-09.04.51:535][172]LogFileCache: Retrieving MD5 hashes for directory 'D:/GitHub/SCG_1/Content/' took 5.38s
[2016.04.05-09.05.34:208][723]BlueprintLog: New page: Compile AIFlyingController
[2016.04.05-09.05.34:277][723]LogActorComponent: UnregisterComponent: (/Engine/Transient.FloatingPawnMovement_GEN_VARIABLE) Not registered. Aborting.
[2016.04.05-09.05.34:277][723]LogActorComponent: UnregisterComponent: (/Engine/Transient.FloatingPawnMovement_0) Not registered. Aborting.
[2016.04.05-09.05.34:337][723]BlueprintEditorCompileResults: Info [0062.84] Compile of AIFlyingController successful! [in 129 ms]
[2016.04.05-09.05.53:230][828]LogBlueprintUserMessages: Early PlayInEditor Detection: Level '/Game/SideScrollerBP/Maps/SideScrollerExampleMap.SideScrollerExampleMap:PersistentLevel' has LevelScriptBlueprint '/Game/SideScrollerBP/Maps/SideScrollerExampleMap.SideScrollerExampleMap:PersistentLevel.SideScrollerExampleMap' with GeneratedClass '/Game/SideScrollerBP/Maps/SideScrollerExampleMap.SideScrollerExampleMap_C' with ClassGeneratedBy '/Game/SideScrollerBP/Maps/SideScrollerExampleMap.SideScrollerExampleMap:PersistentLevel.SideScrollerExampleMap'
[2016.04.05-09.05.53:232][828]LogPlayLevel: PlayLevel: No blueprints needed recompiling
[2016.04.05-09.05.53:234][828]PIE: New page: PIE session: SideScrollerExampleMap (Apr 5, 2016, 3:05:53 PM)
[2016.04.05-09.05.53:234][828]LogPlayLevel: Creating play world package: /Game/SideScrollerBP/Maps/UEDPIE_0_SideScrollerExampleMap
[2016.04.05-09.05.53:261][828]LogPlayLevel: PIE: StaticDuplicateObject took: (0.026613s)
[2016.04.05-09.05.53:262][828]LogAIModule: Creating AISystem for world SideScrollerExampleMap
[2016.04.05-09.05.53:262][828]LogPlayLevel: PIE: World Init took: (0.001150s)
[2016.04.05-09.05.53:262][828]LogPlayLevel: PIE: Created PIE world by copying editor world from /Game/SideScrollerBP/Maps/SideScrollerExampleMap.SideScrollerExampleMap to /Game/SideScrollerBP/Maps/UEDPIE_0_SideScrollerExampleMap.SideScrollerExampleMap (0.028542s)
[2016.04.05-09.05.53:294][828]LogInit: XAudio2 using 'Динамики (Sound Blaster Recon3Di)' : 2 channels at 48 kHz using 32 bits per sample (channel mask 0x3)
[2016.04.05-09.05.53:299][828]LogInit: FAudioDevice initialized.
[2016.04.05-09.05.53:464][828]LogWorld: Game class is 'GameModeSCG_C'
[2016.04.05-09.05.53:473][828]LogWorld: Bringing World /Game/SideScrollerBP/Maps/UEDPIE_0_SideScrollerExampleMap.SideScrollerExampleMap up for play (max tick rate 60) at 2016.04.05-12.05.53
[2016.04.05-09.05.53:473][828]LogActor:Warning: GameSession /Game/SideScrollerBP/Maps/UEDPIE_0_SideScrollerExampleMap.SideScrollerExampleMap:PersistentLevel.GameSession_0 has natively added scene component(s), but none of them were set as the actor's RootComponent - picking one arbitrarily
[2016.04.05-09.05.53:473][828]LogActor:Warning: GameNetworkManager /Game/SideScrollerBP/Maps/UEDPIE_0_SideScrollerExampleMap.SideScrollerExampleMap:PersistentLevel.GameNetworkManager_0 has natively added scene component(s), but none of them were set as the actor's RootComponent - picking one arbitrarily
[2016.04.05-09.05.53:479][828]LogWorld: Bringing up level for play took: 0.010784
[2016.04.05-09.05.53:484][828]PIE: Info Play in editor start time for /Game/SideScrollerBP/Maps/UEDPIE_0_SideScrollerExampleMap 0.579
[2016.04.05-09.05.53:485][828]LogBlueprintUserMessages: Late PlayInEditor Detection: Level '/Game/SideScrollerBP/Maps/SideScrollerExampleMap.SideScrollerExampleMap:PersistentLevel' has LevelScriptBlueprint '/Game/SideScrollerBP/Maps/SideScrollerExampleMap.SideScrollerExampleMap:PersistentLevel.SideScrollerExampleMap' with GeneratedClass '/Game/SideScrollerBP/Maps/SideScrollerExampleMap.SideScrollerExampleMap_C' with ClassGeneratedBy '/Game/SideScrollerBP/Maps/SideScrollerExampleMap.SideScrollerExampleMap:PersistentLevel.SideScrollerExampleMap'
[2016.04.05-09.06.16:808][226]LogBlueprintUserMessages: Early EndPlayMap Detection: Level '/Game/SideScrollerBP/Maps/SideScrollerExampleMap.SideScrollerExampleMap:PersistentLevel' has LevelScriptBlueprint '/Game/SideScrollerBP/Maps/SideScrollerExampleMap.SideScrollerExampleMap:PersistentLevel.SideScrollerExampleMap' with GeneratedClass '/Game/SideScrollerBP/Maps/SideScrollerExampleMap.SideScrollerExampleMap_C' with ClassGeneratedBy '/Game/SideScrollerBP/Maps/SideScrollerExampleMap.SideScrollerExampleMap:PersistentLevel.SideScrollerExampleMap'
[2016.04.05-09.06.16:847][226]LogBlueprintUserMessages: Late EndPlayMap Detection: Level '/Game/SideScrollerBP/Maps/SideScrollerExampleMap.SideScrollerExampleMap:PersistentLevel' has LevelScriptBlueprint '/Game/SideScrollerBP/Maps/SideScrollerExampleMap.SideScrollerExampleMap:PersistentLevel.SideScrollerExampleMap' with GeneratedClass '/Game/SideScrollerBP/Maps/SideScrollerExampleMap.SideScrollerExampleMap_C' with ClassGeneratedBy '/Game/SideScrollerBP/Maps/SideScrollerExampleMap.SideScrollerExampleMap:PersistentLevel.SideScrollerExampleMap'
[2016.04.05-09.06.16:898][226]LogParticles: Destroying 0 GPU particle simulations for FXSystem 0x000001DB41390A40
[2016.04.05-09.06.32:144][928]BlueprintLog: New page: Compile AIFlyingController
[2016.04.05-09.06.32:226][928]BlueprintEditorCompileResults: Info [0120.73] Compile of AIFlyingController successful! [in 81 ms]
[2016.04.05-09.06.34:289][ 50]LogBlueprintUserMessages: Early PlayInEditor Detection: Level '/Game/SideScrollerBP/Maps/SideScrollerExampleMap.SideScrollerExampleMap:PersistentLevel' has LevelScriptBlueprint '/Game/SideScrollerBP/Maps/SideScrollerExampleMap.SideScrollerExampleMap:PersistentLevel.SideScrollerExampleMap' with GeneratedClass '/Game/SideScrollerBP/Maps/SideScrollerExampleMap.SideScrollerExampleMap_C' with ClassGeneratedBy '/Game/SideScrollerBP/Maps/SideScrollerExampleMap.SideScrollerExampleMap:PersistentLevel.SideScrollerExampleMap'
[2016.04.05-09.06.34:291][ 50]LogPlayLevel: PlayLevel: No blueprints needed recompiling
[2016.04.05-09.06.34:291][ 50]PIE: New page: PIE session: SideScrollerExampleMap (Apr 5, 2016, 3:06:34 PM)
[2016.04.05-09.06.34:291][ 50]LogPlayLevel: Creating play world package: /Game/SideScrollerBP/Maps/UEDPIE_0_SideScrollerExampleMap
[2016.04.05-09.06.34:312][ 50]LogPlayLevel: PIE: StaticDuplicateObject took: (0.020770s)
[2016.04.05-09.06.34:313][ 50]LogAIModule: Creating AISystem for world SideScrollerExampleMap
[2016.04.05-09.06.34:313][ 50]LogPlayLevel: PIE: World Init took: (0.000959s)
[2016.04.05-09.06.34:313][ 50]LogPlayLevel: PIE: Created PIE world by copying editor world from /Game/SideScrollerBP/Maps/SideScrollerExampleMap.SideScrollerExampleMap to /Game/SideScrollerBP/Maps/UEDPIE_0_SideScrollerExampleMap.SideScrollerExampleMap (0.022032s)
[2016.04.05-09.06.34:346][ 50]LogInit: XAudio2 using 'Динамики (Sound Blaster Recon3Di)' : 2 channels at 48 kHz using 32 bits per sample (channel mask 0x3)
[2016.04.05-09.06.34:351][ 50]LogInit: FAudioDevice initialized.
[2016.04.05-09.06.34:385][ 50]LogWorld: Game class is 'GameModeSCG_C'
[2016.04.05-09.06.34:391][ 50]LogWorld: Bringing World /Game/SideScrollerBP/Maps/UEDPIE_0_SideScrollerExampleMap.SideScrollerExampleMap up for play (max tick rate 60) at 2016.04.05-12.06.34
[2016.04.05-09.06.34:391][ 50]LogActor:Warning: GameSession /Game/SideScrollerBP/Maps/UEDPIE_0_SideScrollerExampleMap.SideScrollerExampleMap:PersistentLevel.GameSession_1 has natively added scene component(s), but none of them were set as the actor's RootComponent - picking one arbitrarily
[2016.04.05-09.06.34:391][ 50]LogActor:Warning: GameNetworkManager /Game/SideScrollerBP/Maps/UEDPIE_0_SideScrollerExampleMap.SideScrollerExampleMap:PersistentLevel.GameNetworkManager_1 has natively added scene component(s), but none of them were set as the actor's RootComponent - picking one arbitrarily
[2016.04.05-09.06.34:392][ 50]LogWorld: Bringing up level for play took: 0.004576
[2016.04.05-09.06.34:393][ 50]PIE: Info Play in editor start time for /Game/SideScrollerBP/Maps/UEDPIE_0_SideScrollerExampleMap -0.513
[2016.04.05-09.06.34:393][ 50]LogBlueprintUserMessages: Late PlayInEditor Detection: Level '/Game/SideScrollerBP/Maps/SideScrollerExampleMap.SideScrollerExampleMap:PersistentLevel' has LevelScriptBlueprint '/Game/SideScrollerBP/Maps/SideScrollerExampleMap.SideScrollerExampleMap:PersistentLevel.SideScrollerExampleMap' with GeneratedClass '/Game/SideScrollerBP/Maps/SideScrollerExampleMap.SideScrollerExampleMap_C' with ClassGeneratedBy '/Game/SideScrollerBP/Maps/SideScrollerExampleMap.SideScrollerExampleMap:PersistentLevel.SideScrollerExampleMap'
[2016.04.05-09.06.39:192][336]LogBlueprintUserMessages: Early EndPlayMap Detection: Level '/Game/SideScrollerBP/Maps/SideScrollerExampleMap.SideScrollerExampleMap:PersistentLevel' has LevelScriptBlueprint '/Game/SideScrollerBP/Maps/SideScrollerExampleMap.SideScrollerExampleMap:PersistentLevel.SideScrollerExampleMap' with GeneratedClass '/Game/SideScrollerBP/Maps/SideScrollerExampleMap.SideScrollerExampleMap_C' with ClassGeneratedBy '/Game/SideScrollerBP/Maps/SideScrollerExampleMap.SideScrollerExampleMap:PersistentLevel.SideScrollerExampleMap'
[2016.04.05-09.06.39:226][336]LogBlueprintUserMessages: Late EndPlayMap Detection: Level '/Game/SideScrollerBP/Maps/SideScrollerExampleMap.SideScrollerExampleMap:PersistentLevel' has LevelScriptBlueprint '/Game/SideScrollerBP/Maps/SideScrollerExampleMap.SideScrollerExampleMap:PersistentLevel.SideScrollerExampleMap' with GeneratedClass '/Game/SideScrollerBP/Maps/SideScrollerExampleMap.SideScrollerExampleMap_C' with ClassGeneratedBy '/Game/SideScrollerBP/Maps/SideScrollerExampleMap.SideScrollerExampleMap:PersistentLevel.SideScrollerExampleMap'
[2016.04.05-09.06.39:265][336]LogParticles: Destroying 0 GPU particle simulations for FXSystem 0x000001DB4341E700
[2016.04.05-09.06.47:859][851]BlueprintLog: New page: Compile AIFlyingController
[2016.04.05-09.06.47:933][851]BlueprintEditorCompileResults: Info [0136.44] Compile of AIFlyingController successful! [in 73 ms]
[2016.04.05-09.06.50:088][978]LogBlueprintUserMessages: Early PlayInEditor Detection: Level '/Game/SideScrollerBP/Maps/SideScrollerExampleMap.SideScrollerExampleMap:PersistentLevel' has LevelScriptBlueprint '/Game/SideScrollerBP/Maps/SideScrollerExampleMap.SideScrollerExampleMap:PersistentLevel.SideScrollerExampleMap' with GeneratedClass '/Game/SideScrollerBP/Maps/SideScrollerExampleMap.SideScrollerExampleMap_C' with ClassGeneratedBy '/Game/SideScrollerBP/Maps/SideScrollerExampleMap.SideScrollerExampleMap:PersistentLevel.SideScrollerExampleMap'
[2016.04.05-09.06.50:089][978]LogPlayLevel: PlayLevel: No blueprints needed recompiling
[2016.04.05-09.06.50:089][978]PIE: New page: PIE session: SideScrollerExampleMap (Apr 5, 2016, 3:06:50 PM)
[2016.04.05-09.06.50:089][978]LogPlayLevel: Creating play world package: /Game/SideScrollerBP/Maps/UEDPIE_0_SideScrollerExampleMap
[2016.04.05-09.06.50:112][978]LogPlayLevel: PIE: StaticDuplicateObject took: (0.022203s)
[2016.04.05-09.06.50:112][978]LogAIModule: Creating AISystem for world SideScrollerExampleMap
[2016.04.05-09.06.50:113][978]LogPlayLevel: PIE: World Init took: (0.000878s)
[2016.04.05-09.06.50:113][978]LogPlayLevel: PIE: Created PIE world by copying editor world from /Game/SideScrollerBP/Maps/SideScrollerExampleMap.SideScrollerExampleMap to /Game/SideScrollerBP/Maps/UEDPIE_0_SideScrollerExampleMap.SideScrollerExampleMap (0.023337s)
[2016.04.05-09.06.50:144][978]LogInit: XAudio2 using 'Динамики (Sound Blaster Recon3Di)' : 2 channels at 48 kHz using 32 bits per sample (channel mask 0x3)
[2016.04.05-09.06.50:148][978]LogInit: FAudioDevice initialized.
[2016.04.05-09.06.50:186][978]LogWorld: Game class is 'GameModeSCG_C'
[2016.04.05-09.06.50:192][978]LogWorld: Bringing World /Game/SideScrollerBP/Maps/UEDPIE_0_SideScrollerExampleMap.SideScrollerExampleMap up for play (max tick rate 60) at 2016.04.05-12.06.50
[2016.04.05-09.06.50:192][978]LogActor:Warning: GameSession /Game/SideScrollerBP/Maps/UEDPIE_0_SideScrollerExampleMap.SideScrollerExampleMap:PersistentLevel.GameSession_2 has natively added scene component(s), but none of them were set as the actor's RootComponent - picking one arbitrarily
[2016.04.05-09.06.50:192][978]LogActor:Warning: GameNetworkManager /Game/SideScrollerBP/Maps/UEDPIE_0_SideScrollerExampleMap.SideScrollerExampleMap:PersistentLevel.GameNetworkManager_2 has natively added scene component(s), but none of them were set as the actor's RootComponent - picking one arbitrarily
[2016.04.05-09.06.50:193][978]LogWorld: Bringing up level for play took: 0.005238
[2016.04.05-09.06.50:194][978]PIE: Info Play in editor start time for /Game/SideScrollerBP/Maps/UEDPIE_0_SideScrollerExampleMap -0.712
[2016.04.05-09.06.50:194][978]LogBlueprintUserMessages: Late PlayInEditor Detection: Level '/Game/SideScrollerBP/Maps/SideScrollerExampleMap.SideScrollerExampleMap:PersistentLevel' has LevelScriptBlueprint '/Game/SideScrollerBP/Maps/SideScrollerExampleMap.SideScrollerExampleMap:PersistentLevel.SideScrollerExampleMap' with GeneratedClass '/Game/SideScrollerBP/Maps/SideScrollerExampleMap.SideScrollerExampleMap_C' with ClassGeneratedBy '/Game/SideScrollerBP/Maps/SideScrollerExampleMap.SideScrollerExampleMap:PersistentLevel.SideScrollerExampleMap'
[2016.04.05-09.06.54:415][230]LogBlueprintUserMessages: Early EndPlayMap Detection: Level '/Game/SideScrollerBP/Maps/SideScrollerExampleMap.SideScrollerExampleMap:PersistentLevel' has LevelScriptBlueprint '/Game/SideScrollerBP/Maps/SideScrollerExampleMap.SideScrollerExampleMap:PersistentLevel.SideScrollerExampleMap' with GeneratedClass '/Game/SideScrollerBP/Maps/SideScrollerExampleMap.SideScrollerExampleMap_C' with ClassGeneratedBy '/Game/SideScrollerBP/Maps/SideScrollerExampleMap.SideScrollerExampleMap:PersistentLevel.SideScrollerExampleMap'
[2016.04.05-09.06.54:447][230]LogBlueprintUserMessages: Late EndPlayMap Detection: Level '/Game/SideScrollerBP/Maps/SideScrollerExampleMap.SideScrollerExampleMap:PersistentLevel' has LevelScriptBlueprint '/Game/SideScrollerBP/Maps/SideScrollerExampleMap.SideScrollerExampleMap:PersistentLevel.SideScrollerExampleMap' with GeneratedClass '/Game/SideScrollerBP/Maps/SideScrollerExampleMap.SideScrollerExampleMap_C' with ClassGeneratedBy '/Game/SideScrollerBP/Maps/SideScrollerExampleMap.SideScrollerExampleMap:PersistentLevel.SideScrollerExampleMap'
[2016.04.05-09.06.54:473][230]LogParticles: Destroying 0 GPU particle simulations for FXSystem 0x000001DB3E9D5E40
[2016.04.05-09.07.06:931][970]BlueprintLog: New page: Compile AIFlyingController
[2016.04.05-09.07.07:008][970]BlueprintEditorCompileResults: Info [0155.51] Compile of AIFlyingController successful! [in 76 ms]
[2016.04.05-09.07.07:899][ 22]LogBlueprintUserMessages: Early PlayInEditor Detection: Level '/Game/SideScrollerBP/Maps/SideScrollerExampleMap.SideScrollerExampleMap:PersistentLevel' has LevelScriptBlueprint '/Game/SideScrollerBP/Maps/SideScrollerExampleMap.SideScrollerExampleMap:PersistentLevel.SideScrollerExampleMap' with GeneratedClass '/Game/SideScrollerBP/Maps/SideScrollerExampleMap.SideScrollerExampleMap_C' with ClassGeneratedBy '/Game/SideScrollerBP/Maps/SideScrollerExampleMap.SideScrollerExampleMap:PersistentLevel.SideScrollerExampleMap'
[2016.04.05-09.07.07:901][ 22]LogPlayLevel: PlayLevel: No blueprints needed recompiling
[2016.04.05-09.07.07:901][ 22]PIE: New page: PIE session: SideScrollerExampleMap (Apr 5, 2016, 3:07:07 PM)
[2016.04.05-09.07.07:901][ 22]LogPlayLevel: Creating play world package: /Game/SideScrollerBP/Maps/UEDPIE_0_SideScrollerExampleMap
[2016.04.05-09.07.07:922][ 22]LogPlayLevel: PIE: StaticDuplicateObject took: (0.020913s)
[2016.04.05-09.07.07:923][ 22]LogAIModule: Creating AISystem for world SideScrollerExampleMap
[2016.04.05-09.07.07:923][ 22]LogPlayLevel: PIE: World Init took: (0.000881s)
[2016.04.05-09.07.07:923][ 22]LogPlayLevel: PIE: Created PIE world by copying editor world from /Game/SideScrollerBP/Maps/SideScrollerExampleMap.SideScrollerExampleMap to /Game/SideScrollerBP/Maps/UEDPIE_0_SideScrollerExampleMap.SideScrollerExampleMap (0.022092s)
[2016.04.05-09.07.07:954][ 22]LogInit: XAudio2 using 'Динамики (Sound Blaster Recon3Di)' : 2 channels at 48 kHz using 32 bits per sample (channel mask 0x3)
[2016.04.05-09.07.07:959][ 22]LogInit: FAudioDevice initialized.
[2016.04.05-09.07.08:058][ 22]LogWorld: Game class is 'GameModeSCG_C'
[2016.04.05-09.07.08:064][ 22]LogWorld: Bringing World /Game/SideScrollerBP/Maps/UEDPIE_0_SideScrollerExampleMap.SideScrollerExampleMap up for play (max tick rate 60) at 2016.04.05-12.07.08
[2016.04.05-09.07.08:064][ 22]LogActor:Warning: GameSession /Game/SideScrollerBP/Maps/UEDPIE_0_SideScrollerExampleMap.SideScrollerExampleMap:PersistentLevel.GameSession_3 has natively added scene component(s), but none of them were set as the actor's RootComponent - picking one arbitrarily
[2016.04.05-09.07.08:064][ 22]LogActor:Warning: GameNetworkManager /Game/SideScrollerBP/Maps/UEDPIE_0_SideScrollerExampleMap.SideScrollerExampleMap:PersistentLevel.GameNetworkManager_3 has natively added scene component(s), but none of them were set as the actor's RootComponent - picking one arbitrarily
[2016.04.05-09.07.08:065][ 22]LogWorld: Bringing up level for play took: 0.005192
[2016.04.05-09.07.08:074][ 22]PIE: Info Play in editor start time for /Game/SideScrollerBP/Maps/UEDPIE_0_SideScrollerExampleMap 1.168
[2016.04.05-09.07.08:074][ 22]LogBlueprintUserMessages: Late PlayInEditor Detection: Level '/Game/SideScrollerBP/Maps/SideScrollerExampleMap.SideScrollerExampleMap:PersistentLevel' has LevelScriptBlueprint '/Game/SideScrollerBP/Maps/SideScrollerExampleMap.SideScrollerExampleMap:PersistentLevel.SideScrollerExampleMap' with GeneratedClass '/Game/SideScrollerBP/Maps/SideScrollerExampleMap.SideScrollerExampleMap_C' with ClassGeneratedBy '/Game/SideScrollerBP/Maps/SideScrollerExampleMap.SideScrollerExampleMap:PersistentLevel.SideScrollerExampleMap'
[2016.04.05-09.07.08:103][ 24]LogRenderer: Reallocating scene render targets to support 1280x720 (Frame:1956).
[2016.04.05-09.07.34:179][587]LogBlueprintUserMessages: Early EndPlayMap Detection: Level '/Game/SideScrollerBP/Maps/SideScrollerExampleMap.SideScrollerExampleMap:PersistentLevel' has LevelScriptBlueprint '/Game/SideScrollerBP/Maps/SideScrollerExampleMap.SideScrollerExampleMap:PersistentLevel.SideScrollerExampleMap' with GeneratedClass '/Game/SideScrollerBP/Maps/SideScrollerExampleMap.SideScrollerExampleMap_C' with ClassGeneratedBy '/Game/SideScrollerBP/Maps/SideScrollerExampleMap.SideScrollerExampleMap:PersistentLevel.SideScrollerExampleMap'
[2016.04.05-09.07.34:236][587]LogBlueprintUserMessages: Late EndPlayMap Detection: Level '/Game/SideScrollerBP/Maps/SideScrollerExampleMap.SideScrollerExampleMap:PersistentLevel' has LevelScriptBlueprint '/Game/SideScrollerBP/Maps/SideScrollerExampleMap.SideScrollerExampleMap:PersistentLevel.SideScrollerExampleMap' with GeneratedClass '/Game/SideScrollerBP/Maps/SideScrollerExampleMap.SideScrollerExampleMap_C' with ClassGeneratedBy '/Game/SideScrollerBP/Maps/SideScrollerExampleMap.SideScrollerExampleMap:PersistentLevel.SideScrollerExampleMap'
[2016.04.05-09.07.34:267][587]LogParticles: Destroying 0 GPU particle simulations for FXSystem 0x000001DB3E5E02C0
[2016.04.05-09.07.58:104][ 10]BlueprintLog: New page: Compile FlyToSSC
[2016.04.05-09.07.58:174][ 10]BlueprintEditorCompileResults: Info [0206.68] Compile of FlyToSSC successful! [in 68 ms]
[2016.04.05-09.08.01:840][224]Cmd: OBJ SAVEPACKAGE PACKAGE="/Game/enemies/AIFlyingController" FILE="D:/GitHub/SCG_1/Content/enemies/AIFlyingController.uasset" SILENT=true
[2016.04.05-09.08.01:953][224]LogSavePackage: Save=39.536259ms
[2016.04.05-09.08.01:953][224]LogSavePackage: Moving 'D:/GitHub/SCG_1/Saved/AIFlyingControllerF87078754C148003E5134188383990D1.tmp' to 'D:/GitHub/SCG_1/Content/enemies/AIFlyingController.uasset'
[2016.04.05-09.08.01:954][224]LogSavePackage: Total save time: 115.059540ms
[2016.04.05-09.08.01:954][224]LogSavePackage:Display: Finished SavePackage D:/GitHub/SCG_1/Content/enemies/AIFlyingController.uasset
[2016.04.05-09.08.03:676][311]LogWindowsTextInputMethodSystem:Display: IME system now deactivated.
[2016.04.05-09.08.03:887][312]Cmd: QUIT_EDITOR
[2016.04.05-09.08.04:427][312]LogExit: Preparing to exit.
[2016.04.05-09.08.04:951][312]LogExit: Editor shut down
[2016.04.05-09.08.04:951][312]LogExit: Transaction tracking system shut down
[2016.04.05-09.08.04:957][312]LogParticles: Destroying 0 GPU particle simulations for FXSystem 0x000001DB51267060
[2016.04.05-09.08.04:959][312]LogParticles: Destroying 0 GPU particle simulations for FXSystem 0x000001DB5A84F880
[2016.04.05-09.08.04:959][312]LogParticles: Destroying 0 GPU particle simulations for FXSystem 0x000001DB5AB78180
[2016.04.05-09.08.04:959][312]LogParticles: Destroying 0 GPU particle simulations for FXSystem 0x000001DB5A780A40
[2016.04.05-09.08.04:959][312]LogParticles: Destroying 0 GPU particle simulations for FXSystem 0x000001DB5A780AE0
[2016.04.05-09.08.04:959][312]LogParticles: Destroying 0 GPU particle simulations for FXSystem 0x000001DB6CE72F20
[2016.04.05-09.08.04:962][312]LogParticles: Destroying 0 GPU particle simulations for FXSystem 0x000001DB01FBEE80
[2016.04.05-09.08.04:963][312]LogParticles: Destroying 0 GPU particle simulations for FXSystem 0x000001DB3E86B100
[2016.04.05-09.08.04:963][312]LogParticles: Destroying 0 GPU particle simulations for FXSystem 0x000001DB0AA9D940
[2016.04.05-09.08.05:134][312]LogExit: Object subsystem successfully closed.
[2016.04.05-09.08.05:153][312]LogD3D11RHI: Shutdown
[2016.04.05-09.08.05:153][312]LogD3D11RHI: CleanupD3DDevice
[2016.04.05-09.08.05:213][312]LogD3D11RHI: ~FD3D11DynamicRHI
[2016.04.05-09.08.05:230][312]LogModuleManager: Shutting down and abandoning module CookingStats (200)
[2016.04.05-09.08.05:230][312]LogModuleManager: Shutting down and abandoning module BlueprintGraph (199)
[2016.04.05-09.08.05:230][312]LogModuleManager: Shutting down and abandoning module CrashTracker (198)
[2016.04.05-09.08.05:230][312]LogModuleManager: Shutting down and abandoning module SuperSearch (197)
[2016.04.05-09.08.05:230][312]LogModuleManager: Shutting down and abandoning module WidgetCarousel (196)
[2016.04.05-09.08.05:230][312]LogModuleManager: Shutting down and abandoning module AddContentDialog (195)
[2016.04.05-09.08.05:232][312]LogModuleManager: Shutting down and abandoning module EditorWidgets (194)
[2016.04.05-09.08.05:232][312]LogModuleManager: Shutting down and abandoning module CollectionManager (193)
[2016.04.05-09.08.05:232][312]LogModuleManager: Shutting down and abandoning module SceneOutliner (192)
[2016.04.05-09.08.05:232][312]LogModuleManager: Shutting down and abandoning module StatsViewer (191)
[2016.04.05-09.08.05:232][312]LogModuleManager: Shutting down and abandoning module FoliageEdit (190)
[2016.04.05-09.08.05:232][312]LogModuleManager: Shutting down and abandoning module LandscapeEditor (189)
[2016.04.05-09.08.05:233][312]LogModuleManager: Shutting down and abandoning module ActorPickerMode (188)
[2016.04.05-09.08.05:233][312]LogModuleManager: Shutting down and abandoning module GeometryMode (187)
[2016.04.05-09.08.05:233][312]LogModuleManager: Shutting down and abandoning module TextureAlignMode (186)
[2016.04.05-09.08.05:233][312]LogModuleManager: Shutting down and abandoning module BspMode (185)
[2016.04.05-09.08.05:233][312]LogModuleManager: Shutting down and abandoning module PlacementMode (184)
[2016.04.05-09.08.05:233][312]LogModuleManager: Shutting down and abandoning module AutomationWorker (183)
[2016.04.05-09.08.05:233][312]LogModuleManager: Shutting down and abandoning module CharacterAI (182)
[2016.04.05-09.08.05:233][312]LogModuleManager: Shutting down and abandoning module SmartSnapping (181)
[2016.04.05-09.08.05:233][312]LogModuleManager: Shutting down and abandoning module ViewportSnapping (180)
[2016.04.05-09.08.05:233][312]LogModuleManager: Shutting down and abandoning module LogVisualizer (179)
[2016.04.05-09.08.05:233][312]LogModuleManager: Shutting down and abandoning module GameProjectGeneration (178)
[2016.04.05-09.08.05:234][312]LogModuleManager: Shutting down and abandoning module IntroTutorials (177)
[2016.04.05-09.08.05:234][312]LogModuleManager: Shutting down and abandoning module EditorLiveStreaming (176)
[2016.04.05-09.08.05:234][312]LogModuleManager: Shutting down and abandoning module IOSPlatformEditor (175)
[2016.04.05-09.08.05:234][312]LogModuleManager: Shutting down and abandoning module HTML5PlatformEditor (174)
[2016.04.05-09.08.05:234][312]LogModuleManager: Shutting down and abandoning module AndroidDeviceDetection (173)
[2016.04.05-09.08.05:457][312]LogModuleManager: Shutting down and abandoning module AndroidPlatformEditor (172)
[2016.04.05-09.08.05:457][312]LogModuleManager: Shutting down and abandoning module IOSRuntimeSettings (171)
[2016.04.05-09.08.05:457][312]LogModuleManager: Shutting down and abandoning module AndroidRuntimeSettings (170)
[2016.04.05-09.08.05:457][312]LogModuleManager: Shutting down and abandoning module MergeActors (169)
[2016.04.05-09.08.05:457][312]LogModuleManager: Shutting down and abandoning module SizeMap (168)
[2016.04.05-09.08.05:457][312]LogModuleManager: Shutting down and abandoning module TreeMap (167)
[2016.04.05-09.08.05:457][312]LogModuleManager: Shutting down and abandoning module ReferenceViewer (166)
[2016.04.05-09.08.05:457][312]LogModuleManager: Shutting down and abandoning module LocalizationService (165)
[2016.04.05-09.08.05:457][312]LogModuleManager: Shutting down and abandoning module LocalizationDashboard (164)
[2016.04.05-09.08.05:459][312]LogModuleManager: Shutting down and abandoning module HardwareTargeting (163)
[2016.04.05-09.08.05:459][312]LogModuleManager: Shutting down and abandoning module DeviceProfileEditor (162)
[2016.04.05-09.08.05:459][312]LogModuleManager: Shutting down and abandoning module UndoHistory (161)
[2016.04.05-09.08.05:459][312]LogModuleManager: Shutting down and abandoning module GameplayTagsEditor (160)
[2016.04.05-09.08.05:459][312]LogModuleManager: Shutting down and abandoning module UserFeedback (159)
[2016.04.05-09.08.05:459][312]LogModuleManager: Shutting down and abandoning module XmlParser (158)
[2016.04.05-09.08.05:459][312]LogModuleManager: Shutting down and abandoning module Blutility (157)
[2016.04.05-09.08.05:459][312]LogModuleManager: Shutting down and abandoning module ProjectTargetPlatformEditor (156)
[2016.04.05-09.08.05:459][312]LogModuleManager: Shutting down and abandoning module ProjectSettingsViewer (155)
[2016.04.05-09.08.05:459][312]LogModuleManager: Shutting down and abandoning module InputBindingEditor (154)
[2016.04.05-09.08.05:459][312]LogModuleManager: Shutting down and abandoning module EditorSettingsViewer (153)
[2016.04.05-09.08.05:459][312]LogModuleManager: Shutting down and abandoning module SettingsEditor (152)
[2016.04.05-09.08.05:459][312]LogModuleManager: Shutting down and abandoning module ProjectLauncher (151)
[2016.04.05-09.08.05:460][312]LogModuleManager: Shutting down and abandoning module SessionFrontend (150)
[2016.04.05-09.08.05:460][312]LogModuleManager: Shutting down and abandoning module ProfilerClient (149)
[2016.04.05-09.08.05:461][312]LogModuleManager: Shutting down and abandoning module TargetDeviceServices (148)
[2016.04.05-09.08.05:461][312]LogModuleManager: Shutting down and abandoning module DeviceManager (147)
[2016.04.05-09.08.05:461][312]LogModuleManager: Shutting down and abandoning module AutomationController (146)
[2016.04.05-09.08.05:461][312]LogModuleManager: Shutting down and abandoning module AutomationWindow (145)
[2016.04.05-09.08.05:462][312]LogModuleManager: Shutting down and abandoning module Layers (144)
[2016.04.05-09.08.05:463][312]LogModuleManager: Shutting down and abandoning module ComponentVisualizers (143)
[2016.04.05-09.08.05:463][312]LogModuleManager: Shutting down and abandoning module DetailCustomizations (142)
[2016.04.05-09.08.05:463][312]LogModuleManager: Shutting down and abandoning module PackagesDialog (141)
[2016.04.05-09.08.05:463][312]LogModuleManager: Shutting down and abandoning module Persona (140)
[2016.04.05-09.08.05:464][312]LogModuleManager: Shutting down and abandoning module Kismet (139)
[2016.04.05-09.08.05:464][312]LogModuleManager: Shutting down and abandoning module GraphEditor (138)
[2016.04.05-09.08.05:464][312]LogModuleManager: Shutting down and abandoning module ClassViewer (137)
[2016.04.05-09.08.05:465][312]LogModuleManager: Shutting down and abandoning module Toolbox (136)
[2016.04.05-09.08.05:465][312]LogModuleManager: Shutting down and abandoning module ModuleUI (135)
[2016.04.05-09.08.05:465][312]LogModuleManager: Shutting down and abandoning module MovieSceneTools (134)
[2016.04.05-09.08.05:466][312]LogModuleManager: Shutting down and abandoning module OutputLog (133)
[2016.04.05-09.08.05:466][312]LogModuleManager: Shutting down and abandoning module GammaUI (132)
[2016.04.05-09.08.05:466][312]LogModuleManager: Shutting down and abandoning module Documentation (131)
[2016.04.05-09.08.05:466][312]LogModuleManager: Shutting down and abandoning module GameLiveStreaming (130)
[2016.04.05-09.08.05:466][312]LogModuleManager: Shutting down and abandoning module StreamingPauseRendering (129)
[2016.04.05-09.08.05:466][312]LogModuleManager: Shutting down and abandoning module AnalyticsET (128)
[2016.04.05-09.08.05:466][312]LogModuleManager: Shutting down and abandoning module Analytics (127)
[2016.04.05-09.08.05:466][312]LogModuleManager: Shutting down and abandoning module AITestSuite (126)
[2016.04.05-09.08.05:466][312]LogModuleManager: Shutting down and abandoning module GameplayDebugger (125)
[2016.04.05-09.08.05:466][312]LogModuleManager: Shutting down and abandoning module AIModule (124)
[2016.04.05-09.08.05:466][312]LogModuleManager: Shutting down and abandoning module ProfilerService (123)
[2016.04.05-09.08.05:589][312]LogModuleManager: Shutting down and abandoning module TaskGraph (122)
[2016.04.05-09.08.05:591][312]LogModuleManager: Shutting down and abandoning module SlateRemote (121)
[2016.04.05-09.08.05:591][312]LogModuleManager: Shutting down and abandoning module SteamVRController (120)
[2016.04.05-09.08.05:591][312]LogModuleManager: Shutting down and abandoning module SteamVR (119)
[2016.04.05-09.08.05:591][312]LogModuleManager: Shutting down and abandoning module ProceduralMeshComponent (118)
[2016.04.05-09.08.05:591][312]LogModuleManager: Shutting down and abandoning module OculusLibrary (117)
[2016.04.05-09.08.05:591][312]LogModuleManager: Shutting down and abandoning module OculusInput (116)
[2016.04.05-09.08.05:591][312]LogModuleManager: Shutting down and abandoning module LeapMotionController (115)
[2016.04.05-09.08.05:613][312]LogModuleManager: Shutting down and abandoning module CustomMeshComponent (114)
[2016.04.05-09.08.05:613][312]LogModuleManager: Shutting down and abandoning module CableComponent (113)
[2016.04.05-09.08.05:613][312]LogModuleManager: Shutting down and abandoning module ArchVisCharacter (112)
[2016.04.05-09.08.05:613][312]LogModuleManager: Shutting down and abandoning module MessagingDebugger (111)
[2016.04.05-09.08.05:615][312]LogModuleManager: Shutting down and abandoning module MediaPlayerEditor (110)
[2016.04.05-09.08.05:615][312]LogModuleManager: Shutting down and abandoning module HTML5Networking (109)
[2016.04.05-09.08.05:615][312]LogModuleManager: Shutting down and abandoning module SpeedTreeImporter (108)
[2016.04.05-09.08.05:615][312]LogModuleManager: Shutting down and abandoning module PluginBrowser (107)
[2016.04.05-09.08.05:615][312]LogModuleManager: Shutting down and abandoning module EpicSurvey (106)
[2016.04.05-09.08.05:615][312]LogModuleManager: Shutting down and abandoning module DesktopPlatform (105)
[2016.04.05-09.08.05:616][312]LogModuleManager: Shutting down and abandoning module VisualStudioSourceCodeAccess (104)
[2016.04.05-09.08.05:616][312]LogModuleManager: Shutting down and abandoning module UObjectPlugin (103)
[2016.04.05-09.08.05:616][312]LogModuleManager: Shutting down and abandoning module SubversionSourceControl (102)
[2016.04.05-09.08.05:616][312]LogModuleManager: Shutting down and abandoning module PerforceSourceControl (101)
[2016.04.05-09.08.05:616][312]LogModuleManager: Shutting down and abandoning module SourceControl (100)
[2016.04.05-09.08.05:617][312]LogModuleManager: Shutting down and abandoning module GitSourceControl (99)
[2016.04.05-09.08.05:617][312]LogModuleManager: Shutting down and abandoning module LightPropagationVolumeEditor (98)
[2016.04.05-09.08.05:617][312]LogModuleManager: Shutting down and abandoning module PaperTiledImporter (97)
[2016.04.05-09.08.05:617][312]LogModuleManager: Shutting down and abandoning module PaperSpriteSheetImporter (96)
[2016.04.05-09.08.05:617][312]LogModuleManager: Shutting down and abandoning module MeshPaint (95)
[2016.04.05-09.08.05:617][312]LogModuleManager: Shutting down and abandoning module SlateReflector (94)
[2016.04.05-09.08.05:617][312]LogModuleManager: Shutting down and abandoning module HotReload (93)
[2016.04.05-09.08.05:617][312]LogModuleManager: Shutting down and abandoning module MainFrame (92)
[2016.04.05-09.08.05:617][312]LogModuleManager: Shutting down and abandoning module LevelEditor (91)
[2016.04.05-09.08.05:618][312]LogModuleManager: Shutting down and abandoning module DirectoryWatcher (90)
[2016.04.05-09.08.05:621][312]LogModuleManager: Shutting down and abandoning module AssetRegistry (89)
[2016.04.05-09.08.05:721][312]LogModuleManager: Shutting down and abandoning module ContentBrowser (88)
[2016.04.05-09.08.05:722][312]LogModuleManager: Shutting down and abandoning module Paper2DEditor (87)
[2016.04.05-09.08.05:724][312]LogModuleManager: Shutting down and abandoning module UdpMessaging (86)
[2016.04.05-09.08.05:825][312]LogModuleManager: Shutting down and abandoning module LightPropagationVolumeRuntime (85)
[2016.04.05-09.08.05:825][312]LogModuleManager: Shutting down and abandoning module Paper2D (84)
[2016.04.05-09.08.05:825][312]LogModuleManager: Shutting down and abandoning module WindowsMoviePlayer (83)
[2016.04.05-09.08.05:829][312]LogModuleManager: Shutting down and abandoning module Media (82)
[2016.04.05-09.08.05:829][312]LogModuleManager: Shutting down and abandoning module WmfMedia (81)
[2016.04.05-09.08.05:829][312]LogModuleManager: Shutting down and abandoning module OnlineBlueprintSupport (80)
[2016.04.05-09.08.05:829][312]LogModuleManager: Shutting down and abandoning module GameplayTasksEditor (79)
[2016.04.05-09.08.05:829][312]LogModuleManager: Shutting down and abandoning module PropertyEditor (78)
[2016.04.05-09.08.05:829][312]LogModuleManager: Shutting down and abandoning module BehaviorTreeEditor (77)
[2016.04.05-09.08.05:829][312]LogModuleManager: Shutting down and abandoning module FunctionalTesting (76)
[2016.04.05-09.08.05:829][312]LogModuleManager: Shutting down and abandoning module CollisionAnalyzer (75)
[2016.04.05-09.08.05:829][312]LogModuleManager: Shutting down and abandoning module WorkspaceMenuStructure (74)
[2016.04.05-09.08.05:829][312]LogModuleManager: Shutting down and abandoning module MessageLog (73)
[2016.04.05-09.08.05:829][312]LogModuleManager: Shutting down and abandoning module Sequencer (72)
[2016.04.05-09.08.05:832][312]LogModuleManager: Shutting down and abandoning module AssetTools (71)
[2016.04.05-09.08.05:834][312]LogModuleManager: Shutting down and abandoning module UMGEditor (70)
[2016.04.05-09.08.05:835][312]LogModuleManager: Shutting down and abandoning module UMG (69)
[2016.04.05-09.08.05:836][312]LogModuleManager: Shutting down and abandoning module Slate (68)
[2016.04.05-09.08.05:836][312]LogModuleManager: Shutting down and abandoning module EditorStyle (67)
[2016.04.05-09.08.05:839][312]LogModuleManager: Shutting down and abandoning module SessionServices (66)
[2016.04.05-09.08.05:839][312]LogModuleManager: Shutting down and abandoning module SourceCodeAccess (65)
[2016.04.05-09.08.05:839][312]LogModuleManager: Shutting down and abandoning module HeadMountedDisplay (64)
[2016.04.05-09.08.05:839][312]LogModuleManager: Shutting down and abandoning module XAudio2 (63)
[2016.04.05-09.08.05:839][312]LogModuleManager: Shutting down and abandoning module Networking (61)
[2016.04.05-09.08.05:839][312]LogModuleManager: Shutting down and abandoning module Core (60)
[2016.04.05-09.08.05:839][312]LogModuleManager: Shutting down and abandoning module KismetCompiler (59)
[2016.04.05-09.08.05:839][312]LogModuleManager: Shutting down and abandoning module PhysXFormats (58)
[2016.04.05-09.08.05:839][312]LogModuleManager: Shutting down and abandoning module MeshUtilities (57)
[2016.04.05-09.08.05:840][312]LogModuleManager: Shutting down and abandoning module DerivedDataCache (56)
[2016.04.05-09.08.05:909][312]LogDerivedDataCache: Shutdown
[2016.04.05-09.08.05:909][312]LogModuleManager: Shutting down and abandoning module ShaderFormatOpenGL (55)
[2016.04.05-09.08.05:910][312]LogModuleManager: Shutting down and abandoning module ShaderFormatD3D (54)
[2016.04.05-09.08.05:910][312]LogModuleManager: Shutting down and abandoning module MetalShaderFormat (53)
[2016.04.05-09.08.05:911][312]LogModuleManager: Shutting down and abandoning module TextureFormatUncompressed (52)
[2016.04.05-09.08.05:911][312]LogModuleManager: Shutting down and abandoning module TextureFormatPVR (51)
[2016.04.05-09.08.05:911][312]LogModuleManager: Shutting down and abandoning module TextureFormatIntelISPCTexComp (50)
[2016.04.05-09.08.05:911][312]LogModuleManager: Shutting down and abandoning module TextureFormatDXT (49)
[2016.04.05-09.08.05:911][312]LogModuleManager: Shutting down and abandoning module ImageWrapper (48)
[2016.04.05-09.08.05:911][312]LogModuleManager: Shutting down and abandoning module TextureFormatASTC (47)
[2016.04.05-09.08.05:911][312]LogModuleManager: Shutting down and abandoning module TextureFormatAndroid (46)
[2016.04.05-09.08.05:911][312]LogModuleManager: Shutting down and abandoning module AudioFormatOpus (45)
[2016.04.05-09.08.05:911][312]LogModuleManager: Shutting down and abandoning module AudioFormatOgg (44)
[2016.04.05-09.08.05:911][312]LogModuleManager: Shutting down and abandoning module AudioFormatADPCM (43)
[2016.04.05-09.08.05:911][312]LogModuleManager: Shutting down and abandoning module LinuxTargetPlatform (42)
[2016.04.05-09.08.05:911][312]LogModuleManager: Shutting down and abandoning module LinuxServerTargetPlatform (41)
[2016.04.05-09.08.05:911][312]LogModuleManager: Shutting down and abandoning module LinuxNoEditorTargetPlatform (40)
[2016.04.05-09.08.05:911][312]LogModuleManager: Shutting down and abandoning module Messaging (39)
[2016.04.05-09.08.05:911][312]LogModuleManager: Shutting down and abandoning module IOSTargetPlatform (38)
[2016.04.05-09.08.05:911][312]LogModuleManager: Shutting down and abandoning module HTML5TargetPlatform (37)
[2016.04.05-09.08.05:911][312]LogModuleManager: Shutting down and abandoning module Android_PVRTCTargetPlatform (36)
[2016.04.05-09.08.05:911][312]LogModuleManager: Shutting down and abandoning module Android_MultiTargetPlatform (35)
[2016.04.05-09.08.05:911][312]LogModuleManager: Shutting down and abandoning module Android_ETC2TargetPlatform (34)
[2016.04.05-09.08.05:911][312]LogModuleManager: Shutting down and abandoning module Android_ETC1TargetPlatform (33)
[2016.04.05-09.08.05:911][312]LogModuleManager: Shutting down and abandoning module Android_DXTTargetPlatform (32)
[2016.04.05-09.08.05:911][312]LogModuleManager: Shutting down and abandoning module Android_ATCTargetPlatform (31)
[2016.04.05-09.08.05:911][312]LogModuleManager: Shutting down and abandoning module Android_ASTCTargetPlatform (30)
[2016.04.05-09.08.05:911][312]LogModuleManager: Shutting down and abandoning module AndroidTargetPlatform (29)
[2016.04.05-09.08.05:911][312]LogModuleManager: Shutting down and abandoning module WindowsTargetPlatform (28)
[2016.04.05-09.08.05:911][312]LogModuleManager: Shutting down and abandoning module WindowsServerTargetPlatform (27)
[2016.04.05-09.08.05:911][312]LogModuleManager: Shutting down and abandoning module WindowsNoEditorTargetPlatform (26)
[2016.04.05-09.08.05:911][312]LogModuleManager: Shutting down and abandoning module WindowsClientTargetPlatform (25)
[2016.04.05-09.08.05:911][312]LogModuleManager: Shutting down and abandoning module AllDesktopTargetPlatform (24)
[2016.04.05-09.08.05:911][312]LogModuleManager: Shutting down and abandoning module TargetPlatform (23)
[2016.04.05-09.08.05:911][312]LogModuleManager: Shutting down and abandoning module InputCore (22)
[2016.04.05-09.08.05:911][312]LogModuleManager: Shutting down and abandoning module Settings (21)
[2016.04.05-09.08.05:911][312]LogModuleManager: Shutting down and abandoning module OnlineSubsystem (19)
[2016.04.05-09.08.05:911][312]LogModuleManager: Shutting down and abandoning module HTTP (18)
[2016.04.05-09.08.07:914][312]LogModuleManager: Shutting down and abandoning module XMPP (17)
[2016.04.05-09.08.07:917][312]LogModuleManager: Shutting down and abandoning module OculusRift (16)
[2016.04.05-09.08.07:917][312]LogModuleManager: Shutting down and abandoning module ExampleDeviceProfileSelector (15)
[2016.04.05-09.08.07:917][312]LogModuleManager: Shutting down and abandoning module TextureCompressor (14)
[2016.04.05-09.08.07:917][312]LogModuleManager: Shutting down and abandoning module ShaderCore (13)
[2016.04.05-09.08.07:917][312]LogModuleManager: Shutting down and abandoning module Landscape (12)
[2016.04.05-09.08.07:917][312]LogModuleManager: Shutting down and abandoning module SlateRHIRenderer (11)
[2016.04.05-09.08.07:920][312]LogModuleManager: Shutting down and abandoning module OpenGLDrv (10)
[2016.04.05-09.08.07:921][312]LogModuleManager: Shutting down and abandoning module D3D11RHI (9)
[2016.04.05-09.08.07:921][312]LogModuleManager: Shutting down and abandoning module AnimGraphRuntime (8)
[2016.04.05-09.08.07:921][312]LogModuleManager: Shutting down and abandoning module Renderer (7)
[2016.04.05-09.08.07:921][312]LogModuleManager: Shutting down and abandoning module Engine (6)
[2016.04.05-09.08.07:921][312]LogModuleManager: Shutting down and abandoning module CoreUObject (5)
[2016.04.05-09.08.07:921][312]LogModuleManager: Shutting down and abandoning module NetworkFile (4)
[2016.04.05-09.08.07:921][312]LogModuleManager: Shutting down and abandoning module StreamingFile (3)
[2016.04.05-09.08.07:921][312]LogModuleManager: Shutting down and abandoning module SandboxFile (2)
[2016.04.05-09.08.07:921][312]LogModuleManager: Shutting down and abandoning module PakFile (1)
[2016.04.05-09.08.07:924][312]LogExit: Exiting.
[2016.04.05-09.08.07:925][312]Log file closed, 04/05/16 12:08:07
