[2016.03.22-20.00.25:310][  0]Log file open, 03/22/16 23:00:25
[2016.03.22-20.00.25:310][  0]LogInit:Display: Running engine for game: SCG
[2016.03.22-20.00.25:310][  0]LogPlatformFile: Not using cached read wrapper
[2016.03.22-20.00.25:310][  0]LogInit:Display: RandInit(-1903850983) SRandInit(-1903850981).
[2016.03.22-20.00.25:310][  0]LogTaskGraph: Started task graph with 4 named threads and 7 total threads.
[2016.03.22-20.00.25:310][  0]LogStats: Stats thread started at 0.107077
[2016.03.22-20.00.25:310][  0]LogInit: Version: 4.10.4-2872498+++depot+UE4-Releases+4.10
[2016.03.22-20.00.25:310][  0]LogInit: API Version: 2758231
[2016.03.22-20.00.25:310][  0]LogInit: Compiled (64-bit): Feb 18 2016 15:47:04
[2016.03.22-20.00.25:310][  0]LogInit: Compiled with Visual C++: 19.00.23026.00
[2016.03.22-20.00.25:310][  0]LogInit: Build Configuration: Development
[2016.03.22-20.00.25:310][  0]LogInit: Branch Name: ++depot+UE4-Releases+4.10
[2016.03.22-20.00.25:310][  0]LogInit: Command line:  /Temp/Autosaves/Game/SideScrollerBP/Maps/UEDPCSideScrollerExampleMap -game -PIEVIACONSOLE -ResX=1280 -ResY=720  -Multiprocess 
[2016.03.22-20.00.25:310][  0]LogInit: Base directory: C:/Program Files (x86)/Epic Games/4.10/Engine/Binaries/Win64/
[2016.03.22-20.00.25:310][  0]LogInit: Rocket: 1
[2016.03.22-20.00.25:331][  0]LogInit: Using libcurl 7.41.0
[2016.03.22-20.00.25:331][  0]LogInit:  - built for x86_64-pc-win32
[2016.03.22-20.00.25:331][  0]LogInit:  - supports SSL with WinSSL
[2016.03.22-20.00.25:331][  0]LogInit:  - other features:
[2016.03.22-20.00.25:331][  0]LogInit:      CURL_VERSION_SSL
[2016.03.22-20.00.25:331][  0]LogInit:      CURL_VERSION_IPV6
[2016.03.22-20.00.25:331][  0]LogInit:      CURL_VERSION_ASYNCHDNS
[2016.03.22-20.00.25:331][  0]LogInit:      CURL_VERSION_LARGEFILE
[2016.03.22-20.00.25:331][  0]LogInit:      CURL_VERSION_IDN
[2016.03.22-20.00.25:331][  0]LogInit:  CurlRequestOptions (configurable via config and command line):
[2016.03.22-20.00.25:331][  0]LogInit:  - bVerifyPeer = true  - Libcurl will verify peer certificate
[2016.03.22-20.00.25:331][  0]LogInit:  - bUseHttpProxy = false  - Libcurl will NOT use HTTP proxy
[2016.03.22-20.00.25:331][  0]LogInit:  - bDontReuseConnections = false  - Libcurl will reuse connections
[2016.03.22-20.00.25:331][  0]LogInit:  - CertBundlePath = nullptr  - Libcurl will use whatever was configured at build time.
[2016.03.22-20.00.25:366][  0]LogInit: Presizing for 0 objects not considered by GC, pre-allocating 0 bytes.
[2016.03.22-20.00.25:376][  0]LogInit: Object subsystem initialized
[2016.03.22-20.00.25:377][  0]LogInit: Selected Device Profile: [Windows]
[2016.03.22-20.00.25:377][  0]LogInit: Applying CVar settings loaded from the selected device profile: [Windows]
[2016.03.22-20.00.25:390][  0]LogInit: Computer: DESKTOP-9PE97P4
[2016.03.22-20.00.25:390][  0]LogInit: User: AlexeyAYashin
[2016.03.22-20.00.25:390][  0]LogInit: CPU Page size=4096, Cores=4
[2016.03.22-20.00.25:390][  0]LogInit: High frequency timer resolution =2.531250 MHz
[2016.03.22-20.00.25:390][  0]LogMemory: Memory total: Physical=15.9GB (16GB approx)
[2016.03.22-20.00.25:390][  0]LogMemory: Platform Memory Stats for Windows
[2016.03.22-20.00.25:390][  0]LogMemory: Process Physical Memory: 56.14 MB used, 56.14 MB peak
[2016.03.22-20.00.25:390][  0]LogMemory: Process Virtual Memory: 56.95 MB used, 56.95 MB peak
[2016.03.22-20.00.25:390][  0]LogMemory: Physical Memory: 6267.38 MB used, 16283.51 MB total
[2016.03.22-20.00.25:390][  0]LogMemory: Virtual Memory: 383.89 MB used, 134217728.00 MB total
[2016.03.22-20.00.25:646][  0]LogTextLocalizationManager: No translations for ('ru-RU') exist, falling back to 'en' for localization and internationalization data.
[2016.03.22-20.00.26:264][  0]LogD3D11RHI: Found D3D11 adapter 0: NVIDIA GeForce GTX 980M    (Feature Level 11_0)
[2016.03.22-20.00.26:264][  0]LogD3D11RHI: Adapter has 4009MB of dedicated video memory, 0MB of dedicated system memory, and 8141MB of shared system memory, 1 output[s]
[2016.03.22-20.00.26:271][  0]LogD3D11RHI: Found D3D11 adapter 1: Intel(R) HD Graphics 530 (Feature Level 11_0)
[2016.03.22-20.00.26:271][  0]LogD3D11RHI: Adapter has 128MB of dedicated video memory, 0MB of dedicated system memory, and 8141MB of shared system memory, 0 output[s]
[2016.03.22-20.00.26:273][  0]LogD3D11RHI: Found D3D11 adapter 2: Microsoft Basic Render Driver (Feature Level 11_0)
[2016.03.22-20.00.26:273][  0]LogD3D11RHI: Adapter has 0MB of dedicated video memory, 0MB of dedicated system memory, and 8141MB of shared system memory, 0 output[s]
[2016.03.22-20.00.26:273][  0]LogD3D11RHI: Chosen D3D11 Adapter Id = 0
[2016.03.22-20.00.26:279][  0]LogD3D11RHI: !Direct3DDevice
[2016.03.22-20.00.26:279][  0]LogRHI: Texture pool is 1361 MB (70% of 1945 MB)
[2016.03.22-20.00.26:293][  0]LogD3D11RHI: Async texture creation enabled
[2016.03.22-20.00.26:309][  0]LogShaderCompilers: Guid format shader working directory is 37 characters bigger than the processId version (D:/GitHub/SCG_1/Intermediate/Shaders/WorkingDirectory/10180/).
[2016.03.22-20.00.26:309][  0]LogShaderCompilers: Cleaned the shader compiler working directory 'C:/Users/ALEXEY~1.YAS/AppData/Local/Temp/UnrealShaderWorkingDir/6CC5089446139D4FED3F95BCD0176AF8/'.
[2016.03.22-20.00.26:309][  0]LogShaderCompilers:Display: Using Local Shader Compiler.
[2016.03.22-20.00.27:997][  0]LogTemp:Display: Loaded TP AllDesktopTargetPlatform
[2016.03.22-20.00.28:002][  0]LogTemp:Display: Loaded TP WindowsClientTargetPlatform
[2016.03.22-20.00.28:006][  0]LogTemp:Display: Loaded TP WindowsNoEditorTargetPlatform
[2016.03.22-20.00.28:010][  0]LogTemp:Display: Loaded TP WindowsServerTargetPlatform
[2016.03.22-20.00.28:015][  0]LogTemp:Display: Loaded TP WindowsTargetPlatform
[2016.03.22-20.00.28:023][  0]LogTemp:Display: Loaded TP AndroidTargetPlatform
[2016.03.22-20.00.28:026][  0]LogTemp:Display: Loaded TP Android_ASTCTargetPlatform
[2016.03.22-20.00.28:029][  0]LogTemp:Display: Loaded TP Android_ATCTargetPlatform
[2016.03.22-20.00.28:032][  0]LogTemp:Display: Loaded TP Android_DXTTargetPlatform
[2016.03.22-20.00.28:035][  0]LogTemp:Display: Loaded TP Android_ETC1TargetPlatform
[2016.03.22-20.00.28:039][  0]LogTemp:Display: Loaded TP Android_ETC2TargetPlatform
[2016.03.22-20.00.28:045][  0]LogTemp:Display: Loaded TP Android_MultiTargetPlatform
[2016.03.22-20.00.28:045][  0]LogTemp:Display: Loaded TP Android_PVRTCTargetPlatform
[2016.03.22-20.00.28:046][  0]LogTemp:Display: Loaded TP HTML5TargetPlatform
[2016.03.22-20.00.28:089][  0]LogTemp:Display: Loaded TP IOSTargetPlatform
[2016.03.22-20.00.28:092][  0]LogTemp:Display: Loaded TP LinuxNoEditorTargetPlatform
[2016.03.22-20.00.28:095][  0]LogTemp:Display: Loaded TP LinuxServerTargetPlatform
[2016.03.22-20.00.28:102][  0]LogTemp:Display: Loaded TP LinuxTargetPlatform
[2016.03.22-20.00.28:102][  0]LogTargetPlatformManager:Display: Building Assets For Windows
[2016.03.22-20.00.28:396][  0]LogDerivedDataCache:Display: Max Cache Size: 512 MB
[2016.03.22-20.00.28:444][  0]LogDerivedDataCache: Loaded boot cache 0.05s 41MB C:/Users/Alexey A. Yashin/AppData/Local/UnrealEngine/4.10/DerivedDataCache/Boot.ddc.
[2016.03.22-20.00.28:444][  0]LogDerivedDataCache:Display: Loaded Boot cache: C:/Users/Alexey A. Yashin/AppData/Local/UnrealEngine/4.10/DerivedDataCache/Boot.ddc
[2016.03.22-20.00.28:444][  0]LogDerivedDataCache: FDerivedDataBackendGraph:  Pak pak cache file D:/GitHub/SCG_1/DerivedDataCache/DDC.ddp not found, will not use a pak cache.
[2016.03.22-20.00.28:444][  0]LogDerivedDataCache: Unable to find inner node Pak for hierarchical cache Hierarchy.
[2016.03.22-20.00.28:444][  0]LogDerivedDataCache: FDerivedDataBackendGraph:  CompressedPak pak cache file D:/GitHub/SCG_1/DerivedDataCache/Compressed.ddp not found, will not use a pak cache.
[2016.03.22-20.00.28:444][  0]LogDerivedDataCache: Unable to find inner node CompressedPak for hierarchical cache Hierarchy.
[2016.03.22-20.00.28:512][  0]LogDerivedDataCache:Display: Pak cache opened for reading ../../../Engine/DerivedDataCache/Compressed.ddp.
[2016.03.22-20.00.28:524][  0]LogDerivedDataCache: Using Local data cache path C:/Users/Alexey A. Yashin/AppData/Local/UnrealEngine/Common/DerivedDataCache: Writable
[2016.03.22-20.00.30:933][  0]LogInit: Selected Device Profile: [Windows]
[2016.03.22-20.00.30:936][  0]LogContentStreaming: Texture pool size is 1000.000000MB
[2016.03.22-20.00.31:031][  0]LogMeshUtilities: No automatic mesh reduction module available
[2016.03.22-20.00.31:031][  0]LogMeshUtilities: No automatic mesh merging module available
[2016.03.22-20.00.31:238][  0]LogInit: WinSock: version 1.1 (2.2), MaxSocks=32767, MaxUdp=65467
[2016.03.22-20.00.31:516][  0]LogWindowsMoviePlayer: Unable to load movie: D:/GitHub/SCG_1/Content/Movies/Default_Startup.mp4
[2016.03.22-20.00.31:618][  0]SourceControl: Info Source control is disabled
[2016.03.22-20.00.31:618][  0]SourceControl: Info Source control is disabled
[2016.03.22-20.00.31:629][  0]SourceControl: Info Source control is disabled
[2016.03.22-20.00.31:817][  0]LogObj: 27935 objects as part of root set at end of initial load.
[2016.03.22-20.00.31:817][  0]LogUObjectAllocator: 5830064 out of 0 bytes used by permanent object pool.
[2016.03.22-20.00.31:881][  0]LogEngine: Initializing Engine...
[2016.03.22-20.00.31:885][  0]LogHMD: Can't find Oculus library dev build: is proper Runtime installed? Version: 0.8.0.0
[2016.03.22-20.00.31:895][  0]LogHMD: SteamVR failed to initialize.  Err: 110
[2016.03.22-20.00.32:000][  0]LogInit: XAudio2 using 'Динамики (Sound Blaster Recon3Di)' : 2 channels at 48 kHz using 32 bits per sample (channel mask 0x3)
[2016.03.22-20.00.32:009][  0]LogInit: FAudioDevice initialized.
[2016.03.22-20.00.32:011][  0]LogInit: Texture streaming: Enabled
[2016.03.22-20.00.32:092][  0]LogNet: Browse: /Temp/Autosaves/Game/SideScrollerBP/Maps/UEDPCSideScrollerExampleMap?Name=Player
[2016.03.22-20.00.32:092][  0]LogLoad: LoadMap: /Temp/Autosaves/Game/SideScrollerBP/Maps/UEDPCSideScrollerExampleMap?Name=Player
[2016.03.22-20.00.32:105][  0]LogParticles: Destroying 0 GPU particle simulations for FXSystem 0x0000016C31921D00
[2016.03.22-20.00.32:118][  0]LogMemory: Platform Memory Stats for Windows
[2016.03.22-20.00.32:119][  0]LogMemory: Process Physical Memory: 396.71 MB used, 396.71 MB peak
[2016.03.22-20.00.32:119][  0]LogMemory: Process Virtual Memory: 451.27 MB used, 451.28 MB peak
[2016.03.22-20.00.32:119][  0]LogMemory: Physical Memory: 6568.57 MB used, 16283.51 MB total
[2016.03.22-20.00.32:119][  0]LogMemory: Virtual Memory: 1008.18 MB used, 134217728.00 MB total
[2016.03.22-20.00.32:119][  0]LogMemory: 
[2016.03.22-20.00.32:119][  0]Allocator Stats for TBB: (not implemented)
[2016.03.22-20.00.32:795][  0]LogAIModule: Creating AISystem for world SideScrollerExampleMap
[2016.03.22-20.00.32:806][  0]LogWorld: Game class is 'GameModeSCG_C'
[2016.03.22-20.00.32:814][  0]LogWorld: Bringing World /Temp/Autosaves/Game/SideScrollerBP/Maps/UEDPCSideScrollerExampleMap.SideScrollerExampleMap up for play (max tick rate 0) at 2016.03.22-23.00.32
[2016.03.22-20.00.32:815][  0]LogWorld: Bringing up level for play took: 0.007005
[2016.03.22-20.00.32:815][  0]LogPathFollowing:Warning: No NavigationData found while trying to cache it for AIController_1's PathFollowingComponent
[2016.03.22-20.00.32:815][  0]LogPathFollowing:Warning: No NavigationData found while trying to cache it for AIController_0's PathFollowingComponent
[2016.03.22-20.00.32:816][  0]LogInit:Display: Game Engine Initialized.
[2016.03.22-20.00.33:032][  0]LogLoad: Full Startup: 8.52 seconds (BP compile: 0.23 seconds)
[2016.03.22-20.00.33:049][  0]LogWindowsTextInputMethodSystem:Display: IME system now deactivated.
[2016.03.22-20.00.33:054][  0]LogOcInput: Can't find Oculus library dev build: is proper Runtime installed? Version: 0.8.0.0
[2016.03.22-20.00.33:123][  0]LogRenderer: Reallocating scene render targets to support 128x128 (Frame:1).
[2016.03.22-20.00.33:182][  1]LogRenderer: Reallocating scene render targets to support 1280x720 (Frame:2).
[2016.03.22-20.01.06:210][ 47]LogBlueprintUserMessages: [SideScrollerCharacter_C_1] 0
[2016.03.22-20.01.06:226][ 48]LogBlueprintUserMessages: [SideScrollerCharacter_C_1] 33.032
[2016.03.22-20.01.06:242][ 49]LogBlueprintUserMessages: [SideScrollerCharacter_C_1] 66.064
[2016.03.22-20.01.06:259][ 50]LogBlueprintUserMessages: [SideScrollerCharacter_C_1] 99.095
[2016.03.22-20.01.06:275][ 51]LogBlueprintUserMessages: [SideScrollerCharacter_C_1] 132.127
[2016.03.22-20.01.06:291][ 52]LogBlueprintUserMessages: [SideScrollerCharacter_C_1] 165.159
[2016.03.22-20.01.06:307][ 53]LogBlueprintUserMessages: [SideScrollerCharacter_C_1] 198.191
[2016.03.22-20.01.06:323][ 54]LogBlueprintUserMessages: [SideScrollerCharacter_C_1] 231.223
[2016.03.22-20.01.06:339][ 55]LogBlueprintUserMessages: [SideScrollerCharacter_C_1] 264.254
[2016.03.22-20.01.06:355][ 56]LogBlueprintUserMessages: [SideScrollerCharacter_C_1] 297.286
[2016.03.22-20.01.06:371][ 57]LogBlueprintUserMessages: [SideScrollerCharacter_C_1] 330.335
[2016.03.22-20.01.06:387][ 58]LogBlueprintUserMessages: [SideScrollerCharacter_C_1] 363.369
[2016.03.22-20.01.06:404][ 59]LogBlueprintUserMessages: [SideScrollerCharacter_C_1] 396.4
[2016.03.22-20.01.06:420][ 60]LogBlueprintUserMessages: [SideScrollerCharacter_C_1] 429.438
[2016.03.22-20.01.06:436][ 61]LogBlueprintUserMessages: [SideScrollerCharacter_C_1] 462.471
[2016.03.22-20.01.06:452][ 62]LogBlueprintUserMessages: [SideScrollerCharacter_C_1] 495.503
[2016.03.22-20.01.06:467][ 63]LogBlueprintUserMessages: [SideScrollerCharacter_C_1] 528.535
[2016.03.22-20.01.06:484][ 64]LogBlueprintUserMessages: [SideScrollerCharacter_C_1] 561.567
[2016.03.22-20.01.06:501][ 65]LogBlueprintUserMessages: [SideScrollerCharacter_C_1] 594.599
[2016.03.22-20.01.06:516][ 66]LogBlueprintUserMessages: [SideScrollerCharacter_C_1] 600
[2016.03.22-20.01.06:533][ 67]LogBlueprintUserMessages: [SideScrollerCharacter_C_1] 599.999
[2016.03.22-20.01.06:549][ 68]LogBlueprintUserMessages: [SideScrollerCharacter_C_1] 599.999
[2016.03.22-20.01.06:565][ 69]LogBlueprintUserMessages: [SideScrollerCharacter_C_1] 599.999
[2016.03.22-20.01.06:581][ 70]LogBlueprintUserMessages: [SideScrollerCharacter_C_1] 599.999
[2016.03.22-20.01.06:597][ 71]LogBlueprintUserMessages: [SideScrollerCharacter_C_1] 599.999
[2016.03.22-20.01.06:613][ 72]LogBlueprintUserMessages: [SideScrollerCharacter_C_1] 508.899
[2016.03.22-20.01.06:629][ 73]LogBlueprintUserMessages: [SideScrollerCharacter_C_1] 426.617
[2016.03.22-20.01.06:646][ 74]LogBlueprintUserMessages: [SideScrollerCharacter_C_1] 352.291
[2016.03.22-20.01.06:662][ 75]LogBlueprintUserMessages: [SideScrollerCharacter_C_1] 285.166
[2016.03.22-20.01.06:678][ 76]LogBlueprintUserMessages: [SideScrollerCharacter_C_1] 224.536
[2016.03.22-20.01.06:694][ 77]LogBlueprintUserMessages: [SideScrollerCharacter_C_1] 169.776
[2016.03.22-20.01.06:710][ 78]LogBlueprintUserMessages: [SideScrollerCharacter_C_1] 120.313
[2016.03.22-20.01.06:726][ 79]LogBlueprintUserMessages: [SideScrollerCharacter_C_1] 75.637
[2016.03.22-20.01.06:742][ 80]LogBlueprintUserMessages: [SideScrollerCharacter_C_1] 35.275
[2016.03.22-20.01.06:759][ 81]LogBlueprintUserMessages: [SideScrollerCharacter_C_1] 1.173
[2016.03.22-20.01.06:774][ 82]LogBlueprintUserMessages: [SideScrollerCharacter_C_1] 34.254
[2016.03.22-20.01.06:791][ 83]LogBlueprintUserMessages: [SideScrollerCharacter_C_1] 67.286
[2016.03.22-20.01.06:807][ 84]LogBlueprintUserMessages: [SideScrollerCharacter_C_1] 100.318
[2016.03.22-20.01.06:823][ 85]LogBlueprintUserMessages: [SideScrollerCharacter_C_1] 133.359
[2016.03.22-20.01.06:839][ 86]LogBlueprintUserMessages: [SideScrollerCharacter_C_1] 166.393
[2016.03.22-20.01.06:855][ 87]LogBlueprintUserMessages: [SideScrollerCharacter_C_1] 199.424
[2016.03.22-20.01.06:871][ 88]LogBlueprintUserMessages: [SideScrollerCharacter_C_1] 232.456
[2016.03.22-20.01.06:887][ 89]LogBlueprintUserMessages: [SideScrollerCharacter_C_1] 265.488
[2016.03.22-20.01.06:904][ 90]LogBlueprintUserMessages: [SideScrollerCharacter_C_1] 298.52
[2016.03.22-20.01.06:919][ 91]LogBlueprintUserMessages: [SideScrollerCharacter_C_1] 331.552
[2016.03.22-20.01.06:936][ 92]LogBlueprintUserMessages: [SideScrollerCharacter_C_1] 364.583
[2016.03.22-20.01.06:952][ 93]LogBlueprintUserMessages: [SideScrollerCharacter_C_1] 397.615
[2016.03.22-20.01.06:967][ 94]LogBlueprintUserMessages: [SideScrollerCharacter_C_1] 430.665
[2016.03.22-20.01.06:984][ 95]LogBlueprintUserMessages: [SideScrollerCharacter_C_1] 463.698
[2016.03.22-20.01.07:000][ 96]LogBlueprintUserMessages: [SideScrollerCharacter_C_1] 496.729
[2016.03.22-20.01.07:016][ 97]LogBlueprintUserMessages: [SideScrollerCharacter_C_1] 529.761
[2016.03.22-20.01.07:033][ 98]LogBlueprintUserMessages: [SideScrollerCharacter_C_1] 562.793
[2016.03.22-20.01.07:048][ 99]LogBlueprintUserMessages: [SideScrollerCharacter_C_1] 595.825
[2016.03.22-20.01.07:065][100]LogBlueprintUserMessages: [SideScrollerCharacter_C_1] 600.001
[2016.03.22-20.01.07:081][101]LogBlueprintUserMessages: [SideScrollerCharacter_C_1] 600.001
[2016.03.22-20.01.07:097][102]LogBlueprintUserMessages: [SideScrollerCharacter_C_1] 600.001
[2016.03.22-20.01.07:113][103]LogBlueprintUserMessages: [SideScrollerCharacter_C_1] 600
[2016.03.22-20.01.07:129][104]LogBlueprintUserMessages: [SideScrollerCharacter_C_1] 600.001
[2016.03.22-20.01.07:145][105]LogBlueprintUserMessages: [SideScrollerCharacter_C_1] 600.001
[2016.03.22-20.01.07:162][106]LogBlueprintUserMessages: [SideScrollerCharacter_C_1] 600.001
[2016.03.22-20.01.07:177][107]LogBlueprintUserMessages: [SideScrollerCharacter_C_1] 600.001
[2016.03.22-20.01.07:194][108]LogBlueprintUserMessages: [SideScrollerCharacter_C_1] 600.001
[2016.03.22-20.01.07:210][109]LogBlueprintUserMessages: [SideScrollerCharacter_C_1] 600
[2016.03.22-20.01.07:226][110]LogBlueprintUserMessages: [SideScrollerCharacter_C_1] 600.001
[2016.03.22-20.01.07:242][111]LogBlueprintUserMessages: [SideScrollerCharacter_C_1] 600.001
[2016.03.22-20.01.07:258][112]LogBlueprintUserMessages: [SideScrollerCharacter_C_1] 600.001
[2016.03.22-20.01.07:275][113]LogBlueprintUserMessages: [SideScrollerCharacter_C_1] 600.001
[2016.03.22-20.01.07:291][114]LogBlueprintUserMessages: [SideScrollerCharacter_C_1] 600.001
[2016.03.22-20.01.07:307][115]LogBlueprintUserMessages: [SideScrollerCharacter_C_1] 600
[2016.03.22-20.01.07:323][116]LogBlueprintUserMessages: [SideScrollerCharacter_C_1] 600.001
[2016.03.22-20.01.07:339][117]LogBlueprintUserMessages: [SideScrollerCharacter_C_1] 600.001
[2016.03.22-20.01.07:356][118]LogBlueprintUserMessages: [SideScrollerCharacter_C_1] 600.001
[2016.03.22-20.01.07:372][119]LogBlueprintUserMessages: [SideScrollerCharacter_C_1] 600
[2016.03.22-20.01.07:387][120]LogBlueprintUserMessages: [SideScrollerCharacter_C_1] 600
[2016.03.22-20.01.07:404][121]LogBlueprintUserMessages: [SideScrollerCharacter_C_1] 600.001
[2016.03.22-20.01.07:420][122]LogBlueprintUserMessages: [SideScrollerCharacter_C_1] 600.001
[2016.03.22-20.01.07:436][123]LogBlueprintUserMessages: [SideScrollerCharacter_C_1] 600.001
[2016.03.22-20.01.07:452][124]LogBlueprintUserMessages: [SideScrollerCharacter_C_1] 600.001
[2016.03.22-20.01.07:468][125]LogBlueprintUserMessages: [SideScrollerCharacter_C_1] 600
[2016.03.22-20.01.07:485][126]LogBlueprintUserMessages: [SideScrollerCharacter_C_1] 600.001
[2016.03.22-20.01.07:501][127]LogBlueprintUserMessages: [SideScrollerCharacter_C_1] 600.001
[2016.03.22-20.01.07:517][128]LogBlueprintUserMessages: [SideScrollerCharacter_C_1] 600.001
[2016.03.22-20.01.07:533][129]LogBlueprintUserMessages: [SideScrollerCharacter_C_1] 600.001
[2016.03.22-20.01.07:549][130]LogBlueprintUserMessages: [SideScrollerCharacter_C_1] 599.999
[2016.03.22-20.01.07:565][131]LogBlueprintUserMessages: [SideScrollerCharacter_C_1] 600.001
[2016.03.22-20.01.07:581][132]LogBlueprintUserMessages: [SideScrollerCharacter_C_1] 600.001
[2016.03.22-20.01.07:597][133]LogBlueprintUserMessages: [SideScrollerCharacter_C_1] 600.001
[2016.03.22-20.01.07:614][134]LogBlueprintUserMessages: [SideScrollerCharacter_C_1] 600.001
[2016.03.22-20.01.07:630][135]LogBlueprintUserMessages: [SideScrollerCharacter_C_1] 600.001
[2016.03.22-20.01.07:646][136]LogBlueprintUserMessages: [SideScrollerCharacter_C_1] 600
[2016.03.22-20.01.07:662][137]LogBlueprintUserMessages: [SideScrollerCharacter_C_1] 600.001
[2016.03.22-20.01.07:677][138]LogBlueprintUserMessages: [SideScrollerCharacter_C_1] 600.001
[2016.03.22-20.01.07:694][139]LogBlueprintUserMessages: [SideScrollerCharacter_C_1] 600.001
[2016.03.22-20.01.07:711][140]LogBlueprintUserMessages: [SideScrollerCharacter_C_1] 600.001
[2016.03.22-20.01.07:726][141]LogBlueprintUserMessages: [SideScrollerCharacter_C_1] 600
[2016.03.22-20.01.07:743][142]LogBlueprintUserMessages: [SideScrollerCharacter_C_1] 600.001
[2016.03.22-20.01.07:759][143]LogBlueprintUserMessages: [SideScrollerCharacter_C_1] 599.999
[2016.03.22-20.01.07:775][144]LogBlueprintUserMessages: [SideScrollerCharacter_C_1] 600
[2016.03.22-20.01.07:791][145]LogBlueprintUserMessages: [SideScrollerCharacter_C_1] 600.001
[2016.03.22-20.01.07:807][146]LogBlueprintUserMessages: [SideScrollerCharacter_C_1] 600.001
[2016.03.22-20.01.07:823][147]LogBlueprintUserMessages: [SideScrollerCharacter_C_1] 600.001
[2016.03.22-20.01.07:839][148]LogBlueprintUserMessages: [SideScrollerCharacter_C_1] 600.001
[2016.03.22-20.01.07:856][149]LogBlueprintUserMessages: [SideScrollerCharacter_C_1] 600.001
[2016.03.22-20.01.07:872][150]LogBlueprintUserMessages: [SideScrollerCharacter_C_1] 600
[2016.03.22-20.01.07:888][151]LogBlueprintUserMessages: [SideScrollerCharacter_C_1] 600.001
[2016.03.22-20.01.07:904][152]LogBlueprintUserMessages: [SideScrollerCharacter_C_1] 600.001
[2016.03.22-20.01.07:920][153]LogBlueprintUserMessages: [SideScrollerCharacter_C_1] 600.001
[2016.03.22-20.01.07:936][154]LogBlueprintUserMessages: [SideScrollerCharacter_C_1] 600.001
[2016.03.22-20.01.07:952][155]LogBlueprintUserMessages: [SideScrollerCharacter_C_1] 600
[2016.03.22-20.01.07:968][156]LogBlueprintUserMessages: [SideScrollerCharacter_C_1] 600.001
[2016.03.22-20.01.07:985][157]LogBlueprintUserMessages: [SideScrollerCharacter_C_1] 600.001
[2016.03.22-20.01.08:001][158]LogBlueprintUserMessages: [SideScrollerCharacter_C_1] 600.001
[2016.03.22-20.01.08:017][159]LogBlueprintUserMessages: [SideScrollerCharacter_C_1] 600.001
[2016.03.22-20.01.08:033][160]LogBlueprintUserMessages: [SideScrollerCharacter_C_1] 600.001
[2016.03.22-20.01.08:049][161]LogBlueprintUserMessages: [SideScrollerCharacter_C_1] 600
[2016.03.22-20.01.08:065][162]LogBlueprintUserMessages: [SideScrollerCharacter_C_1] 600.001
[2016.03.22-20.01.08:081][163]LogBlueprintUserMessages: [SideScrollerCharacter_C_1] 600.001
[2016.03.22-20.01.08:097][164]LogBlueprintUserMessages: [SideScrollerCharacter_C_1] 600.001
[2016.03.22-20.01.08:114][165]LogBlueprintUserMessages: [SideScrollerCharacter_C_1] 600
[2016.03.22-20.01.08:130][166]LogBlueprintUserMessages: [SideScrollerCharacter_C_1] 600.001
[2016.03.22-20.01.08:146][167]LogBlueprintUserMessages: [SideScrollerCharacter_C_1] 600
[2016.03.22-20.01.08:162][168]LogBlueprintUserMessages: [SideScrollerCharacter_C_1] 600.001
[2016.03.22-20.01.08:179][169]LogBlueprintUserMessages: [SideScrollerCharacter_C_1] 600
[2016.03.22-20.01.08:194][170]LogBlueprintUserMessages: [SideScrollerCharacter_C_1] 600.001
[2016.03.22-20.01.08:211][171]LogBlueprintUserMessages: [SideScrollerCharacter_C_1] 600.001
[2016.03.22-20.01.08:227][172]LogBlueprintUserMessages: [SideScrollerCharacter_C_1] 600
[2016.03.22-20.01.08:243][173]LogBlueprintUserMessages: [SideScrollerCharacter_C_1] 600.001
[2016.03.22-20.01.08:259][174]LogBlueprintUserMessages: [SideScrollerCharacter_C_1] 600.001
[2016.03.22-20.01.08:275][175]LogBlueprintUserMessages: [SideScrollerCharacter_C_1] 599.999
[2016.03.22-20.01.08:291][176]LogBlueprintUserMessages: [SideScrollerCharacter_C_1] 600.001
[2016.03.22-20.01.08:307][177]LogBlueprintUserMessages: [SideScrollerCharacter_C_1] 600.001
[2016.03.22-20.01.08:324][178]LogBlueprintUserMessages: [SideScrollerCharacter_C_1] 600.001
[2016.03.22-20.01.08:340][179]LogBlueprintUserMessages: [SideScrollerCharacter_C_1] 600.001
[2016.03.22-20.01.08:356][180]LogBlueprintUserMessages: [SideScrollerCharacter_C_1] 600.001
[2016.03.22-20.01.08:372][181]LogBlueprintUserMessages: [SideScrollerCharacter_C_1] 600
[2016.03.22-20.01.08:388][182]LogBlueprintUserMessages: [SideScrollerCharacter_C_1] 600.001
[2016.03.22-20.01.08:404][183]LogBlueprintUserMessages: [SideScrollerCharacter_C_1] 600.001
[2016.03.22-20.01.08:421][184]LogBlueprintUserMessages: [SideScrollerCharacter_C_1] 600.001
[2016.03.22-20.01.08:437][185]LogBlueprintUserMessages: [SideScrollerCharacter_C_1] 600.001
[2016.03.22-20.01.08:453][186]LogBlueprintUserMessages: [SideScrollerCharacter_C_1] 600
[2016.03.22-20.01.08:469][187]LogBlueprintUserMessages: [SideScrollerCharacter_C_1] 600.001
[2016.03.22-20.01.08:485][188]LogBlueprintUserMessages: [SideScrollerCharacter_C_1] 600.001
[2016.03.22-20.01.08:501][189]LogBlueprintUserMessages: [SideScrollerCharacter_C_1] 600.001
[2016.03.22-20.01.08:517][190]LogBlueprintUserMessages: [SideScrollerCharacter_C_1] 600.001
[2016.03.22-20.01.08:533][191]LogBlueprintUserMessages: [SideScrollerCharacter_C_1] 600.001
[2016.03.22-20.01.08:549][192]LogBlueprintUserMessages: [SideScrollerCharacter_C_1] 600
[2016.03.22-20.01.08:565][193]LogBlueprintUserMessages: [SideScrollerCharacter_C_1] 600.001
[2016.03.22-20.01.08:582][194]LogBlueprintUserMessages: [SideScrollerCharacter_C_1] 600.001
[2016.03.22-20.01.08:598][195]LogBlueprintUserMessages: [SideScrollerCharacter_C_1] 600.001
[2016.03.22-20.01.08:614][196]LogBlueprintUserMessages: [SideScrollerCharacter_C_1] 599.999
[2016.03.22-20.01.08:630][197]LogBlueprintUserMessages: [SideScrollerCharacter_C_1] 600
[2016.03.22-20.01.08:646][198]LogBlueprintUserMessages: [SideScrollerCharacter_C_1] 600.001
[2016.03.22-20.01.08:662][199]LogBlueprintUserMessages: [SideScrollerCharacter_C_1] 600.001
[2016.03.22-20.01.08:677][200]LogBlueprintUserMessages: [SideScrollerCharacter_C_1] 600.001
[2016.03.22-20.01.08:694][201]LogBlueprintUserMessages: [SideScrollerCharacter_C_1] 600.001
[2016.03.22-20.01.08:711][202]LogBlueprintUserMessages: [SideScrollerCharacter_C_1] 600
[2016.03.22-20.01.08:727][203]LogBlueprintUserMessages: [SideScrollerCharacter_C_1] 600
[2016.03.22-20.01.08:743][204]LogBlueprintUserMessages: [SideScrollerCharacter_C_1] 600.001
[2016.03.22-20.01.08:759][205]LogBlueprintUserMessages: [SideScrollerCharacter_C_1] 600.001
[2016.03.22-20.01.08:776][206]LogBlueprintUserMessages: [SideScrollerCharacter_C_1] 600.001
[2016.03.22-20.01.08:791][207]LogBlueprintUserMessages: [SideScrollerCharacter_C_1] 600
[2016.03.22-20.01.08:808][208]LogBlueprintUserMessages: [SideScrollerCharacter_C_1] 600.001
[2016.03.22-20.01.08:823][209]LogBlueprintUserMessages: [SideScrollerCharacter_C_1] 600.001
[2016.03.22-20.01.08:840][210]LogBlueprintUserMessages: [SideScrollerCharacter_C_1] 600
[2016.03.22-20.01.08:856][211]LogBlueprintUserMessages: [SideScrollerCharacter_C_1] 600.001
[2016.03.22-20.01.08:872][212]LogBlueprintUserMessages: [SideScrollerCharacter_C_1] 600.001
[2016.03.22-20.01.08:887][213]LogBlueprintUserMessages: [SideScrollerCharacter_C_1] 600.001
[2016.03.22-20.01.08:904][214]LogBlueprintUserMessages: [SideScrollerCharacter_C_1] 599.999
[2016.03.22-20.01.08:920][215]LogBlueprintUserMessages: [SideScrollerCharacter_C_1] 600.001
[2016.03.22-20.01.08:936][216]LogBlueprintUserMessages: [SideScrollerCharacter_C_1] 600.001
[2016.03.22-20.01.08:953][217]LogBlueprintUserMessages: [SideScrollerCharacter_C_1] 600.001
[2016.03.22-20.01.08:969][218]LogBlueprintUserMessages: [SideScrollerCharacter_C_1] 600
[2016.03.22-20.01.08:985][219]LogBlueprintUserMessages: [SideScrollerCharacter_C_1] 600.001
[2016.03.22-20.01.09:001][220]LogBlueprintUserMessages: [SideScrollerCharacter_C_1] 600.001
[2016.03.22-20.01.09:017][221]LogBlueprintUserMessages: [SideScrollerCharacter_C_1] 599.999
[2016.03.22-20.01.09:033][222]LogBlueprintUserMessages: [SideScrollerCharacter_C_1] 600.001
[2016.03.22-20.01.09:049][223]LogBlueprintUserMessages: [SideScrollerCharacter_C_1] 600.001
[2016.03.22-20.01.09:065][224]LogBlueprintUserMessages: [SideScrollerCharacter_C_1] 600.001
[2016.03.22-20.01.09:081][225]LogBlueprintUserMessages: [SideScrollerCharacter_C_1] 600.001
[2016.03.22-20.01.09:098][226]LogBlueprintUserMessages: [SideScrollerCharacter_C_1] 600
[2016.03.22-20.01.09:114][227]LogBlueprintUserMessages: [SideScrollerCharacter_C_1] 600.001
[2016.03.22-20.01.09:130][228]LogBlueprintUserMessages: [SideScrollerCharacter_C_1] 600.001
[2016.03.22-20.01.09:146][229]LogBlueprintUserMessages: [SideScrollerCharacter_C_1] 600.001
[2016.03.22-20.01.09:162][230]LogBlueprintUserMessages: [SideScrollerCharacter_C_1] 600.001
[2016.03.22-20.01.09:179][231]LogBlueprintUserMessages: [SideScrollerCharacter_C_1] 600
[2016.03.22-20.01.09:194][232]LogBlueprintUserMessages: [SideScrollerCharacter_C_1] 600
[2016.03.22-20.01.09:211][233]LogBlueprintUserMessages: [SideScrollerCharacter_C_1] 600.001
[2016.03.22-20.01.09:227][234]LogBlueprintUserMessages: [SideScrollerCharacter_C_1] 600.001
[2016.03.22-20.01.09:243][235]LogBlueprintUserMessages: [SideScrollerCharacter_C_1] 600.001
[2016.03.22-20.01.09:259][236]LogBlueprintUserMessages: [SideScrollerCharacter_C_1] 600.001
[2016.03.22-20.01.09:276][237]LogBlueprintUserMessages: [SideScrollerCharacter_C_1] 600
[2016.03.22-20.01.09:292][238]LogBlueprintUserMessages: [SideScrollerCharacter_C_1] 600.001
[2016.03.22-20.01.09:308][239]LogBlueprintUserMessages: [SideScrollerCharacter_C_1] 600
[2016.03.22-20.01.09:324][240]LogBlueprintUserMessages: [SideScrollerCharacter_C_1] 600.001
[2016.03.22-20.01.09:340][241]LogBlueprintUserMessages: [SideScrollerCharacter_C_1] 600.001
[2016.03.22-20.01.09:356][242]LogBlueprintUserMessages: [SideScrollerCharacter_C_1] 600.001
[2016.03.22-20.01.09:372][243]LogBlueprintUserMessages: [SideScrollerCharacter_C_1] 600.001
[2016.03.22-20.01.09:388][244]LogBlueprintUserMessages: [SideScrollerCharacter_C_1] 600.001
[2016.03.22-20.01.09:404][245]LogBlueprintUserMessages: [SideScrollerCharacter_C_1] 600
[2016.03.22-20.01.09:421][246]LogBlueprintUserMessages: [SideScrollerCharacter_C_1] 600.001
[2016.03.22-20.01.09:437][247]LogBlueprintUserMessages: [SideScrollerCharacter_C_1] 600.001
[2016.03.22-20.01.09:453][248]LogBlueprintUserMessages: [SideScrollerCharacter_C_1] 600.001
[2016.03.22-20.01.09:469][249]LogBlueprintUserMessages: [SideScrollerCharacter_C_1] 600.001
[2016.03.22-20.01.09:485][250]LogBlueprintUserMessages: [SideScrollerCharacter_C_1] 600.001
[2016.03.22-20.01.09:501][251]LogBlueprintUserMessages: [SideScrollerCharacter_C_1] 600.001
[2016.03.22-20.01.09:517][252]LogBlueprintUserMessages: [SideScrollerCharacter_C_1] 600.001
[2016.03.22-20.01.09:533][253]LogBlueprintUserMessages: [SideScrollerCharacter_C_1] 600.001
[2016.03.22-20.01.09:549][254]LogBlueprintUserMessages: [SideScrollerCharacter_C_1] 600
[2016.03.22-20.01.09:566][255]LogBlueprintUserMessages: [SideScrollerCharacter_C_1] 600.001
[2016.03.22-20.01.09:581][256]LogBlueprintUserMessages: [SideScrollerCharacter_C_1] 600.001
[2016.03.22-20.01.09:597][257]LogBlueprintUserMessages: [SideScrollerCharacter_C_1] 600.001
[2016.03.22-20.01.09:614][258]LogBlueprintUserMessages: [SideScrollerCharacter_C_1] 600.001
[2016.03.22-20.01.09:630][259]LogBlueprintUserMessages: [SideScrollerCharacter_C_1] 600
[2016.03.22-20.01.09:646][260]LogBlueprintUserMessages: [SideScrollerCharacter_C_1] 600.001
[2016.03.22-20.01.09:662][261]LogBlueprintUserMessages: [SideScrollerCharacter_C_1] 600.001
[2016.03.22-20.01.09:677][262]LogBlueprintUserMessages: [SideScrollerCharacter_C_1] 600.001
[2016.03.22-20.01.09:694][263]LogBlueprintUserMessages: [SideScrollerCharacter_C_1] 600.001
[2016.03.22-20.01.09:710][264]LogBlueprintUserMessages: [SideScrollerCharacter_C_1] 600.001
[2016.03.22-20.01.09:727][265]LogBlueprintUserMessages: [SideScrollerCharacter_C_1] 600
[2016.03.22-20.01.09:743][266]LogBlueprintUserMessages: [SideScrollerCharacter_C_1] 600.001
[2016.03.22-20.01.09:759][267]LogBlueprintUserMessages: [SideScrollerCharacter_C_1] 600
[2016.03.22-20.01.09:775][268]LogBlueprintUserMessages: [SideScrollerCharacter_C_1] 600.001
[2016.03.22-20.01.09:792][269]LogBlueprintUserMessages: [SideScrollerCharacter_C_1] 600.001
[2016.03.22-20.01.09:807][270]LogBlueprintUserMessages: [SideScrollerCharacter_C_1] 600.001
[2016.03.22-20.01.09:824][271]LogBlueprintUserMessages: [SideScrollerCharacter_C_1] 600.001
[2016.03.22-20.01.09:840][272]LogBlueprintUserMessages: [SideScrollerCharacter_C_1] 600
[2016.03.22-20.01.09:856][273]LogBlueprintUserMessages: [SideScrollerCharacter_C_1] 600.001
[2016.03.22-20.01.09:872][274]LogBlueprintUserMessages: [SideScrollerCharacter_C_1] 600.001
[2016.03.22-20.01.09:888][275]LogBlueprintUserMessages: [SideScrollerCharacter_C_1] 600.001
[2016.03.22-20.01.09:904][276]LogBlueprintUserMessages: [SideScrollerCharacter_C_1] 600.001
[2016.03.22-20.01.09:920][277]LogBlueprintUserMessages: [SideScrollerCharacter_C_1] 600.001
[2016.03.22-20.01.09:936][278]LogBlueprintUserMessages: [SideScrollerCharacter_C_1] 600
[2016.03.22-20.01.09:953][279]LogBlueprintUserMessages: [SideScrollerCharacter_C_1] 600.001
[2016.03.22-20.01.09:969][280]LogBlueprintUserMessages: [SideScrollerCharacter_C_1] 600.001
[2016.03.22-20.01.09:985][281]LogBlueprintUserMessages: [SideScrollerCharacter_C_1] 600.001
[2016.03.22-20.01.10:001][282]LogBlueprintUserMessages: [SideScrollerCharacter_C_1] 600.001
[2016.03.22-20.01.10:017][283]LogBlueprintUserMessages: [SideScrollerCharacter_C_1] 600
[2016.03.22-20.01.10:033][284]LogBlueprintUserMessages: [SideScrollerCharacter_C_1] 600.001
[2016.03.22-20.01.10:049][285]LogBlueprintUserMessages: [SideScrollerCharacter_C_1] 600.001
[2016.03.22-20.01.10:065][286]LogBlueprintUserMessages: [SideScrollerCharacter_C_1] 600.001
[2016.03.22-20.01.10:082][287]LogBlueprintUserMessages: [SideScrollerCharacter_C_1] 600.001
[2016.03.22-20.01.10:098][288]LogBlueprintUserMessages: [SideScrollerCharacter_C_1] 600
[2016.03.22-20.01.10:114][289]LogBlueprintUserMessages: [SideScrollerCharacter_C_1] 600
[2016.03.22-20.01.10:130][290]LogBlueprintUserMessages: [SideScrollerCharacter_C_1] 600.001
[2016.03.22-20.01.10:146][291]LogBlueprintUserMessages: [SideScrollerCharacter_C_1] 600.001
[2016.03.22-20.01.10:162][292]LogBlueprintUserMessages: [SideScrollerCharacter_C_1] 600
[2016.03.22-20.01.10:179][293]LogBlueprintUserMessages: [SideScrollerCharacter_C_1] 600
[2016.03.22-20.01.10:194][294]LogBlueprintUserMessages: [SideScrollerCharacter_C_1] 600.001
[2016.03.22-20.01.10:211][295]LogBlueprintUserMessages: [SideScrollerCharacter_C_1] 600.001
[2016.03.22-20.01.10:227][296]LogBlueprintUserMessages: [SideScrollerCharacter_C_1] 600.001
[2016.03.22-20.01.10:243][297]LogBlueprintUserMessages: [SideScrollerCharacter_C_1] 600.001
[2016.03.22-20.01.10:259][298]LogBlueprintUserMessages: [SideScrollerCharacter_C_1] 600
[2016.03.22-20.01.10:275][299]LogBlueprintUserMessages: [SideScrollerCharacter_C_1] 600
[2016.03.22-20.01.10:292][300]LogBlueprintUserMessages: [SideScrollerCharacter_C_1] 600
[2016.03.22-20.01.10:307][301]LogBlueprintUserMessages: [SideScrollerCharacter_C_1] 600
[2016.03.22-20.01.10:324][302]LogBlueprintUserMessages: [SideScrollerCharacter_C_1] 600
[2016.03.22-20.01.10:340][303]LogBlueprintUserMessages: [SideScrollerCharacter_C_1] 600
[2016.03.22-20.01.10:356][304]LogBlueprintUserMessages: [SideScrollerCharacter_C_1] 600
[2016.03.22-20.01.10:372][305]LogBlueprintUserMessages: [SideScrollerCharacter_C_1] 600
[2016.03.22-20.01.10:388][306]LogBlueprintUserMessages: [SideScrollerCharacter_C_1] 600
[2016.03.22-20.01.10:404][307]LogBlueprintUserMessages: [SideScrollerCharacter_C_1] 600
[2016.03.22-20.01.10:420][308]LogBlueprintUserMessages: [SideScrollerCharacter_C_1] 600
[2016.03.22-20.01.10:437][309]LogBlueprintUserMessages: [SideScrollerCharacter_C_1] 600
[2016.03.22-20.01.10:453][310]LogBlueprintUserMessages: [SideScrollerCharacter_C_1] 600
[2016.03.22-20.01.10:469][311]LogBlueprintUserMessages: [SideScrollerCharacter_C_1] 600
[2016.03.22-20.01.10:485][312]LogBlueprintUserMessages: [SideScrollerCharacter_C_1] 600
[2016.03.22-20.01.10:501][313]LogBlueprintUserMessages: [SideScrollerCharacter_C_1] 600
[2016.03.22-20.01.10:517][314]LogBlueprintUserMessages: [SideScrollerCharacter_C_1] 600
[2016.03.22-20.01.10:534][315]LogBlueprintUserMessages: [SideScrollerCharacter_C_1] 600
[2016.03.22-20.01.10:550][316]LogBlueprintUserMessages: [SideScrollerCharacter_C_1] 600
[2016.03.22-20.01.10:566][317]LogBlueprintUserMessages: [SideScrollerCharacter_C_1] 600
[2016.03.22-20.01.10:582][318]LogBlueprintUserMessages: [SideScrollerCharacter_C_1] 600
[2016.03.22-20.01.10:598][319]LogBlueprintUserMessages: [SideScrollerCharacter_C_1] 600
[2016.03.22-20.01.10:614][320]LogBlueprintUserMessages: [SideScrollerCharacter_C_1] 600
[2016.03.22-20.01.10:630][321]LogBlueprintUserMessages: [SideScrollerCharacter_C_1] 600
[2016.03.22-20.01.10:646][322]LogBlueprintUserMessages: [SideScrollerCharacter_C_1] 600
[2016.03.22-20.01.10:662][323]LogBlueprintUserMessages: [SideScrollerCharacter_C_1] 600
[2016.03.22-20.01.10:678][324]LogBlueprintUserMessages: [SideScrollerCharacter_C_1] 600
[2016.03.22-20.01.10:694][325]LogBlueprintUserMessages: [SideScrollerCharacter_C_1] 600
[2016.03.22-20.01.10:711][326]LogBlueprintUserMessages: [SideScrollerCharacter_C_1] 600
[2016.03.22-20.01.10:727][327]LogBlueprintUserMessages: [SideScrollerCharacter_C_1] 600
[2016.03.22-20.01.10:743][328]LogBlueprintUserMessages: [SideScrollerCharacter_C_1] 600
[2016.03.22-20.01.10:759][329]LogBlueprintUserMessages: [SideScrollerCharacter_C_1] 600
[2016.03.22-20.01.10:776][330]LogBlueprintUserMessages: [SideScrollerCharacter_C_1] 600
[2016.03.22-20.01.10:792][331]LogBlueprintUserMessages: [SideScrollerCharacter_C_1] 600
[2016.03.22-20.01.10:808][332]LogBlueprintUserMessages: [SideScrollerCharacter_C_1] 600
[2016.03.22-20.01.10:824][333]LogBlueprintUserMessages: [SideScrollerCharacter_C_1] 600
[2016.03.22-20.01.10:840][334]LogBlueprintUserMessages: [SideScrollerCharacter_C_1] 600
[2016.03.22-20.01.10:856][335]LogBlueprintUserMessages: [SideScrollerCharacter_C_1] 600
[2016.03.22-20.01.10:872][336]LogBlueprintUserMessages: [SideScrollerCharacter_C_1] 600
[2016.03.22-20.01.10:888][337]LogBlueprintUserMessages: [SideScrollerCharacter_C_1] 600
[2016.03.22-20.01.10:905][338]LogBlueprintUserMessages: [SideScrollerCharacter_C_1] 600
[2016.03.22-20.01.10:921][339]LogBlueprintUserMessages: [SideScrollerCharacter_C_1] 600
[2016.03.22-20.01.10:937][340]LogBlueprintUserMessages: [SideScrollerCharacter_C_1] 600
[2016.03.22-20.01.10:953][341]LogBlueprintUserMessages: [SideScrollerCharacter_C_1] 600
[2016.03.22-20.01.10:969][342]LogBlueprintUserMessages: [SideScrollerCharacter_C_1] 600
[2016.03.22-20.01.10:985][343]LogBlueprintUserMessages: [SideScrollerCharacter_C_1] 600
[2016.03.22-20.01.11:001][344]LogBlueprintUserMessages: [SideScrollerCharacter_C_1] 600
[2016.03.22-20.01.11:017][345]LogBlueprintUserMessages: [SideScrollerCharacter_C_1] 600
[2016.03.22-20.01.11:033][346]LogBlueprintUserMessages: [SideScrollerCharacter_C_1] 600
[2016.03.22-20.01.11:050][347]LogBlueprintUserMessages: [SideScrollerCharacter_C_1] 600
[2016.03.22-20.01.11:066][348]LogBlueprintUserMessages: [SideScrollerCharacter_C_1] 600
[2016.03.22-20.01.11:081][349]LogBlueprintUserMessages: [SideScrollerCharacter_C_1] 600
[2016.03.22-20.01.11:097][350]LogBlueprintUserMessages: [SideScrollerCharacter_C_1] 600
[2016.03.22-20.01.11:114][351]LogBlueprintUserMessages: [SideScrollerCharacter_C_1] 600
[2016.03.22-20.01.11:130][352]LogBlueprintUserMessages: [SideScrollerCharacter_C_1] 600
[2016.03.22-20.01.11:146][353]LogBlueprintUserMessages: [SideScrollerCharacter_C_1] 600
[2016.03.22-20.01.11:163][354]LogBlueprintUserMessages: [SideScrollerCharacter_C_1] 600
[2016.03.22-20.01.11:179][355]LogBlueprintUserMessages: [SideScrollerCharacter_C_1] 600
[2016.03.22-20.01.11:195][356]LogBlueprintUserMessages: [SideScrollerCharacter_C_1] 600
[2016.03.22-20.01.11:211][357]LogBlueprintUserMessages: [SideScrollerCharacter_C_1] 600
[2016.03.22-20.01.11:227][358]LogBlueprintUserMessages: [SideScrollerCharacter_C_1] 600
[2016.03.22-20.01.11:243][359]LogBlueprintUserMessages: [SideScrollerCharacter_C_1] 600
[2016.03.22-20.01.11:259][360]LogBlueprintUserMessages: [SideScrollerCharacter_C_1] 600
[2016.03.22-20.01.11:276][361]LogBlueprintUserMessages: [SideScrollerCharacter_C_1] 600
[2016.03.22-20.01.11:292][362]LogBlueprintUserMessages: [SideScrollerCharacter_C_1] 600
[2016.03.22-20.01.11:308][363]LogBlueprintUserMessages: [SideScrollerCharacter_C_1] 600
[2016.03.22-20.01.11:324][364]LogBlueprintUserMessages: [SideScrollerCharacter_C_1] 600
[2016.03.22-20.01.11:340][365]LogBlueprintUserMessages: [SideScrollerCharacter_C_1] 600
[2016.03.22-20.01.11:356][366]LogBlueprintUserMessages: [SideScrollerCharacter_C_1] 600
[2016.03.22-20.01.11:372][367]LogBlueprintUserMessages: [SideScrollerCharacter_C_1] 600
[2016.03.22-20.01.11:389][368]LogBlueprintUserMessages: [SideScrollerCharacter_C_1] 600
[2016.03.22-20.01.11:404][369]LogBlueprintUserMessages: [SideScrollerCharacter_C_1] 600
[2016.03.22-20.01.11:420][370]LogBlueprintUserMessages: [SideScrollerCharacter_C_1] 600
[2016.03.22-20.01.11:436][371]LogBlueprintUserMessages: [SideScrollerCharacter_C_1] 600
[2016.03.22-20.01.11:453][372]LogBlueprintUserMessages: [SideScrollerCharacter_C_1] 600
[2016.03.22-20.01.11:469][373]LogBlueprintUserMessages: [SideScrollerCharacter_C_1] 600
[2016.03.22-20.01.11:485][374]LogBlueprintUserMessages: [SideScrollerCharacter_C_1] 600
[2016.03.22-20.01.11:501][375]LogBlueprintUserMessages: [SideScrollerCharacter_C_1] 600
[2016.03.22-20.01.11:517][376]LogBlueprintUserMessages: [SideScrollerCharacter_C_1] 600
[2016.03.22-20.01.11:533][377]LogBlueprintUserMessages: [SideScrollerCharacter_C_1] 600
[2016.03.22-20.01.11:550][378]LogBlueprintUserMessages: [SideScrollerCharacter_C_1] 600
[2016.03.22-20.01.11:565][379]LogBlueprintUserMessages: [SideScrollerCharacter_C_1] 600
[2016.03.22-20.01.11:582][380]LogBlueprintUserMessages: [SideScrollerCharacter_C_1] 600
[2016.03.22-20.01.11:597][381]LogBlueprintUserMessages: [SideScrollerCharacter_C_1] 600
[2016.03.22-20.01.11:614][382]LogBlueprintUserMessages: [SideScrollerCharacter_C_1] 600
[2016.03.22-20.01.11:630][383]LogBlueprintUserMessages: [SideScrollerCharacter_C_1] 600
[2016.03.22-20.01.11:646][384]LogBlueprintUserMessages: [SideScrollerCharacter_C_1] 600
[2016.03.22-20.01.11:662][385]LogBlueprintUserMessages: [SideScrollerCharacter_C_1] 600
[2016.03.22-20.01.11:677][386]LogBlueprintUserMessages: [SideScrollerCharacter_C_1] 600
[2016.03.22-20.01.11:694][387]LogBlueprintUserMessages: [SideScrollerCharacter_C_1] 600
[2016.03.22-20.01.11:711][388]LogBlueprintUserMessages: [SideScrollerCharacter_C_1] 600
[2016.03.22-20.01.11:727][389]LogBlueprintUserMessages: [SideScrollerCharacter_C_1] 600
[2016.03.22-20.01.11:743][390]LogBlueprintUserMessages: [SideScrollerCharacter_C_1] 600
[2016.03.22-20.01.11:759][391]LogBlueprintUserMessages: [SideScrollerCharacter_C_1] 600
[2016.03.22-20.01.11:776][392]LogBlueprintUserMessages: [SideScrollerCharacter_C_1] 600
[2016.03.22-20.01.11:792][393]LogBlueprintUserMessages: [SideScrollerCharacter_C_1] 600
[2016.03.22-20.01.11:808][394]LogBlueprintUserMessages: [SideScrollerCharacter_C_1] 600
[2016.03.22-20.01.11:824][395]LogBlueprintUserMessages: [SideScrollerCharacter_C_1] 600
[2016.03.22-20.01.11:840][396]LogBlueprintUserMessages: [SideScrollerCharacter_C_1] 600
[2016.03.22-20.01.11:857][397]LogBlueprintUserMessages: [SideScrollerCharacter_C_1] 600
[2016.03.22-20.01.11:873][398]LogBlueprintUserMessages: [SideScrollerCharacter_C_1] 600
[2016.03.22-20.01.11:889][399]LogBlueprintUserMessages: [SideScrollerCharacter_C_1] 600
[2016.03.22-20.01.11:905][400]LogBlueprintUserMessages: [SideScrollerCharacter_C_1] 600
[2016.03.22-20.01.11:921][401]LogBlueprintUserMessages: [SideScrollerCharacter_C_1] 600
[2016.03.22-20.01.11:937][402]LogBlueprintUserMessages: [SideScrollerCharacter_C_1] 600
[2016.03.22-20.01.11:953][403]LogBlueprintUserMessages: [SideScrollerCharacter_C_1] 600
[2016.03.22-20.01.11:969][404]LogBlueprintUserMessages: [SideScrollerCharacter_C_1] 600
[2016.03.22-20.01.11:986][405]LogBlueprintUserMessages: [SideScrollerCharacter_C_1] 600
[2016.03.22-20.01.12:002][406]LogBlueprintUserMessages: [SideScrollerCharacter_C_1] 600
[2016.03.22-20.01.12:017][407]LogBlueprintUserMessages: [SideScrollerCharacter_C_1] 600
[2016.03.22-20.01.12:035][408]LogBlueprintUserMessages: [SideScrollerCharacter_C_1] 600
[2016.03.22-20.01.12:050][409]LogBlueprintUserMessages: [SideScrollerCharacter_C_1] 600
[2016.03.22-20.01.12:066][410]LogBlueprintUserMessages: [SideScrollerCharacter_C_1] 600
[2016.03.22-20.01.12:082][411]LogBlueprintUserMessages: [SideScrollerCharacter_C_1] 600
[2016.03.22-20.01.12:098][412]LogBlueprintUserMessages: [SideScrollerCharacter_C_1] 600
[2016.03.22-20.01.12:114][413]LogBlueprintUserMessages: [SideScrollerCharacter_C_1] 600
[2016.03.22-20.01.12:131][414]LogBlueprintUserMessages: [SideScrollerCharacter_C_1] 600
[2016.03.22-20.01.12:147][415]LogBlueprintUserMessages: [SideScrollerCharacter_C_1] 600
[2016.03.22-20.01.12:163][416]LogBlueprintUserMessages: [SideScrollerCharacter_C_1] 600
[2016.03.22-20.01.12:180][417]LogBlueprintUserMessages: [SideScrollerCharacter_C_1] 600
[2016.03.22-20.01.12:195][418]LogBlueprintUserMessages: [SideScrollerCharacter_C_1] 600
[2016.03.22-20.01.12:211][419]LogBlueprintUserMessages: [SideScrollerCharacter_C_1] 600
[2016.03.22-20.01.12:227][420]LogBlueprintUserMessages: [SideScrollerCharacter_C_1] 600
[2016.03.22-20.01.12:244][421]LogBlueprintUserMessages: [SideScrollerCharacter_C_1] 600
[2016.03.22-20.01.12:260][422]LogBlueprintUserMessages: [SideScrollerCharacter_C_1] 600
[2016.03.22-20.01.12:276][423]LogBlueprintUserMessages: [SideScrollerCharacter_C_1] 600
[2016.03.22-20.01.12:292][424]LogBlueprintUserMessages: [SideScrollerCharacter_C_1] 600
[2016.03.22-20.01.12:309][425]LogBlueprintUserMessages: [SideScrollerCharacter_C_1] 600
[2016.03.22-20.01.12:324][426]LogBlueprintUserMessages: [SideScrollerCharacter_C_1] 600
[2016.03.22-20.01.12:341][427]LogBlueprintUserMessages: [SideScrollerCharacter_C_1] 600
[2016.03.22-20.01.12:357][428]LogBlueprintUserMessages: [SideScrollerCharacter_C_1] 600
[2016.03.22-20.01.12:373][429]LogBlueprintUserMessages: [SideScrollerCharacter_C_1] 600
[2016.03.22-20.01.12:389][430]LogBlueprintUserMessages: [SideScrollerCharacter_C_1] 600
[2016.03.22-20.01.12:405][431]LogBlueprintUserMessages: [SideScrollerCharacter_C_1] 600
[2016.03.22-20.01.12:421][432]LogBlueprintUserMessages: [SideScrollerCharacter_C_1] 600
[2016.03.22-20.01.12:437][433]LogBlueprintUserMessages: [SideScrollerCharacter_C_1] 600
[2016.03.22-20.01.12:453][434]LogBlueprintUserMessages: [SideScrollerCharacter_C_1] 600
[2016.03.22-20.01.12:470][435]LogBlueprintUserMessages: [SideScrollerCharacter_C_1] 600
[2016.03.22-20.01.12:485][436]LogBlueprintUserMessages: [SideScrollerCharacter_C_1] 600
[2016.03.22-20.01.12:502][437]LogBlueprintUserMessages: [SideScrollerCharacter_C_1] 600
[2016.03.22-20.01.12:517][438]LogBlueprintUserMessages: [SideScrollerCharacter_C_1] 600
[2016.03.22-20.01.12:534][439]LogBlueprintUserMessages: [SideScrollerCharacter_C_1] 600
[2016.03.22-20.01.12:550][440]LogBlueprintUserMessages: [SideScrollerCharacter_C_1] 600
[2016.03.22-20.01.12:566][441]LogBlueprintUserMessages: [SideScrollerCharacter_C_1] 600
[2016.03.22-20.01.12:582][442]LogBlueprintUserMessages: [SideScrollerCharacter_C_1] 600
[2016.03.22-20.01.12:598][443]LogBlueprintUserMessages: [SideScrollerCharacter_C_1] 600
[2016.03.22-20.01.12:614][444]LogBlueprintUserMessages: [SideScrollerCharacter_C_1] 600
[2016.03.22-20.01.12:631][445]LogBlueprintUserMessages: [SideScrollerCharacter_C_1] 600
[2016.03.22-20.01.12:647][446]LogBlueprintUserMessages: [SideScrollerCharacter_C_1] 600
[2016.03.22-20.01.12:663][447]LogBlueprintUserMessages: [SideScrollerCharacter_C_1] 600
[2016.03.22-20.01.12:679][448]LogBlueprintUserMessages: [SideScrollerCharacter_C_1] 600
[2016.03.22-20.01.12:695][449]LogBlueprintUserMessages: [SideScrollerCharacter_C_1] 600
[2016.03.22-20.01.12:711][450]LogBlueprintUserMessages: [SideScrollerCharacter_C_1] 600
[2016.03.22-20.01.12:728][451]LogBlueprintUserMessages: [SideScrollerCharacter_C_1] 600
[2016.03.22-20.01.12:744][452]LogBlueprintUserMessages: [SideScrollerCharacter_C_1] 600
[2016.03.22-20.01.12:760][453]LogBlueprintUserMessages: [SideScrollerCharacter_C_1] 600
[2016.03.22-20.01.12:776][454]LogBlueprintUserMessages: [SideScrollerCharacter_C_1] 600
[2016.03.22-20.01.12:792][455]LogBlueprintUserMessages: [SideScrollerCharacter_C_1] 600
[2016.03.22-20.01.12:808][456]LogBlueprintUserMessages: [SideScrollerCharacter_C_1] 600
[2016.03.22-20.01.12:824][457]LogBlueprintUserMessages: [SideScrollerCharacter_C_1] 600
[2016.03.22-20.01.12:840][458]LogBlueprintUserMessages: [SideScrollerCharacter_C_1] 600
[2016.03.22-20.01.12:857][459]LogBlueprintUserMessages: [SideScrollerCharacter_C_1] 600
[2016.03.22-20.01.12:873][460]LogBlueprintUserMessages: [SideScrollerCharacter_C_1] 600
[2016.03.22-20.01.12:889][461]LogBlueprintUserMessages: [SideScrollerCharacter_C_1] 600
[2016.03.22-20.01.12:905][462]LogBlueprintUserMessages: [SideScrollerCharacter_C_1] 600
[2016.03.22-20.01.12:921][463]LogBlueprintUserMessages: [SideScrollerCharacter_C_1] 600
[2016.03.22-20.01.12:938][464]LogBlueprintUserMessages: [SideScrollerCharacter_C_1] 600
[2016.03.22-20.01.12:953][465]LogBlueprintUserMessages: [SideScrollerCharacter_C_1] 600
[2016.03.22-20.01.12:970][466]LogBlueprintUserMessages: [SideScrollerCharacter_C_1] 600
[2016.03.22-20.01.12:986][467]LogBlueprintUserMessages: [SideScrollerCharacter_C_1] 600
[2016.03.22-20.01.13:003][468]LogBlueprintUserMessages: [SideScrollerCharacter_C_1] 600
[2016.03.22-20.01.13:017][469]LogBlueprintUserMessages: [SideScrollerCharacter_C_1] 600
[2016.03.22-20.01.13:034][470]LogBlueprintUserMessages: [SideScrollerCharacter_C_1] 600
[2016.03.22-20.01.13:050][471]LogBlueprintUserMessages: [SideScrollerCharacter_C_1] 600
[2016.03.22-20.01.13:066][472]LogBlueprintUserMessages: [SideScrollerCharacter_C_1] 600
[2016.03.22-20.01.13:082][473]LogBlueprintUserMessages: [SideScrollerCharacter_C_1] 600
[2016.03.22-20.01.13:099][474]LogBlueprintUserMessages: [SideScrollerCharacter_C_1] 600
[2016.03.22-20.01.13:114][475]LogBlueprintUserMessages: [SideScrollerCharacter_C_1] 600
[2016.03.22-20.01.13:131][476]LogBlueprintUserMessages: [SideScrollerCharacter_C_1] 600
[2016.03.22-20.01.13:147][477]LogBlueprintUserMessages: [SideScrollerCharacter_C_1] 600
[2016.03.22-20.01.13:163][478]LogBlueprintUserMessages: [SideScrollerCharacter_C_1] 600
[2016.03.22-20.01.13:179][479]LogBlueprintUserMessages: [SideScrollerCharacter_C_1] 600
[2016.03.22-20.01.13:196][480]LogBlueprintUserMessages: [SideScrollerCharacter_C_1] 600
[2016.03.22-20.01.13:211][481]LogBlueprintUserMessages: [SideScrollerCharacter_C_1] 600
[2016.03.22-20.01.13:227][482]LogBlueprintUserMessages: [SideScrollerCharacter_C_1] 600
[2016.03.22-20.01.13:244][483]LogBlueprintUserMessages: [SideScrollerCharacter_C_1] 600
[2016.03.22-20.01.13:260][484]LogBlueprintUserMessages: [SideScrollerCharacter_C_1] 600
[2016.03.22-20.01.13:276][485]LogBlueprintUserMessages: [SideScrollerCharacter_C_1] 600
[2016.03.22-20.01.13:292][486]LogBlueprintUserMessages: [SideScrollerCharacter_C_1] 600
[2016.03.22-20.01.13:308][487]LogBlueprintUserMessages: [SideScrollerCharacter_C_1] 600
[2016.03.22-20.01.13:324][488]LogBlueprintUserMessages: [SideScrollerCharacter_C_1] 600
[2016.03.22-20.01.13:341][489]LogBlueprintUserMessages: [SideScrollerCharacter_C_1] 600
[2016.03.22-20.01.13:357][490]LogBlueprintUserMessages: [SideScrollerCharacter_C_1] 600
[2016.03.22-20.01.13:373][491]LogBlueprintUserMessages: [SideScrollerCharacter_C_1] 600
[2016.03.22-20.01.13:389][492]LogBlueprintUserMessages: [SideScrollerCharacter_C_1] 600
[2016.03.22-20.01.13:405][493]LogBlueprintUserMessages: [SideScrollerCharacter_C_1] 600
[2016.03.22-20.01.13:421][494]LogBlueprintUserMessages: [SideScrollerCharacter_C_1] 600
[2016.03.22-20.01.13:437][495]LogBlueprintUserMessages: [SideScrollerCharacter_C_1] 600
[2016.03.22-20.01.13:454][496]LogBlueprintUserMessages: [SideScrollerCharacter_C_1] 600
[2016.03.22-20.01.13:470][497]LogBlueprintUserMessages: [SideScrollerCharacter_C_1] 600
[2016.03.22-20.01.13:486][498]LogBlueprintUserMessages: [SideScrollerCharacter_C_1] 600
[2016.03.22-20.01.13:502][499]LogBlueprintUserMessages: [SideScrollerCharacter_C_1] 600
[2016.03.22-20.01.13:519][500]LogBlueprintUserMessages: [SideScrollerCharacter_C_1] 600
[2016.03.22-20.01.13:534][501]LogBlueprintUserMessages: [SideScrollerCharacter_C_1] 600
[2016.03.22-20.01.13:550][502]LogBlueprintUserMessages: [SideScrollerCharacter_C_1] 600
[2016.03.22-20.01.13:567][503]LogBlueprintUserMessages: [SideScrollerCharacter_C_1] 600
[2016.03.22-20.01.13:582][504]LogBlueprintUserMessages: [SideScrollerCharacter_C_1] 600
[2016.03.22-20.01.13:599][505]LogBlueprintUserMessages: [SideScrollerCharacter_C_1] 600
[2016.03.22-20.01.13:615][506]LogBlueprintUserMessages: [SideScrollerCharacter_C_1] 600
[2016.03.22-20.01.13:631][507]LogBlueprintUserMessages: [SideScrollerCharacter_C_1] 600
[2016.03.22-20.01.13:647][508]LogBlueprintUserMessages: [SideScrollerCharacter_C_1] 600
[2016.03.22-20.01.13:663][509]LogBlueprintUserMessages: [SideScrollerCharacter_C_1] 600
[2016.03.22-20.01.13:679][510]LogBlueprintUserMessages: [SideScrollerCharacter_C_1] 600
[2016.03.22-20.01.13:695][511]LogBlueprintUserMessages: [SideScrollerCharacter_C_1] 600
[2016.03.22-20.01.13:712][512]LogBlueprintUserMessages: [SideScrollerCharacter_C_1] 600
[2016.03.22-20.01.13:728][513]LogBlueprintUserMessages: [SideScrollerCharacter_C_1] 600
[2016.03.22-20.01.13:744][514]LogBlueprintUserMessages: [SideScrollerCharacter_C_1] 600
[2016.03.22-20.01.13:760][515]LogBlueprintUserMessages: [SideScrollerCharacter_C_1] 600
[2016.03.22-20.01.13:776][516]LogBlueprintUserMessages: [SideScrollerCharacter_C_1] 600
[2016.03.22-20.01.13:792][517]LogBlueprintUserMessages: [SideScrollerCharacter_C_1] 600
[2016.03.22-20.01.13:808][518]LogBlueprintUserMessages: [SideScrollerCharacter_C_1] 600
[2016.03.22-20.01.13:825][519]LogBlueprintUserMessages: [SideScrollerCharacter_C_1] 600
[2016.03.22-20.01.13:841][520]LogBlueprintUserMessages: [SideScrollerCharacter_C_1] 600
[2016.03.22-20.01.33:035][708]LogWindowsTextInputMethodSystem:Display: IME system now deactivated.
[2016.03.22-20.01.33:040][708]LogEngine: All Windows Closed
[2016.03.22-20.01.33:040][708]LogWindows: FPlatformMisc::RequestExit(0)
[2016.03.22-20.01.33:915][709]LogExit: Preparing to exit.
[2016.03.22-20.01.33:984][709]LogExit: Game engine shut down
[2016.03.22-20.01.33:985][709]LogParticles: Destroying 0 GPU particle simulations for FXSystem 0x0000016C30154C20
[2016.03.22-20.01.34:145][709]LogExit: Object subsystem successfully closed.
[2016.03.22-20.01.34:158][709]LogD3D11RHI: Shutdown
[2016.03.22-20.01.34:158][709]LogD3D11RHI: CleanupD3DDevice
[2016.03.22-20.01.34:204][709]LogD3D11RHI: ~FD3D11DynamicRHI
[2016.03.22-20.01.34:216][709]LogModuleManager: Shutting down and abandoning module AndroidDeviceDetection (117)
[2016.03.22-20.01.35:064][709]LogModuleManager: Shutting down and abandoning module AutomationController (116)
[2016.03.22-20.01.35:064][709]LogModuleManager: Shutting down and abandoning module AutomationWorker (115)
[2016.03.22-20.01.35:064][709]LogModuleManager: Shutting down and abandoning module CharacterAI (114)
[2016.03.22-20.01.35:064][709]LogModuleManager: Shutting down and abandoning module AITestSuite (113)
[2016.03.22-20.01.35:064][709]LogModuleManager: Shutting down and abandoning module GameplayDebugger (112)
[2016.03.22-20.01.35:064][709]LogModuleManager: Shutting down and abandoning module AIModule (111)
[2016.03.22-20.01.35:064][709]LogModuleManager: Shutting down and abandoning module MovieSceneCapture (110)
[2016.03.22-20.01.35:064][709]LogModuleManager: Shutting down and abandoning module GameLiveStreaming (109)
[2016.03.22-20.01.35:064][709]LogModuleManager: Shutting down and abandoning module StreamingPauseRendering (108)
[2016.03.22-20.01.35:064][709]LogModuleManager: Shutting down and abandoning module ProfilerService (107)
[2016.03.22-20.01.35:155][709]LogModuleManager: Shutting down and abandoning module TaskGraph (106)
[2016.03.22-20.01.35:155][709]LogModuleManager: Shutting down and abandoning module SlateRemote (105)
[2016.03.22-20.01.35:155][709]LogModuleManager: Shutting down and abandoning module SteamVRController (104)
[2016.03.22-20.01.35:155][709]LogModuleManager: Shutting down and abandoning module SteamVR (103)
[2016.03.22-20.01.35:155][709]LogModuleManager: Shutting down and abandoning module ProceduralMeshComponent (102)
[2016.03.22-20.01.35:155][709]LogModuleManager: Shutting down and abandoning module OculusLibrary (101)
[2016.03.22-20.01.35:155][709]LogModuleManager: Shutting down and abandoning module OculusInput (100)
[2016.03.22-20.01.35:155][709]LogModuleManager: Shutting down and abandoning module LeapMotionController (99)
[2016.03.22-20.01.35:175][709]LogModuleManager: Shutting down and abandoning module CustomMeshComponent (98)
[2016.03.22-20.01.35:175][709]LogModuleManager: Shutting down and abandoning module CableComponent (97)
[2016.03.22-20.01.35:175][709]LogModuleManager: Shutting down and abandoning module ArchVisCharacter (96)
[2016.03.22-20.01.35:175][709]LogModuleManager: Shutting down and abandoning module HTML5Networking (95)
[2016.03.22-20.01.35:175][709]LogModuleManager: Shutting down and abandoning module DesktopPlatform (94)
[2016.03.22-20.01.35:175][709]LogModuleManager: Shutting down and abandoning module DirectoryWatcher (93)
[2016.03.22-20.01.35:175][709]LogModuleManager: Shutting down and abandoning module HotReload (92)
[2016.03.22-20.01.35:175][709]LogModuleManager: Shutting down and abandoning module VisualStudioSourceCodeAccess (91)
[2016.03.22-20.01.35:175][709]LogModuleManager: Shutting down and abandoning module UObjectPlugin (90)
[2016.03.22-20.01.35:175][709]LogModuleManager: Shutting down and abandoning module SubversionSourceControl (89)
[2016.03.22-20.01.35:175][709]LogModuleManager: Shutting down and abandoning module SourceControl (88)
[2016.03.22-20.01.35:175][709]LogModuleManager: Shutting down and abandoning module PerforceSourceControl (87)
[2016.03.22-20.01.35:175][709]LogModuleManager: Shutting down and abandoning module UdpMessaging (86)
[2016.03.22-20.01.35:175][709]LogModuleManager: Shutting down and abandoning module LightPropagationVolumeRuntime (85)
[2016.03.22-20.01.35:175][709]LogModuleManager: Shutting down and abandoning module Paper2D (84)
[2016.03.22-20.01.35:176][709]LogModuleManager: Shutting down and abandoning module WindowsMoviePlayer (83)
[2016.03.22-20.01.35:180][709]LogModuleManager: Shutting down and abandoning module Media (82)
[2016.03.22-20.01.35:180][709]LogModuleManager: Shutting down and abandoning module WmfMedia (81)
[2016.03.22-20.01.35:180][709]LogModuleManager: Shutting down and abandoning module OnlineBlueprintSupport (80)
[2016.03.22-20.01.35:180][709]LogModuleManager: Shutting down and abandoning module GameplayTasksEditor (79)
[2016.03.22-20.01.35:180][709]LogModuleManager: Shutting down and abandoning module PropertyEditor (78)
[2016.03.22-20.01.35:180][709]LogModuleManager: Shutting down and abandoning module BehaviorTreeEditor (77)
[2016.03.22-20.01.35:180][709]LogModuleManager: Shutting down and abandoning module FunctionalTesting (76)
[2016.03.22-20.01.35:180][709]LogModuleManager: Shutting down and abandoning module CollisionAnalyzer (75)
[2016.03.22-20.01.35:180][709]LogModuleManager: Shutting down and abandoning module WorkspaceMenuStructure (74)
[2016.03.22-20.01.35:180][709]LogModuleManager: Shutting down and abandoning module MessageLog (73)
[2016.03.22-20.01.35:180][709]LogModuleManager: Shutting down and abandoning module Sequencer (72)
[2016.03.22-20.01.35:180][709]LogModuleManager: Shutting down and abandoning module AssetTools (71)
[2016.03.22-20.01.35:180][709]LogModuleManager: Shutting down and abandoning module UMGEditor (70)
[2016.03.22-20.01.35:180][709]LogModuleManager: Shutting down and abandoning module UMG (69)
[2016.03.22-20.01.35:180][709]LogModuleManager: Shutting down and abandoning module Slate (68)
[2016.03.22-20.01.35:180][709]LogModuleManager: Shutting down and abandoning module EditorStyle (67)
[2016.03.22-20.01.35:182][709]LogModuleManager: Shutting down and abandoning module SessionServices (66)
[2016.03.22-20.01.35:182][709]LogModuleManager: Shutting down and abandoning module SourceCodeAccess (65)
[2016.03.22-20.01.35:182][709]LogModuleManager: Shutting down and abandoning module HeadMountedDisplay (64)
[2016.03.22-20.01.35:182][709]LogModuleManager: Shutting down and abandoning module XAudio2 (63)
[2016.03.22-20.01.35:182][709]LogModuleManager: Shutting down and abandoning module Networking (61)
[2016.03.22-20.01.35:182][709]LogModuleManager: Shutting down and abandoning module Core (60)
[2016.03.22-20.01.35:182][709]LogModuleManager: Shutting down and abandoning module KismetCompiler (59)
[2016.03.22-20.01.35:182][709]LogModuleManager: Shutting down and abandoning module PhysXFormats (58)
[2016.03.22-20.01.35:182][709]LogModuleManager: Shutting down and abandoning module MeshUtilities (57)
[2016.03.22-20.01.35:182][709]LogModuleManager: Shutting down and abandoning module DerivedDataCache (56)
[2016.03.22-20.01.35:559][709]LogDerivedDataCache: Shutdown
[2016.03.22-20.01.35:559][709]LogModuleManager: Shutting down and abandoning module ShaderFormatOpenGL (55)
[2016.03.22-20.01.35:559][709]LogModuleManager: Shutting down and abandoning module ShaderFormatD3D (54)
[2016.03.22-20.01.35:559][709]LogModuleManager: Shutting down and abandoning module MetalShaderFormat (53)
[2016.03.22-20.01.35:559][709]LogModuleManager: Shutting down and abandoning module TextureFormatUncompressed (52)
[2016.03.22-20.01.35:559][709]LogModuleManager: Shutting down and abandoning module TextureFormatPVR (51)
[2016.03.22-20.01.35:559][709]LogModuleManager: Shutting down and abandoning module TextureFormatIntelISPCTexComp (50)
[2016.03.22-20.01.35:559][709]LogModuleManager: Shutting down and abandoning module TextureFormatDXT (49)
[2016.03.22-20.01.35:559][709]LogModuleManager: Shutting down and abandoning module ImageWrapper (48)
[2016.03.22-20.01.35:559][709]LogModuleManager: Shutting down and abandoning module TextureFormatASTC (47)
[2016.03.22-20.01.35:559][709]LogModuleManager: Shutting down and abandoning module TextureFormatAndroid (46)
[2016.03.22-20.01.35:559][709]LogModuleManager: Shutting down and abandoning module AudioFormatOpus (45)
[2016.03.22-20.01.35:559][709]LogModuleManager: Shutting down and abandoning module AudioFormatOgg (44)
[2016.03.22-20.01.35:559][709]LogModuleManager: Shutting down and abandoning module AudioFormatADPCM (43)
[2016.03.22-20.01.35:559][709]LogModuleManager: Shutting down and abandoning module LinuxTargetPlatform (42)
[2016.03.22-20.01.35:559][709]LogModuleManager: Shutting down and abandoning module LinuxServerTargetPlatform (41)
[2016.03.22-20.01.35:559][709]LogModuleManager: Shutting down and abandoning module LinuxNoEditorTargetPlatform (40)
[2016.03.22-20.01.35:559][709]LogModuleManager: Shutting down and abandoning module Messaging (39)
[2016.03.22-20.01.35:559][709]LogModuleManager: Shutting down and abandoning module IOSTargetPlatform (38)
[2016.03.22-20.01.35:559][709]LogModuleManager: Shutting down and abandoning module HTML5TargetPlatform (37)
[2016.03.22-20.01.35:559][709]LogModuleManager: Shutting down and abandoning module Android_PVRTCTargetPlatform (36)
[2016.03.22-20.01.35:559][709]LogModuleManager: Shutting down and abandoning module Android_MultiTargetPlatform (35)
[2016.03.22-20.01.35:559][709]LogModuleManager: Shutting down and abandoning module Android_ETC2TargetPlatform (34)
[2016.03.22-20.01.35:559][709]LogModuleManager: Shutting down and abandoning module Android_ETC1TargetPlatform (33)
[2016.03.22-20.01.35:559][709]LogModuleManager: Shutting down and abandoning module Android_DXTTargetPlatform (32)
[2016.03.22-20.01.35:559][709]LogModuleManager: Shutting down and abandoning module Android_ATCTargetPlatform (31)
[2016.03.22-20.01.35:559][709]LogModuleManager: Shutting down and abandoning module Android_ASTCTargetPlatform (30)
[2016.03.22-20.01.35:559][709]LogModuleManager: Shutting down and abandoning module AndroidTargetPlatform (29)
[2016.03.22-20.01.35:559][709]LogModuleManager: Shutting down and abandoning module WindowsTargetPlatform (28)
[2016.03.22-20.01.35:559][709]LogModuleManager: Shutting down and abandoning module WindowsServerTargetPlatform (27)
[2016.03.22-20.01.35:559][709]LogModuleManager: Shutting down and abandoning module WindowsNoEditorTargetPlatform (26)
[2016.03.22-20.01.35:559][709]LogModuleManager: Shutting down and abandoning module WindowsClientTargetPlatform (25)
[2016.03.22-20.01.35:559][709]LogModuleManager: Shutting down and abandoning module AllDesktopTargetPlatform (24)
[2016.03.22-20.01.35:559][709]LogModuleManager: Shutting down and abandoning module TargetPlatform (23)
[2016.03.22-20.01.35:559][709]LogModuleManager: Shutting down and abandoning module InputCore (22)
[2016.03.22-20.01.35:559][709]LogModuleManager: Shutting down and abandoning module Settings (21)
[2016.03.22-20.01.35:559][709]LogModuleManager: Shutting down and abandoning module OnlineSubsystem (19)
[2016.03.22-20.01.35:559][709]LogModuleManager: Shutting down and abandoning module HTTP (18)
[2016.03.22-20.01.35:559][709]LogModuleManager: Shutting down and abandoning module XMPP (17)
[2016.03.22-20.01.35:559][709]LogModuleManager: Shutting down and abandoning module OculusRift (16)
[2016.03.22-20.01.35:559][709]LogModuleManager: Shutting down and abandoning module ExampleDeviceProfileSelector (15)
[2016.03.22-20.01.35:559][709]LogModuleManager: Shutting down and abandoning module TextureCompressor (14)
[2016.03.22-20.01.35:559][709]LogModuleManager: Shutting down and abandoning module ShaderCore (13)
[2016.03.22-20.01.35:559][709]LogModuleManager: Shutting down and abandoning module Landscape (12)
[2016.03.22-20.01.35:559][709]LogModuleManager: Shutting down and abandoning module SlateRHIRenderer (11)
[2016.03.22-20.01.35:559][709]LogModuleManager: Shutting down and abandoning module OpenGLDrv (10)
[2016.03.22-20.01.35:559][709]LogModuleManager: Shutting down and abandoning module D3D11RHI (9)
[2016.03.22-20.01.35:559][709]LogModuleManager: Shutting down and abandoning module AnimGraphRuntime (8)
[2016.03.22-20.01.35:559][709]LogModuleManager: Shutting down and abandoning module Renderer (7)
[2016.03.22-20.01.35:559][709]LogModuleManager: Shutting down and abandoning module Engine (6)
[2016.03.22-20.01.35:559][709]LogModuleManager: Shutting down and abandoning module CoreUObject (5)
[2016.03.22-20.01.35:559][709]LogModuleManager: Shutting down and abandoning module NetworkFile (4)
[2016.03.22-20.01.35:559][709]LogModuleManager: Shutting down and abandoning module StreamingFile (3)
[2016.03.22-20.01.35:559][709]LogModuleManager: Shutting down and abandoning module SandboxFile (2)
[2016.03.22-20.01.35:559][709]LogModuleManager: Shutting down and abandoning module PakFile (1)
[2016.03.22-20.01.35:561][709]LogExit: Exiting.
[2016.03.22-20.01.35:563][709]Log file closed, 03/22/16 23:01:35
