[2016.03.27-16.49.04:291][  0]Log file open, 03/27/16 19:49:04
[2016.03.27-16.49.04:291][  0]LogInit:Display: Running engine for game: SCG
[2016.03.27-16.49.04:291][  0]LogPlatformFile: Not using cached read wrapper
[2016.03.27-16.49.04:291][  0]LogInit:Display: RandInit(-439993050) SRandInit(-439993048).
[2016.03.27-16.49.04:291][  0]LogTaskGraph: Started task graph with 4 named threads and 6 total threads.
[2016.03.27-16.49.04:291][  0]LogStats: Stats thread started at 2.794623
[2016.03.27-16.49.04:291][  0]LogInit: Version: 4.10.4-2872498+++depot+UE4-Releases+4.10
[2016.03.27-16.49.04:291][  0]LogInit: API Version: 2758231
[2016.03.27-16.49.04:291][  0]LogInit: Compiled (64-bit): Feb 18 2016 15:47:04
[2016.03.27-16.49.04:291][  0]LogInit: Compiled with Visual C++: 19.00.23026.00
[2016.03.27-16.49.04:291][  0]LogInit: Build Configuration: Development
[2016.03.27-16.49.04:291][  0]LogInit: Branch Name: ++depot+UE4-Releases+4.10
[2016.03.27-16.49.04:291][  0]LogInit: Command line:  /Temp/Autosaves/Game/SideScrollerBP/Maps/UEDPCSideScrollerExampleMap -game -PIEVIACONSOLE -ResX=1280 -ResY=720  -Multiprocess 
[2016.03.27-16.49.04:291][  0]LogInit: Base directory: C:/Program Files (x86)/Epic Games/4.10/Engine/Binaries/Win64/
[2016.03.27-16.49.04:291][  0]LogInit: Rocket: 1
[2016.03.27-16.49.04:547][  0]LogInit: Using libcurl 7.41.0
[2016.03.27-16.49.04:547][  0]LogInit:  - built for x86_64-pc-win32
[2016.03.27-16.49.04:547][  0]LogInit:  - supports SSL with WinSSL
[2016.03.27-16.49.04:547][  0]LogInit:  - other features:
[2016.03.27-16.49.04:547][  0]LogInit:      CURL_VERSION_SSL
[2016.03.27-16.49.04:547][  0]LogInit:      CURL_VERSION_IPV6
[2016.03.27-16.49.04:547][  0]LogInit:      CURL_VERSION_ASYNCHDNS
[2016.03.27-16.49.04:547][  0]LogInit:      CURL_VERSION_LARGEFILE
[2016.03.27-16.49.04:547][  0]LogInit:      CURL_VERSION_IDN
[2016.03.27-16.49.04:547][  0]LogInit:  CurlRequestOptions (configurable via config and command line):
[2016.03.27-16.49.04:547][  0]LogInit:  - bVerifyPeer = true  - Libcurl will verify peer certificate
[2016.03.27-16.49.04:547][  0]LogInit:  - bUseHttpProxy = false  - Libcurl will NOT use HTTP proxy
[2016.03.27-16.49.04:547][  0]LogInit:  - bDontReuseConnections = false  - Libcurl will reuse connections
[2016.03.27-16.49.04:547][  0]LogInit:  - CertBundlePath = nullptr  - Libcurl will use whatever was configured at build time.
[2016.03.27-16.49.04:805][  0]LogInit: Presizing for 0 objects not considered by GC, pre-allocating 0 bytes.
[2016.03.27-16.49.04:846][  0]LogInit: Object subsystem initialized
[2016.03.27-16.49.04:891][  0]LogInit: Selected Device Profile: [Windows]
[2016.03.27-16.49.04:891][  0]LogInit: Applying CVar settings loaded from the selected device profile: [Windows]
[2016.03.27-16.49.04:950][  0]LogInit: Computer: SS-ПК
[2016.03.27-16.49.04:950][  0]LogInit: User: SS
[2016.03.27-16.49.04:950][  0]LogInit: CPU Page size=4096, Cores=3
[2016.03.27-16.49.04:950][  0]LogInit: High frequency timer resolution =3.433251 MHz
[2016.03.27-16.49.04:950][  0]LogMemory: Memory total: Physical=8.0GB (8GB approx)
[2016.03.27-16.49.04:956][  0]LogMemory: Platform Memory Stats for Windows
[2016.03.27-16.49.04:956][  0]LogMemory: Process Physical Memory: 56.57 MB used, 56.57 MB peak
[2016.03.27-16.49.04:956][  0]LogMemory: Process Virtual Memory: 57.03 MB used, 57.03 MB peak
[2016.03.27-16.49.04:956][  0]LogMemory: Physical Memory: 7370.94 MB used, 8189.55 MB total
[2016.03.27-16.49.04:956][  0]LogMemory: Virtual Memory: 351.32 MB used, 8388608.00 MB total
[2016.03.27-16.49.05:835][  0]LogTextLocalizationManager: No translations for ('ru-RU') exist, falling back to 'en' for localization and internationalization data.
[2016.03.27-16.49.06:986][  0]LogD3D11RHI: Found D3D11 adapter 0: AMD Radeon R9 200 Series (Feature Level 11_0)
[2016.03.27-16.49.06:986][  0]LogD3D11RHI: Adapter has 3051MB of dedicated video memory, 0MB of dedicated system memory, and 3838MB of shared system memory, 1 output[s]
[2016.03.27-16.49.06:986][  0]LogD3D11RHI: Chosen D3D11 Adapter Id = 0
[2016.03.27-16.49.07:007][  0]LogD3D11RHI: !Direct3DDevice
[2016.03.27-16.49.07:007][  0]LogRHI: Texture pool is 1361 MB (70% of 1945 MB)
[2016.03.27-16.49.07:015][  0]LogD3D11RHI: Async texture creation disabled: no driver support
[2016.03.27-16.49.07:113][  0]LogShaderCompilers: Guid format shader working directory is -6 characters bigger than the processId version (../../../../../../Users/SS/Documents/GitHub/SCG_1/Intermediate/Shaders/WorkingDirectory/4168/).
[2016.03.27-16.49.07:119][  0]LogShaderCompilers: Cleaned the shader compiler working directory 'C:/Users/SS/AppData/Local/Temp/UnrealShaderWorkingDir/2DFDBEF64F58A639333769A8B0C25726/'.
[2016.03.27-16.49.07:119][  0]LogShaderCompilers:Display: Using Local Shader Compiler.
[2016.03.27-16.49.17:466][  0]LogTemp:Display: Loaded TP AllDesktopTargetPlatform
[2016.03.27-16.49.17:473][  0]LogTemp:Display: Loaded TP WindowsClientTargetPlatform
[2016.03.27-16.49.17:480][  0]LogTemp:Display: Loaded TP WindowsNoEditorTargetPlatform
[2016.03.27-16.49.17:487][  0]LogTemp:Display: Loaded TP WindowsServerTargetPlatform
[2016.03.27-16.49.17:496][  0]LogTemp:Display: Loaded TP WindowsTargetPlatform
[2016.03.27-16.49.17:502][  0]LogTemp:Display: Loaded TP AndroidTargetPlatform
[2016.03.27-16.49.17:507][  0]LogTemp:Display: Loaded TP Android_ASTCTargetPlatform
[2016.03.27-16.49.17:512][  0]LogTemp:Display: Loaded TP Android_ATCTargetPlatform
[2016.03.27-16.49.17:518][  0]LogTemp:Display: Loaded TP Android_DXTTargetPlatform
[2016.03.27-16.49.17:524][  0]LogTemp:Display: Loaded TP Android_ETC1TargetPlatform
[2016.03.27-16.49.17:530][  0]LogTemp:Display: Loaded TP Android_ETC2TargetPlatform
[2016.03.27-16.49.17:557][  0]LogTemp:Display: Loaded TP Android_MultiTargetPlatform
[2016.03.27-16.49.17:557][  0]LogTemp:Display: Loaded TP Android_PVRTCTargetPlatform
[2016.03.27-16.49.17:560][  0]LogTemp:Display: Loaded TP HTML5TargetPlatform
[2016.03.27-16.49.17:612][  0]LogTemp:Display: Loaded TP IOSTargetPlatform
[2016.03.27-16.49.17:619][  0]LogTemp:Display: Loaded TP LinuxNoEditorTargetPlatform
[2016.03.27-16.49.17:626][  0]LogTemp:Display: Loaded TP LinuxServerTargetPlatform
[2016.03.27-16.49.17:702][  0]LogTemp:Display: Loaded TP LinuxTargetPlatform
[2016.03.27-16.49.17:703][  0]LogTargetPlatformManager:Display: Building Assets For Windows
[2016.03.27-16.49.18:247][  0]LogDerivedDataCache:Display: Max Cache Size: 512 MB
[2016.03.27-16.49.19:054][  0]LogDerivedDataCache: Loaded boot cache 0.81s 41MB C:/Users/SS/AppData/Local/UnrealEngine/4.10/DerivedDataCache/Boot.ddc.
[2016.03.27-16.49.19:054][  0]LogDerivedDataCache:Display: Loaded Boot cache: C:/Users/SS/AppData/Local/UnrealEngine/4.10/DerivedDataCache/Boot.ddc
[2016.03.27-16.49.19:054][  0]LogDerivedDataCache: FDerivedDataBackendGraph:  Pak pak cache file ../../../../../../Users/SS/Documents/GitHub/SCG_1/DerivedDataCache/DDC.ddp not found, will not use a pak cache.
[2016.03.27-16.49.19:054][  0]LogDerivedDataCache: Unable to find inner node Pak for hierarchical cache Hierarchy.
[2016.03.27-16.49.19:054][  0]LogDerivedDataCache: FDerivedDataBackendGraph:  CompressedPak pak cache file ../../../../../../Users/SS/Documents/GitHub/SCG_1/DerivedDataCache/Compressed.ddp not found, will not use a pak cache.
[2016.03.27-16.49.19:054][  0]LogDerivedDataCache: Unable to find inner node CompressedPak for hierarchical cache Hierarchy.
[2016.03.27-16.49.19:348][  0]LogDerivedDataCache:Display: Pak cache opened for reading ../../../Engine/DerivedDataCache/Compressed.ddp.
[2016.03.27-16.49.19:360][  0]LogDerivedDataCache: Using Local data cache path C:/Users/SS/AppData/Local/UnrealEngine/Common/DerivedDataCache: Writable
[2016.03.27-16.49.23:893][  0]LogInit: Selected Device Profile: [Windows]
[2016.03.27-16.49.23:894][  0]LogContentStreaming: Texture pool size is 1000.000000MB
[2016.03.27-16.49.24:041][  0]LogMeshUtilities: No automatic mesh reduction module available
[2016.03.27-16.49.24:041][  0]LogMeshUtilities: No automatic mesh merging module available
[2016.03.27-16.49.26:093][  0]LogIn