[2016.03.18-20.11.59:119][  0]Log file open, 03/18/16 23:11:59
[2016.03.18-20.11.59:119][  0]LogInit:Display: Running engine for game: SCG
[2016.03.18-20.11.59:119][  0]LogPlatformFile: Not using cached read wrapper
[2016.03.18-20.11.59:119][  0]LogInit:Display: RandInit(-1474280481) SRandInit(-1474280479).
[2016.03.18-20.11.59:119][  0]LogTaskGraph: Started task graph with 4 named threads and 6 total threads.
[2016.03.18-20.11.59:119][  0]LogStats: Stats thread started at 0.090092
[2016.03.18-20.11.59:119][  0]LogInit: Version: 4.10.4-2872498+++depot+UE4-Releases+4.10
[2016.03.18-20.11.59:119][  0]LogInit: API Version: 2758231
[2016.03.18-20.11.59:119][  0]LogInit: Compiled (64-bit): Feb 18 2016 15:47:04
[2016.03.18-20.11.59:119][  0]LogInit: Compiled with Visual C++: 19.00.23026.00
[2016.03.18-20.11.59:119][  0]LogInit: Build Configuration: Development
[2016.03.18-20.11.59:119][  0]LogInit: Branch Name: ++depot+UE4-Releases+4.10
[2016.03.18-20.11.59:119][  0]LogInit: Command line:  /Temp/Autosaves/Game/SideScrollerBP/Maps/UEDPCSideScrollerExampleMap -game -PIEVIACONSOLE -ResX=1280 -ResY=720  -Multiprocess 
[2016.03.18-20.11.59:119][  0]LogInit: Base directory: C:/Program Files (x86)/Epic Games/4.10/Engine/Binaries/Win64/
[2016.03.18-20.11.59:119][  0]LogInit: Rocket: 1
[2016.03.18-20.11.59:156][  0]LogInit: Using libcurl 7.41.0
[2016.03.18-20.11.59:156][  0]LogInit:  - built for x86_64-pc-win32
[2016.03.18-20.11.59:156][  0]LogInit:  - supports SSL with WinSSL
[2016.03.18-20.11.59:156][  0]LogInit:  - other features:
[2016.03.18-20.11.59:156][  0]LogInit:      CURL_VERSION_SSL
[2016.03.18-20.11.59:156][  0]LogInit:      CURL_VERSION_IPV6
[2016.03.18-20.11.59:156][  0]LogInit:      CURL_VERSION_ASYNCHDNS
[2016.03.18-20.11.59:156][  0]LogInit:      CURL_VERSION_LARGEFILE
[2016.03.18-20.11.59:156][  0]LogInit:      CURL_VERSION_IDN
[2016.03.18-20.11.59:157][  0]LogInit:  CurlRequestOptions (configurable via config and command line):
[2016.03.18-20.11.59:157][  0]LogInit:  - bVerifyPeer = true  - Libcurl will verify peer certificate
[2016.03.18-20.11.59:157][  0]LogInit:  - bUseHttpProxy = false  - Libcurl will NOT use HTTP proxy
[2016.03.18-20.11.59:157][  0]LogInit:  - bDontReuseConnections = false  - Libcurl will reuse connections
[2016.03.18-20.11.59:157][  0]LogInit:  - CertBundlePath = nullptr  - Libcurl will use whatever was configured at build time.
[2016.03.18-20.11.59:175][  0]LogInit: Presizing for 0 objects not considered by GC, pre-allocating 0 bytes.
[2016.03.18-20.11.59:187][  0]LogInit: Object subsystem initialized
[2016.03.18-20.11.59:189][  0]LogInit: Selected Device Profile: [Windows]
[2016.03.18-20.11.59:189][  0]LogInit: Applying CVar settings loaded from the selected device profile: [Windows]
[2016.03.18-20.11.59:195][  0]LogInit: Computer: SS-ПК
[2016.03.18-20.11.59:195][  0]LogInit: User: SS
[2016.03.18-20.11.59:195][  0]LogInit: CPU Page size=4096, Cores=3
[2016.03.18-20.11.59:195][  0]LogInit: High frequency timer resolution =3.433251 MHz
[2016.03.18-20.11.59:195][  0]LogMemory: Memory total: Physical=8.0GB (8GB approx)
[2016.03.18-20.11.59:195][  0]LogMemory: Platform Memory Stats for Windows
[2016.03.18-20.11.59:195][  0]LogMemory: Process Physical Memory: 56.68 MB used, 56.68 MB peak
[2016.03.18-20.11.59:195][  0]LogMemory: Process Virtual Memory: 57.02 MB used, 57.02 MB peak
[2016.03.18-20.11.59:195][  0]LogMemory: Physical Memory: 6610.34 MB used, 8189.55 MB total
[2016.03.18-20.11.59:195][  0]LogMemory: Virtual Memory: 351.32 MB used, 8388608.00 MB total
[2016.03.18-20.11.59:265][  0]LogTextLocalizationManager: No translations for ('ru-RU') exist, falling back to 'en' for localization and internationalization data.
[2016.03.18-20.11.59:920][  0]LogD3D11RHI: Found D3D11 adapter 0: AMD Radeon R9 200 Series (Feature Level 11_0)
[2016.03.18-20.11.59:920][  0]LogD3D11RHI: Adapter has 3051MB of dedicated video memory, 0MB of dedicated system memory, and 3838MB of shared system memory, 1 output[s]
[2016.03.18-20.11.59:920][  0]LogD3D11RHI: Chosen D3D11 Adapter Id = 0
[2016.03.18-20.11.59:929][  0]LogD3D11RHI: !Direct3DDevice
[2016.03.18-20.11.59:930][  0]LogRHI: Texture pool is 1361 MB (70% of 1945 MB)
[2016.03.18-20.11.59:938][  0]LogD3D11RHI: Async texture creation disabled: no driver support
[2016.03.18-20.11.59:949][  0]LogShaderCompilers: Guid format shader working directory is -13 characters bigger than the processId version (../../../../../../Users/SS/Documents/Unreal Projects/SCG/Intermediate/Shaders/WorkingDirectory/4640/).
[2016.03.18-20.11.59:949][  0]LogShaderCompilers: Cleaned the shader compiler working directory 'C:/Users/SS/AppData/Local/Temp/UnrealShaderWorkingDir/1EF1DAA84EF8543A3B7D6F982E53C8A7/'.
[2016.03.18-20.11.59:949][  0]LogShaderCompilers:Display: Using Local Shader Compiler.
[2016.03.18-20.12.05:255][  0]LogTemp:Display: Loaded TP AllDesktopTargetPlatform
[2016.03.18-20.12.05:262][  0]LogTemp:Display: Loaded TP WindowsClientTargetPlatform
[2016.03.18-20.12.05:269][  0]LogTemp:Display: Loaded TP WindowsNoEditorTargetPlatform
[2016.03.18-20.12.05:276][  0]LogTemp:Display: Loaded TP WindowsServerTargetPlatform
[2016.03.18-20.12.05:281][  0]LogTemp:Display: Loaded TP WindowsTargetPlatform
[2016.03.18-20.12.05:286][  0]LogTemp:Display: Loaded TP AndroidTargetPlatform
[2016.03.18-20.12.05:291][  0]LogTemp:Display: Loaded TP Android_ASTCTargetPlatform
[2016.03.18-20.12.05:295][  0]LogTemp:Display: Loaded TP Android_ATCTargetPlatform
[2016.03.18-20.12.05:299][  0]LogTemp:Display: Loaded TP Android_DXTTargetPlatform
[2016.03.18-20.12.05:304][  0]LogTemp:Display: Loaded TP Android_ETC1TargetPlatform
[2016.03.18-20.12.05:309][  0]LogTemp:Display: Loaded TP Android_ETC2TargetPlatform
[2016.03.18-20.12.05:319][  0]LogTemp:Display: Loaded TP Android_MultiTargetPlatform
[2016.03.18-20.12.05:319][  0]LogTemp:Display: Loaded TP Android_PVRTCTargetPlatform
[2016.03.18-20.12.05:320][  0]LogTemp:Display: Loaded TP HTML5TargetPlatform
[2016.03.18-20.12.05:372][  0]LogTemp:Display: Loaded TP IOSTargetPlatform
[2016.03.18-20.12.05:376][  0]LogTemp:Display: Loaded TP LinuxNoEditorTargetPlatform
[2016.03.18-20.12.05:381][  0]LogTemp:Display: Loaded TP LinuxServerTargetPlatform
[2016.03.18-20.12.05:404][  0]LogTemp:Display: Loaded TP LinuxTargetPlatform
[2016.03.18-20.12.05:404][  0]LogTargetPlatformManager:Display: Building Assets For Windows
[2016.03.18-20.12.05:651][  0]LogDerivedDataCache:Display: Max Cache Size: 512 MB
[2016.03.18-20.12.06:038][  0]LogDerivedDataCache: Loaded boot cache 0.39s 41MB C:/Users/SS/AppData/Local/UnrealEngine/4.10/DerivedDataCache/Boot.ddc.
[2016.03.18-20.12.06:038][  0]LogDerivedDataCache:Display: Loaded Boot cache: C:/Users/SS/AppData/Local/UnrealEngine/4.10/DerivedDataCache/Boot.ddc
[2016.03.18-20.12.06:038][  0]LogDerivedDataCache: FDerivedDataBackendGraph:  Pak pak cache file ../../../../../../Users/SS/Documents/Unreal Projects/SCG/DerivedDataCache/DDC.ddp not found, will not use a pak cache.
[2016.03.18-20.12.06:038][  0]LogDerivedDataCache: Unable to find inner node Pak for hierarchical cache Hierarchy.
[2016.03.18-20.12.06:038][  0]LogDerivedDataCache: FDerivedDataBackendGraph:  CompressedPak pak cache file ../../../../../../Users/SS/Documents/Unreal Projects/SCG/DerivedDataCache/Compressed.ddp not found, will not use a pak cache.
[2016.03.18-20.12.06:038][  0]LogDerivedDataCache: Unable to find inner node CompressedPak for hierarchical cache Hierarchy.
[2016.03.18-20.12.06:143][  0]LogDerivedDataCache:Display: Pak cache opened for reading ../../../Engine/DerivedDataCache/Compressed.ddp.
[2016.03.18-20.12.06:154][  0]LogDerivedDataCache: Using Local data cache path C:/Users/SS/AppData/Local/UnrealEngine/Common/DerivedDataCache: Writable
[2016.03.18-20.12.08:970][  0]LogInit: Selected Device Profile: [Windows]
[2016.03.18-20.12.08:971][  0]LogContentStreaming: Texture pool size is 1000.000000MB
[2016.03.18-20.12.08:993][  0]LogMeshUtilities: No automatic mesh reduction module available
[2016.03.18-20.12.08:993][  0]LogMeshUtilities: No automatic mesh merging module available
[2016.03.18-20.12.09:549][  0]LogInit: WinSock: version 1.1 (2.2), MaxSocks=32767, MaxUdp=65467
[2016.03.18-20.12.10:476][  0]LogWindowsMoviePlayer: Unable to load movie: ../../../../../../Users/SS/Documents/Unreal Projects/SCG/Content/Movies/Default_Startup.mp4
[2016.03.18-20.12.10:666][  0]SourceControl: Info Source control is disabled
[2016.03.18-20.12.10:666][  0]SourceControl: Info Source control is disabled
[2016.03.18-20.12.10:684][  0]SourceControl: Info Source control is disabled
[2016.03.18-20.12.11:031][  0]LogObj: 27935 objects as part of root set at end of initial load.
[2016.03.18-20.12.11:031][  0]LogUObjectAllocator: 5830064 out of 0 bytes used by permanent object pool.
[2016.03.18-20.12.11:195][  0]LogEngine: Initializing Engine...
[2016.03.18-20.12.11:201][  0]LogHMD: Can't find Oculus library dev build: is proper Runtime installed? Version: 0.8.0.0
[2016.03.18-20.12.11:224][  0]LogHMD: SteamVR failed to initialize.  Err: 110
[2016.03.18-20.12.11:372][  0]LogInit: XAudio2 using 'Динамики (Realtek High Definition Audio)' : 2 channels at 48 kHz using 32 bits per sample (channel mask 0x3)
[2016.03.18-20.12.11:390][  0]LogInit: FAudioDevice initialized.
[2016.03.18-20.12.11:400][  0]LogInit: Texture streaming: Enabled
[2016.03.18-20.12.11:553][  0]LogNet: Browse: /Temp/Autosaves/Game/SideScrollerBP/Maps/UEDPCSideScrollerExampleMap?Name=Player
[2016.03.18-20.12.11:553][  0]LogLoad: LoadMap: /Temp/Autosaves/Game/SideScrollerBP/Maps/UEDPCSideScrollerExampleMap?Name=Player
[2016.03.18-20.12.11:577][  0]LogParticles: Destroying 0 GPU particle simulations for FXSystem 0x0000000020049D00
[2016.03.18-20.12.11:590][  0]LogMemory: Platform Memory Stats for Windows
[2016.03.18-20.12.11:590][  0]LogMemory: Process Physical Memory: 380.65 MB used, 380.65 MB peak
[2016.03.18-20.12.11:590][  0]LogMemory: Process Virtual Memory: 356.44 MB used, 356.44 MB peak
[2016.03.18-20.12.11:590][  0]LogMemory: Physical Memory: 6840.52 MB used, 8189.55 MB total
[2016.03.18-20.12.11:590][  0]LogMemory: Virtual Memory: 879.13 MB used, 8388608.00 MB total
[2016.03.18-20.12.11:595][  0]LogMemory: 
[2016.03.18-20.12.11:595][  0]Allocator Stats for TBB: (not implemented)
[2016.03.18-20.12.12:750][  0]LogAIModule: Creating AISystem for world SideScrollerExampleMap
[2016.03.18-20.12.12:754][  0]LogWorld: Game class is 'SideScrollerGameMode_C'
[2016.03.18-20.12.12:762][  0]LogWorld: Bringing World /Temp/Autosaves/Game/SideScrollerBP/Maps/UEDPCSideScrollerExampleMap.SideScrollerExampleMap up for play (max tick rate 0) at 2016.03.18-23.12.12
[2016.03.18-20.12.12:763][  0]LogWorld: Bringing up level for play took: 0.007012
[2016.03.18-20.12.12:763][  0]LogPathFollowing:Warning: No NavigationData found while trying to cache it for AIController_1's PathFollowingComponent
[2016.03.18-20.12.12:763][  0]LogPathFollowing:Warning: No NavigationData found while trying to cache it for AIController_0's PathFollowingComponent
[2016.03.18-20.12.12:763][  0]LogInit:Display: Game Engine Initialized.
[2016.03.18-20.12.13:004][  0]LogLoad: Full Startup: 14.82 seconds (BP compile: 0.31 seconds)
[2016.03.18-20.12.13:032][  0]LogOcInput: Can't find Oculus library dev build: is proper Runtime installed? Version: 0.8.0.0
[2016.03.18-20.12.13:122][  0]LogRenderer: Reallocating scene render targets to support 128x128 (Frame:1).
[2016.03.18-20.12.13:282][  1]LogRenderer: Reallocating scene render targets to support 1280x720 (Frame:2).
[2016.03.18-20.12.23:679][625]LogBlueprintUserMessages: [SideScrollerCharacter_C_1] 0
[2016.03.18-20.12.23:695][626]LogBlueprintUserMessages: [SideScrollerCharacter_C_1] 0
[2016.03.18-20.12.23:711][627]LogBlueprintUserMessages: [SideScrollerCharacter_C_1] 0
[2016.03.18-20.12.23:727][628]LogBlueprintUserMessages: [SideScrollerCharacter_C_1] 0
[2016.03.18-20.12.23:743][629]LogBlueprintUserMessages: [SideScrollerCharacter_C_1] 0
[2016.03.18-20.12.23:759][630]LogBlueprintUserMessages: [SideScrollerCharacter_C_1] 0
[2016.03.18-20.12.23:775][631]LogBlueprintUserMessages: [SideScrollerCharacter_C_1] 0
[2016.03.18-20.12.23:791][632]LogBlueprintUserMessages: [SideScrollerCharacter_C_1] 0
[2016.03.18-20.12.23:808][633]LogBlueprintUserMessages: [SideScrollerCharacter_C_1] 0
[2016.03.18-20.12.23:824][634]LogBlueprintUserMessages: [SideScrollerCharacter_C_1] 0
[2016.03.18-20.12.23:840][635]LogBlueprintUserMessages: [SideScrollerCharacter_C_1] 0
[2016.03.18-20.12.23:856][636]LogBlueprintUserMessages: [SideScrollerCharacter_C_1] 0
[2016.03.18-20.12.23:872][637]LogBlueprintUserMessages: [SideScrollerCharacter_C_1] 0
[2016.03.18-20.12.23:888][638]LogBlueprintUserMessages: [SideScrollerCharacter_C_1] 0
[2016.03.18-20.12.23:904][639]LogBlueprintUserMessages: [SideScrollerCharacter_C_1] 0
[2016.03.18-20.12.23:921][640]LogBlueprintUserMessages: [SideScrollerCharacter_C_1] 0
[2016.03.18-20.12.23:937][641]LogBlueprintUserMessages: [SideScrollerCharacter_C_1] 0
[2016.03.18-20.12.23:953][642]LogBlueprintUserMessages: [SideScrollerCharacter_C_1] 0
[2016.03.18-20.12.23:969][643]LogBlueprintUserMessages: [SideScrollerCharacter_C_1] 0
[2016.03.18-20.12.23:985][644]LogBlueprintUserMessages: [SideScrollerCharacter_C_1] 0
[2016.03.18-20.12.24:001][645]LogBlueprintUserMessages: [SideScrollerCharacter_C_1] 0
[2016.03.18-20.12.24:017][646]LogBlueprintUserMessages: [SideScrollerCharacter_C_1] 0
[2016.03.18-20.12.24:033][647]LogBlueprintUserMessages: [SideScrollerCharacter_C_1] 0
[2016.03.18-20.12.24:050][648]LogBlueprintUserMessages: [SideScrollerCharacter_C_1] 0
[2016.03.18-20.12.24:066][649]LogBlueprintUserMessages: [SideScrollerCharacter_C_1] 0
[2016.03.18-20.12.24:082][650]LogBlueprintUserMessages: [SideScrollerCharacter_C_1] 0
[2016.03.18-20.12.24:098][651]LogBlueprintUserMessages: [SideScrollerCharacter_C_1] 0
[2016.03.18-20.12.24:114][652]LogBlueprintUserMessages: [SideScrollerCharacter_C_1] 0
[2016.03.18-20.12.24:130][653]LogBlueprintUserMessages: [SideScrollerCharacter_C_1] 0
[2016.03.18-20.12.24:146][654]LogBlueprintUserMessages: [SideScrollerCharacter_C_1] 0
[2016.03.18-20.12.24:162][655]LogBlueprintUserMessages: [SideScrollerCharacter_C_1] 0
[2016.03.18-20.12.24:179][656]LogBlueprintUserMessages: [SideScrollerCharacter_C_1] 0
[2016.03.18-20.12.24:195][657]LogBlueprintUserMessages: [SideScrollerCharacter_C_1] 0
[2016.03.18-20.12.24:211][658]LogBlueprintUserMessages: [SideScrollerCharacter_C_1] 0
[2016.03.18-20.12.24:227][659]LogBlueprintUserMessages: [SideScrollerCharacter_C_1] 0
[2016.03.18-20.12.24:243][660]LogBlueprintUserMessages: [SideScrollerCharacter_C_1] 0
[2016.03.18-20.12.24:259][661]LogBlueprintUserMessages: [SideScrollerCharacter_C_1] 0
[2016.03.18-20.12.24:276][662]LogBlueprintUserMessages: [SideScrollerCharacter_C_1] 0
[2016.03.18-20.12.24:292][663]LogBlueprintUserMessages: [SideScrollerCharacter_C_1] 0
[2016.03.18-20.12.24:308][664]LogBlueprintUserMessages: [SideScrollerCharacter_C_1] 0
[2016.03.18-20.12.24:324][665]LogBlueprintUserMessages: [SideScrollerCharacter_C_1] 33.035
[2016.03.18-20.12.24:340][666]LogBlueprintUserMessages: [SideScrollerCharacter_C_1] 66.071
[2016.03.18-20.12.24:356][667]LogBlueprintUserMessages: [SideScrollerCharacter_C_1] 99.106
[2016.03.18-20.12.24:372][668]LogBlueprintUserMessages: [SideScrollerCharacter_C_1] 132.178
[2016.03.18-20.12.24:388][669]LogBlueprintUserMessages: [SideScrollerCharacter_C_1] 165.207
[2016.03.18-20.12.24:404][670]LogBlueprintUserMessages: [SideScrollerCharacter_C_1] 198.242
[2016.03.18-20.12.24:421][671]LogBlueprintUserMessages: [SideScrollerCharacter_C_1] 231.277
[2016.03.18-20.12.24:437][672]LogBlueprintUserMessages: [SideScrollerCharacter_C_1] 264.313
[2016.03.18-20.12.24:453][673]LogBlueprintUserMessages: [SideScrollerCharacter_C_1] 297.348
[2016.03.18-20.12.24:469][674]LogBlueprintUserMessages: [SideScrollerCharacter_C_1] 330.383
[2016.03.18-20.12.24:485][675]LogBlueprintUserMessages: [SideScrollerCharacter_C_1] 363.744
[2016.03.18-20.12.24:502][676]LogBlueprintUserMessages: [SideScrollerCharacter_C_1] 396.779
[2016.03.18-20.12.24:518][677]LogBlueprintUserMessages: [SideScrollerCharacter_C_1] 429.815
[2016.03.18-20.12.24:534][678]LogBlueprintUserMessages: [SideScrollerCharacter_C_1] 462.85
[2016.03.18-20.12.24:550][679]LogBlueprintUserMessages: [SideScrollerCharacter_C_1] 495.885
[2016.03.18-20.12.24:566][680]LogBlueprintUserMessages: [SideScrollerCharacter_C_1] 528.921
[2016.03.18-20.12.24:582][681]LogBlueprintUserMessages: [SideScrollerCharacter_C_1] 561.953
[2016.03.18-20.12.24:598][682]LogBlueprintUserMessages: [SideScrollerCharacter_C_1] 594.984
[2016.03.18-20.12.24:614][683]LogBlueprintUserMessages: [SideScrollerCharacter_C_1] 600.001
[2016.03.18-20.12.24:630][684]LogBlueprintUserMessages: [SideScrollerCharacter_C_1] 600.001
[2016.03.18-20.12.24:647][685]LogBlueprintUserMessages: [SideScrollerCharacter_C_1] 600.001
[2016.03.18-20.12.24:663][686]LogBlueprintUserMessages: [SideScrollerCharacter_C_1] 600.001
[2016.03.18-20.12.24:679][687]LogBlueprintUserMessages: [SideScrollerCharacter_C_1] 600.001
[2016.03.18-20.12.24:695][688]LogBlueprintUserMessages: [SideScrollerCharacter_C_1] 600
[2016.03.18-20.12.24:711][689]LogBlueprintUserMessages: [SideScrollerCharacter_C_1] 600.001
[2016.03.18-20.12.24:727][690]LogBlueprintUserMessages: [SideScrollerCharacter_C_1] 600.001
[2016.03.18-20.12.24:744][691]LogBlueprintUserMessages: [SideScrollerCharacter_C_1] 600.001
[2016.03.18-20.12.24:760][692]LogBlueprintUserMessages: [SideScrollerCharacter_C_1] 600.001
[2016.03.18-20.12.24:777][693]LogBlueprintUserMessages: [SideScrollerCharacter_C_1] 600.001
[2016.03.18-20.12.24:794][694]LogBlueprintUserMessages: [SideScrollerCharacter_C_1] 599.998
[2016.03.18-20.12.24:810][695]LogBlueprintUserMessages: [SideScrollerCharacter_C_1] 600.001
[2016.03.18-20.12.24:826][696]LogBlueprintUserMessages: [SideScrollerCharacter_C_1] 600.001
[2016.03.18-20.12.24:842][697]LogBlueprintUserMessages: [SideScrollerCharacter_C_1] 600.001
[2016.03.18-20.12.24:858][698]LogBlueprintUserMessages: [SideScrollerCharacter_C_1] 600.001
[2016.03.18-20.12.24:875][699]LogBlueprintUserMessages: [SideScrollerCharacter_C_1] 600.001
[2016.03.18-20.12.24:891][700]LogBlueprintUserMessages: [SideScrollerCharacter_C_1] 600.001
[2016.03.18-20.12.24:907][701]LogBlueprintUserMessages: [SideScrollerCharacter_C_1] 600.001
[2016.03.18-20.12.24:923][702]LogBlueprintUserMessages: [SideScrollerCharacter_C_1] 600.001
[2016.03.18-20.12.24:939][703]LogBlueprintUserMessages: [SideScrollerCharacter_C_1] 600.001
[2016.03.18-20.12.24:955][704]LogBlueprintUserMessages: [SideScrollerCharacter_C_1] 600.001
[2016.03.18-20.12.24:974][705]LogBlueprintUserMessages: [SideScrollerCharacter_C_1] 600.001
[2016.03.18-20.12.24:990][706]LogBlueprintUserMessages: [SideScrollerCharacter_C_1] 600.002
[2016.03.18-20.12.25:006][707]LogBlueprintUserMessages: [SideScrollerCharacter_C_1] 600.001
[2016.03.18-20.12.25:022][708]LogBlueprintUserMessages: [SideScrollerCharacter_C_1] 600.001
[2016.03.18-20.12.25:039][709]LogBlueprintUserMessages: [SideScrollerCharacter_C_1] 600.001
[2016.03.18-20.12.25:055][710]LogBlueprintUserMessages: [SideScrollerCharacter_C_1] 600.001
[2016.03.18-20.12.25:071][711]LogBlueprintUserMessages: [SideScrollerCharacter_C_1] 600.001
[2016.03.18-20.12.25:087][712]LogBlueprintUserMessages: [SideScrollerCharacter_C_1] 600.001
[2016.03.18-20.12.25:103][713]LogBlueprintUserMessages: [SideScrollerCharacter_C_1] 600.001
[2016.03.18-20.12.25:119][714]LogBlueprintUserMessages: [SideScrollerCharacter_C_1] 600.001
[2016.03.18-20.12.25:135][715]LogBlueprintUserMessages: [SideScrollerCharacter_C_1] 600.001
[2016.03.18-20.12.25:151][716]LogBlueprintUserMessages: [SideScrollerCharacter_C_1] 600.001
[2016.03.18-20.12.25:168][717]LogBlueprintUserMessages: [SideScrollerCharacter_C_1] 600.001
[2016.03.18-20.12.25:184][718]LogBlueprintUserMessages: [SideScrollerCharacter_C_1] 600.001
[2016.03.18-20.12.25:200][719]LogBlueprintUserMessages: [SideScrollerCharacter_C_1] 599.999
[2016.03.18-20.12.25:216][720]LogBlueprintUserMessages: [SideScrollerCharacter_C_1] 600.001
[2016.03.18-20.12.25:232][721]LogBlueprintUserMessages: [SideScrollerCharacter_C_1] 600.001
[2016.03.18-20.12.25:248][722]LogBlueprintUserMessages: [SideScrollerCharacter_C_1] 600.001
[2016.03.18-20.12.25:265][723]LogBlueprintUserMessages: [SideScrollerCharacter_C_1] 600.001
[2016.03.18-20.12.25:281][724]LogBlueprintUserMessages: [SideScrollerCharacter_C_1] 600.001
[2016.03.18-20.12.25:297][725]LogBlueprintUserMessages: [SideScrollerCharacter_C_1] 600.001
[2016.03.18-20.12.25:313][726]LogBlueprintUserMessages: [SideScrollerCharacter_C_1] 600.001
[2016.03.18-20.12.25:329][727]LogBlueprintUserMessages: [SideScrollerCharacter_C_1] 600.001
[2016.03.18-20.12.25:345][728]LogBlueprintUserMessages: [SideScrollerCharacter_C_1] 600.001
[2016.03.18-20.12.25:361][729]LogBlueprintUserMessages: [SideScrollerCharacter_C_1] 600.001
[2016.03.18-20.12.25:377][730]LogBlueprintUserMessages: [SideScrollerCharacter_C_1] 600.001
[2016.03.18-20.12.25:394][731]LogBlueprintUserMessages: [SideScrollerCharacter_C_1] 600.001
[2016.03.18-20.12.25:410][732]LogBlueprintUserMessages: [SideScrollerCharacter_C_1] 600.001
[2016.03.18-20.12.25:426][733]LogBlueprintUserMessages: [SideScrollerCharacter_C_1] 600.001
[2016.03.18-20.12.25:442][734]LogBlueprintUserMessages: [SideScrollerCharacter_C_1] 600.001
[2016.03.18-20.12.25:458][735]LogBlueprintUserMessages: [SideScrollerCharacter_C_1] 599.998
[2016.03.18-20.12.25:474][736]LogBlueprintUserMessages: [SideScrollerCharacter_C_1] 600.001
[2016.03.18-20.12.25:490][737]LogBlueprintUserMessages: [SideScrollerCharacter_C_1] 600.001
[2016.03.18-20.12.25:506][738]LogBlueprintUserMessages: [SideScrollerCharacter_C_1] 600.001
[2016.03.18-20.12.25:523][739]LogBlueprintUserMessages: [SideScrollerCharacter_C_1] 599.998
[2016.03.18-20.12.25:539][740]LogBlueprintUserMessages: [SideScrollerCharacter_C_1] 600.001
[2016.03.18-20.12.25:555][741]LogBlueprintUserMessages: [SideScrollerCharacter_C_1] 600.001
[2016.03.18-20.12.25:571][742]LogBlueprintUserMessages: [SideScrollerCharacter_C_1] 600.003
[2016.03.18-20.12.25:587][743]LogBlueprintUserMessages: [SideScrollerCharacter_C_1] 600.001
[2016.03.18-20.12.25:603][744]LogBlueprintUserMessages: [SideScrollerCharacter_C_1] 600.001
[2016.03.18-20.12.25:619][745]LogBlueprintUserMessages: [SideScrollerCharacter_C_1] 600.001
[2016.03.18-20.12.25:636][746]LogBlueprintUserMessages: [SideScrollerCharacter_C_1] 600.001
[2016.03.18-20.12.25:652][747]LogBlueprintUserMessages: [SideScrollerCharacter_C_1] 600.004
[2016.03.18-20.12.25:668][748]LogBlueprintUserMessages: [SideScrollerCharacter_C_1] 600.001
[2016.03.18-20.12.25:685][749]LogBlueprintUserMessages: [SideScrollerCharacter_C_1] 600.001
[2016.03.18-20.12.25:701][750]LogBlueprintUserMessages: [SideScrollerCharacter_C_1] 600.001
[2016.03.18-20.12.25:717][751]LogBlueprintUserMessages: [SideScrollerCharacter_C_1] 600.001
[2016.03.18-20.12.25:733][752]LogBlueprintUserMessages: [SideScrollerCharacter_C_1] 600.001
[2016.03.18-20.12.25:749][753]LogBlueprintUserMessages: [SideScrollerCharacter_C_1] 600.001
[2016.03.18-20.12.25:765][754]LogBlueprintUserMessages: [SideScrollerCharacter_C_1] 600.001
[2016.03.18-20.12.25:781][755]LogBlueprintUserMessages: [SideScrollerCharacter_C_1] 600.001
[2016.03.18-20.12.25:797][756]LogBlueprintUserMessages: [SideScrollerCharacter_C_1] 600.001
[2016.03.18-20.12.25:813][757]LogBlueprintUserMessages: [SideScrollerCharacter_C_1] 600.001
[2016.03.18-20.12.25:830][758]LogBlueprintUserMessages: [SideScrollerCharacter_C_1] 600.001
[2016.03.18-20.12.25:846][759]LogBlueprintUserMessages: [SideScrollerCharacter_C_1] 600.001
[2016.03.18-20.12.25:862][760]LogBlueprintUserMessages: [SideScrollerCharacter_C_1] 600.001
[2016.03.18-20.12.25:878][761]LogBlueprintUserMessages: [SideScrollerCharacter_C_1] 600.001
[2016.03.18-20.12.25:894][762]LogBlueprintUserMessages: [SideScrollerCharacter_C_1] 600.001
[2016.03.18-20.12.25:910][763]LogBlueprintUserMessages: [SideScrollerCharacter_C_1] 600.001
[2016.03.18-20.12.25:926][764]LogBlueprintUserMessages: [SideScrollerCharacter_C_1] 600.001
[2016.03.18-20.12.25:943][765]LogBlueprintUserMessages: [SideScrollerCharacter_C_1] 600.001
[2016.03.18-20.12.25:959][766]LogBlueprintUserMessages: [SideScrollerCharacter_C_1] 600.001
[2016.03.18-20.12.25:975][767]LogBlueprintUserMessages: [SideScrollerCharacter_C_1] 600.001
[2016.03.18-20.12.25:991][768]LogBlueprintUserMessages: [SideScrollerCharacter_C_1] 600.001
[2016.03.18-20.12.26:007][769]LogBlueprintUserMessages: [SideScrollerCharacter_C_1] 600.001
[2016.03.18-20.12.26:023][770]LogBlueprintUserMessages: [SideScrollerCharacter_C_1] 600.001
[2016.03.18-20.12.26:039][771]LogBlueprintUserMessages: [SideScrollerCharacter_C_1] 600.001
[2016.03.18-20.12.26:055][772]LogBlueprintUserMessages: [SideScrollerCharacter_C_1] 600.001
[2016.03.18-20.12.26:072][773]LogBlueprintUserMessages: [SideScrollerCharacter_C_1] 600.001
[2016.03.18-20.12.26:088][774]LogBlueprintUserMessages: [SideScrollerCharacter_C_1] 600.001
[2016.03.18-20.12.26:104][775]LogBlueprintUserMessages: [SideScrollerCharacter_C_1] 600.001
[2016.03.18-20.12.26:120][776]LogBlueprintUserMessages: [SideScrollerCharacter_C_1] 600.001
[2016.03.18-20.12.26:136][777]LogBlueprintUserMessages: [SideScrollerCharacter_C_1] 600.001
[2016.03.18-20.12.26:152][778]LogBlueprintUserMessages: [SideScrollerCharacter_C_1] 600.001
[2016.03.18-20.12.26:169][779]LogBlueprintUserMessages: [SideScrollerCharacter_C_1] 600.001
[2016.03.18-20.12.26:185][780]LogBlueprintUserMessages: [SideScrollerCharacter_C_1] 600.001
[2016.03.18-20.12.26:201][781]LogBlueprintUserMessages: [SideScrollerCharacter_C_1] 600.002
[2016.03.18-20.12.26:217][782]LogBlueprintUserMessages: [SideScrollerCharacter_C_1] 600.001
[2016.03.18-20.12.26:233][783]LogBlueprintUserMessages: [SideScrollerCharacter_C_1] 600.001
[2016.03.18-20.12.26:249][784]LogBlueprintUserMessages: [SideScrollerCharacter_C_1] 600.001
[2016.03.18-20.12.26:265][785]LogBlueprintUserMessages: [SideScrollerCharacter_C_1] 600.001
[2016.03.18-20.12.26:281][786]LogBlueprintUserMessages: [SideScrollerCharacter_C_1] 600.001
[2016.03.18-20.12.26:297][787]LogBlueprintUserMessages: [SideScrollerCharacter_C_1] 600.001
[2016.03.18-20.12.26:314][788]LogBlueprintUserMessages: [SideScrollerCharacter_C_1] 600.001
[2016.03.18-20.12.26:330][789]LogBlueprintUserMessages: [SideScrollerCharacter_C_1] 600.001
[2016.03.18-20.12.26:346][790]LogBlueprintUserMessages: [SideScrollerCharacter_C_1] 600.001
[2016.03.18-20.12.26:362][791]LogBlueprintUserMessages: [SideScrollerCharacter_C_1] 600.001
[2016.03.18-20.12.26:378][792]LogBlueprintUserMessages: [SideScrollerCharacter_C_1] 600.001
[2016.03.18-20.12.26:394][793]LogBlueprintUserMessages: [SideScrollerCharacter_C_1] 600.001
[2016.03.18-20.12.26:410][794]LogBlueprintUserMessages: [SideScrollerCharacter_C_1] 600.001
[2016.03.18-20.12.26:427][795]LogBlueprintUserMessages: [SideScrollerCharacter_C_1] 600.001
[2016.03.18-20.12.26:443][796]LogBlueprintUserMessages: [SideScrollerCharacter_C_1] 600.001
[2016.03.18-20.12.26:459][797]LogBlueprintUserMessages: [SideScrollerCharacter_C_1] 600.001
[2016.03.18-20.12.26:475][798]LogBlueprintUserMessages: [SideScrollerCharacter_C_1] 600.001
[2016.03.18-20.12.26:491][799]LogBlueprintUserMessages: [SideScrollerCharacter_C_1] 600.001
[2016.03.18-20.12.26:507][800]LogBlueprintUserMessages: [SideScrollerCharacter_C_1] 600.001
[2016.03.18-20.12.26:523][801]LogBlueprintUserMessages: [SideScrollerCharacter_C_1] 600.001
[2016.03.18-20.12.26:539][802]LogBlueprintUserMessages: [SideScrollerCharacter_C_1] 600.001
[2016.03.18-20.12.26:556][803]LogBlueprintUserMessages: [SideScrollerCharacter_C_1] 600.001
[2016.03.18-20.12.26:572][804]LogBlueprintUserMessages: [SideScrollerCharacter_C_1] 600.001
[2016.03.18-20.12.26:588][805]LogBlueprintUserMessages: [SideScrollerCharacter_C_1] 600.001
[2016.03.18-20.12.26:604][806]LogBlueprintUserMessages: [SideScrollerCharacter_C_1] 600.001
[2016.03.18-20.12.26:620][807]LogBlueprintUserMessages: [SideScrollerCharacter_C_1] 600.001
[2016.03.18-20.12.26:636][808]LogBlueprintUserMessages: [SideScrollerCharacter_C_1] 600.001
[2016.03.18-20.12.26:652][809]LogBlueprintUserMessages: [SideScrollerCharacter_C_1] 600.001
[2016.03.18-20.12.26:669][810]LogBlueprintUserMessages: [SideScrollerCharacter_C_1] 600.001
[2016.03.18-20.12.26:685][811]LogBlueprintUserMessages: [SideScrollerCharacter_C_1] 600.001
[2016.03.18-20.12.26:701][812]LogBlueprintUserMessages: [SideScrollerCharacter_C_1] 600.001
[2016.03.18-20.12.26:717][813]LogBlueprintUserMessages: [SideScrollerCharacter_C_1] 600.001
[2016.03.18-20.12.26:733][814]LogBlueprintUserMessages: [SideScrollerCharacter_C_1] 600.001
[2016.03.18-20.12.26:749][815]LogBlueprintUserMessages: [SideScrollerCharacter_C_1] 600.001
[2016.03.18-20.12.26:765][816]LogBlueprintUserMessages: [SideScrollerCharacter_C_1] 599.998
[2016.03.18-20.12.26:781][817]LogBlueprintUserMessages: [SideScrollerCharacter_C_1] 600.001
[2016.03.18-20.12.26:797][818]LogBlueprintUserMessages: [SideScrollerCharacter_C_1] 600.001
[2016.03.18-20.12.26:814][819]LogBlueprintUserMessages: [SideScrollerCharacter_C_1] 600.001
[2016.03.18-20.12.26:830][820]LogBlueprintUserMessages: [SideScrollerCharacter_C_1] 600.001
[2016.03.18-20.12.26:846][821]LogBlueprintUserMessages: [SideScrollerCharacter_C_1] 600.001
[2016.03.18-20.12.26:862][822]LogBlueprintUserMessages: [SideScrollerCharacter_C_1] 600.001
[2016.03.18-20.12.26:878][823]LogBlueprintUserMessages: [SideScrollerCharacter_C_1] 600.001
[2016.03.18-20.12.26:894][824]LogBlueprintUserMessages: [SideScrollerCharacter_C_1] 600.001
[2016.03.18-20.12.26:910][825]LogBlueprintUserMessages: [SideScrollerCharacter_C_1] 600.001
[2016.03.18-20.12.26:926][826]LogBlueprintUserMessages: [SideScrollerCharacter_C_1] 600.001
[2016.03.18-20.12.26:943][827]LogBlueprintUserMessages: [SideScrollerCharacter_C_1] 600.001
[2016.03.18-20.12.26:959][828]LogBlueprintUserMessages: [SideScrollerCharacter_C_1] 600.001
[2016.03.18-20.12.26:975][829]LogBlueprintUserMessages: [SideScrollerCharacter_C_1] 600.001
[2016.03.18-20.12.26:991][830]LogBlueprintUserMessages: [SideScrollerCharacter_C_1] 599.999
[2016.03.18-20.12.27:008][831]LogBlueprintUserMessages: [SideScrollerCharacter_C_1] 600.001
[2016.03.18-20.12.27:024][832]LogBlueprintUserMessages: [SideScrollerCharacter_C_1] 600.001
[2016.03.18-20.12.27:040][833]LogBlueprintUserMessages: [SideScrollerCharacter_C_1] 600.001
[2016.03.18-20.12.27:056][834]LogBlueprintUserMessages: [SideScrollerCharacter_C_1] 600.001
[2016.03.18-20.12.27:072][835]LogBlueprintUserMessages: [SideScrollerCharacter_C_1] 600.001
[2016.03.18-20.12.27:088][836]LogBlueprintUserMessages: [SideScrollerCharacter_C_1] 600.001
[2016.03.18-20.12.27:104][837]LogBlueprintUserMessages: [SideScrollerCharacter_C_1] 600.001
[2016.03.18-20.12.27:120][838]LogBlueprintUserMessages: [SideScrollerCharacter_C_1] 600.001
[2016.03.18-20.12.27:137][839]LogBlueprintUserMessages: [SideScrollerCharacter_C_1] 600.001
[2016.03.18-20.12.27:153][840]LogBlueprintUserMessages: [SideScrollerCharacter_C_1] 600.001
[2016.03.18-20.12.27:169][841]LogBlueprintUserMessages: [SideScrollerCharacter_C_1] 600.001
[2016.03.18-20.12.27:185][842]LogBlueprintUserMessages: [SideScrollerCharacter_C_1] 600.001
[2016.03.18-20.12.27:201][843]LogBlueprintUserMessages: [SideScrollerCharacter_C_1] 599.998
[2016.03.18-20.12.27:217][844]LogBlueprintUserMessages: [SideScrollerCharacter_C_1] 600.001
[2016.03.18-20.12.27:233][845]LogBlueprintUserMessages: [SideScrollerCharacter_C_1] 600.001
[2016.03.18-20.12.27:250][846]LogBlueprintUserMessages: [SideScrollerCharacter_C_1] 600.001
[2016.03.18-20.12.27:266][847]LogBlueprintUserMessages: [SideScrollerCharacter_C_1] 600.001
[2016.03.18-20.12.27:282][848]LogBlueprintUserMessages: [SideScrollerCharacter_C_1] 600.001
[2016.03.18-20.12.27:298][849]LogBlueprintUserMessages: [SideScrollerCharacter_C_1] 600.001
[2016.03.18-20.12.27:314][850]LogBlueprintUserMessages: [SideScrollerCharacter_C_1] 600.001
[2016.03.18-20.12.27:330][851]LogBlueprintUserMessages: [SideScrollerCharacter_C_1] 600.001
[2016.03.18-20.12.27:346][852]LogBlueprintUserMessages: [SideScrollerCharacter_C_1] 600.001
[2016.03.18-20.12.27:362][853]LogBlueprintUserMessages: [SideScrollerCharacter_C_1] 600.001
[2016.03.18-20.12.27:379][854]LogBlueprintUserMessages: [SideScrollerCharacter_C_1] 600.001
[2016.03.18-20.12.27:395][855]LogBlueprintUserMessages: [SideScrollerCharacter_C_1] 600.001
[2016.03.18-20.12.27:411][856]LogBlueprintUserMessages: [SideScrollerCharacter_C_1] 600.001
[2016.03.18-20.12.27:427][857]LogBlueprintUserMessages: [SideScrollerCharacter_C_1] 600.001
[2016.03.18-20.12.27:443][858]LogBlueprintUserMessages: [SideScrollerCharacter_C_1] 600.001
[2016.03.18-20.12.27:459][859]LogBlueprintUserMessages: [SideScrollerCharacter_C_1] 600.001
[2016.03.18-20.12.27:475][860]LogBlueprintUserMessages: [SideScrollerCharacter_C_1] 600.001
[2016.03.18-20.12.27:491][861]LogBlueprintUserMessages: [SideScrollerCharacter_C_1] 600.001
[2016.03.18-20.12.27:508][862]LogBlueprintUserMessages: [SideScrollerCharacter_C_1] 600.001
[2016.03.18-20.12.27:524][863]LogBlueprintUserMessages: [SideScrollerCharacter_C_1] 600.001
[2016.03.18-20.12.27:540][864]LogBlueprintUserMessages: [SideScrollerCharacter_C_1] 600.001
[2016.03.18-20.12.27:556][865]LogBlueprintUserMessages: [SideScrollerCharacter_C_1] 599.997
[2016.03.18-20.12.27:575][866]LogBlueprintUserMessages: [SideScrollerCharacter_C_1] 600.001
[2016.03.18-20.12.27:589][867]LogBlueprintUserMessages: [SideScrollerCharacter_C_1] 600.002
[2016.03.18-20.12.27:605][868]LogBlueprintUserMessages: [SideScrollerCharacter_C_1] 600.001
[2016.03.18-20.12.27:621][869]LogBlueprintUserMessages: [SideScrollerCharacter_C_1] 600.001
[2016.03.18-20.12.27:637][870]LogBlueprintUserMessages: [SideScrollerCharacter_C_1] 600.001
[2016.03.18-20.12.27:653][871]LogBlueprintUserMessages: [SideScrollerCharacter_C_1] 600.001
[2016.03.18-20.12.27:670][872]LogBlueprintUserMessages: [SideScrollerCharacter_C_1] 600.001
[2016.03.18-20.12.27:686][873]LogBlueprintUserMessages: [SideScrollerCharacter_C_1] 600.001
[2016.03.18-20.12.27:702][874]LogBlueprintUserMessages: [SideScrollerCharacter_C_1] 600.001
[2016.03.18-20.12.27:718][875]LogBlueprintUserMessages: [SideScrollerCharacter_C_1] 600.001
[2016.03.18-20.12.27:734][876]LogBlueprintUserMessages: [SideScrollerCharacter_C_1] 600.001
[2016.03.18-20.12.27:750][877]LogBlueprintUserMessages: [SideScrollerCharacter_C_1] 600.001
[2016.03.18-20.12.27:766][878]LogBlueprintUserMessages: [SideScrollerCharacter_C_1] 600.001
[2016.03.18-20.12.27:783][879]LogBlueprintUserMessages: [SideScrollerCharacter_C_1] 600.001
[2016.03.18-20.12.27:799][880]LogBlueprintUserMessages: [SideScrollerCharacter_C_1] 600.001
[2016.03.18-20.12.27:815][881]LogBlueprintUserMessages: [SideScrollerCharacter_C_1] 600.001
[2016.03.18-20.12.27:831][882]LogBlueprintUserMessages: [SideScrollerCharacter_C_1] 600.001
[2016.03.18-20.12.27:847][883]LogBlueprintUserMessages: [SideScrollerCharacter_C_1] 600.001
[2016.03.18-20.12.27:863][884]LogBlueprintUserMessages: [SideScrollerCharacter_C_1] 600.001
[2016.03.18-20.12.27:879][885]LogBlueprintUserMessages: [SideScrollerCharacter_C_1] 600.001
[2016.03.18-20.12.27:895][886]LogBlueprintUserMessages: [SideScrollerCharacter_C_1] 600.001
[2016.03.18-20.12.27:911][887]LogBlueprintUserMessages: [SideScrollerCharacter_C_1] 600.001
[2016.03.18-20.12.27:928][888]LogBlueprintUserMessages: [SideScrollerCharacter_C_1] 600.001
[2016.03.18-20.12.27:944][889]LogBlueprintUserMessages: [SideScrollerCharacter_C_1] 600.001
[2016.03.18-20.12.27:960][890]LogBlueprintUserMessages: [SideScrollerCharacter_C_1] 600.001
[2016.03.18-20.12.27:976][891]LogBlueprintUserMessages: [SideScrollerCharacter_C_1] 600.001
[2016.03.18-20.12.27:992][892]LogBlueprintUserMessages: [SideScrollerCharacter_C_1] 599.998
[2016.03.18-20.12.28:009][893]LogBlueprintUserMessages: [SideScrollerCharacter_C_1] 600.001
[2016.03.18-20.12.28:024][894]LogBlueprintUserMessages: [SideScrollerCharacter_C_1] 600.001
[2016.03.18-20.12.28:041][895]LogBlueprintUserMessages: [SideScrollerCharacter_C_1] 600.001
[2016.03.18-20.12.28:057][896]LogBlueprintUserMessages: [SideScrollerCharacter_C_1] 600.001
[2016.03.18-20.12.28:074][897]LogBlueprintUserMessages: [SideScrollerCharacter_C_1] 600.001
[2016.03.18-20.12.28:089][898]LogBlueprintUserMessages: [SideScrollerCharacter_C_1] 600.001
[2016.03.18-20.12.28:105][899]LogBlueprintUserMessages: [SideScrollerCharacter_C_1] 600.001
[2016.03.18-20.12.28:121][900]LogBlueprintUserMessages: [SideScrollerCharacter_C_1] 600.001
[2016.03.18-20.12.28:137][901]LogBlueprintUserMessages: [SideScrollerCharacter_C_1] 600.001
[2016.03.18-20.12.28:153][902]LogBlueprintUserMessages: [SideScrollerCharacter_C_1] 600.001
[2016.03.18-20.12.28:170][903]LogBlueprintUserMessages: [SideScrollerCharacter_C_1] 600.001
[2016.03.18-20.12.28:186][904]LogBlueprintUserMessages: [SideScrollerCharacter_C_1] 600.001
[2016.03.18-20.12.28:202][905]LogBlueprintUserMessages: [SideScrollerCharacter_C_1] 600.001
[2016.03.18-20.12.28:218][906]LogBlueprintUserMessages: [SideScrollerCharacter_C_1] 600
[2016.03.18-20.12.28:234][907]LogBlueprintUserMessages: [SideScrollerCharacter_C_1] 600.001
[2016.03.18-20.12.28:250][908]LogBlueprintUserMessages: [SideScrollerCharacter_C_1] 600.001
[2016.03.18-20.12.28:266][909]LogBlueprintUserMessages: [SideScrollerCharacter_C_1] 600.001
[2016.03.18-20.12.28:283][910]LogBlueprintUserMessages: [SideScrollerCharacter_C_1] 600.001
[2016.03.18-20.12.28:299][911]LogBlueprintUserMessages: [SideScrollerCharacter_C_1] 600
[2016.03.18-20.12.28:315][912]LogBlueprintUserMessages: [SideScrollerCharacter_C_1] 600.001
[2016.03.18-20.12.28:331][913]LogBlueprintUserMessages: [SideScrollerCharacter_C_1] 600.001
[2016.03.18-20.12.28:347][914]LogBlueprintUserMessages: [SideScrollerCharacter_C_1] 600.001
[2016.03.18-20.12.28:363][915]LogBlueprintUserMessages: [SideScrollerCharacter_C_1] 600.001
[2016.03.18-20.12.28:379][916]LogBlueprintUserMessages: [SideScrollerCharacter_C_1] 600.001
[2016.03.18-20.12.28:395][917]LogBlueprintUserMessages: [SideScrollerCharacter_C_1] 600.001
[2016.03.18-20.12.28:411][918]LogBlueprintUserMessages: [SideScrollerCharacter_C_1] 600.001
[2016.03.18-20.12.28:428][919]LogBlueprintUserMessages: [SideScrollerCharacter_C_1] 600.001
[2016.03.18-20.12.28:444][920]LogBlueprintUserMessages: [SideScrollerCharacter_C_1] 600.001
[2016.03.18-20.12.28:460][921]LogBlueprintUserMessages: [SideScrollerCharacter_C_1] 600.001
[2016.03.18-20.12.28:476][922]LogBlueprintUserMessages: [SideScrollerCharacter_C_1] 600.001
[2016.03.18-20.12.28:492][923]LogBlueprintUserMessages: [SideScrollerCharacter_C_1] 600.001
[2016.03.18-20.12.28:508][924]LogBlueprintUserMessages: [SideScrollerCharacter_C_1] 600.001
[2016.03.18-20.12.28:524][925]LogBlueprintUserMessages: [SideScrollerCharacter_C_1] 600.001
[2016.03.18-20.12.28:540][926]LogBlueprintUserMessages: [SideScrollerCharacter_C_1] 600.001
[2016.03.18-20.12.28:557][927]LogBlueprintUserMessages: [SideScrollerCharacter_C_1] 600.001
[2016.03.18-20.12.28:575][928]LogBlueprintUserMessages: [SideScrollerCharacter_C_1] 600.001
[2016.03.18-20.12.28:589][929]LogBlueprintUserMessages: [SideScrollerCharacter_C_1] 600.001
[2016.03.18-20.12.28:605][930]LogBlueprintUserMessages: [SideScrollerCharacter_C_1] 599.999
[2016.03.18-20.12.28:621][931]LogBlueprintUserMessages: [SideScrollerCharacter_C_1] 600.001
[2016.03.18-20.12.28:637][932]LogBlueprintUserMessages: [SideScrollerCharacter_C_1] 600.001
[2016.03.18-20.12.28:653][933]LogBlueprintUserMessages: [SideScrollerCharacter_C_1] 600.001
[2016.03.18-20.12.28:670][934]LogBlueprintUserMessages: [SideScrollerCharacter_C_1] 600.001
[2016.03.18-20.12.28:686][935]LogBlueprintUserMessages: [SideScrollerCharacter_C_1] 600.001
[2016.03.18-20.12.28:702][936]LogBlueprintUserMessages: [SideScrollerCharacter_C_1] 600.001
[2016.03.18-20.12.28:718][937]LogBlueprintUserMessages: [SideScrollerCharacter_C_1] 600.001
[2016.03.18-20.12.28:734][938]LogBlueprintUserMessages: [SideScrollerCharacter_C_1] 600.001
[2016.03.18-20.12.28:750][939]LogBlueprintUserMessages: [SideScrollerCharacter_C_1] 600.001
[2016.03.18-20.12.28:766][940]LogBlueprintUserMessages: [SideScrollerCharacter_C_1] 600.001
[2016.03.18-20.12.28:782][941]LogBlueprintUserMessages: [SideScrollerCharacter_C_1] 600.001
[2016.03.18-20.12.28:799][942]LogBlueprintUserMessages: [SideScrollerCharacter_C_1] 600.001
[2016.03.18-20.12.28:815][943]LogBlueprintUserMessages: [SideScrollerCharacter_C_1] 600.001
[2016.03.18-20.12.28:831][944]LogBlueprintUserMessages: [SideScrollerCharacter_C_1] 600.001
[2016.03.18-20.12.28:847][945]LogBlueprintUserMessages: [SideScrollerCharacter_C_1] 600.001
[2016.03.18-20.12.28:863][946]LogBlueprintUserMessages: [SideScrollerCharacter_C_1] 600.001
[2016.03.18-20.12.28:879][947]LogBlueprintUserMessages: [SideScrollerCharacter_C_1] 600.001
[2016.03.18-20.12.28:895][948]LogBlueprintUserMessages: [SideScrollerCharacter_C_1] 600.001
[2016.03.18-20.12.28:912][949]LogBlueprintUserMessages: [SideScrollerCharacter_C_1] 600.001
[2016.03.18-20.12.28:928][950]LogBlueprintUserMessages: [SideScrollerCharacter_C_1] 600.001
[2016.03.18-20.12.28:944][951]LogBlueprintUserMessages: [SideScrollerCharacter_C_1] 600.001
[2016.03.18-20.12.28:960][952]LogBlueprintUserMessages: [SideScrollerCharacter_C_1] 600.001
[2016.03.18-20.12.28:976][953]LogBlueprintUserMessages: [SideScrollerCharacter_C_1] 600.001
[2016.03.18-20.12.28:992][954]LogBlueprintUserMessages: [SideScrollerCharacter_C_1] 600.001
[2016.03.18-20.12.29:008][955]LogBlueprintUserMessages: [SideScrollerCharacter_C_1] 600.001
[2016.03.18-20.12.29:024][956]LogBlueprintUserMessages: [SideScrollerCharacter_C_1] 600.001
[2016.03.18-20.12.29:040][957]LogBlueprintUserMessages: [SideScrollerCharacter_C_1] 600.001
[2016.03.18-20.12.29:057][958]LogBlueprintUserMessages: [SideScrollerCharacter_C_1] 600.001
[2016.03.18-20.12.29:073][959]LogBlueprintUserMessages: [SideScrollerCharacter_C_1] 600.001
[2016.03.18-20.12.29:089][960]LogBlueprintUserMessages: [SideScrollerCharacter_C_1] 600.003
[2016.03.18-20.12.29:105][961]LogBlueprintUserMessages: [SideScrollerCharacter_C_1] 600.001
[2016.03.18-20.12.29:121][962]LogBlueprintUserMessages: [SideScrollerCharacter_C_1] 600.001
[2016.03.18-20.12.29:137][963]LogBlueprintUserMessages: [SideScrollerCharacter_C_1] 600.001
[2016.03.18-20.12.29:154][964]LogBlueprintUserMessages: [SideScrollerCharacter_C_1] 600.001
[2016.03.18-20.12.29:170][965]LogBlueprintUserMessages: [SideScrollerCharacter_C_1] 600.001
[2016.03.18-20.12.29:186][966]LogBlueprintUserMessages: [SideScrollerCharacter_C_1] 600.001
[2016.03.18-20.12.29:202][967]LogBlueprintUserMessages: [SideScrollerCharacter_C_1] 600.001
[2016.03.18-20.12.29:218][968]LogBlueprintUserMessages: [SideScrollerCharacter_C_1] 600.001
[2016.03.18-20.12.29:234][969]LogBlueprintUserMessages: [SideScrollerCharacter_C_1] 600.001
[2016.03.18-20.12.29:250][970]LogBlueprintUserMessages: [SideScrollerCharacter_C_1] 599.998
[2016.03.18-20.12.29:266][971]LogBlueprintUserMessages: [SideScrollerCharacter_C_1] 600.001
[2016.03.18-20.12.29:283][972]LogBlueprintUserMessages: [SideScrollerCharacter_C_1] 599.998
[2016.03.18-20.12.29:299][973]LogBlueprintUserMessages: [SideScrollerCharacter_C_1] 600.001
[2016.03.18-20.12.29:315][974]LogBlueprintUserMessages: [SideScrollerCharacter_C_1] 600.001
[2016.03.18-20.12.29:331][975]LogBlueprintUserMessages: [SideScrollerCharacter_C_1] 600.001
[2016.03.18-20.12.29:347][976]LogBlueprintUserMessages: [SideScrollerCharacter_C_1] 600.001
[2016.03.18-20.12.29:363][977]LogBlueprintUserMessages: [SideScrollerCharacter_C_1] 600.001
[2016.03.18-20.12.29:379][978]LogBlueprintUserMessages: [SideScrollerCharacter_C_1] 600.001
[2016.03.18-20.12.29:396][979]LogBlueprintUserMessages: [SideScrollerCharacter_C_1] 600.001
[2016.03.18-20.12.29:412][980]LogBlueprintUserMessages: [SideScrollerCharacter_C_1] 600.001
[2016.03.18-20.12.29:428][981]LogBlueprintUserMessages: [SideScrollerCharacter_C_1] 600.001
[2016.03.18-20.12.29:444][982]LogBlueprintUserMessages: [SideScrollerCharacter_C_1] 600.001
[2016.03.18-20.12.29:460][983]LogBlueprintUserMessages: [SideScrollerCharacter_C_1] 600.001
[2016.03.18-20.12.29:476][984]LogBlueprintUserMessages: [SideScrollerCharacter_C_1] 600.001
[2016.03.18-20.12.29:492][985]LogBlueprintUserMessages: [SideScrollerCharacter_C_1] 600.001
[2016.03.18-20.12.29:508][986]LogBlueprintUserMessages: [SideScrollerCharacter_C_1] 600.001
[2016.03.18-20.12.29:525][987]LogBlueprintUserMessages: [SideScrollerCharacter_C_1] 600.001
[2016.03.18-20.12.29:541][988]LogBlueprintUserMessages: [SideScrollerCharacter_C_1] 600.001
[2016.03.18-20.12.29:557][989]LogBlueprintUserMessages: [SideScrollerCharacter_C_1] 600.001
[2016.03.18-20.12.29:574][990]LogBlueprintUserMessages: [SideScrollerCharacter_C_1] 600.001
[2016.03.18-20.12.29:590][991]LogBlueprintUserMessages: [SideScrollerCharacter_C_1] 600.001
[2016.03.18-20.12.29:606][992]LogBlueprintUserMessages: [SideScrollerCharacter_C_1] 600.001
[2016.03.18-20.12.29:622][993]LogBlueprintUserMessages: [SideScrollerCharacter_C_1] 600.001
[2016.03.18-20.12.29:638][994]LogBlueprintUserMessages: [SideScrollerCharacter_C_1] 600.001
[2016.03.18-20.12.29:654][995]LogBlueprintUserMessages: [SideScrollerCharacter_C_1] 600.001
[2016.03.18-20.12.29:670][996]LogBlueprintUserMessages: [SideScrollerCharacter_C_1] 600.001
[2016.03.18-20.12.29:686][997]LogBlueprintUserMessages: [SideScrollerCharacter_C_1] 600.001
[2016.03.18-20.12.29:703][998]LogBlueprintUserMessages: [SideScrollerCharacter_C_1] 600.001
[2016.03.18-20.12.29:719][999]LogBlueprintUserMessages: [SideScrollerCharacter_C_1] 600.001
[2016.03.18-20.12.29:735][  0]LogBlueprintUserMessages: [SideScrollerCharacter_C_1] 600.001
[2016.03.18-20.12.29:751][  1]LogBlueprintUserMessages: [SideScrollerCharacter_C_1] 600.001
[2016.03.18-20.12.29:767][  2]LogBlueprintUserMessages: [SideScrollerCharacter_C_1] 600.001
[2016.03.18-20.12.29:784][  3]LogBlueprintUserMessages: [SideScrollerCharacter_C_1] 600.001
[2016.03.18-20.12.29:800][  4]LogBlueprintUserMessages: [SideScrollerCharacter_C_1] 599.999
[2016.03.18-20.12.29:816][  5]LogBlueprintUserMessages: [SideScrollerCharacter_C_1] 600.001
[2016.03.18-20.12.29:832][  6]LogBlueprintUserMessages: [SideScrollerCharacter_C_1] 600.001
[2016.03.18-20.12.29:848][  7]LogBlueprintUserMessages: [SideScrollerCharacter_C_1] 600.001
[2016.03.18-20.12.29:864][  8]LogBlueprintUserMessages: [SideScrollerCharacter_C_1] 600.001
[2016.03.18-20.12.29:881][  9]LogBlueprintUserMessages: [SideScrollerCharacter_C_1] 600.001
[2016.03.18-20.12.29:897][ 10]LogBlueprintUserMessages: [SideScrollerCharacter_C_1] 600.001
[2016.03.18-20.12.29:913][ 11]LogBlueprintUserMessages: [SideScrollerCharacter_C_1] 600.001
[2016.03.18-20.12.29:929][ 12]LogBlueprintUserMessages: [SideScrollerCharacter_C_1] 600.001
[2016.03.18-20.12.29:945][ 13]LogBlueprintUserMessages: [SideScrollerCharacter_C_1] 600.001
[2016.03.18-20.12.29:961][ 14]LogBlueprintUserMessages: [SideScrollerCharacter_C_1] 600.001
[2016.03.18-20.12.29:977][ 15]LogBlueprintUserMessages: [SideScrollerCharacter_C_1] 600.001
[2016.03.18-20.12.29:994][ 16]LogBlueprintUserMessages: [SideScrollerCharacter_C_1] 600.001
[2016.03.18-20.12.30:010][ 17]LogBlueprintUserMessages: [SideScrollerCharacter_C_1] 600.001
[2016.03.18-20.12.30:026][ 18]LogBlueprintUserMessages: [SideScrollerCharacter_C_1] 600.001
[2016.03.18-20.12.30:042][ 19]LogBlueprintUserMessages: [SideScrollerCharacter_C_1] 600.001
[2016.03.18-20.12.30:058][ 20]LogBlueprintUserMessages: [SideScrollerCharacter_C_1] 600.001
[2016.03.18-20.12.30:074][ 21]LogBlueprintUserMessages: [SideScrollerCharacter_C_1] 600.001
[2016.03.18-20.12.30:090][ 22]LogBlueprintUserMessages: [SideScrollerCharacter_C_1] 600.002
[2016.03.18-20.12.30:106][ 23]LogBlueprintUserMessages: [SideScrollerCharacter_C_1] 600.001
[2016.03.18-20.12.30:123][ 24]LogBlueprintUserMessages: [SideScrollerCharacter_C_1] 600.001
[2016.03.18-20.12.30:139][ 25]LogBlueprintUserMessages: [SideScrollerCharacter_C_1] 600.001
[2016.03.18-20.12.30:155][ 26]LogBlueprintUserMessages: [SideScrollerCharacter_C_1] 600.001
[2016.03.18-20.12.30:171][ 27]LogBlueprintUserMessages: [SideScrollerCharacter_C_1] 600.001
[2016.03.18-20.12.30:187][ 28]LogBlueprintUserMessages: [SideScrollerCharacter_C_1] 600.001
[2016.03.18-20.12.30:203][ 29]LogBlueprintUserMessages: [SideScrollerCharacter_C_1] 600.001
[2016.03.18-20.12.30:219][ 30]LogBlueprintUserMessages: [SideScrollerCharacter_C_1] 600.001
[2016.03.18-20.12.30:235][ 31]LogBlueprintUserMessages: [SideScrollerCharacter_C_1] 600.001
[2016.03.18-20.12.30:252][ 32]LogBlueprintUserMessages: [SideScrollerCharacter_C_1] 600.001
[2016.03.18-20.12.30:268][ 33]LogBlueprintUserMessages: [SideScrollerCharacter_C_1] 600.001
[2016.03.18-20.12.30:284][ 34]LogBlueprintUserMessages: [SideScrollerCharacter_C_1] 600.001
[2016.03.18-20.12.30:300][ 35]LogBlueprintUserMessages: [SideScrollerCharacter_C_1] 600.001
[2016.03.18-20.12.30:316][ 36]LogBlueprintUserMessages: [SideScrollerCharacter_C_1] 599.999
[2016.03.18-20.12.30:332][ 37]LogBlueprintUserMessages: [SideScrollerCharacter_C_1] 600.001
[2016.03.18-20.12.30:349][ 38]LogBlueprintUserMessages: [SideScrollerCharacter_C_1] 600.001
[2016.03.18-20.12.30:365][ 39]LogBlueprintUserMessages: [SideScrollerCharacter_C_1] 599.999
[2016.03.18-20.12.30:381][ 40]LogBlueprintUserMessages: [SideScrollerCharacter_C_1] 600.001
[2016.03.18-20.12.30:397][ 41]LogBlueprintUserMessages: [SideScrollerCharacter_C_1] 600.001
[2016.03.18-20.12.30:413][ 42]LogBlueprintUserMessages: [SideScrollerCharacter_C_1] 600.001
[2016.03.18-20.12.30:429][ 43]LogBlueprintUserMessages: [SideScrollerCharacter_C_1] 600.001
[2016.03.18-20.12.30:445][ 44]LogBlueprintUserMessages: [SideScrollerCharacter_C_1] 599.999
[2016.03.18-20.12.30:461][ 45]LogBlueprintUserMessages: [SideScrollerCharacter_C_1] 600.001
[2016.03.18-20.12.30:478][ 46]LogBlueprintUserMessages: [SideScrollerCharacter_C_1] 600.001
[2016.03.18-20.12.30:494][ 47]LogBlueprintUserMessages: [SideScrollerCharacter_C_1] 600.001
[2016.03.18-20.12.30:510][ 48]LogBlueprintUserMessages: [SideScrollerCharacter_C_1] 600.001
[2016.03.18-20.12.30:526][ 49]LogBlueprintUserMessages: [SideScrollerCharacter_C_1] 600.001
[2016.03.18-20.12.30:542][ 50]LogBlueprintUserMessages: [SideScrollerCharacter_C_1] 600.001
[2016.03.18-20.12.30:558][ 51]LogBlueprintUserMessages: [SideScrollerCharacter_C_1] 600.001
[2016.03.18-20.12.30:575][ 52]LogBlueprintUserMessages: [SideScrollerCharacter_C_1] 600.001
[2016.03.18-20.12.30:592][ 53]LogBlueprintUserMessages: [SideScrollerCharacter_C_1] 600.001
[2016.03.18-20.12.30:607][ 54]LogBlueprintUserMessages: [SideScrollerCharacter_C_1] 600.001
[2016.03.18-20.12.30:623][ 55]LogBlueprintUserMessages: [SideScrollerCharacter_C_1] 600.001
[2016.03.18-20.12.30:639][ 56]LogBlueprintUserMessages: [SideScrollerCharacter_C_1] 600.004
[2016.03.18-20.12.30:655][ 57]LogBlueprintUserMessages: [SideScrollerCharacter_C_1] 600.001
[2016.03.18-20.12.30:671][ 58]LogBlueprintUserMessages: [SideScrollerCharacter_C_1] 600.001
[2016.03.18-20.12.30:687][ 59]LogBlueprintUserMessages: [SideScrollerCharacter_C_1] 600.001
[2016.03.18-20.12.30:704][ 60]LogBlueprintUserMessages: [SideScrollerCharacter_C_1] 600.001
[2016.03.18-20.12.30:720][ 61]LogBlueprintUserMessages: [SideScrollerCharacter_C_1] 600.001
[2016.03.18-20.12.30:736][ 62]LogBlueprintUserMessages: [SideScrollerCharacter_C_1] 600.001
[2016.03.18-20.12.30:752][ 63]LogBlueprintUserMessages: [SideScrollerCharacter_C_1] 600.001
[2016.03.18-20.12.30:768][ 64]LogBlueprintUserMessages: [SideScrollerCharacter_C_1] 600.001
[2016.03.18-20.12.30:784][ 65]LogBlueprintUserMessages: [SideScrollerCharacter_C_1] 600.001
[2016.03.18-20.12.30:800][ 66]LogBlueprintUserMessages: [SideScrollerCharacter_C_1] 600.001
[2016.03.18-20.12.30:816][ 67]LogBlueprintUserMessages: [SideScrollerCharacter_C_1] 600.001
[2016.03.18-20.12.30:833][ 68]LogBlueprintUserMessages: [SideScrollerCharacter_C_1] 599.998
[2016.03.18-20.12.30:849][ 69]LogBlueprintUserMessages: [SideScrollerCharacter_C_1] 600.001
[2016.03.18-20.12.30:865][ 70]LogBlueprintUserMessages: [SideScrollerCharacter_C_1] 600.001
[2016.03.18-20.12.30:881][ 71]LogBlueprintUserMessages: [SideScrollerCharacter_C_1] 600.001
[2016.03.18-20.12.30:897][ 72]LogBlueprintUserMessages: [SideScrollerCharacter_C_1] 600.001
[2016.03.18-20.12.30:913][ 73]LogBlueprintUserMessages: [SideScrollerCharacter_C_1] 600.001
[2016.03.18-20.12.30:929][ 74]LogBlueprintUserMessages: [SideScrollerCharacter_C_1] 600.001
[2016.03.18-20.12.30:945][ 75]LogBlueprintUserMessages: [SideScrollerCharacter_C_1] 600.001
[2016.03.18-20.12.30:961][ 76]LogBlueprintUserMessages: [SideScrollerCharacter_C_1] 600.001
[2016.03.18-20.12.30:978][ 77]LogBlueprintUserMessages: [SideScrollerCharacter_C_1] 600.001
[2016.03.18-20.12.30:994][ 78]LogBlueprintUserMessages: [SideScrollerCharacter_C_1] 600.001
[2016.03.18-20.12.31:010][ 79]LogBlueprintUserMessages: [SideScrollerCharacter_C_1] 600.001
[2016.03.18-20.12.31:026][ 80]LogBlueprintUserMessages: [SideScrollerCharacter_C_1] 600.001
[2016.03.18-20.12.31:042][ 81]LogBlueprintUserMessages: [SideScrollerCharacter_C_1] 600.001
[2016.03.18-20.12.31:058][ 82]LogBlueprintUserMessages: [SideScrollerCharacter_C_1] 600.001
[2016.03.18-20.12.31:074][ 83]LogBlueprintUserMessages: [SideScrollerCharacter_C_1] 600.001
[2016.03.18-20.12.31:091][ 84]LogBlueprintUserMessages: [SideScrollerCharacter_C_1] 600.001
[2016.03.18-20.12.31:107][ 85]LogBlueprintUserMessages: [SideScrollerCharacter_C_1] 600.001
[2016.03.18-20.12.31:123][ 86]LogBlueprintUserMessages: [SideScrollerCharacter_C_1] 600.001
[2016.03.18-20.12.31:139][ 87]LogBlueprintUserMessages: [SideScrollerCharacter_C_1] 600.001
[2016.03.18-20.12.31:155][ 88]LogBlueprintUserMessages: [SideScrollerCharacter_C_1] 600.001
[2016.03.18-20.12.31:172][ 89]LogBlueprintUserMessages: [SideScrollerCharacter_C_1] 600.001
[2016.03.18-20.12.31:187][ 90]LogBlueprintUserMessages: [SideScrollerCharacter_C_1] 600.001
[2016.03.18-20.12.31:204][ 91]LogBlueprintUserMessages: [SideScrollerCharacter_C_1] 600.003
[2016.03.18-20.12.31:220][ 92]LogBlueprintUserMessages: [SideScrollerCharacter_C_1] 600.001
[2016.03.18-20.12.31:236][ 93]LogBlueprintUserMessages: [SideScrollerCharacter_C_1] 600.001
[2016.03.18-20.12.31:252][ 94]LogBlueprintUserMessages: [SideScrollerCharacter_C_1] 600.001
[2016.03.18-20.12.31:268][ 95]LogBlueprintUserMessages: [SideScrollerCharacter_C_1] 600.001
[2016.03.18-20.12.31:284][ 96]LogBlueprintUserMessages: [SideScrollerCharacter_C_1] 600.001
[2016.03.18-20.12.31:300][ 97]LogBlueprintUserMessages: [SideScrollerCharacter_C_1] 600.001
[2016.03.18-20.12.31:316][ 98]LogBlueprintUserMessages: [SideScrollerCharacter_C_1] 600.001
[2016.03.18-20.12.31:332][ 99]LogBlueprintUserMessages: [SideScrollerCharacter_C_1] 600.001
[2016.03.18-20.12.31:349][100]LogBlueprintUserMessages: [SideScrollerCharacter_C_1] 600.001
[2016.03.18-20.12.31:365][101]LogBlueprintUserMessages: [SideScrollerCharacter_C_1] 600.001
[2016.03.18-20.12.31:381][102]LogBlueprintUserMessages: [SideScrollerCharacter_C_1] 600.001
[2016.03.18-20.12.31:397][103]LogBlueprintUserMessages: [SideScrollerCharacter_C_1] 600.001
[2016.03.18-20.12.31:413][104]LogBlueprintUserMessages: [SideScrollerCharacter_C_1] 600.001
[2016.03.18-20.12.31:429][105]LogBlueprintUserMessages: [SideScrollerCharacter_C_1] 600.001
[2016.03.18-20.12.31:445][106]LogBlueprintUserMessages: [SideScrollerCharacter_C_1] 600.001
[2016.03.18-20.12.31:462][107]LogBlueprintUserMessages: [SideScrollerCharacter_C_1] 600.001
[2016.03.18-20.12.31:478][108]LogBlueprintUserMessages: [SideScrollerCharacter_C_1] 600.001
[2016.03.18-20.12.31:494][109]LogBlueprintUserMessages: [SideScrollerCharacter_C_1] 600.001
[2016.03.18-20.12.31:510][110]LogBlueprintUserMessages: [SideScrollerCharacter_C_1] 600.001
[2016.03.18-20.12.31:526][111]LogBlueprintUserMessages: [SideScrollerCharacter_C_1] 600.001
[2016.03.18-20.12.31:542][112]LogBlueprintUserMessages: [SideScrollerCharacter_C_1] 600.001
[2016.03.18-20.12.31:558][113]LogBlueprintUserMessages: [SideScrollerCharacter_C_1] 600.001
[2016.03.18-20.12.31:575][114]LogBlueprintUserMessages: [SideScrollerCharacter_C_1] 600.001
[2016.03.18-20.12.31:591][115]LogBlueprintUserMessages: [SideScrollerCharacter_C_1] 599.998
[2016.03.18-20.12.31:607][116]LogBlueprintUserMessages: [SideScrollerCharacter_C_1] 600.001
[2016.03.18-20.12.31:623][117]LogBlueprintUserMessages: [SideScrollerCharacter_C_1] 600.001
[2016.03.18-20.12.31:639][118]LogBlueprintUserMessages: [SideScrollerCharacter_C_1] 600.001
[2016.03.18-20.12.31:655][119]LogBlueprintUserMessages: [SideScrollerCharacter_C_1] 600.001
[2016.03.18-20.12.31:671][120]LogBlueprintUserMessages: [SideScrollerCharacter_C_1] 600.001
[2016.03.18-20.12.31:687][121]LogBlueprintUserMessages: [SideScrollerCharacter_C_1] 600.001
[2016.03.18-20.12.31:704][122]LogBlueprintUserMessages: [SideScrollerCharacter_C_1] 600.001
[2016.03.18-20.12.31:720][123]LogBlueprintUserMessages: [SideScrollerCharacter_C_1] 600.001
[2016.03.18-20.12.31:736][124]LogBlueprintUserMessages: [SideScrollerCharacter_C_1] 600.001
[2016.03.18-20.12.31:752][125]LogBlueprintUserMessages: [SideScrollerCharacter_C_1] 600.001
[2016.03.18-20.12.31:768][126]LogBlueprintUserMessages: [SideScrollerCharacter_C_1] 600.001
[2016.03.18-20.12.31:784][127]LogBlueprintUserMessages: [SideScrollerCharacter_C_1] 600.001
[2016.03.18-20.12.31:800][128]LogBlueprintUserMessages: [SideScrollerCharacter_C_1] 600.001
[2016.03.18-20.12.31:816][129]LogBlueprintUserMessages: [SideScrollerCharacter_C_1] 600.001
[2016.03.18-20.12.31:833][130]LogBlueprintUserMessages: [SideScrollerCharacter_C_1] 599.998
[2016.03.18-20.12.31:849][131]LogBlueprintUserMessages: [SideScrollerCharacter_C_1] 599.998
[2016.03.18-20.12.31:865][132]LogBlueprintUserMessages: [SideScrollerCharacter_C_1] 600.001
[2016.03.18-20.12.31:881][133]LogBlueprintUserMessages: [SideScrollerCharacter_C_1] 600.001
[2016.03.18-20.12.31:897][134]LogBlueprintUserMessages: [SideScrollerCharacter_C_1] 600.001
[2016.03.18-20.12.31:913][135]LogBlueprintUserMessages: [SideScrollerCharacter_C_1] 600.001
[2016.03.18-20.12.31:929][136]LogBlueprintUserMessages: [SideScrollerCharacter_C_1] 600.001
[2016.03.18-20.12.31:945][137]LogBlueprintUserMessages: [SideScrollerCharacter_C_1] 600.001
[2016.03.18-20.12.31:962][138]LogBlueprintUserMessages: [SideScrollerCharacter_C_1] 600.001
[2016.03.18-20.12.31:978][139]LogBlueprintUserMessages: [SideScrollerCharacter_C_1] 600.001
[2016.03.18-20.12.31:994][140]LogBlueprintUserMessages: [SideScrollerCharacter_C_1] 600.001
[2016.03.18-20.12.32:010][141]LogBlueprintUserMessages: [SideScrollerCharacter_C_1] 600.001
[2016.03.18-20.12.32:026][142]LogBlueprintUserMessages: [SideScrollerCharacter_C_1] 600.001
[2016.03.18-20.12.32:042][143]LogBlueprintUserMessages: [SideScrollerCharacter_C_1] 600.001
[2016.03.18-20.12.32:058][144]LogBlueprintUserMessages: [SideScrollerCharacter_C_1] 600.001
[2016.03.18-20.12.32:074][145]LogBlueprintUserMessages: [SideScrollerCharacter_C_1] 600.001
[2016.03.18-20.12.32:091][146]LogBlueprintUserMessages: [SideScrollerCharacter_C_1] 600.001
[2016.03.18-20.12.32:107][147]LogBlueprintUserMessages: [SideScrollerCharacter_C_1] 600.001
[2016.03.18-20.12.32:123][148]LogBlueprintUserMessages: [SideScrollerCharacter_C_1] 600.001
[2016.03.18-20.12.32:139][149]LogBlueprintUserMessages: [SideScrollerCharacter_C_1] 599.999
[2016.03.18-20.12.32:155][150]LogBlueprintUserMessages: [SideScrollerCharacter_C_1] 600.001
[2016.03.18-20.12.32:171][151]LogBlueprintUserMessages: [SideScrollerCharacter_C_1] 600.001
[2016.03.18-20.12.32:188][152]LogBlueprintUserMessages: [SideScrollerCharacter_C_1] 600.001
[2016.03.18-20.12.32:204][153]LogBlueprintUserMessages: [SideScrollerCharacter_C_1] 600.001
[2016.03.18-20.12.32:220][154]LogBlueprintUserMessages: [SideScrollerCharacter_C_1] 600.001
[2016.03.18-20.12.32:236][155]LogBlueprintUserMessages: [SideScrollerCharacter_C_1] 600.001
[2016.03.18-20.12.32:252][156]LogBlueprintUserMessages: [SideScrollerCharacter_C_1] 600.001
[2016.03.18-20.12.32:268][157]LogBlueprintUserMessages: [SideScrollerCharacter_C_1] 600.001
[2016.03.18-20.12.32:284][158]LogBlueprintUserMessages: [SideScrollerCharacter_C_1] 600.001
[2016.03.18-20.12.32:300][159]LogBlueprintUserMessages: [SideScrollerCharacter_C_1] 600.001
[2016.03.18-20.12.32:316][160]LogBlueprintUserMessages: [SideScrollerCharacter_C_1] 600.001
[2016.03.18-20.12.32:333][161]LogBlueprintUserMessages: [SideScrollerCharacter_C_1] 600.001
[2016.03.18-20.12.32:349][162]LogBlueprintUserMessages: [SideScrollerCharacter_C_1] 600.001
[2016.03.18-20.12.32:365][163]LogBlueprintUserMessages: [SideScrollerCharacter_C_1] 600.001
[2016.03.18-20.12.32:381][164]LogBlueprintUserMessages: [SideScrollerCharacter_C_1] 600.001
[2016.03.18-20.12.32:397][165]LogBlueprintUserMessages: [SideScrollerCharacter_C_1] 600.001
[2016.03.18-20.12.32:413][166]LogBlueprintUserMessages: [SideScrollerCharacter_C_1] 600.001
[2016.03.18-20.12.32:429][167]LogBlueprintUserMessages: [SideScrollerCharacter_C_1] 600.001
[2016.03.18-20.12.32:445][168]LogBlueprintUserMessages: [SideScrollerCharacter_C_1] 600.001
[2016.03.18-20.12.32:462][169]LogBlueprintUserMessages: [SideScrollerCharacter_C_1] 600.001
[2016.03.18-20.12.32:478][170]LogBlueprintUserMessages: [SideScrollerCharacter_C_1] 600.001
[2016.03.18-20.12.32:494][171]LogBlueprintUserMessages: [SideScrollerCharacter_C_1] 600.001
[2016.03.18-20.12.32:510][172]LogBlueprintUserMessages: [SideScrollerCharacter_C_1] 600.001
[2016.03.18-20.12.32:526][173]LogBlueprintUserMessages: [SideScrollerCharacter_C_1] 600.001
[2016.03.18-20.12.32:542][174]LogBlueprintUserMessages: [SideScrollerCharacter_C_1] 600.001
[2016.03.18-20.12.32:558][175]LogBlueprintUserMessages: [SideScrollerCharacter_C_1] 600.001
[2016.03.18-20.12.32:575][176]LogBlueprintUserMessages: [SideScrollerCharacter_C_1] 600.001
[2016.03.18-20.12.32:591][177]LogBlueprintUserMessages: [SideScrollerCharacter_C_1] 600.001
[2016.03.18-20.12.32:607][178]LogBlueprintUserMessages: [SideScrollerCharacter_C_1] 600.001
[2016.03.18-20.12.32:623][179]LogBlueprintUserMessages: [SideScrollerCharacter_C_1] 600
[2016.03.18-20.12.32:639][180]LogBlueprintUserMessages: [SideScrollerCharacter_C_1] 600.001
[2016.03.18-20.12.32:655][181]LogBlueprintUserMessages: [SideScrollerCharacter_C_1] 600.001
[2016.03.18-20.12.32:672][182]LogBlueprintUserMessages: [SideScrollerCharacter_C_1] 600.001
[2016.03.18-20.12.32:688][183]LogBlueprintUserMessages: [SideScrollerCharacter_C_1] 600.001
[2016.03.18-20.12.32:704][184]LogBlueprintUserMessages: [SideScrollerCharacter_C_1] 600.001
[2016.03.18-20.12.32:720][185]LogBlueprintUserMessages: [SideScrollerCharacter_C_1] 600.001
[2016.03.18-20.12.32:736][186]LogBlueprintUserMessages: [SideScrollerCharacter_C_1] 600.001
[2016.03.18-20.12.32:752][187]LogBlueprintUserMessages: [SideScrollerCharacter_C_1] 600.001
[2016.03.18-20.12.32:768][188]LogBlueprintUserMessages: [SideScrollerCharacter_C_1] 600.001
[2016.03.18-20.12.32:784][189]LogBlueprintUserMessages: [SideScrollerCharacter_C_1] 600.001
[2016.03.18-20.12.32:800][190]LogBlueprintUserMessages: [SideScrollerCharacter_C_1] 600.001
[2016.03.18-20.12.32:817][191]LogBlueprintUserMessages: [SideScrollerCharacter_C_1] 600.001
[2016.03.18-20.12.32:833][192]LogBlueprintUserMessages: [SideScrollerCharacter_C_1] 600.001
[2016.03.18-20.12.32:849][193]LogBlueprintUserMessages: [SideScrollerCharacter_C_1] 600.001
[2016.03.18-20.12.32:865][194]LogBlueprintUserMessages: [SideScrollerCharacter_C_1] 600.001
[2016.03.18-20.12.32:881][195]LogBlueprintUserMessages: [SideScrollerCharacter_C_1] 600.001
[2016.03.18-20.12.32:897][196]LogBlueprintUserMessages: [SideScrollerCharacter_C_1] 600.001
[2016.03.18-20.12.32:913][197]LogBlueprintUserMessages: [SideScrollerCharacter_C_1] 600.001
[2016.03.18-20.12.32:929][198]LogBlueprintUserMessages: [SideScrollerCharacter_C_1] 600.001
[2016.03.18-20.12.32:946][199]LogBlueprintUserMessages: [SideScrollerCharacter_C_1] 600.001
[2016.03.18-20.12.32:962][200]LogBlueprintUserMessages: [SideScrollerCharacter_C_1] 600.001
[2016.03.18-20.12.32:978][201]LogBlueprintUserMessages: [SideScrollerCharacter_C_1] 600.001
[2016.03.18-20.12.32:994][202]LogBlueprintUserMessages: [SideScrollerCharacter_C_1] 600.001
[2016.03.18-20.12.33:010][203]LogBlueprintUserMessages: [SideScrollerCharacter_C_1] 600.001
[2016.03.18-20.12.33:026][204]LogBlueprintUserMessages: [SideScrollerCharacter_C_1] 600.001
[2016.03.18-20.12.33:042][205]LogBlueprintUserMessages: [SideScrollerCharacter_C_1] 600.001
[2016.03.18-20.12.33:058][206]LogBlueprintUserMessages: [SideScrollerCharacter_C_1] 600.001
[2016.03.18-20.12.33:075][207]LogBlueprintUserMessages: [SideScrollerCharacter_C_1] 600.001
[2016.03.18-20.12.33:091][208]LogBlueprintUserMessages: [SideScrollerCharacter_C_1] 600.001
[2016.03.18-20.12.33:107][209]LogBlueprintUserMessages: [SideScrollerCharacter_C_1] 600.001
[2016.03.18-20.12.33:123][210]LogBlueprintUserMessages: [SideScrollerCharacter_C_1] 600.001
[2016.03.18-20.12.33:139][211]LogBlueprintUserMessages: [SideScrollerCharacter_C_1] 600.001
[2016.03.18-20.12.33:155][212]LogBlueprintUserMessages: [SideScrollerCharacter_C_1] 600.001
[2016.03.18-20.12.33:171][213]LogBlueprintUserMessages: [SideScrollerCharacter_C_1] 600.001
[2016.03.18-20.12.33:188][214]LogBlueprintUserMessages: [SideScrollerCharacter_C_1] 600.001
[2016.03.18-20.12.33:204][215]LogBlueprintUserMessages: [SideScrollerCharacter_C_1] 600.001
[2016.03.18-20.12.33:220][216]LogBlueprintUserMessages: [SideScrollerCharacter_C_1] 600
[2016.03.18-20.12.33:236][217]LogBlueprintUserMessages: [SideScrollerCharacter_C_1] 600.001
[2016.03.18-20.12.33:252][218]LogBlueprintUserMessages: [SideScrollerCharacter_C_1] 600.001
[2016.03.18-20.12.33:268][219]LogBlueprintUserMessages: [SideScrollerCharacter_C_1] 600.001
[2016.03.18-20.12.33:284][220]LogBlueprintUserMessages: [SideScrollerCharacter_C_1] 599.998
[2016.03.18-20.12.33:300][221]LogBlueprintUserMessages: [SideScrollerCharacter_C_1] 600.001
[2016.03.18-20.12.33:317][222]LogBlueprintUserMessages: [SideScrollerCharacter_C_1] 600.001
[2016.03.18-20.12.33:333][223]LogBlueprintUserMessages: [SideScrollerCharacter_C_1] 600.001
[2016.03.18-20.12.33:349][224]LogBlueprintUserMessages: [SideScrollerCharacter_C_1] 600.001
[2016.03.18-20.12.33:365][225]LogBlueprintUserMessages: [SideScrollerCharacter_C_1] 600.001
[2016.03.18-20.12.33:381][226]LogBlueprintUserMessages: [SideScrollerCharacter_C_1] 600.001
[2016.03.18-20.12.33:397][227]LogBlueprintUserMessages: [SideScrollerCharacter_C_1] 600.001
[2016.03.18-20.12.33:413][228]LogBlueprintUserMessages: [SideScrollerCharacter_C_1] 600.001
[2016.03.18-20.12.33:429][229]LogBlueprintUserMessages: [SideScrollerCharacter_C_1] 600.001
[2016.03.18-20.12.33:446][230]LogBlueprintUserMessages: [SideScrollerCharacter_C_1] 600.001
[2016.03.18-20.12.33:462][231]LogBlueprintUserMessages: [SideScrollerCharacter_C_1] 600.001
[2016.03.18-20.12.33:478][232]LogBlueprintUserMessages: [SideScrollerCharacter_C_1] 600.001
[2016.03.18-20.12.33:494][233]LogBlueprintUserMessages: [SideScrollerCharacter_C_1] 600.001
[2016.03.18-20.12.33:510][234]LogBlueprintUserMessages: [SideScrollerCharacter_C_1] 600.001
[2016.03.18-20.12.33:526][235]LogBlueprintUserMessages: [SideScrollerCharacter_C_1] 600.001
[2016.03.18-20.12.33:542][236]LogBlueprintUserMessages: [SideScrollerCharacter_C_1] 600.001
[2016.03.18-20.12.33:558][237]LogBlueprintUserMessages: [SideScrollerCharacter_C_1] 600.001
[2016.03.18-20.12.33:575][238]LogBlueprintUserMessages: [SideScrollerCharacter_C_1] 600.001
[2016.03.18-20.12.33:591][239]LogBlueprintUserMessages: [SideScrollerCharacter_C_1] 600.001
[2016.03.18-20.12.33:607][240]LogBlueprintUserMessages: [SideScrollerCharacter_C_1] 600.001
[2016.03.18-20.12.33:623][241]LogBlueprintUserMessages: [SideScrollerCharacter_C_1] 600.001
[2016.03.18-20.12.33:639][242]LogBlueprintUserMessages: [SideScrollerCharacter_C_1] 600.001
[2016.03.18-20.12.33:655][243]LogBlueprintUserMessages: [SideScrollerCharacter_C_1] 600.001
[2016.03.18-20.12.33:672][244]LogBlueprintUserMessages: [SideScrollerCharacter_C_1] 600.001
[2016.03.18-20.12.33:688][245]LogBlueprintUserMessages: [SideScrollerCharacter_C_1] 600.001
[2016.03.18-20.12.33:704][246]LogBlueprintUserMessages: [SideScrollerCharacter_C_1] 600.001
[2016.03.18-20.12.33:720][247]LogBlueprintUserMessages: [SideScrollerCharacter_C_1] 600.001
[2016.03.18-20.12.33:736][248]LogBlueprintUserMessages: [SideScrollerCharacter_C_1] 600.001
[2016.03.18-20.12.33:752][249]LogBlueprintUserMessages: [SideScrollerCharacter_C_1] 600.001
[2016.03.18-20.12.33:768][250]LogBlueprintUserMessages: [SideScrollerCharacter_C_1] 600.001
[2016.03.18-20.12.33:784][251]LogBlueprintUserMessages: [SideScrollerCharacter_C_1] 600.001
[2016.03.18-20.12.33:800][252]LogBlueprintUserMessages: [SideScrollerCharacter_C_1] 600.001
[2016.03.18-20.12.33:817][253]LogBlueprintUserMessages: [SideScrollerCharacter_C_1] 600.001
[2016.03.18-20.12.33:833][254]LogBlueprintUserMessages: [SideScrollerCharacter_C_1] 600.001
[2016.03.18-20.12.33:849][255]LogBlueprintUserMessages: [SideScrollerCharacter_C_1] 600.001
[2016.03.18-20.12.33:865][256]LogBlueprintUserMessages: [SideScrollerCharacter_C_1] 600.001
[2016.03.18-20.12.33:881][257]LogBlueprintUserMessages: [SideScrollerCharacter_C_1] 600.001
[2016.03.18-20.12.33:897][258]LogBlueprintUserMessages: [SideScrollerCharacter_C_1] 600.001
[2016.03.18-20.12.33:913][259]LogBlueprintUserMessages: [SideScrollerCharacter_C_1] 600.001
[2016.03.18-20.12.33:929][260]LogBlueprintUserMessages: [SideScrollerCharacter_C_1] 600.001
[2016.03.18-20.12.33:946][261]LogBlueprintUserMessages: [SideScrollerCharacter_C_1] 600.001
[2016.03.18-20.12.33:962][262]LogBlueprintUserMessages: [SideScrollerCharacter_C_1] 600.001
[2016.03.18-20.12.33:978][263]LogBlueprintUserMessages: [SideScrollerCharacter_C_1] 600.001
[2016.03.18-20.12.33:994][264]LogBlueprintUserMessages: [SideScrollerCharacter_C_1] 600.001
[2016.03.18-20.12.34:010][265]LogBlueprintUserMessages: [SideScrollerCharacter_C_1] 600.001
[2016.03.18-20.12.34:026][266]LogBlueprintUserMessages: [SideScrollerCharacter_C_1] 600.001
[2016.03.18-20.12.34:042][267]LogBlueprintUserMessages: [SideScrollerCharacter_C_1] 600.001
[2016.03.18-20.12.34:058][268]LogBlueprintUserMessages: [SideScrollerCharacter_C_1] 600.001
[2016.03.18-20.12.34:075][269]LogBlueprintUserMessages: [SideScrollerCharacter_C_1] 600.001
[2016.03.18-20.12.34:091][270]LogBlueprintUserMessages: [SideScrollerCharacter_C_1] 600.001
[2016.03.18-20.12.34:107][271]LogBlueprintUserMessages: [SideScrollerCharacter_C_1] 600.001
[2016.03.18-20.12.34:123][272]LogBlueprintUserMessages: [SideScrollerCharacter_C_1] 600
[2016.03.18-20.12.34:139][273]LogBlueprintUserMessages: [SideScrollerCharacter_C_1] 600.001
[2016.03.18-20.12.34:155][274]LogBlueprintUserMessages: [SideScrollerCharacter_C_1] 600.001
[2016.03.18-20.12.34:173][275]LogBlueprintUserMessages: [SideScrollerCharacter_C_1] 600.001
[2016.03.18-20.12.34:188][276]LogBlueprintUserMessages: [SideScrollerCharacter_C_1] 599.999
[2016.03.18-20.12.34:204][277]LogBlueprintUserMessages: [SideScrollerCharacter_C_1] 600.001
[2016.03.18-20.12.34:220][278]LogBlueprintUserMessages: [SideScrollerCharacter_C_1] 600.001
[2016.03.18-20.12.34:236][279]LogBlueprintUserMessages: [SideScrollerCharacter_C_1] 600.001
[2016.03.18-20.12.34:252][280]LogBlueprintUserMessages: [SideScrollerCharacter_C_1] 600.001
[2016.03.18-20.12.34:269][281]LogBlueprintUserMessages: [SideScrollerCharacter_C_1] 600.003
[2016.03.18-20.12.34:285][282]LogBlueprintUserMessages: [SideScrollerCharacter_C_1] 600.001
[2016.03.18-20.12.34:302][283]LogBlueprintUserMessages: [SideScrollerCharacter_C_1] 600.001
[2016.03.18-20.12.34:318][284]LogBlueprintUserMessages: [SideScrollerCharacter_C_1] 600.001
[2016.03.18-20.12.34:334][285]LogBlueprintUserMessages: [SideScrollerCharacter_C_1] 600.001
[2016.03.18-20.12.34:350][286]LogBlueprintUserMessages: [SideScrollerCharacter_C_1] 600.001
[2016.03.18-20.12.34:366][287]LogBlueprintUserMessages: [SideScrollerCharacter_C_1] 600.001
[2016.03.18-20.12.34:382][288]LogBlueprintUserMessages: [SideScrollerCharacter_C_1] 600.001
[2016.03.18-20.12.34:398][289]LogBlueprintUserMessages: [SideScrollerCharacter_C_1] 600.001
[2016.03.18-20.12.34:414][290]LogBlueprintUserMessages: [SideScrollerCharacter_C_1] 600.001
[2016.03.18-20.12.34:431][291]LogBlueprintUserMessages: [SideScrollerCharacter_C_1] 600.001
[2016.03.18-20.12.34:447][292]LogBlueprintUserMessages: [SideScrollerCharacter_C_1] 600.001
[2016.03.18-20.12.34:463][293]LogBlueprintUserMessages: [SideScrollerCharacter_C_1] 600.001
[2016.03.18-20.12.34:479][294]LogBlueprintUserMessages: [SideScrollerCharacter_C_1] 600.001
[2016.03.18-20.12.34:495][295]LogBlueprintUserMessages: [SideScrollerCharacter_C_1] 600.001
[2016.03.18-20.12.34:511][296]LogBlueprintUserMessages: [SideScrollerCharacter_C_1] 600.001
[2016.03.18-20.12.34:527][297]LogBlueprintUserMessages: [SideScrollerCharacter_C_1] 600.001
[2016.03.18-20.12.34:543][298]LogBlueprintUserMessages: [SideScrollerCharacter_C_1] 600.001
[2016.03.18-20.12.34:560][299]LogBlueprintUserMessages: [SideScrollerCharacter_C_1] 600.001
[2016.03.18-20.12.34:576][300]LogBlueprintUserMessages: [SideScrollerCharacter_C_1] 600.001
[2016.03.18-20.12.34:592][301]LogBlueprintUserMessages: [SideScrollerCharacter_C_1] 599.994
[2016.03.18-20.12.34:608][302]LogBlueprintUserMessages: [SideScrollerCharacter_C_1] 599.994
[2016.03.18-20.12.34:609][302]LogPhysics:Warning: FBodyInstance::ApplyMaterialToShape_AssumesLocked : PComplexMats is empty - falling back on simple physical material.
[2016.03.18-20.12.34:609][302]LogPhysics:Warning: FBodyInstance::ApplyMaterialToShape_AssumesLocked : PComplexMats is empty - falling back on simple physical material.
[2016.03.18-20.12.34:624][303]PIE:Warning: Warning PushBoxBP_C_1.Box has to have 'CollisionEnabled' set to 'Query and Physics' or 'Physics only' if you'd like to AddImpulse. 
[2016.03.18-20.12.34:754][311]PIE:Warning: Warning PushBoxBP_C_1.StaticMesh Box_4 has to have 'CollisionEnabled' set to 'Query and Physics' or 'Physics only' if you'd like to AddForceAtLocation. 
[2016.03.18-20.23.45:525][834]LogEngine: All Windows Closed
[2016.03.18-20.23.45:525][834]LogWindows: FPlatformMisc::RequestExit(0)
[2016.03.18-20.23.46:316][835]LogExit: Preparing to exit.
[2016.03.18-20.23.46:601][835]LogExit: Game engine shut down
[2016.03.18-20.23.46:619][835]LogParticles: Destroying 0 GPU particle simulations for FXSystem 0x00000000114768E0
[2016.03.18-20.23.47:253][835]LogExit: Object subsystem successfully closed.
[2016.03.18-20.23.47:394][835]LogD3D11RHI: Shutdown
[2016.03.18-20.23.47:400][835]LogD3D11RHI: CleanupD3DDevice
[2016.03.18-20.23.47:478][835]LogD3D11RHI: ~FD3D11DynamicRHI
[2016.03.18-20.23.47:676][835]LogModuleManager: Shutting down and abandoning module AndroidDeviceDetection (117)
[2016.03.18-20.23.48:085][835]LogModuleManager: Shutting down and abandoning module AutomationController (116)
[2016.03.18-20.23.48:093][835]LogModuleManager: Shutting down and abandoning module AutomationWorker (115)
[2016.03.18-20.23.48:093][835]LogModuleManager: Shutting down and abandoning module CharacterAI (114)
[2016.03.18-20.23.48:093][835]LogModuleManager: Shutting down and abandoning module AITestSuite (113)
[2016.03.18-20.23.48:093][835]LogModuleManager: Shutting down and abandoning module GameplayDebugger (112)
[2016.03.18-20.23.48:098][835]LogModuleManager: Shutting down and abandoning module AIModule (111)
[2016.03.18-20.23.48:098][835]LogModuleManager: Shutting down and abandoning module MovieSceneCapture (110)
[2016.03.18-20.23.48:098][835]LogModuleManager: Shutting down and abandoning module GameLiveStreaming (109)
[2016.03.18-20.23.48:101][835]LogModuleManager: Shutting down and abandoning module StreamingPauseRendering (108)
[2016.03.18-20.23.48:101][835]LogModuleManager: Shutting down and abandoning module ProfilerService (107)
[2016.03.18-20.23.48:252][835]LogModuleManager: Shutting down and abandoning module TaskGraph (106)
[2016.03.18-20.23.48:289][835]LogModuleManager: Shutting down and abandoning module SlateRemote (105)
[2016.03.18-20.23.48:289][835]LogModuleManager: Shutting down and abandoning module SteamVRController (104)
[2016.03.18-20.23.48:289][835]LogModuleManager: Shutting down and abandoning module SteamVR (103)
[2016.03.18-20.23.48:289][835]LogModuleManager: Shutting down and abandoning module ProceduralMeshComponent (102)
[2016.03.18-20.23.48:289][835]LogModuleManager: Shutting down and abandoning module OculusLibrary (101)
[2016.03.18-20.23.48:289][835]LogModuleManager: Shutting down and abandoning module OculusInput (100)
[2016.03.18-20.23.48:289][835]LogModuleManager: Shutting down and abandoning module LeapMotionController (99)
[2016.03.18-20.23.48:328][835]LogModuleManager: Shutting down and abandoning module CustomMeshComponent (98)
[2016.03.18-20.23.48:328][835]LogModuleManager: Shutting down and abandoning module CableComponent (97)
[2016.03.18-20.23.48:334][835]LogModuleManager: Shutting down and abandoning module ArchVisCharacter (96)
[2016.03.18-20.23.48:334][835]LogModuleManager: Shutting down and abandoning module HTML5Networking (95)
[2016.03.18-20.23.48:334][835]LogModuleManager: Shutting down and abandoning module DesktopPlatform (94)
[2016.03.18-20.23.48:334][835]LogModuleManager: Shutting down and abandoning module DirectoryWatcher (93)
[2016.03.18-20.23.48:334][835]LogModuleManager: Shutting down and abandoning module HotReload (92)
[2016.03.18-20.23.48:335][835]LogModuleManager: Shutting down and abandoning module VisualStudioSourceCodeAccess (91)
[2016.03.18-20.23.48:335][835]LogModuleManager: Shutting down and abandoning module UObjectPlugin (90)
[2016.03.18-20.23.48:335][835]LogModuleManager: Shutting down and abandoning module SubversionSourceControl (89)
[2016.03.18-20.23.48:343][835]LogModuleManager: Shutting down and abandoning module SourceControl (88)
[2016.03.18-20.23.48:354][835]LogModuleManager: Shutting down and abandoning module PerforceSourceControl (87)
[2016.03.18-20.23.48:370][835]LogModuleManager: Shutting down and abandoning module UdpMessaging (86)
[2016.03.18-20.23.48:370][835]LogModuleManager: Shutting down and abandoning module LightPropagationVolumeRuntime (85)
[2016.03.18-20.23.48:370][835]LogModuleManager: Shutting down and abandoning module Paper2D (84)
[2016.03.18-20.23.48:375][835]LogModuleManager: Shutting down and abandoning module WindowsMoviePlayer (83)
[2016.03.18-20.23.48:378][835]LogModuleManager: Shutting down and abandoning module Media (82)
[2016.03.18-20.23.48:378][835]LogModuleManager: Shutting down and abandoning module WmfMedia (81)
[2016.03.18-20.23.48:392][835]LogModuleManager: Shutting down and abandoning module OnlineBlueprintSupport (80)
[2016.03.18-20.23.48:392][835]LogModuleManager: Shutting down and abandoning module GameplayTasksEditor (79)
[2016.03.18-20.23.48:392][835]LogModuleManager: Shutting down and abandoning module PropertyEditor (78)
[2016.03.18-20.23.48:393][835]LogModuleManager: Shutting down and abandoning module BehaviorTreeEditor (77)
[2016.03.18-20.23.48:403][835]LogModuleManager: Shutting down and abandoning module FunctionalTesting (76)
[2016.03.18-20.23.48:403][835]LogModuleManager: Shutting down and abandoning module CollisionAnalyzer (75)
[2016.03.18-20.23.48:414][835]LogModuleManager: Shutting down and abandoning module WorkspaceMenuStructure (74)
[2016.03.18-20.23.48:414][835]LogModuleManager: Shutting down and abandoning module MessageLog (73)
[2016.03.18-20.23.48:414][835]LogModuleManager: Shutting down and abandoning module Sequencer (72)
[2016.03.18-20.23.48:435][835]LogModuleManager: Shutting down and abandoning module AssetTools (71)
[2016.03.18-20.23.48:445][835]LogModuleManager: Shutting down and abandoning module UMGEditor (70)
[2016.03.18-20.23.48:466][835]LogModuleManager: Shutting down and abandoning module UMG (69)
[2016.03.18-20.23.48:472][835]LogModuleManager: Shutting down and abandoning module Slate (68)
[2016.03.18-20.23.48:472][835]LogModuleManager: Shutting down and abandoning module EditorStyle (67)
[2016.03.18-20.23.48:476][835]LogModuleManager: Shutting down and abandoning module SessionServices (66)
[2016.03.18-20.23.48:476][835]LogModuleManager: Shutting down and abandoning module SourceCodeAccess (65)
[2016.03.18-20.23.48:476][835]LogModuleManager: Shutting down and abandoning module HeadMountedDisplay (64)
[2016.03.18-20.23.48:476][835]LogModuleManager: Shutting down and abandoning module XAudio2 (63)
[2016.03.18-20.23.48:476][835]LogModuleManager: Shutting down and abandoning module Networking (61)
[2016.03.18-20.23.48:476][835]LogModuleManager: Shutting down and abandoning module Core (60)
[2016.03.18-20.23.48:476][835]LogModuleManager: Shutting down and abandoning module KismetCompiler (59)
[2016.03.18-20.23.48:476][835]LogModuleManager: Shutting down and abandoning module PhysXFormats (58)
[2016.03.18-20.23.48:476][835]LogModuleManager: Shutting down and abandoning module MeshUtilities (57)
[2016.03.18-20.23.48:477][835]LogModuleManager: Shutting down and abandoning module DerivedDataCache (56)
[2016.03.18-20.23.48:527][835]LogDerivedDataCache: Shutdown
[2016.03.18-20.23.48:527][835]LogModuleManager: Shutting down and abandoning module ShaderFormatOpenGL (55)
[2016.03.18-20.23.48:534][835]LogModuleManager: Shutting down and abandoning module ShaderFormatD3D (54)
[2016.03.18-20.23.48:534][835]LogModuleManager: Shutting down and abandoning module MetalShaderFormat (53)
[2016.03.18-20.23.48:535][835]LogModuleManager: Shutting down and abandoning module TextureFormatUncompressed (52)
[2016.03.18-20.23.48:535][835]LogModuleManager: Shutting down and abandoning module TextureFormatPVR (51)
[2016.03.18-20.23.48:535][835]LogModuleManager: Shutting down and abandoning module TextureFormatIntelISPCTexComp (50)
[2016.03.18-20.23.48:535][835]LogModuleManager: Shutting down and abandoning module TextureFormatDXT (49)
[2016.03.18-20.23.48:535][835]LogModuleManager: Shutting down and abandoning module ImageWrapper (48)
[2016.03.18-20.23.48:535][835]LogModuleManager: Shutting down and abandoning module TextureFormatASTC (47)
[2016.03.18-20.23.48:535][835]LogModuleManager: Shutting down and abandoning module TextureFormatAndroid (46)
[2016.03.18-20.23.48:535][835]LogModuleManager: Shutting down and abandoning module AudioFormatOpus (45)
[2016.03.18-20.23.48:544][835]LogModuleManager: Shutting down and abandoning module AudioFormatOgg (44)
[2016.03.18-20.23.48:544][835]LogModuleManager: Shutting down and abandoning module AudioFormatADPCM (43)
[2016.03.18-20.23.48:544][835]LogModuleManager: Shutting down and abandoning module LinuxTargetPlatform (42)
[2016.03.18-20.23.48:544][835]LogModuleManager: Shutting down and abandoning module LinuxServerTargetPlatform (41)
[2016.03.18-20.23.48:544][835]LogModuleManager: Shutting down and abandoning module LinuxNoEditorTargetPlatform (40)
[2016.03.18-20.23.48:545][835]LogModuleManager: Shutting down and abandoning module Messaging (39)
[2016.03.18-20.23.48:545][835]LogModuleManager: Shutting down and abandoning module IOSTargetPlatform (38)
[2016.03.18-20.23.48:545][835]LogModuleManager: Shutting down and abandoning module HTML5TargetPlatform (37)
[2016.03.18-20.23.48:545][835]LogModuleManager: Shutting down and abandoning module Android_PVRTCTargetPlatform (36)
[2016.03.18-20.23.48:545][835]LogModuleManager: Shutting down and abandoning module Android_MultiTargetPlatform (35)
[2016.03.18-20.23.48:545][835]LogModuleManager: Shutting down and abandoning module Android_ETC2TargetPlatform (34)
[2016.03.18-20.23.48:545][835]LogModuleManager: Shutting down and abandoning module Android_ETC1TargetPlatform (33)
[2016.03.18-20.23.48:545][835]LogModuleManager: Shutting down and abandoning module Android_DXTTargetPlatform (32)
[2016.03.18-20.23.48:545][835]LogModuleManager: Shutting down and abandoning module Android_ATCTargetPlatform (31)
[2016.03.18-20.23.48:545][835]LogModuleManager: Shutting down and abandoning module Android_ASTCTargetPlatform (30)
[2016.03.18-20.23.48:545][835]LogModuleManager: Shutting down and abandoning module AndroidTargetPlatform (29)
[2016.03.18-20.23.48:545][835]LogModuleManager: Shutting down and abandoning module WindowsTargetPlatform (28)
[2016.03.18-20.23.48:545][835]LogModuleManager: Shutting down and abandoning module WindowsServerTargetPlatform (27)
[2016.03.18-20.23.48:545][835]LogModuleManager: Shutting down and abandoning module WindowsNoEditorTargetPlatform (26)
[2016.03.18-20.23.48:545][835]LogModuleManager: Shutting down and abandoning module WindowsClientTargetPlatform (25)
[2016.03.18-20.23.48:545][835]LogModuleManager: Shutting down and abandoning module AllDesktopTargetPlatform (24)
[2016.03.18-20.23.48:545][835]LogModuleManager: Shutting down and abandoning module TargetPlatform (23)
[2016.03.18-20.23.48:545][835]LogModuleManager: Shutting down and abandoning module InputCore (22)
[2016.03.18-20.23.48:545][835]LogModuleManager: Shutting down and abandoning module Settings (21)
[2016.03.18-20.23.48:545][835]LogModuleManager: Shutting down and abandoning module OnlineSubsystem (19)
[2016.03.18-20.23.48:545][835]LogModuleManager: Shutting down and abandoning module HTTP (18)
[2016.03.18-20.23.48:545][835]LogModuleManager: Shutting down and abandoning module XMPP (17)
[2016.03.18-20.23.48:546][835]LogModuleManager: Shutting down and abandoning module OculusRift (16)
[2016.03.18-20.23.48:547][835]LogModuleManager: Shutting down and abandoning module ExampleDeviceProfileSelector (15)
[2016.03.18-20.23.48:547][835]LogModuleManager: Shutting down and abandoning module TextureCompressor (14)
[2016.03.18-20.23.48:557][835]LogModuleManager: Shutting down and abandoning module ShaderCore (13)
[2016.03.18-20.23.48:557][835]LogModuleManager: Shutting down and abandoning module Landscape (12)
[2016.03.18-20.23.48:557][835]LogModuleManager: Shutting down and abandoning module SlateRHIRenderer (11)
[2016.03.18-20.23.48:564][835]LogModuleManager: Shutting down and abandoning module OpenGLDrv (10)
[2016.03.18-20.23.48:568][835]LogModuleManager: Shutting down and abandoning module D3D11RHI (9)
[2016.03.18-20.23.48:568][835]LogModuleManager: Shutting down and abandoning module AnimGraphRuntime (8)
[2016.03.18-20.23.48:568][835]LogModuleManager: Shutting down and abandoning module Renderer (7)
[2016.03.18-20.23.48:568][835]LogModuleManager: Shutting down and abandoning module Engine (6)
[2016.03.18-20.23.48:568][835]LogModuleManager: Shutting down and abandoning module CoreUObject (5)
[2016.03.18-20.23.48:568][835]LogModuleManager: Shutting down and abandoning module NetworkFile (4)
[2016.03.18-20.23.48:568][835]LogModuleManager: Shutting down and abandoning module StreamingFile (3)
[2016.03.18-20.23.48:568][835]LogModuleManager: Shutting down and abandoning module SandboxFile (2)
[2016.03.18-20.23.48:573][835]LogModuleManager: Shutting down and abandoning module PakFile (1)
[2016.03.18-20.23.48:586][835]LogExit: Exiting.
[2016.03.18-20.23.48:596][835]Log file closed, 03/18/16 23:23:48
