[2016.03.27-19.06.06:543][  0]Log file open, 03/27/16 22:06:06
[2016.03.27-19.06.06:543][  0]LogInit:Display: Running engine for game: SCG
[2016.03.27-19.06.06:543][  0]LogPlatformFile: Not using cached read wrapper
[2016.03.27-19.06.06:543][  0]LogInit:Display: RandInit(2023854616) SRandInit(2023854618).
[2016.03.27-19.06.06:543][  0]LogTaskGraph: Started task graph with 4 named threads and 6 total threads.
[2016.03.27-19.06.06:543][  0]LogStats: Stats thread started at 0.231214
[2016.03.27-19.06.06:543][  0]LogInit: Version: 4.10.4-2872498+++depot+UE4-Releases+4.10
[2016.03.27-19.06.06:543][  0]LogInit: API Version: 2758231
[2016.03.27-19.06.06:543][  0]LogInit: Compiled (64-bit): Feb 18 2016 15:47:04
[2016.03.27-19.06.06:543][  0]LogInit: Compiled with Visual C++: 19.00.23026.00
[2016.03.27-19.06.06:543][  0]LogInit: Build Configuration: Development
[2016.03.27-19.06.06:543][  0]LogInit: Branch Name: ++depot+UE4-Releases+4.10
[2016.03.27-19.06.06:543][  0]LogInit: Command line:  /Temp/Autosaves/Game/SideScrollerBP/Maps/UEDPCSideScrollerExampleMap -game -PIEVIACONSOLE -ResX=1280 -ResY=720  -Multiprocess 
[2016.03.27-19.06.06:543][  0]LogInit: Base directory: C:/Program Files (x86)/Epic Games/4.10/Engine/Binaries/Win64/
[2016.03.27-19.06.06:543][  0]LogInit: Rocket: 1
[2016.03.27-19.06.06:565][  0]LogInit: Using libcurl 7.41.0
[2016.03.27-19.06.06:565][  0]LogInit:  - built for x86_64-pc-win32
[2016.03.27-19.06.06:565][  0]LogInit:  - supports SSL with WinSSL
[2016.03.27-19.06.06:565][  0]LogInit:  - other features:
[2016.03.27-19.06.06:565][  0]LogInit:      CURL_VERSION_SSL
[2016.03.27-19.06.06:565][  0]LogInit:      CURL_VERSION_IPV6
[2016.03.27-19.06.06:565][  0]LogInit:      CURL_VERSION_ASYNCHDNS
[2016.03.27-19.06.06:565][  0]LogInit:      CURL_VERSION_LARGEFILE
[2016.03.27-19.06.06:565][  0]LogInit:      CURL_VERSION_IDN
[2016.03.27-19.06.06:565][  0]LogInit:  CurlRequestOptions (configurable via config and command line):
[2016.03.27-19.06.06:565][  0]LogInit:  - bVerifyPeer = true  - Libcurl will verify peer certificate
[2016.03.27-19.06.06:565][  0]LogInit:  - bUseHttpProxy = false  - Libcurl will NOT use HTTP proxy
[2016.03.27-19.06.06:565][  0]LogInit:  - bDontReuseConnections = false  - Libcurl will reuse connections
[2016.03.27-19.06.06:565][  0]LogInit:  - CertBundlePath = nullptr  - Libcurl will use whatever was configured at build time.
[2016.03.27-19.06.06:574][  0]LogInit: Presizing for 0 objects not considered by GC, pre-allocating 0 bytes.
[2016.03.27-19.06.06:586][  0]LogInit: Object subsystem initialized
[2016.03.27-19.06.06:588][  0]LogInit: Selected Device Profile: [Windows]
[2016.03.27-19.06.06:588][  0]LogInit: Applying CVar settings loaded from the selected device profile: [Windows]
[2016.03.27-19.06.06:593][  0]LogInit: Computer: SS-ПК
[2016.03.27-19.06.06:593][  0]LogInit: User: SS
[2016.03.27-19.06.06:593][  0]LogInit: CPU Page size=4096, Cores=3
[2016.03.27-19.06.06:593][  0]LogInit: High frequency timer resolution =3.433251 MHz
[2016.03.27-19.06.06:593][  0]LogMemory: Memory total: Physical=8.0GB (8GB approx)
[2016.03.27-19.06.06:594][  0]LogMemory: Platform Memory Stats for Windows
[2016.03.27-19.06.06:594][  0]LogMemory: Process Physical Memory: 56.55 MB used, 56.55 MB peak
[2016.03.27-19.06.06:594][  0]LogMemory: Process Virtual Memory: 57.01 MB used, 57.01 MB peak
[2016.03.27-19.06.06:594][  0]LogMemory: Physical Memory: 6874.33 MB used, 8189.55 MB total
[2016.03.27-19.06.06:594][  0]LogMemory: Virtual Memory: 351.31 MB used, 8388608.00 MB total
[2016.03.27-19.06.06:691][  0]LogTextLocalizationManager: No translations for ('ru-RU') exist, falling back to 'en' for localization and internationalization data.
[2016.03.27-19.06.07:545][  0]LogD3D11RHI: Found D3D11 adapter 0: AMD Radeon R9 200 Series (Feature Level 11_0)
[2016.03.27-19.06.07:545][  0]LogD3D11RHI: Adapter has 3051MB of dedicated video memory, 0MB of dedicated system memory, and 3838MB of shared system memory, 1 output[s]
[2016.03.27-19.06.07:545][  0]LogD3D11RHI: Chosen D3D11 Adapter Id = 0
[2016.03.27-19.06.07:554][  0]LogD3D11RHI: !Direct3DDevice
[2016.03.27-19.06.07:554][  0]LogRHI: Texture pool is 1361 MB (70% of 1945 MB)
[2016.03.27-19.06.07:563][  0]LogD3D11RHI: Async texture creation disabled: no driver support
[2016.03.27-19.06.07:655][  0]LogShaderCompilers: Guid format shader working directory is -6 characters bigger than the processId version (../../../../../../Users/SS/Documents/GitHub/SCG_1/Intermediate/Shaders/WorkingDirectory/7252/).
[2016.03.27-19.06.07:656][  0]LogShaderCompilers: Cleaned the shader compiler working directory 'C:/Users/SS/AppData/Local/Temp/UnrealShaderWorkingDir/B4B93D36429F26489B9141B600323AE2/'.
[2016.03.27-19.06.07:656][  0]LogShaderCompilers:Display: Using Local Shader Compiler.
[2016.03.27-19.06.14:822][  0]LogTemp:Display: Loaded TP AllDesktopTargetPlatform
[2016.03.27-19.06.14:843][  0]LogTemp:Display: Loaded TP WindowsClientTargetPlatform
[2016.03.27-19.06.14:853][  0]LogTemp:Display: Loaded TP WindowsNoEditorTargetPlatform
[2016.03.27-19.06.14:867][  0]LogTemp:Display: Loaded TP WindowsServerTargetPlatform
[2016.03.27-19.06.14:889][  0]LogTemp:Display: Loaded TP WindowsTargetPlatform
[2016.03.27-19.06.14:917][  0]LogTemp:Display: Loaded TP AndroidTargetPlatform
[2016.03.27-19.06.14:952][  0]LogTemp:Display: Loaded TP Android_ASTCTargetPlatform
[2016.03.27-19.06.14:958][  0]LogTemp:Display: Loaded TP Android_ATCTargetPlatform
[2016.03.27-19.06.15:016][  0]LogTemp:Display: Loaded TP Android_DXTTargetPlatform
[2016.03.27-19.06.15:047][  0]LogTemp:Display: Loaded TP Android_ETC1TargetPlatform
[2016.03.27-19.06.15:071][  0]LogTemp:Display: Loaded TP Android_ETC2TargetPlatform
[2016.03.27-19.06.15:096][  0]LogTemp:Display: Loaded TP Android_MultiTargetPlatform
[2016.03.27-19.06.15:096][  0]LogTemp:Display: Loaded TP Android_PVRTCTargetPlatform
[2016.03.27-19.06.15:111][  0]LogTemp:Display: Loaded TP HTML5TargetPlatform
[2016.03.27-19.06.15:250][  0]LogTemp:Display: Loaded TP IOSTargetPlatform
[2016.03.27-19.06.15:258][  0]LogTemp:Display: Loaded TP LinuxNoEditorTargetPlatform
[2016.03.27-19.06.15:273][  0]LogTemp:Display: Loaded TP LinuxServerTargetPlatform
[2016.03.27-19.06.15:324][  0]LogTemp:Display: Loaded TP LinuxTargetPlatform
[2016.03.27-19.06.15:327][  0]LogTargetPlatformManager:Display: Building Assets For Windows
[2016.03.27-19.06.16:360][  0]LogDerivedDataCache:Display: Max Cache Size: 512 MB
[2016.03.27-19.06.18:535][  0]LogDerivedDataCache: Loaded boot cache 2.17s 41MB C:/Users/SS/AppData/Local/UnrealEngine/4.10/DerivedDataCache/Boot.ddc.
[2016.03.27-19.06.18:535][  0]LogDerivedDataCache:Display: Loaded Boot cache: C:/Users/SS/AppData/Local/UnrealEngine/4.10/DerivedDataCache/Boot.ddc
[2016.03.27-19.06.18:535][  0]LogDerivedDataCache: FDerivedDataBackendGraph:  Pak pak cache file ../../../../../../Users/SS/Documents/GitHub/SCG_1/DerivedDataCache/DDC.ddp not found, will not use a pak cache.
[2016.03.27-19.06.18:535][  0]LogDerivedDataCache: Unable to find inner node Pak for hierarchical cache Hierarchy.
[2016.03.27-19.06.18:535][  0]LogDerivedDataCache: FDerivedDataBackendGraph:  CompressedPak pak cache file ../../../../../../Users/SS/Documents/GitHub/SCG_1/DerivedDataCache/Compressed.ddp not found, will not use a pak cache.
[2016.03.27-19.06.18:535][  0]LogDerivedDataCache: Unable to find inner node CompressedPak for hierarchical cache Hierarchy.
[2016.03.27-19.06.18:958][  0]LogDerivedDataCache:Display: Pak cache opened for reading ../../../Engine/DerivedDataCache/Compressed.ddp.
[2016.03.27-19.06.18:970][  0]LogDerivedDataCache: Using Local data cache path C:/Users/SS/AppData/Local/UnrealEngine/Common/DerivedDataCache: Writable
[2016.03.27-19.06.22:835][  0]LogInit: Selected Device Profile: [Windows]
[2016.03.27-19.06.22:836][  0]LogContentStreaming: Texture pool size is 1000.000000MB
[2016.03.27-19.06.22:916][  0]LogMeshUtilities: No automatic mesh reduction module available
[2016.03.27-19.06.22:916][  0]LogMeshUtilities: No automatic mesh merging module available
[2016.03.27-19.06.23:723][  0]LogInit: WinSock: version 1.1 (2.2), MaxSocks=32767, MaxUdp=65467
[2016.03.27-19.06.24:912][  0]LogWindowsMoviePlayer: Unable to load movie: ../../../../../../Users/SS/Documents/GitHub/SCG_1/Content/Movies/Default_Startup.mp4
[2016.03.27-19.06.25:132][  0]SourceControl: Info Source control is disabled
[2016.03.27-19.06.25:133][  0]SourceControl: Info Source control is disabled
[2016.03.27-19.06.25:172][  0]SourceControl: Info Source control is disabled
[2016.03.27-19.06.25:632][  0]LogObj: 27935 objects as part of root set at end of initial load.
[2016.03.27-19.06.25:632][  0]LogUObjectAllocator: 5830072 out of 0 bytes used by permanent object pool.
[2016.03.27-19.06.25:887][  0]LogEngine: Initializing Engine...
[2016.03.27-19.06.25:904][  0]LogHMD: Can't find Oculus library dev build: is proper Runtime installed? Version: 0.8.0.0
[2016.03.27-19.06.25:911][  0]LogHMD: SteamVR failed to initialize.  Err: 110
[2016.03.27-19.06.26:052][  0]LogInit: XAudio2 using 'Динамики (Realtek High Definition Audio)' : 2 channels at 48 kHz using 32 bits per sample (channel mask 0x3)
[2016.03.27-19.06.26:145][  0]LogInit: FAudioDevice initialized.
[2016.03.27-19.06.26:156][  0]LogInit: Texture streaming: Enabled
[2016.03.27-19.06.26:423][  0]LogNet: Browse: /Temp/Autosaves/Game/SideScrollerBP/Maps/UEDPCSideScrollerExampleMap?Name=Player
[2016.03.27-19.06.26:423][  0]LogLoad: LoadMap: /Temp/Autosaves/Game/SideScrollerBP/Maps/UEDPCSideScrollerExampleMap?Name=Player
[2016.03.27-19.06.26:445][  0]LogParticles: Destroying 0 GPU particle simulations for FXSystem 0x0000000012DD4F40
[2016.03.27-19.06.26:461][  0]LogMemory: Platform Memory Stats for Windows
[2016.03.27-19.06.26:461][  0]LogMemory: Process Physical Memory: 382.99 MB used, 382.99 MB peak
[2016.03.27-19.06.26:461][  0]LogMemory: Process Virtual Memory: 355.21 MB used, 355.21 MB peak
[2016.03.27-19.06.26:461][  0]LogMemory: Physical Memory: 7165.08 MB used, 8189.55 MB total
[2016.03.27-19.06.26:461][  0]LogMemory: Virtual Memory: 881.97 MB used, 8388608.00 MB total
[2016.03.27-19.06.26:465][  0]LogMemory: 
[2016.03.27-19.06.26:465][  0]Allocator Stats for TBB: (not implemented)
[2016.03.27-19.06.29:496][  0]LogAIModule: Creating AISystem for world SideScrollerExampleMap
[2016.03.27-19.06.29:507][  0]LogWorld: Game class is 'GameModeSCG_C'
[2016.03.27-19.06.29:518][  0]LogWorld: Bringing World /Temp/Autosaves/Game/SideScrollerBP/Maps/UEDPCSideScrollerExampleMap.SideScrollerExampleMap up for play (max tick rate 0) at 2016.03.27-22.06.29
[2016.03.27-19.06.29:519][  0]LogWorld: Bringing up level for play took: 0.010224
[2016.03.27-19.06.29:519][  0]LogPathFollowing:Warning: No NavigationData found while trying to cache it for AIController_0's PathFollowingComponent
[2016.03.27-19.06.29:520][  0]LogInit:Display: Game Engine Initialized.
[2016.03.27-19.06.29:800][  0]LogLoad: Full Startup: 23.83 seconds (BP compile: 0.31 seconds)
[2016.03.27-19.06.29:825][  0]LogOcInput: Can't find Oculus library dev build: is proper Runtime installed? Version: 0.8.0.0
[2016.03.27-19.06.29:916][  0]LogRenderer: Reallocating scene render targets to support 128x128 (Frame:1).
[2016.03.27-19.06.30:090][  1]LogRenderer: Reallocating scene render targets to support 1280x720 (Frame:2).
[2016.03.27-19.06.52:463][377]LogBlueprintUserMessages: [SideScrollerCharacter_C_1] 0
[2016.03.27-19.06.52:479][378]LogBlueprintUserMessages: [SideScrollerCharacter_C_1] 0
[2016.03.27-19.06.52:495][379]LogBlueprintUserMessages: [SideScrollerCharacter_C_1] 0
[2016.03.27-19.06.52:511][380]LogBlueprintUserMessages: [SideScrollerCharacter_C_1] 0
[2016.03.27-19.06.52:527][381]LogBlueprintUserMessages: [SideScrollerCharacter_C_1] 0
[2016.03.27-19.06.52:544][382]LogBlueprintUserMessages: [SideScrollerCharacter_C_1] 0
[2016.03.27-19.06.52:560][383]LogBlueprintUserMessages: [SideScrollerCharacter_C_1] 33.033
[2016.03.27-19.06.52:576][384]LogBlueprintUserMessages: [SideScrollerCharacter_C_1] 66.067
[2016.03.27-19.06.52:592][385]LogBlueprintUserMessages: [SideScrollerCharacter_C_1] 99.1
[2016.03.27-19.06.52:608][386]LogBlueprintUserMessages: [SideScrollerCharacter_C_1] 132.134
[2016.03.27-19.06.52:624][387]LogBlueprintUserMessages: [SideScrollerCharacter_C_1] 165.167
[2016.03.27-19.06.52:641][388]LogBlueprintUserMessages: [SideScrollerCharacter_C_1] 198.2
[2016.03.27-19.06.52:657][389]LogBlueprintUserMessages: [SideScrollerCharacter_C_1] 231.234
[2016.03.27-19.06.52:673][390]LogBlueprintUserMessages: [SideScrollerCharacter_C_1] 264.267
[2016.03.27-19.06.52:689][391]LogBlueprintUserMessages: [SideScrollerCharacter_C_1] 297.301
[2016.03.27-19.06.52:705][392]LogBlueprintUserMessages: [SideScrollerCharacter_C_1] 330.334
[2016.03.27-19.06.52:721][393]LogBlueprintUserMessages: [SideScrollerCharacter_C_1] 363.367
[2016.03.27-19.06.52:737][394]LogBlueprintUserMessages: [SideScrollerCharacter_C_1] 396.401
[2016.03.27-19.06.52:753][395]LogBlueprintUserMessages: [SideScrollerCharacter_C_1] 429.432
[2016.03.27-19.06.52:770][396]LogBlueprintUserMessages: [SideScrollerCharacter_C_1] 462.464
[2016.03.27-19.06.52:786][397]LogBlueprintUserMessages: [SideScrollerCharacter_C_1] 495.495
[2016.03.27-19.06.52:802][398]LogBlueprintUserMessages: [SideScrollerCharacter_C_1] 528.527
[2016.03.27-19.06.52:818][399]LogBlueprintUserMessages: [SideScrollerCharacter_C_1] 561.558
[2016.03.27-19.06.52:834][400]LogBlueprintUserMessages: [SideScrollerCharacter_C_1] 594.59
[2016.03.27-19.06.52:850][401]LogBlueprintUserMessages: [SideScrollerCharacter_C_1] 600.001
[2016.03.27-19.06.52:866][402]LogBlueprintUserMessages: [SideScrollerCharacter_C_1] 600.001
[2016.03.27-19.06.52:882][403]LogBlueprintUserMessages: [SideScrollerCharacter_C_1] 600.001
[2016.03.27-19.06.52:898][404]LogBlueprintUserMessages: [SideScrollerCharacter_C_1] 600.001
[2016.03.27-19.06.52:915][405]LogBlueprintUserMessages: [SideScrollerCharacter_C_1] 600.001
[2016.03.27-19.06.52:931][406]LogBlueprintUserMessages: [SideScrollerCharacter_C_1] 600.001
[2016.03.27-19.06.52:947][407]LogBlueprintUserMessages: [SideScrollerCharacter_C_1] 600.001
[2016.03.27-19.06.52:963][408]LogBlueprintUserMessages: [SideScrollerCharacter_C_1] 600.001
[2016.03.27-19.06.52:979][409]LogBlueprintUserMessages: [SideScrollerCharacter_C_1] 599.999
[2016.03.27-19.06.52:996][410]LogBlueprintUserMessages: [SideScrollerCharacter_C_1] 600.001
[2016.03.27-19.06.53:012][411]LogBlueprintUserMessages: [SideScrollerCharacter_C_1] 600.001
[2016.03.27-19.06.53:028][412]LogBlueprintUserMessages: [SideScrollerCharacter_C_1] 600.001
[2016.03.27-19.06.53:044][413]LogBlueprintUserMessages: [SideScrollerCharacter_C_1] 600.001
[2016.03.27-19.06.53:060][414]LogBlueprintUserMessages: [SideScrollerCharacter_C_1] 600.001
[2016.03.27-19.06.53:076][415]LogBlueprintUserMessages: [SideScrollerCharacter_C_1] 600.001
[2016.03.27-19.06.53:092][416]LogBlueprintUserMessages: [SideScrollerCharacter_C_1] 600.001
[2016.03.27-19.06.53:108][417]LogBlueprintUserMessages: [SideScrollerCharacter_C_1] 600.001
[2016.03.27-19.06.53:125][418]LogBlueprintUserMessages: [SideScrollerCharacter_C_1] 600.001
[2016.03.27-19.06.53:141][419]LogBlueprintUserMessages: [SideScrollerCharacter_C_1] 600.001
[2016.03.27-19.06.53:157][420]LogBlueprintUserMessages: [SideScrollerCharacter_C_1] 600.001
[2016.03.27-19.06.53:173][421]LogBlueprintUserMessages: [SideScrollerCharacter_C_1] 600.001
[2016.03.27-19.06.53:189][422]LogBlueprintUserMessages: [SideScrollerCharacter_C_1] 600.001
[2016.03.27-19.06.53:205][423]LogBlueprintUserMessages: [SideScrollerCharacter_C_1] 600.001
[2016.03.27-19.06.53:221][424]LogBlueprintUserMessages: [SideScrollerCharacter_C_1] 600.001
[2016.03.27-19.06.53:237][425]LogBlueprintUserMessages: [SideScrollerCharacter_C_1] 600.001
[2016.03.27-19.06.53:254][426]LogBlueprintUserMessages: [SideScrollerCharacter_C_1] 600.001
[2016.03.27-19.06.53:270][427]LogBlueprintUserMessages: [SideScrollerCharacter_C_1] 600.001
[2016.03.27-19.06.53:286][428]LogBlueprintUserMessages: [SideScrollerCharacter_C_1] 600.001
[2016.03.27-19.06.53:302][429]LogBlueprintUserMessages: [SideScrollerCharacter_C_1] 600.002
[2016.03.27-19.06.53:318][430]LogBlueprintUserMessages: [SideScrollerCharacter_C_1] 600.001
[2016.03.27-19.06.53:334][431]LogBlueprintUserMessages: [SideScrollerCharacter_C_1] 600.001
[2016.03.27-19.06.53:350][432]LogBlueprintUserMessages: [SideScrollerCharacter_C_1] 600.001
[2016.03.27-19.06.53:366][433]LogBlueprintUserMessages: [SideScrollerCharacter_C_1] 600.001
[2016.03.27-19.06.53:384][434]LogBlueprintUserMessages: [SideScrollerCharacter_C_1] 600.001
[2016.03.27-19.06.53:400][435]LogBlueprintUserMessages: [SideScrollerCharacter_C_1] 600.001
[2016.03.27-19.06.53:416][436]LogBlueprintUserMessages: [SideScrollerCharacter_C_1] 600.001
[2016.03.27-19.06.53:432][437]LogBlueprintUserMessages: [SideScrollerCharacter_C_1] 600.001
[2016.03.27-19.06.53:448][438]LogBlueprintUserMessages: [SideScrollerCharacter_C_1] 600.001
[2016.03.27-19.06.53:464][439]LogBlueprintUserMessages: [SideScrollerCharacter_C_1] 600.001
[2016.03.27-19.06.53:480][440]LogBlueprintUserMessages: [SideScrollerCharacter_C_1] 600.001
[2016.03.27-19.06.53:497][441]LogBlueprintUserMessages: [SideScrollerCharacter_C_1] 600.001
[2016.03.27-19.06.53:513][442]LogBlueprintUserMessages: [SideScrollerCharacter_C_1] 600.001
[2016.03.27-19.06.53:529][443]LogBlueprintUserMessages: [SideScrollerCharacter_C_1] 600.001
[2016.03.27-19.06.53:545][444]LogBlueprintUserMessages: [SideScrollerCharacter_C_1] 600.001
[2016.03.27-19.06.53:561][445]LogBlueprintUserMessages: [SideScrollerCharacter_C_1] 600.001
[2016.03.27-19.06.53:577][446]LogBlueprintUserMessages: [SideScrollerCharacter_C_1] 600.001
[2016.03.27-19.06.53:593][447]LogBlueprintUserMessages: [SideScrollerCharacter_C_1] 600.001
[2016.03.27-19.06.53:609][448]LogBlueprintUserMessages: [SideScrollerCharacter_C_1] 600.001
[2016.03.27-19.06.53:626][449]LogBlueprintUserMessages: [SideScrollerCharacter_C_1] 600.001
[2016.03.27-19.06.53:642][450]LogBlueprintUserMessages: [SideScrollerCharacter_C_1] 599.998
[2016.03.27-19.06.53:658][451]LogBlueprintUserMessages: [SideScrollerCharacter_C_1] 600.001
[2016.03.27-19.06.53:674][452]LogBlueprintUserMessages: [SideScrollerCharacter_C_1] 600.001
[2016.03.27-19.06.53:690][453]LogBlueprintUserMessages: [SideScrollerCharacter_C_1] 600.001
[2016.03.27-19.06.53:706][454]LogBlueprintUserMessages: [SideScrollerCharacter_C_1] 600.001
[2016.03.27-19.06.53:722][455]LogBlueprintUserMessages: [SideScrollerCharacter_C_1] 600.001
[2016.03.27-19.06.53:739][456]LogBlueprintUserMessages: [SideScrollerCharacter_C_1] 600.001
[2016.03.27-19.06.53:755][457]LogBlueprintUserMessages: [SideScrollerCharacter_C_1] 600
[2016.03.27-19.06.53:771][458]LogBlueprintUserMessages: [SideScrollerCharacter_C_1] 600.001
[2016.03.27-19.06.53:787][459]LogBlueprintUserMessages: [SideScrollerCharacter_C_1] 600.001
[2016.03.27-19.06.53:803][460]LogBlueprintUserMessages: [SideScrollerCharacter_C_1] 600
[2016.03.27-19.06.53:819][461]LogBlueprintUserMessages: [SideScrollerCharacter_C_1] 600.001
[2016.03.27-19.06.53:835][462]LogBlueprintUserMessages: [SideScrollerCharacter_C_1] 600.001
[2016.03.27-19.06.53:851][463]LogBlueprintUserMessages: [SideScrollerCharacter_C_1] 600.001
[2016.03.27-19.06.53:868][464]LogBlueprintUserMessages: [SideScrollerCharacter_C_1] 600.001
[2016.03.27-19.06.53:884][465]LogBlueprintUserMessages: [SideScrollerCharacter_C_1] 600.001
[2016.03.27-19.06.53:900][466]LogBlueprintUserMessages: [SideScrollerCharacter_C_1] 600.001
[2016.03.27-19.06.53:916][467]LogBlueprintUserMessages: [SideScrollerCharacter_C_1] 599.999
[2016.03.27-19.06.53:932][468]LogBlueprintUserMessages: [SideScrollerCharacter_C_1] 600.001
[2016.03.27-19.06.53:948][469]LogBlueprintUserMessages: [SideScrollerCharacter_C_1] 600.001
[2016.03.27-19.06.53:964][470]LogBlueprintUserMessages: [SideScrollerCharacter_C_1] 600.001
[2016.03.27-19.06.53:980][471]LogBlueprintUserMessages: [SideScrollerCharacter_C_1] 600.001
[2016.03.27-19.06.53:997][472]LogBlueprintUserMessages: [SideScrollerCharacter_C_1] 600.001
[2016.03.27-19.06.54:013][473]LogBlueprintUserMessages: [SideScrollerCharacter_C_1] 600.001
[2016.03.27-19.06.54:029][474]LogBlueprintUserMessages: [SideScrollerCharacter_C_1] 600.001
[2016.03.27-19.06.54:045][475]LogBlueprintUserMessages: [SideScrollerCharacter_C_1] 599.999
[2016.03.27-19.06.54:061][476]LogBlueprintUserMessages: [SideScrollerCharacter_C_1] 600.001
[2016.03.27-19.06.54:077][477]LogBlueprintUserMessages: [SideScrollerCharacter_C_1] 600.001
[2016.03.27-19.06.54:093][478]LogBlueprintUserMessages: [SideScrollerCharacter_C_1] 600.001
[2016.03.27-19.06.54:110][479]LogBlueprintUserMessages: [SideScrollerCharacter_C_1] 600.001
[2016.03.27-19.06.54:126][480]LogBlueprintUserMessages: [SideScrollerCharacter_C_1] 600.001
[2016.03.27-19.06.54:142][481]LogBlueprintUserMessages: [SideScrollerCharacter_C_1] 600.001
[2016.03.27-19.06.54:158][482]LogBlueprintUserMessages: [SideScrollerCharacter_C_1] 600.001
[2016.03.27-19.06.54:174][483]LogBlueprintUserMessages: [SideScrollerCharacter_C_1] 600.001
[2016.03.27-19.06.54:190][484]LogBlueprintUserMessages: [SideScrollerCharacter_C_1] 600.001
[2016.03.27-19.06.54:206][485]LogBlueprintUserMessages: [SideScrollerCharacter_C_1] 600.001
[2016.03.27-19.06.54:222][486]LogBlueprintUserMessages: [SideScrollerCharacter_C_1] 600.001
[2016.03.27-19.06.54:239][487]LogBlueprintUserMessages: [SideScrollerCharacter_C_1] 600.001
[2016.03.27-19.06.54:255][488]LogBlueprintUserMessages: [SideScrollerCharacter_C_1] 600.001
[2016.03.27-19.06.54:271][489]LogBlueprintUserMessages: [SideScrollerCharacter_C_1] 600.001
[2016.03.27-19.06.54:287][490]LogBlueprintUserMessages: [SideScrollerCharacter_C_1] 600.001
[2016.03.27-19.06.54:303][491]LogBlueprintUserMessages: [SideScrollerCharacter_C_1] 600.001
[2016.03.27-19.06.54:319][492]LogBlueprintUserMessages: [SideScrollerCharacter_C_1] 600.001
[2016.03.27-19.06.54:335][493]LogBlueprintUserMessages: [SideScrollerCharacter_C_1] 600.001
[2016.03.27-19.06.54:351][494]LogBlueprintUserMessages: [SideScrollerCharacter_C_1] 600.001
[2016.03.27-19.06.54:368][495]LogBlueprintUserMessages: [SideScrollerCharacter_C_1] 600.001
[2016.03.27-19.06.54:384][496]LogBlueprintUserMessages: [SideScrollerCharacter_C_1] 600.001
[2016.03.27-19.06.54:400][497]LogBlueprintUserMessages: [SideScrollerCharacter_C_1] 600.001
[2016.03.27-19.06.54:416][498]LogBlueprintUserMessages: [SideScrollerCharacter_C_1] 600.001
[2016.03.27-19.06.54:432][499]LogBlueprintUserMessages: [SideScrollerCharacter_C_1] 600.001
[2016.03.27-19.06.54:448][500]LogBlueprintUserMessages: [SideScrollerCharacter_C_1] 600.001
[2016.03.27-19.06.54:464][501]LogBlueprintUserMessages: [SideScrollerCharacter_C_1] 600.001
[2016.03.27-19.06.54:480][502]LogBlueprintUserMessages: [SideScrollerCharacter_C_1] 600.001
[2016.03.27-19.06.54:498][503]LogBlueprintUserMessages: [SideScrollerCharacter_C_1] 600.001
[2016.03.27-19.06.54:516][504]LogBlueprintUserMessages: [SideScrollerCharacter_C_1] 599.999
[2016.03.27-19.06.54:532][505]LogBlueprintUserMessages: [SideScrollerCharacter_C_1] 600.001
[2016.03.27-19.06.54:548][506]LogBlueprintUserMessages: [SideScrollerCharacter_C_1] 600.001
[2016.03.27-19.06.54:564][507]LogBlueprintUserMessages: [SideScrollerCharacter_C_1] 600.001
[2016.03.27-19.06.54:580][508]LogBlueprintUserMessages: [SideScrollerCharacter_C_1] 600.001
[2016.03.27-19.06.54:596][509]LogBlueprintUserMessages: [SideScrollerCharacter_C_1] 600.001
[2016.03.27-19.06.54:613][510]LogBlueprintUserMessages: [SideScrollerCharacter_C_1] 600.001
[2016.03.27-19.06.54:629][511]LogBlueprintUserMessages: [SideScrollerCharacter_C_1] 600.001
[2016.03.27-19.06.54:645][512]LogBlueprintUserMessages: [SideScrollerCharacter_C_1] 600.001
[2016.03.27-19.06.54:661][513]LogBlueprintUserMessages: [SideScrollerCharacter_C_1] 600.001
[2016.03.27-19.06.54:677][514]LogBlueprintUserMessages: [SideScrollerCharacter_C_1] 600.001
[2016.03.27-19.06.54:693][515]LogBlueprintUserMessages: [SideScrollerCharacter_C_1] 600.001
[2016.03.27-19.06.54:709][516]LogBlueprintUserMessages: [SideScrollerCharacter_C_1] 600.001
[2016.03.27-19.06.54:726][517]LogBlueprintUserMessages: [SideScrollerCharacter_C_1] 600.001
[2016.03.27-19.06.54:742][518]LogBlueprintUserMessages: [SideScrollerCharacter_C_1] 600.002
[2016.03.27-19.06.54:758][519]LogBlueprintUserMessages: [SideScrollerCharacter_C_1] 600.001
[2016.03.27-19.06.54:774][520]LogBlueprintUserMessages: [SideScrollerCharacter_C_1] 600.001
[2016.03.27-19.06.54:790][521]LogBlueprintUserMessages: [SideScrollerCharacter_C_1] 600.001
[2016.03.27-19.06.54:806][522]LogBlueprintUserMessages: [SideScrollerCharacter_C_1] 600.001
[2016.03.27-19.06.54:822][523]LogBlueprintUserMessages: [SideScrollerCharacter_C_1] 600.001
[2016.03.27-19.06.54:838][524]LogBlueprintUserMessages: [SideScrollerCharacter_C_1] 600.001
[2016.03.27-19.06.54:854][525]LogBlueprintUserMessages: [SideScrollerCharacter_C_1] 600.001
[2016.03.27-19.06.54:871][526]LogBlueprintUserMessages: [SideScrollerCharacter_C_1] 600.001
[2016.03.27-19.06.54:887][527]LogBlueprintUserMessages: [SideScrollerCharacter_C_1] 600.001
[2016.03.27-19.06.54:903][528]LogBlueprintUserMessages: [SideScrollerCharacter_C_1] 600.001
[2016.03.27-19.06.54:919][529]LogBlueprintUserMessages: [SideScrollerCharacter_C_1] 600.001
[2016.03.27-19.06.54:935][530]LogBlueprintUserMessages: [SideScrollerCharacter_C_1] 600.001
[2016.03.27-19.06.54:951][531]LogBlueprintUserMessages: [SideScrollerCharacter_C_1] 600.001
[2016.03.27-19.06.54:967][532]LogBlueprintUserMessages: [SideScrollerCharacter_C_1] 600.001
[2016.03.27-19.06.54:983][533]LogBlueprintUserMessages: [SideScrollerCharacter_C_1] 600.001
[2016.03.27-19.06.55:000][534]LogBlueprintUserMessages: [SideScrollerCharacter_C_1] 600.001
[2016.03.27-19.06.55:016][535]LogBlueprintUserMessages: [SideScrollerCharacter_C_1] 600.001
[2016.03.27-19.06.55:032][536]LogBlueprintUserMessages: [SideScrollerCharacter_C_1] 600.001
[2016.03.27-19.06.55:048][537]LogBlueprintUserMessages: [SideScrollerCharacter_C_1] 599.998
[2016.03.27-19.06.55:064][538]LogBlueprintUserMessages: [SideScrollerCharacter_C_1] 600.001
[2016.03.27-19.06.55:080][539]LogBlueprintUserMessages: [SideScrollerCharacter_C_1] 600.001
[2016.03.27-19.06.55:097][540]LogBlueprintUserMessages: [SideScrollerCharacter_C_1] 600.001
[2016.03.27-19.06.55:113][541]LogBlueprintUserMessages: [SideScrollerCharacter_C_1] 600.001
[2016.03.27-19.06.55:129][542]LogBlueprintUserMessages: [SideScrollerCharacter_C_1] 600.001
[2016.03.27-19.06.55:145][543]LogBlueprintUserMessages: [SideScrollerCharacter_C_1] 600.001
[2016.03.27-19.06.55:162][544]LogBlueprintUserMessages: [SideScrollerCharacter_C_1] 600.001
[2016.03.27-19.06.55:177][545]LogBlueprintUserMessages: [SideScrollerCharacter_C_1] 600.001
[2016.03.27-19.06.55:193][546]LogBlueprintUserMessages: [SideScrollerCharacter_C_1] 600.001
[2016.03.27-19.06.55:210][547]LogBlueprintUserMessages: [SideScrollerCharacter_C_1] 600.001
[2016.03.27-19.06.55:226][548]LogBlueprintUserMessages: [SideScrollerCharacter_C_1] 600.001
[2016.03.27-19.06.55:242][549]LogBlueprintUserMessages: [SideScrollerCharacter_C_1] 600.001
[2016.03.27-19.06.55:258][550]LogBlueprintUserMessages: [SideScrollerCharacter_C_1] 600.001
[2016.03.27-19.06.55:274][551]LogBlueprintUserMessages: [SideScrollerCharacter_C_1] 600.001
[2016.03.27-19.06.55:290][552]LogBlueprintUserMessages: [SideScrollerCharacter_C_1] 600.001
[2016.03.27-19.06.55:306][553]LogBlueprintUserMessages: [SideScrollerCharacter_C_1] 600.001
[2016.03.27-19.06.55:322][554]LogBlueprintUserMessages: [SideScrollerCharacter_C_1] 600.001
[2016.03.27-19.06.55:338][555]LogBlueprintUserMessages: [SideScrollerCharacter_C_1] 600.001
[2016.03.27-19.06.55:354][556]LogBlueprintUserMessages: [SideScrollerCharacter_C_1] 600.001
[2016.03.27-19.06.55:371][557]LogBlueprintUserMessages: [SideScrollerCharacter_C_1] 600.001
[2016.03.27-19.06.55:387][558]LogBlueprintUserMessages: [SideScrollerCharacter_C_1] 600.001
[2016.03.27-19.06.55:403][559]LogBlueprintUserMessages: [SideScrollerCharacter_C_1] 600.001
[2016.03.27-19.06.55:419][560]LogBlueprintUserMessages: [SideScrollerCharacter_C_1] 600.001
[2016.03.27-19.06.55:435][561]LogBlueprintUserMessages: [SideScrollerCharacter_C_1] 600.001
[2016.03.27-19.06.55:451][562]LogBlueprintUserMessages: [SideScrollerCharacter_C_1] 600.001
[2016.03.27-19.06.55:467][563]LogBlueprintUserMessages: [SideScrollerCharacter_C_1] 600.001
[2016.03.27-19.06.55:483][564]LogBlueprintUserMessages: [SideScrollerCharacter_C_1] 600.001
[2016.03.27-19.06.55:500][565]LogBlueprintUserMessages: [SideScrollerCharacter_C_1] 600.001
[2016.03.27-19.06.55:516][566]LogBlueprintUserMessages: [SideScrollerCharacter_C_1] 600.001
[2016.03.27-19.06.55:532][567]LogBlueprintUserMessages: [SideScrollerCharacter_C_1] 600.001
[2016.03.27-19.06.55:548][568]LogBlueprintUserMessages: [SideScrollerCharacter_C_1] 600.001
[2016.03.27-19.06.55:564][569]LogBlueprintUserMessages: [SideScrollerCharacter_C_1] 600.001
[2016.03.27-19.06.55:580][570]LogBlueprintUserMessages: [SideScrollerCharacter_C_1] 600.001
[2016.03.27-19.06.55:597][571]LogBlueprintUserMessages: [SideScrollerCharacter_C_1] 600.001
[2016.03.27-19.06.55:613][572]LogBlueprintUserMessages: [SideScrollerCharacter_C_1] 600.001
[2016.03.27-19.06.55:629][573]LogBlueprintUserMessages: [SideScrollerCharacter_C_1] 600.001
[2016.03.27-19.06.55:645][574]LogBlueprintUserMessages: [SideScrollerCharacter_C_1] 600.001
[2016.03.27-19.06.55:661][575]LogBlueprintUserMessages: [SideScrollerCharacter_C_1] 600.001
[2016.03.27-19.06.55:677][576]LogBlueprintUserMessages: [SideScrollerCharacter_C_1] 508.903
[2016.03.27-19.06.55:693][577]LogBlueprintUserMessages: [SideScrollerCharacter_C_1] 426.621
[2016.03.27-19.06.55:709][578]LogBlueprintUserMessages: [SideScrollerCharacter_C_1] 352.301
[2016.03.27-19.06.55:726][579]LogBlueprintUserMessages: [SideScrollerCharacter_C_1] 285.174
[2016.03.27-19.06.55:742][580]LogBlueprintUserMessages: [SideScrollerCharacter_C_1] 224.545
[2016.03.27-19.06.55:758][581]LogBlueprintUserMessages: [SideScrollerCharacter_C_1] 169.782
[2016.03.27-19.06.55:774][582]LogBlueprintUserMessages: [SideScrollerCharacter_C_1] 0
[2016.03.27-19.06.55:790][583]LogBlueprintUserMessages: [SideScrollerCharacter_C_1] 0
[2016.03.27-19.06.55:806][584]LogBlueprintUserMessages: [SideScrollerCharacter_C_1] 0
[2016.03.27-19.06.55:822][585]LogBlueprintUserMessages: [SideScrollerCharacter_C_1] 0
[2016.03.27-19.06.55:838][586]LogBlueprintUserMessages: [SideScrollerCharacter_C_1] 0
[2016.03.27-19.06.55:854][587]LogBlueprintUserMessages: [SideScrollerCharacter_C_1] 0
[2016.03.27-19.06.55:871][588]LogBlueprintUserMessages: [SideScrollerCharacter_C_1] 0
[2016.03.27-19.06.55:887][589]LogBlueprintUserMessages: [SideScrollerCharacter_C_1] 0
[2016.03.27-19.06.55:903][590]LogBlueprintUserMessages: [SideScrollerCharacter_C_1] 0
[2016.03.27-19.06.55:919][591]LogBlueprintUserMessages: [SideScrollerCharacter_C_1] 0
[2016.03.27-19.06.55:935][592]LogBlueprintUserMessages: [SideScrollerCharacter_C_1] 0
[2016.03.27-19.06.55:951][593]LogBlueprintUserMessages: [SideScrollerCharacter_C_1] 0
[2016.03.27-19.06.55:968][594]LogBlueprintUserMessages: [SideScrollerCharacter_C_1] 0
[2016.03.27-19.06.55:984][595]LogBlueprintUserMessages: [SideScrollerCharacter_C_1] 0
[2016.03.27-19.07.46:504][721]LogScript:Warning: Cannot access 'Sphere'. It is pending kill. Property: 'K2Node_Event_OtherComp'
	BulletSCG_C /Temp/Autosaves/Game/SideScrollerBP/Maps/UEDPCSideScrollerExampleMap.SideScrollerExampleMap:PersistentLevel.BulletSCG_C_60
	Function /Game/BulletSCG.BulletSCG_C:ExecuteUbergraph_BulletSCG:002C
[2016.03.27-19.07.46:601][727]LogScript:Warning: Cannot access 'Sphere'. It is pending kill. Property: 'K2Node_Event_OtherComp'
	BulletSCG_C /Temp/Autosaves/Game/SideScrollerBP/Maps/UEDPCSideScrollerExampleMap.SideScrollerExampleMap:PersistentLevel.BulletSCG_C_63
	Function /Game/BulletSCG.BulletSCG_C:ExecuteUbergraph_BulletSCG:002C
[2016.03.27-19.07.46:908][746]LogScript:Warning: Cannot access 'Sphere'. It is pending kill. Property: 'K2Node_Event_OtherComp'
	BulletSCG_C /Temp/Autosaves/Game/SideScrollerBP/Maps/UEDPCSideScrollerExampleMap.SideScrollerExampleMap:PersistentLevel.BulletSCG_C_64
	Function /Game/BulletSCG.BulletSCG_C:ExecuteUbergraph_BulletSCG:002C
[2016.03.27-19.07.48:424][840]LogScript:Warning: Cannot access 'Sphere'. It is pending kill. Property: 'K2Node_Event_OtherComp'
	BulletSCG_C /Temp/Autosaves/Game/SideScrollerBP/Maps/UEDPCSideScrollerExampleMap.SideScrollerExampleMap:PersistentLevel.BulletSCG_C_72
	Function /Game/BulletSCG.BulletSCG_C:ExecuteUbergraph_BulletSCG:002C
[2016.03.27-19.07.48:779][862]LogScript:Warning: Cannot access 'Sphere'. It is pending kill. Property: 'K2Node_Event_OtherComp'
	BulletSCG_C /Temp/Autosaves/Game/SideScrollerBP/Maps/UEDPCSideScrollerExampleMap.SideScrollerExampleMap:PersistentLevel.BulletSCG_C_74
	Function /Game/BulletSCG.BulletSCG_C:ExecuteUbergraph_BulletSCG:002C
[2016.03.27-19.07.50:892][993]LogScript:Warning: Cannot access 'Sphere'. It is pending kill. Property: 'K2Node_Event_OtherComp'
	BulletSCG_C /Temp/Autosaves/Game/SideScrollerBP/Maps/UEDPCSideScrollerExampleMap.SideScrollerExampleMap:PersistentLevel.BulletSCG_C_80
	Function /Game/BulletSCG.BulletSCG_C:ExecuteUbergraph_BulletSCG:002C
[2016.03.27-19.07.55:328][268]LogScript:Warning: Cannot access 'Sphere'. It is pending kill. Property: 'K2Node_Event_OtherComp'
	BulletSCG_C /Temp/Autosaves/Game/SideScrollerBP/Maps/UEDPCSideScrollerExampleMap.SideScrollerExampleMap:PersistentLevel.BulletSCG_C_94
	Function /Game/BulletSCG.BulletSCG_C:ExecuteUbergraph_BulletSCG:002C
[2016.03.27-19.07.57:134][380]LogScript:Warning: Cannot access 'Sphere'. It is pending kill. Property: 'K2Node_Event_OtherComp'
	BulletSCG_C /Temp/Autosaves/Game/SideScrollerBP/Maps/UEDPCSideScrollerExampleMap.SideScrollerExampleMap:PersistentLevel.BulletSCG_C_106
	Function /Game/BulletSCG.BulletSCG_C:ExecuteUbergraph_BulletSCG:002C
[2016.03.27-19.07.58:408][459]LogScript:Warning: Cannot access 'Sphere'. It is pending kill. Property: 'K2Node_Event_OtherComp'
	BulletSCG_C /Temp/Autosaves/Game/SideScrollerBP/Maps/UEDPCSideScrollerExampleMap.SideScrollerExampleMap:PersistentLevel.BulletSCG_C_114
	Function /Game/BulletSCG.BulletSCG_C:ExecuteUbergraph_BulletSCG:002C
[2016.03.27-19.07.58:941][492]LogScript:Warning: Cannot access 'Sphere'. It is pending kill. Property: 'K2Node_Event_OtherComp'
	BulletSCG_C /Temp/Autosaves/Game/SideScrollerBP/Maps/UEDPCSideScrollerExampleMap.SideScrollerExampleMap:PersistentLevel.BulletSCG_C_118
	Function /Game/BulletSCG.BulletSCG_C:ExecuteUbergraph_BulletSCG:002C
[2016.03.27-19.08.00:038][560]LogScript:Warning: Cannot access 'Sphere'. It is pending kill. Property: 'K2Node_Event_OtherComp'
	BulletSCG_C /Temp/Autosaves/Game/SideScrollerBP/Maps/UEDPCSideScrollerExampleMap.SideScrollerExampleMap:PersistentLevel.BulletSCG_C_124
	Function /Game/BulletSCG.BulletSCG_C:ExecuteUbergraph_BulletSCG:002C
[2016.03.27-19.08.04:589][842]LogScript:Warning: Cannot access 'Sphere'. It is pending kill. Property: 'K2Node_Event_OtherComp'
	BulletSCG_C /Temp/Autosaves/Game/SideScrollerBP/Maps/UEDPCSideScrollerExampleMap.SideScrollerExampleMap:PersistentLevel.BulletSCG_C_147
	Function /Game/BulletSCG.BulletSCG_C:ExecuteUbergraph_BulletSCG:002C
[2016.03.27-19.08.05:622][906]LogScript:Warning: Cannot access 'Sphere'. It is pending kill. Property: 'K2Node_Event_OtherComp'
	BulletSCG_C /Temp/Autosaves/Game/SideScrollerBP/Maps/UEDPCSideScrollerExampleMap.SideScrollerExampleMap:PersistentLevel.BulletSCG_C_151
	Function /Game/BulletSCG.BulletSCG_C:ExecuteUbergraph_BulletSCG:002C
[2016.03.27-19.08.13:687][406]LogScript:Warning: Cannot access 'Sphere'. It is pending kill. Property: 'K2Node_Event_OtherComp'
	BulletSCG_C /Temp/Autosaves/Game/SideScrollerBP/Maps/UEDPCSideScrollerExampleMap.SideScrollerExampleMap:PersistentLevel.BulletSCG_C_187
	Function /Game/BulletSCG.BulletSCG_C:ExecuteUbergraph_BulletSCG:002C
[2016.03.27-19.08.16:172][560]LogScript:Warning: Cannot access 'Sphere'. It is pending kill. Property: 'K2Node_Event_OtherComp'
	BulletSCG_C /Temp/Autosaves/Game/SideScrollerBP/Maps/UEDPCSideScrollerExampleMap.SideScrollerExampleMap:PersistentLevel.BulletSCG_C_195
	Function /Game/BulletSCG.BulletSCG_C:ExecuteUbergraph_BulletSCG:002C
[2016.03.27-19.08.17:041][614]LogScript:Warning: Cannot access 'Sphere'. It is pending kill. Property: 'K2Node_Event_OtherComp'
	BulletSCG_C /Temp/Autosaves/Game/SideScrollerBP/Maps/UEDPCSideScrollerExampleMap.SideScrollerExampleMap:PersistentLevel.BulletSCG_C_198
	Function /Game/BulletSCG.BulletSCG_C:ExecuteUbergraph_BulletSCG:002C
[2016.03.27-19.08.23:898][ 39]LogScript:Warning: Cannot access 'Sphere'. It is pending kill. Property: 'K2Node_Event_OtherComp'
	BulletSCG_C /Temp/Autosaves/Game/SideScrollerBP/Maps/UEDPCSideScrollerExampleMap.SideScrollerExampleMap:PersistentLevel.BulletSCG_C_224
	Function /Game/BulletSCG.BulletSCG_C:ExecuteUbergraph_BulletSCG:002C
[2016.03.27-19.08.24:317][ 65]LogScript:Warning: Cannot access 'Sphere'. It is pending kill. Property: 'K2Node_Event_OtherComp'
	BulletSCG_C /Temp/Autosaves/Game/SideScrollerBP/Maps/UEDPCSideScrollerExampleMap.SideScrollerExampleMap:PersistentLevel.BulletSCG_C_225
	Function /Game/BulletSCG.BulletSCG_C:ExecuteUbergraph_BulletSCG:002C
[2016.03.27-19.08.24:930][103]LogScript:Warning: Cannot access 'Sphere'. It is pending kill. Property: 'K2Node_Event_OtherComp'
	BulletSCG_C /Temp/Autosaves/Game/SideScrollerBP/Maps/UEDPCSideScrollerExampleMap.SideScrollerExampleMap:PersistentLevel.BulletSCG_C_228
	Function /Game/BulletSCG.BulletSCG_C:ExecuteUbergraph_BulletSCG:002C
[2016.03.27-19.08.28:270][310]LogScript:Warning: Cannot access 'Sphere'. It is pending kill. Property: 'K2Node_Event_OtherComp'
	BulletSCG_C /Temp/Autosaves/Game/SideScrollerBP/Maps/UEDPCSideScrollerExampleMap.SideScrollerExampleMap:PersistentLevel.BulletSCG_C_242
	Function /Game/BulletSCG.BulletSCG_C:ExecuteUbergraph_BulletSCG:002C
[2016.03.27-19.08.35:334][746]LogEngine: All Windows Closed
[2016.03.27-19.08.35:334][746]LogWindows: FPlatformMisc::RequestExit(0)
[2016.03.27-19.08.35:923][747]LogExit: Preparing to exit.
[2016.03.27-19.08.35:973][747]LogExit: Game engine shut down
[2016.03.27-19.08.35:974][747]LogParticles: Destroying 0 GPU particle simulations for FXSystem 0x0000000012CBF240
[2016.03.27-19.08.36:158][747]LogExit: Object subsystem successfully closed.
[2016.03.27-19.08.36:173][747]LogD3D11RHI: Shutdown
[2016.03.27-19.08.36:181][747]LogD3D11RHI: CleanupD3DDevice
[2016.03.27-19.08.36:304][747]LogD3D11RHI: ~FD3D11DynamicRHI
[2016.03.27-19.08.36:507][747]LogModuleManager: Shutting down and abandoning module AndroidDeviceDetection (117)
[2016.03.27-19.08.36:822][747]LogModuleManager: Shutting down and abandoning module AutomationController (116)
[2016.03.27-19.08.36:832][747]LogModuleManager: Shutting down and abandoning module AutomationWorker (115)
[2016.03.27-19.08.36:832][747]LogModuleManager: Shutting down and abandoning module CharacterAI (114)
[2016.03.27-19.08.36:832][747]LogModuleManager: Shutting down and abandoning module AITestSuite (113)
[2016.03.27-19.08.36:833][747]LogModuleManager: Shutting down and abandoning module GameplayDebugger (112)
[2016.03.27-19.08.36:838][747]LogModuleManager: Shutting down and abandoning module AIModule (111)
[2016.03.27-19.08.36:838][747]LogModuleManager: Shutting down and abandoning module MovieSceneCapture (110)
[2016.03.27-19.08.36:838][747]LogModuleManager: Shutting down and abandoning module GameLiveStreaming (109)
[2016.03.27-19.08.36:840][747]LogModuleManager: Shutting down and abandoning module StreamingPauseRendering (108)
[2016.03.27-19.08.36:840][747]LogModuleManager: Shutting down and abandoning module ProfilerService (107)
[2016.03.27-19.08.36:858][747]LogModuleManager: Shutting down and abandoning module TaskGraph (106)
[2016.03.27-19.08.36:864][747]LogModuleManager: Shutting down and abandoning module SlateRemote (105)
[2016.03.27-19.08.36:864][747]LogModuleManager: Shutting down and abandoning module SteamVRController (104)
[2016.03.27-19.08.36:864][747]LogModuleManager: Shutting down and abandoning module SteamVR (103)
[2016.03.27-19.08.36:864][747]LogModuleManager: Shutting down and abandoning module ProceduralMeshComponent (102)
[2016.03.27-19.08.36:864][747]LogModuleManager: Shutting down and abandoning module OculusLibrary (101)
[2016.03.27-19.08.36:864][747]LogModuleManager: Shutting down and abandoning module OculusInput (100)
[2016.03.27-19.08.36:864][747]LogModuleManager: Shutting down and abandoning module LeapMotionController (99)
[2016.03.27-19.08.36:926][747]LogModuleManager: Shutting down and abandoning module CustomMeshComponent (98)
[2016.03.27-19.08.36:926][747]LogModuleManager: Shutting down and abandoning module CableComponent (97)
[2016.03.27-19.08.36:932][747]LogModuleManager: Shutting down and abandoning module ArchVisCharacter (96)
[2016.03.27-19.08.36:932][747]LogModuleManager: Shutting down and abandoning module HTML5Networking (95)
[2016.03.27-19.08.36:932][747]LogModuleManager: Shutting down and abandoning module DesktopPlatform (94)
[2016.03.27-19.08.36:933][747]LogModuleManager: Shutting down and abandoning module DirectoryWatcher (93)
[2016.03.27-19.08.36:942][747]LogModuleManager: Shutting down and abandoning module HotReload (92)
[2016.03.27-19.08.36:942][747]LogModuleManager: Shutting down and abandoning module VisualStudioSourceCodeAccess (91)
[2016.03.27-19.08.36:942][747]LogModuleManager: Shutting down and abandoning module UObjectPlugin (90)
[2016.03.27-19.08.36:942][747]LogModuleManager: Shutting down and abandoning module SubversionSourceControl (89)
[2016.03.27-19.08.36:949][747]LogModuleManager: Shutting down and abandoning module SourceControl (88)
[2016.03.27-19.08.36:952][747]LogModuleManager: Shutting down and abandoning module PerforceSourceControl (87)
[2016.03.27-19.08.36:968][747]LogModuleManager: Shutting down and abandoning module UdpMessaging (86)
[2016.03.27-19.08.36:968][747]LogModuleManager: Shutting down and abandoning module LightPropagationVolumeRuntime (85)
[2016.03.27-19.08.36:968][747]LogModuleManager: Shutting down and abandoning module Paper2D (84)
[2016.03.27-19.08.36:973][747]LogModuleManager: Shutting down and abandoning module WindowsMoviePlayer (83)
[2016.03.27-19.08.36:977][747]LogModuleManager: Shutting down and abandoning module Media (82)
[2016.03.27-19.08.36:977][747]LogModuleManager: Shutting down and abandoning module WmfMedia (81)
[2016.03.27-19.08.36:982][747]LogModuleManager: Shutting down and abandoning module OnlineBlueprintSupport (80)
[2016.03.27-19.08.36:982][747]LogModuleManager: Shutting down and abandoning module GameplayTasksEditor (79)
[2016.03.27-19.08.36:982][747]LogModuleManager: Shutting down and abandoning module PropertyEditor (78)
[2016.03.27-19.08.36:982][747]LogModuleManager: Shutting down and abandoning module BehaviorTreeEditor (77)
[2016.03.27-19.08.37:002][747]LogModuleManager: Shutting down and abandoning module FunctionalTesting (76)
[2016.03.27-19.08.37:002][747]LogModuleManager: Shutting down and abandoning module CollisionAnalyzer (75)
[2016.03.27-19.08.37:012][747]LogModuleManager: Shutting down and abandoning module WorkspaceMenuStructure (74)
[2016.03.27-19.08.37:012][747]LogModuleManager: Shutting down and abandoning module MessageLog (73)
[2016.03.27-19.08.37:012][747]LogModuleManager: Shutting down and abandoning module Sequencer (72)
[2016.03.27-19.08.37:042][747]LogModuleManager: Shutting down and abandoning module AssetTools (71)
[2016.03.27-19.08.37:051][747]LogModuleManager: Shutting down and abandoning module UMGEditor (70)
[2016.03.27-19.08.37:073][747]LogModuleManager: Shutting down and abandoning module UMG (69)
[2016.03.27-19.08.37:079][747]LogModuleManager: Shutting down and abandoning module Slate (68)
[2016.03.27-19.08.37:079][747]LogModuleManager: Shutting down and abandoning module EditorStyle (67)
[2016.03.27-19.08.37:086][747]LogModuleManager: Shutting down and abandoning module SessionServices (66)
[2016.03.27-19.08.37:086][747]LogModuleManager: Shutting down and abandoning module SourceCodeAccess (65)
[2016.03.27-19.08.37:086][747]LogModuleManager: Shutting down and abandoning module HeadMountedDisplay (64)
[2016.03.27-19.08.37:086][747]LogModuleManager: Shutting down and abandoning module XAudio2 (63)
[2016.03.27-19.08.37:086][747]LogModuleManager: Shutting down and abandoning module Networking (61)
[2016.03.27-19.08.37:086][747]LogModuleManager: Shutting down and abandoning module Core (60)
[2016.03.27-19.08.37:086][747]LogModuleManager: Shutting down and abandoning module KismetCompiler (59)
[2016.03.27-19.08.37:086][747]LogModuleManager: Shutting down and abandoning module PhysXFormats (58)
[2016.03.27-19.08.37:086][747]LogModuleManager: Shutting down and abandoning module MeshUtilities (57)
[2016.03.27-19.08.37:087][747]LogModuleManager: Shutting down and abandoning module DerivedDataCache (56)
[2016.03.27-19.08.37:117][747]LogDerivedDataCache: Shutdown
[2016.03.27-19.08.37:117][747]LogModuleManager: Shutting down and abandoning module ShaderFormatOpenGL (55)
[2016.03.27-19.08.37:124][747]LogModuleManager: Shutting down and abandoning module ShaderFormatD3D (54)
[2016.03.27-19.08.37:124][747]LogModuleManager: Shutting down and abandoning module MetalShaderFormat (53)
[2016.03.27-19.08.37:127][747]LogModuleManager: Shutting down and abandoning module TextureFormatUncompressed (52)
[2016.03.27-19.08.37:127][747]LogModuleManager: Shutting down and abandoning module TextureFormatPVR (51)
[2016.03.27-19.08.37:127][747]LogModuleManager: Shutting down and abandoning module TextureFormatIntelISPCTexComp (50)
[2016.03.27-19.08.37:127][747]LogModuleManager: Shutting down and abandoning module TextureFormatDXT (49)
[2016.03.27-19.08.37:127][747]LogModuleManager: Shutting down and abandoning module ImageWrapper (48)
[2016.03.27-19.08.37:127][747]LogModuleManager: Shutting down and abandoning module TextureFormatASTC (47)
[2016.03.27-19.08.37:127][747]LogModuleManager: Shutting down and abandoning module TextureFormatAndroid (46)
[2016.03.27-19.08.37:127][747]LogModuleManager: Shutting down and abandoning module AudioFormatOpus (45)
[2016.03.27-19.08.37:127][747]LogModuleManager: Shutting down and abandoning module AudioFormatOgg (44)
[2016.03.27-19.08.37:127][747]LogModuleManager: Shutting down and abandoning module AudioFormatADPCM (43)
[2016.03.27-19.08.37:127][747]LogModuleManager: Shutting down and abandoning module LinuxTargetPlatform (42)
[2016.03.27-19.08.37:128][747]LogModuleManager: Shutting down and abandoning module LinuxServerTargetPlatform (41)
[2016.03.27-19.08.37:128][747]LogModuleManager: Shutting down and abandoning module LinuxNoEditorTargetPlatform (40)
[2016.03.27-19.08.37:128][747]LogModuleManager: Shutting down and abandoning module Messaging (39)
[2016.03.27-19.08.37:128][747]LogModuleManager: Shutting down and abandoning module IOSTargetPlatform (38)
[2016.03.27-19.08.37:128][747]LogModuleManager: Shutting down and abandoning module HTML5TargetPlatform (37)
[2016.03.27-19.08.37:128][747]LogModuleManager: Shutting down and abandoning module Android_PVRTCTargetPlatform (36)
[2016.03.27-19.08.37:128][747]LogModuleManager: Shutting down and abandoning module Android_MultiTargetPlatform (35)
[2016.03.27-19.08.37:128][747]LogModuleManager: Shutting down and abandoning module Android_ETC2TargetPlatform (34)
[2016.03.27-19.08.37:128][747]LogModuleManager: Shutting down and abandoning module Android_ETC1TargetPlatform (33)
[2016.03.27-19.08.37:128][747]LogModuleManager: Shutting down and abandoning module Android_DXTTargetPlatform (32)
[2016.03.27-19.08.37:128][747]LogModuleManager: Shutting down and abandoning module Android_ATCTargetPlatform (31)
[2016.03.27-19.08.37:128][747]LogModuleManager: Shutting down and abandoning module Android_ASTCTargetPlatform (30)
[2016.03.27-19.08.37:128][747]LogModuleManager: Shutting down and abandoning module AndroidTargetPlatform (29)
[2016.03.27-19.08.37:128][747]LogModuleManager: Shutting down and abandoning module WindowsTargetPlatform (28)
[2016.03.27-19.08.37:128][747]LogModuleManager: Shutting down and abandoning module WindowsServerTargetPlatform (27)
[2016.03.27-19.08.37:128][747]LogModuleManager: Shutting down and abandoning module WindowsNoEditorTargetPlatform (26)
[2016.03.27-19.08.37:128][747]LogModuleManager: Shutting down and abandoning module WindowsClientTargetPlatform (25)
[2016.03.27-19.08.37:128][747]LogModuleManager: Shutting down and abandoning module AllDesktopTargetPlatform (24)
[2016.03.27-19.08.37:128][747]LogModuleManager: Shutting down and abandoning module TargetPlatform (23)
[2016.03.27-19.08.37:128][747]LogModuleManager: Shutting down and abandoning module InputCore (22)
[2016.03.27-19.08.37:128][747]LogModuleManager: Shutting down and abandoning module Settings (21)
[2016.03.27-19.08.37:128][747]LogModuleManager: Shutting down and abandoning module OnlineSubsystem (19)
[2016.03.27-19.08.37:128][747]LogModuleManager: Shutting down and abandoning module HTTP (18)
[2016.03.27-19.08.37:129][747]LogModuleManager: Shutting down and abandoning module XMPP (17)
[2016.03.27-19.08.37:130][747]LogModuleManager: Shutting down and abandoning module OculusRift (16)
[2016.03.27-19.08.37:131][747]LogModuleManager: Shutting down and abandoning module ExampleDeviceProfileSelector (15)
[2016.03.27-19.08.37:131][747]LogModuleManager: Shutting down and abandoning module TextureCompressor (14)
[2016.03.27-19.08.37:138][747]LogModuleManager: Shutting down and abandoning module ShaderCore (13)
[2016.03.27-19.08.37:138][747]LogModuleManager: Shutting down and abandoning module Landscape (12)
[2016.03.27-19.08.37:138][747]LogModuleManager: Shutting down and abandoning module SlateRHIRenderer (11)
[2016.03.27-19.08.37:145][747]LogModuleManager: Shutting down and abandoning module OpenGLDrv (10)
[2016.03.27-19.08.37:149][747]LogModuleManager: Shutting down and abandoning module D3D11RHI (9)
[2016.03.27-19.08.37:149][747]LogModuleManager: Shutting down and abandoning module AnimGraphRuntime (8)
[2016.03.27-19.08.37:149][747]LogModuleManager: Shutting down and abandoning module Renderer (7)
[2016.03.27-19.08.37:149][747]LogModuleManager: Shutting down and abandoning module Engine (6)
[2016.03.27-19.08.37:149][747]LogModuleManager: Shutting down and abandoning module CoreUObject (5)
[2016.03.27-19.08.37:149][747]LogModuleManager: Shutting down and abandoning module NetworkFile (4)
[2016.03.27-19.08.37:150][747]LogModuleManager: Shutting down and abandoning module StreamingFile (3)
[2016.03.27-19.08.37:150][747]LogModuleManager: Shutting down and abandoning module SandboxFile (2)
[2016.03.27-19.08.37:154][747]LogModuleManager: Shutting down and abandoning module PakFile (1)
[2016.03.27-19.08.37:155][747]LogExit: Exiting.
[2016.03.27-19.08.37:169][747]Log file closed, 03/27/16 22:08:37
