[2016.03.27-16.49.28:238][  0]Log file open, 03/27/16 19:49:28
[2016.03.27-16.49.28:238][  0]LogInit:Display: Running engine for game: SCG
[2016.03.27-16.49.28:238][  0]LogPlatformFile: Not using cached read wrapper
[2016.03.27-16.49.28:238][  0]LogInit:Display: RandInit(-352306718) SRandInit(-352306717).
[2016.03.27-16.49.28:238][  0]LogTaskGraph: Started task graph with 4 named threads and 6 total threads.
[2016.03.27-16.49.28:238][  0]LogStats: Stats thread started at 0.087366
[2016.03.27-16.49.28:238][  0]LogInit: Version: 4.10.4-2872498+++depot+UE4-Releases+4.10
[2016.03.27-16.49.28:238][  0]LogInit: API Version: 2758231
[2016.03.27-16.49.28:238][  0]LogInit: Compiled (64-bit): Feb 18 2016 15:47:04
[2016.03.27-16.49.28:238][  0]LogInit: Compiled with Visual C++: 19.00.23026.00
[2016.03.27-16.49.28:238][  0]LogInit: Build Configuration: Development
[2016.03.27-16.49.28:238][  0]LogInit: Branch Name: ++depot+UE4-Releases+4.10
[2016.03.27-16.49.28:238][  0]LogInit: Command line:  /Temp/Autosaves/Game/SideScrollerBP/Maps/UEDPCSideScrollerExampleMap -game -PIEVIACONSOLE -ResX=1280 -ResY=720  -Multiprocess 
[2016.03.27-16.49.28:238][  0]LogInit: Base directory: C:/Program Files (x86)/Epic Games/4.10/Engine/Binaries/Win64/
[2016.03.27-16.49.28:238][  0]LogInit: Rocket: 1
[2016.03.27-16.49.28:263][  0]LogInit: Using libcurl 7.41.0
[2016.03.27-16.49.28:263][  0]LogInit:  - built for x86_64-pc-win32
[2016.03.27-16.49.28:263][  0]LogInit:  - supports SSL with WinSSL
[2016.03.27-16.49.28:263][  0]LogInit:  - other features:
[2016.03.27-16.49.28:263][  0]LogInit:      CURL_VERSION_SSL
[2016.03.27-16.49.28:264][  0]LogInit:      CURL_VERSION_IPV6
[2016.03.27-16.49.28:264][  0]LogInit:      CURL_VERSION_ASYNCHDNS
[2016.03.27-16.49.28:264][  0]LogInit:      CURL_VERSION_LARGEFILE
[2016.03.27-16.49.28:264][  0]LogInit:      CURL_VERSION_IDN
[2016.03.27-16.49.28:264][  0]LogInit:  CurlRequestOptions (configurable via config and command line):
[2016.03.27-16.49.28:264][  0]LogInit:  - bVerifyPeer = true  - Libcurl will verify peer certificate
[2016.03.27-16.49.28:264][  0]LogInit:  - bUseHttpProxy = false  - Libcurl will NOT use HTTP proxy
[2016.03.27-16.49.28:264][  0]LogInit:  - bDontReuseConnections = false  - Libcurl will reuse connections
[2016.03.27-16.49.28:264][  0]LogInit:  - CertBundlePath = nullptr  - Libcurl will use whatever was configured at build time.
[2016.03.27-16.49.28:272][  0]LogInit: Presizing for 0 objects not considered by GC, pre-allocating 0 bytes.
[2016.03.27-16.49.28:282][  0]LogInit: Object subsystem initialized
[2016.03.27-16.49.28:283][  0]LogInit: Selected Device Profile: [Windows]
[2016.03.27-16.49.28:283][  0]LogInit: Applying CVar settings loaded from the selected device profile: [Windows]
[2016.03.27-16.49.28:288][  0]LogInit: Computer: SS-ПК
[2016.03.27-16.49.28:288][  0]LogInit: User: SS
[2016.03.27-16.49.28:288][  0]LogInit: CPU Page size=4096, Cores=3
[2016.03.27-16.49.28:288][  0]LogInit: High frequency timer resolution =3.433251 MHz
[2016.03.27-16.49.28:288][  0]LogMemory: Memory total: Physical=8.0GB (8GB approx)
[2016.03.27-16.49.28:288][  0]LogMemory: Platform Memory Stats for Windows
[2016.03.27-16.49.28:288][  0]LogMemory: Process Physical Memory: 56.54 MB used, 56.54 MB peak
[2016.03.27-16.49.28:288][  0]LogMemory: Process Virtual Memory: 57.00 MB used, 57.00 MB peak
[2016.03.27-16.49.28:288][  0]LogMemory: Physical Memory: 7387.00 MB used, 8189.55 MB total
[2016.03.27-16.49.28:288][  0]LogMemory: Virtual Memory: 351.31 MB used, 8388608.00 MB total
[2016.03.27-16.49.28:372][  0]LogTextLocalizationManager: No translations for ('ru-RU') exist, falling back to 'en' for localization and internationalization data.
[2016.03.27-16.49.28:941][  0]LogD3D11RHI: Found D3D11 adapter 0: AMD Radeon R9 200 Series (Feature Level 11_0)
[2016.03.27-16.49.28:941][  0]LogD3D11RHI: Adapter has 3051MB of dedicated video memory, 0MB of dedicated system memory, and 3838MB of shared system memory, 1 output[s]
[2016.03.27-16.49.28:941][  0]LogD3D11RHI: Chosen D3D11 Adapter Id = 0
[2016.03.27-16.49.28:950][  0]LogD3D11RHI: !Direct3DDevice
[2016.03.27-16.49.28:950][  0]LogRHI: Texture pool is 1361 MB (70% of 1945 MB)
[2016.03.27-16.49.28:957][  0]LogD3D11RHI: Async texture creation disabled: no driver support
[2016.03.27-16.49.28:970][  0]LogShaderCompilers: Guid format shader working directory is -6 characters bigger than the processId version (../../../../../../Users/SS/Documents/GitHub/SCG_1/Intermediate/Shaders/WorkingDirectory/6380/).
[2016.03.27-16.49.28:970][  0]LogShaderCompilers: Cleaned the shader compiler working directory 'C:/Users/SS/AppData/Local/Temp/UnrealShaderWorkingDir/4F80AFD14B51F7FAC82DA883960E1509/'.
[2016.03.27-16.49.28:970][  0]LogShaderCompilers:Display: Using Local Shader Compiler.
[2016.03.27-16.49.30:258][  0]LogTemp:Display: Loaded TP AllDesktopTargetPlatform
[2016.03.27-16.49.30:267][  0]LogTemp:Display: Loaded TP WindowsClientTargetPlatform
[2016.03.27-16.49.30:273][  0]LogTemp:Display: Loaded TP WindowsNoEditorTargetPlatform
[2016.03.27-16.49.30:279][  0]LogTemp:Display: Loaded TP WindowsServerTargetPlatform
[2016.03.27-16.49.30:284][  0]LogTemp:Display: Loaded TP WindowsTargetPlatform
[2016.03.27-16.49.30:288][  0]LogTemp:Display: Loaded TP AndroidTargetPlatform
[2016.03.27-16.49.30:292][  0]LogTemp:Display: Loaded TP Android_ASTCTargetPlatform
[2016.03.27-16.49.30:297][  0]LogTemp:Display: Loaded TP Android_ATCTargetPlatform
[2016.03.27-16.49.30:301][  0]LogTemp:Display: Loaded TP Android_DXTTargetPlatform
[2016.03.27-16.49.30:304][  0]LogTemp:Display: Loaded TP Android_ETC1TargetPlatform
[2016.03.27-16.49.30:308][  0]LogTemp:Display: Loaded TP Android_ETC2TargetPlatform
[2016.03.27-16.49.30:317][  0]LogTemp:Display: Loaded TP Android_MultiTargetPlatform
[2016.03.27-16.49.30:317][  0]LogTemp:Display: Loaded TP Android_PVRTCTargetPlatform
[2016.03.27-16.49.30:318][  0]LogTemp:Display: Loaded TP HTML5TargetPlatform
[2016.03.27-16.49.30:337][  0]LogTemp:Display: Loaded TP IOSTargetPlatform
[2016.03.27-16.49.30:341][  0]LogTemp:Display: Loaded TP LinuxNoEditorTargetPlatform
[2016.03.27-16.49.30:345][  0]LogTemp:Display: Loaded TP LinuxServerTargetPlatform
[2016.03.27-16.49.30:350][  0]LogTemp:Display: Loaded TP LinuxTargetPlatform
[2016.03.27-16.49.30:350][  0]LogTargetPlatformManager:Display: Building Assets For Windows
[2016.03.27-16.49.30:457][  0]LogDerivedDataCache:Display: Max Cache Size: 512 MB
[2016.03.27-16.49.30:537][  0]LogDerivedDataCache: Loaded boot cache 0.08s 41MB C:/Users/SS/AppData/Local/UnrealEngine/4.10/DerivedDataCache/Boot.ddc.
[2016.03.27-16.49.30:537][  0]LogDerivedDataCache:Display: Loaded Boot cache: C:/Users/SS/AppData/Local/UnrealEngine/4.10/DerivedDataCache/Boot.ddc
[2016.03.27-16.49.30:538][  0]LogDerivedDataCache: FDerivedDataBackendGraph:  Pak pak cache file ../../../../../../Users/SS/Documents/GitHub/SCG_1/DerivedDataCache/DDC.ddp not found, will not use a pak cache.
[2016.03.27-16.49.30:538][  0]LogDerivedDataCache: Unable to find inner node Pak for hierarchical cache Hierarchy.
[2016.03.27-16.49.30:538][  0]LogDerivedDataCache: FDerivedDataBackendGraph:  CompressedPak pak cache file ../../../../../../Users/SS/Documents/GitHub/SCG_1/DerivedDataCache/Compressed.ddp not found, will not use a pak cache.
[2016.03.27-16.49.30:538][  0]LogDerivedDataCache: Unable to find inner node CompressedPak for hierarchical cache Hierarchy.
[2016.03.27-16.49.30:611][  0]LogDerivedDataCache:Display: Pak cache opened for reading ../../../Engine/DerivedDataCache/Compressed.ddp.
[2016.03.27-16.49.30:623][  0]LogDerivedDataCache: Using Local data cache path C:/Users/SS/AppData/Local/UnrealEngine/Common/DerivedDataCache: Writable
[2016.03.27-16.49.30:913][  0]LogInit: Selected Device Profile: [Windows]
[2016.03.27-16.49.30:914][  0]LogContentStreaming: Texture pool size is 1000.000000MB
[2016.03.27-16.49.30:934][  0]LogMeshUtilities: No automatic mesh reduction module available
[2016.03.27-16.49.30:934][  0]LogMeshUtilities: No automatic mesh merging module available
[2016.03.27-16.49.31:352][  0]LogInit: WinSock: version 1.1 (2.2), MaxSocks=32767, MaxUdp=65467
[2016.03.27-16.49.33:007][  0]LogWindowsMoviePlayer: Unable to load movie: ../../../../../../Users/SS/Documents/GitHub/SCG_1/Content/Movies/Default_Startup.mp4
[2016.03.27-16.49.33:360][  0]SourceControl: Info Source control is disabled
[2016.03.27-16.49.33:360][  0]SourceControl: Info Source control is disabled
[2016.03.27-16.49.33:416][  0]SourceControl: Info Source control is disabled
[2016.03.27-16.49.33:956][  0]LogObj: 27935 objects as part of root set at end of initial load.
[2016.03.27-16.49.33:956][  0]LogUObjectAllocator: 5830072 out of 0 bytes used by permanent object pool.
[2016.03.27-16.49.34:484][  0]LogEngine: Initializing Engine...
[2016.03.27-16.49.34:491][  0]LogHMD: Can't find Oculus library dev build: is proper Runtime installed? Version: 0.8.0.0
[2016.03.27-16.49.34:533][  0]LogHMD: SteamVR failed to initialize.  Err: 110
[2016.03.27-16.49.34:688][  0]LogInit: XAudio2 using 'Динамики (Realtek High Definition Audio)' : 2 channels at 48 kHz using 32 bits per sample (channel mask 0x3)
[2016.03.27-16.49.34:729][  0]LogInit: FAudioDevice initialized.
[2016.03.27-16.49.34:740][  0]LogInit: Texture streaming: Enabled
[2016.03.27-16.49.35:033][  0]LogNet: Browse: /Temp/Autosaves/Game/SideScrollerBP/Maps/UEDPCSideScrollerExampleMap?Name=Player
[2016.03.27-16.49.35:033][  0]LogLoad: LoadMap: /Temp/Autosaves/Game/SideScrollerBP/Maps/UEDPCSideScrollerExampleMap?Name=Player
[2016.03.27-16.49.35:048][  0]LogParticles: Destroying 0 GPU particle simulations for FXSystem 0x0000000012FD8F40
[2016.03.27-16.49.35:061][  0]LogMemory: Platform Memory Stats for Windows
[2016.03.27-16.49.35:061][  0]LogMemory: Process Physical Memory: 383.13 MB used, 383.13 MB peak
[2016.03.27-16.49.35:061][  0]LogMemory: Process Virtual Memory: 355.16 MB used, 355.16 MB peak
[2016.03.27-16.49.35:061][  0]LogMemory: Physical Memory: 7653.67 MB used, 8189.55 MB total
[2016.03.27-16.49.35:061][  0]LogMemory: Virtual Memory: 881.91 MB used, 8388608.00 MB total
[2016.03.27-16.49.35:076][  0]LogMemory: 
[2016.03.27-16.49.35:076][  0]Allocator Stats for TBB: (not implemented)
[2016.03.27-16.49.38:808][  0]LogAIModule: Creating AISystem for world SideScrollerExampleMap
[2016.03.27-16.49.38:827][  0]LogWorld: Game class is 'GameModeSCG_C'
[2016.03.27-16.49.38:836][  0]LogWorld: Bringing World /Temp/Autosaves/Game/SideScrollerBP/Maps/UEDPCSideScrollerExampleMap.SideScrollerExampleMap up for play (max tick rate 0) at 2016.03.27-19.49.38
[2016.03.27-16.49.38:838][  0]LogWorld: Bringing up level for play took: 0.009501
[2016.03.27-16.49.38:838][  0]LogPathFollowing:Warning: No NavigationData found while trying to cache it for AIController_0's PathFollowingComponent
[2016.03.27-16.49.38:839][  0]LogInit:Display: Game Engine Initialized.
[2016.03.27-16.49.39:095][  0]LogLoad: Full Startup: 11.26 seconds (BP compile: 0.27 seconds)
[2016.03.27-16.49.39:137][  0]LogOcInput: Can't find Oculus library dev build: is proper Runtime installed? Version: 0.8.0.0
[2016.03.27-16.49.39:233][  0]LogRenderer: Reallocating scene render targets to support 128x128 (Frame:1).
[2016.03.27-16.49.39:472][  1]LogRenderer: Reallocating scene render targets to support 1280x720 (Frame:2).
[2016.03.27-16.49.43:193][223]LogBlueprintUserMessages: [SideScrollerCharacter_C_1] 0
[2016.03.27-16.49.43:209][224]LogBlueprintUserMessages: [SideScrollerCharacter_C_1] 0
[2016.03.27-16.49.43:225][225]LogBlueprintUserMessages: [SideScrollerCharacter_C_1] 0
[2016.03.27-16.49.43:241][226]LogBlueprintUserMessages: [SideScrollerCharacter_C_1] 0
[2016.03.27-16.49.43:257][227]LogBlueprintUserMessages: [SideScrollerCharacter_C_1] 0
[2016.03.27-16.49.43:274][228]LogBlueprintUserMessages: [SideScrollerCharacter_C_1] 0
[2016.03.27-16.49.43:289][229]LogBlueprintUserMessages: [SideScrollerCharacter_C_1] 0
[2016.03.27-16.49.43:305][230]LogBlueprintUserMessages: [SideScrollerCharacter_C_1] 0
[2016.03.27-16.49.43:322][231]LogBlueprintUserMessages: [SideScrollerCharacter_C_1] 0
[2016.03.27-16.49.43:338][232]LogBlueprintUserMessages: [SideScrollerCharacter_C_1] 0
[2016.03.27-16.49.43:354][233]LogBlueprintUserMessages: [SideScrollerCharacter_C_1] 0
[2016.03.27-16.49.43:371][234]LogBlueprintUserMessages: [SideScrollerCharacter_C_1] 0
[2016.03.27-16.49.43:387][235]LogBlueprintUserMessages: [SideScrollerCharacter_C_1] 0
[2016.03.27-16.49.43:404][236]LogBlueprintUserMessages: [SideScrollerCharacter_C_1] 0
[2016.03.27-16.49.43:420][237]LogBlueprintUserMessages: [SideScrollerCharacter_C_1] 0
[2016.03.27-16.49.43:436][238]LogBlueprintUserMessages: [SideScrollerCharacter_C_1] 0
[2016.03.27-16.49.43:452][239]LogBlueprintUserMessages: [SideScrollerCharacter_C_1] 0
[2016.03.27-16.49.43:468][240]LogBlueprintUserMessages: [SideScrollerCharacter_C_1] 0
[2016.03.27-16.49.43:484][241]LogBlueprintUserMessages: [SideScrollerCharacter_C_1] 0
[2016.03.27-16.49.43:500][242]LogBlueprintUserMessages: [SideScrollerCharacter_C_1] 0
[2016.03.27-16.49.43:516][243]LogBlueprintUserMessages: [SideScrollerCharacter_C_1] 0
[2016.03.27-16.49.43:533][244]LogBlueprintUserMessages: [SideScrollerCharacter_C_1] 0
[2016.03.27-16.49.43:549][245]LogBlueprintUserMessages: [SideScrollerCharacter_C_1] 0
[2016.03.27-16.49.43:565][246]LogBlueprintUserMessages: [SideScrollerCharacter_C_1] 0
[2016.03.27-16.49.43:581][247]LogBlueprintUserMessages: [SideScrollerCharacter_C_1] 0
[2016.03.27-16.49.43:597][248]LogBlueprintUserMessages: [SideScrollerCharacter_C_1] 0
[2016.03.27-16.49.43:613][249]LogBlueprintUserMessages: [SideScrollerCharacter_C_1] 0
[2016.03.27-16.49.43:629][250]LogBlueprintUserMessages: [SideScrollerCharacter_C_1] 0
[2016.03.27-16.49.43:646][251]LogBlueprintUserMessages: [SideScrollerCharacter_C_1] 0
[2016.03.27-16.49.43:662][252]LogBlueprintUserMessages: [SideScrollerCharacter_C_1] 33.033
[2016.03.27-16.49.43:679][253]LogBlueprintUserMessages: [SideScrollerCharacter_C_1] 66.067
[2016.03.27-16.49.43:695][254]LogBlueprintUserMessages: [SideScrollerCharacter_C_1] 101.953
[2016.03.27-16.49.43:711][255]LogBlueprintUserMessages: [SideScrollerCharacter_C_1] 134.987
[2016.03.27-16.49.43:728][256]LogBlueprintUserMessages: [SideScrollerCharacter_C_1] 168.02
[2016.03.27-16.49.43:744][257]LogBlueprintUserMessages: [SideScrollerCharacter_C_1] 201.054
[2016.03.27-16.49.43:760][258]LogBlueprintUserMessages: [SideScrollerCharacter_C_1] 234.087
[2016.03.27-16.49.43:776][259]LogBlueprintUserMessages: [SideScrollerCharacter_C_1] 267.13
[2016.03.27-16.49.43:792][260]LogBlueprintUserMessages: [SideScrollerCharacter_C_1] 300.163
[2016.03.27-16.49.43:808][261]LogBlueprintUserMessages: [SideScrollerCharacter_C_1] 333.197
[2016.03.27-16.49.43:824][262]LogBlueprintUserMessages: [SideScrollerCharacter_C_1] 366.23
[2016.03.27-16.49.43:840][263]LogBlueprintUserMessages: [SideScrollerCharacter_C_1] 399.262
[2016.03.27-16.49.43:857][264]LogBlueprintUserMessages: [SideScrollerCharacter_C_1] 432.293
[2016.03.27-16.49.43:874][265]LogBlueprintUserMessages: [SideScrollerCharacter_C_1] 465.334
[2016.03.27-16.49.43:889][266]LogBlueprintUserMessages: [SideScrollerCharacter_C_1] 498.368
[2016.03.27-16.49.43:905][267]LogBlueprintUserMessages: [SideScrollerCharacter_C_1] 531.399
[2016.03.27-16.49.43:921][268]LogBlueprintUserMessages: [SideScrollerCharacter_C_1] 564.431
[2016.03.27-16.49.43:937][269]LogBlueprintUserMessages: [SideScrollerCharacter_C_1] 597.462
[2016.03.27-16.49.43:953][270]LogBlueprintUserMessages: [SideScrollerCharacter_C_1] 600.001
[2016.03.27-16.49.43:976][271]LogBlueprintUserMessages: [SideScrollerCharacter_C_1] 600.001
[2016.03.27-16.49.43:991][272]LogBlueprintUserMessages: [SideScrollerCharacter_C_1] 600
[2016.03.27-16.49.44:007][273]LogBlueprintUserMessages: [SideScrollerCharacter_C_1] 600.001
[2016.03.27-16.49.44:024][274]LogBlueprintUserMessages: [SideScrollerCharacter_C_1] 600.001
[2016.03.27-16.49.44:040][275]LogBlueprintUserMessages: [SideScrollerCharacter_C_1] 600.001
[2016.03.27-16.49.44:056][276]LogBlueprintUserMessages: [SideScrollerCharacter_C_1] 600.001
[2016.03.27-16.49.44:072][277]LogBlueprintUserMessages: [SideScrollerCharacter_C_1] 600.001
[2016.03.27-16.49.44:088][278]LogBlueprintUserMessages: [SideScrollerCharacter_C_1] 600.001
[2016.03.27-16.49.44:104][279]LogBlueprintUserMessages: [SideScrollerCharacter_C_1] 600.001
[2016.03.27-16.49.44:120][280]LogBlueprintUserMessages: [SideScrollerCharacter_C_1] 600.001
[2016.03.27-16.49.44:136][281]LogBlueprintUserMessages: [SideScrollerCharacter_C_1] 600.001
[2016.03.27-16.49.44:153][282]LogBlueprintUserMessages: [SideScrollerCharacter_C_1] 600.001
[2016.03.27-16.49.44:171][283]LogBlueprintUserMessages: [SideScrollerCharacter_C_1] 600.001
[2016.03.27-16.49.44:187][284]LogBlueprintUserMessages: [SideScrollerCharacter_C_1] 599.999
[2016.03.27-16.49.44:203][285]LogBlueprintUserMessages: [SideScrollerCharacter_C_1] 600.001
[2016.03.27-16.49.44:219][286]LogBlueprintUserMessages: [SideScrollerCharacter_C_1] 600.001
[2016.03.27-16.49.44:236][287]LogBlueprintUserMessages: [SideScrollerCharacter_C_1] 600.001
[2016.03.27-16.49.44:252][288]LogBlueprintUserMessages: [SideScrollerCharacter_C_1] 600.001
[2016.03.27-16.49.44:268][289]LogBlueprintUserMessages: [SideScrollerCharacter_C_1] 600.001
[2016.03.27-16.49.44:284][290]LogBlueprintUserMessages: [SideScrollerCharacter_C_1] 599.998
[2016.03.27-16.49.44:300][291]LogBlueprintUserMessages: [SideScrollerCharacter_C_1] 600.001
[2016.03.27-16.49.44:316][292]LogBlueprintUserMessages: [SideScrollerCharacter_C_1] 600.001
[2016.03.27-16.49.44:332][293]LogBlueprintUserMessages: [SideScrollerCharacter_C_1] 600.001
[2016.03.27-16.49.44:349][294]LogBlueprintUserMessages: [SideScrollerCharacter_C_1] 600.001
[2016.03.27-16.49.44:365][295]LogBlueprintUserMessages: [SideScrollerCharacter_C_1] 600.001
[2016.03.27-16.49.44:381][296]LogBlueprintUserMessages: [SideScrollerCharacter_C_1] 600.001
[2016.03.27-16.49.44:397][297]LogBlueprintUserMessages: [SideScrollerCharacter_C_1] 600.001
[2016.03.27-16.49.44:413][298]LogBlueprintUserMessages: [SideScrollerCharacter_C_1] 599.999
[2016.03.27-16.49.44:429][299]LogBlueprintUserMessages: [SideScrollerCharacter_C_1] 600.001
[2016.03.27-16.49.44:446][300]LogBlueprintUserMessages: [SideScrollerCharacter_C_1] 600.001
[2016.03.27-16.49.44:462][301]LogBlueprintUserMessages: [SideScrollerCharacter_C_1] 600.001
[2016.03.27-16.49.44:478][302]LogBlueprintUserMessages: [SideScrollerCharacter_C_1] 600.001
[2016.03.27-16.49.44:494][303]LogBlueprintUserMessages: [SideScrollerCharacter_C_1] 600.001
[2016.03.27-16.49.44:510][304]LogBlueprintUserMessages: [SideScrollerCharacter_C_1] 600.001
[2016.03.27-16.49.44:526][305]LogBlueprintUserMessages: [SideScrollerCharacter_C_1] 600.001
[2016.03.27-16.49.44:542][306]LogBlueprintUserMessages: [SideScrollerCharacter_C_1] 600.001
[2016.03.27-16.49.44:558][307]LogBlueprintUserMessages: [SideScrollerCharacter_C_1] 600.001
[2016.03.27-16.49.44:575][308]LogBlueprintUserMessages: [SideScrollerCharacter_C_1] 600.001
[2016.03.27-16.49.44:591][309]LogBlueprintUserMessages: [SideScrollerCharacter_C_1] 600.001
[2016.03.27-16.49.44:607][310]LogBlueprintUserMessages: [SideScrollerCharacter_C_1] 600.001
[2016.03.27-16.49.44:623][311]LogBlueprintUserMessages: [SideScrollerCharacter_C_1] 600.001
[2016.03.27-16.49.44:639][312]LogBlueprintUserMessages: [SideScrollerCharacter_C_1] 600.001
[2016.03.27-16.49.44:655][313]LogBlueprintUserMessages: [SideScrollerCharacter_C_1] 600.001
[2016.03.27-16.49.44:672][314]LogBlueprintUserMessages: [SideScrollerCharacter_C_1] 600.001
[2016.03.27-16.49.44:688][315]LogBlueprintUserMessages: [SideScrollerCharacter_C_1] 600
[2016.03.27-16.49.44:704][316]LogBlueprintUserMessages: [SideScrollerCharacter_C_1] 600.001
[2016.03.27-16.49.44:720][317]LogBlueprintUserMessages: [SideScrollerCharacter_C_1] 600.001
[2016.03.27-16.49.44:736][318]LogBlueprintUserMessages: [SideScrollerCharacter_C_1] 600.001
[2016.03.27-16.49.44:752][319]LogBlueprintUserMessages: [SideScrollerCharacter_C_1] 600.001
[2016.03.27-16.49.44:768][320]LogBlueprintUserMessages: [SideScrollerCharacter_C_1] 600.001
[2016.03.27-16.49.44:784][321]LogBlueprintUserMessages: [SideScrollerCharacter_C_1] 600.001
[2016.03.27-16.49.44:801][322]LogBlueprintUserMessages: [SideScrollerCharacter_C_1] 600.001
[2016.03.27-16.49.44:817][323]LogBlueprintUserMessages: [SideScrollerCharacter_C_1] 600.001
[2016.03.27-16.49.44:833][324]LogBlueprintUserMessages: [SideScrollerCharacter_C_1] 600.001
[2016.03.27-16.49.44:849][325]LogBlueprintUserMessages: [SideScrollerCharacter_C_1] 600.001
[2016.03.27-16.49.44:865][326]LogBlueprintUserMessages: [SideScrollerCharacter_C_1] 600.001
[2016.03.27-16.49.44:881][327]LogBlueprintUserMessages: [SideScrollerCharacter_C_1] 600.001
[2016.03.27-16.49.44:897][328]LogBlueprintUserMessages: [SideScrollerCharacter_C_1] 600.002
[2016.03.27-16.49.44:913][329]LogBlueprintUserMessages: [SideScrollerCharacter_C_1] 600.001
[2016.03.27-16.49.44:929][330]LogBlueprintUserMessages: [SideScrollerCharacter_C_1] 600.001
[2016.03.27-16.49.44:946][331]LogBlueprintUserMessages: [SideScrollerCharacter_C_1] 600.001
[2016.03.27-16.49.44:962][332]LogBlueprintUserMessages: [SideScrollerCharacter_C_1] 600.001
[2016.03.27-16.49.44:978][333]LogBlueprintUserMessages: [SideScrollerCharacter_C_1] 600.001
[2016.03.27-16.49.44:994][334]LogBlueprintUserMessages: [SideScrollerCharacter_C_1] 600.001
[2016.03.27-16.49.45:010][335]LogBlueprintUserMessages: [SideScrollerCharacter_C_1] 600.001
[2016.03.27-16.49.45:026][336]LogBlueprintUserMessages: [SideScrollerCharacter_C_1] 600.001
[2016.03.27-16.49.45:042][337]LogBlueprintUserMessages: [SideScrollerCharacter_C_1] 600.001
[2016.03.27-16.49.45:059][338]LogBlueprintUserMessages: [SideScrollerCharacter_C_1] 600.001
[2016.03.27-16.49.45:075][339]LogBlueprintUserMessages: [SideScrollerCharacter_C_1] 600.001
[2016.03.27-16.49.45:091][340]LogBlueprintUserMessages: [SideScrollerCharacter_C_1] 600.002
[2016.03.27-16.49.45:107][341]LogBlueprintUserMessages: [SideScrollerCharacter_C_1] 600.001
[2016.03.27-16.49.45:123][342]LogBlueprintUserMessages: [SideScrollerCharacter_C_1] 600.001
[2016.03.27-16.49.45:139][343]LogBlueprintUserMessages: [SideScrollerCharacter_C_1] 600.001
[2016.03.27-16.49.45:156][344]LogBlueprintUserMessages: [SideScrollerCharacter_C_1] 600.001
[2016.03.27-16.49.45:173][345]LogBlueprintUserMessages: [SideScrollerCharacter_C_1] 600.001
[2016.03.27-16.49.45:188][346]LogBlueprintUserMessages: [SideScrollerCharacter_C_1] 600.001
[2016.03.27-16.49.45:204][347]LogBlueprintUserMessages: [SideScrollerCharacter_C_1] 600.001
[2016.03.27-16.49.45:220][348]LogBlueprintUserMessages: [SideScrollerCharacter_C_1] 600.001
[2016.03.27-16.49.45:236][349]LogBlueprintUserMessages: [SideScrollerCharacter_C_1] 600.001
[2016.03.27-16.49.45:252][350]LogBlueprintUserMessages: [SideScrollerCharacter_C_1] 600.001
[2016.03.27-16.49.45:271][351]LogBlueprintUserMessages: [SideScrollerCharacter_C_1] 600.001
[2016.03.27-16.49.45:287][352]LogBlueprintUserMessages: [SideScrollerCharacter_C_1] 599.999
[2016.03.27-16.49.45:303][353]LogBlueprintUserMessages: [SideScrollerCharacter_C_1] 600.001
[2016.03.27-16.49.45:319][354]LogBlueprintUserMessages: [SideScrollerCharacter_C_1] 600.001
[2016.03.27-16.49.45:336][355]LogBlueprintUserMessages: [SideScrollerCharacter_C_1] 600.001
[2016.03.27-16.49.45:352][356]LogBlueprintUserMessages: [SideScrollerCharacter_C_1] 600.001
[2016.03.27-16.49.45:368][357]LogBlueprintUserMessages: [SideScrollerCharacter_C_1] 600.001
[2016.03.27-16.49.45:384][358]LogBlueprintUserMessages: [SideScrollerCharacter_C_1] 600.001
[2016.03.27-16.49.45:400][359]LogBlueprintUserMessages: [SideScrollerCharacter_C_1] 600.001
[2016.03.27-16.49.45:416][360]LogBlueprintUserMessages: [SideScrollerCharacter_C_1] 600.001
[2016.03.27-16.49.45:433][361]LogBlueprintUserMessages: [SideScrollerCharacter_C_1] 600.001
[2016.03.27-16.49.45:449][362]LogBlueprintUserMessages: [SideScrollerCharacter_C_1] 600.001
[2016.03.27-16.49.45:465][363]LogBlueprintUserMessages: [SideScrollerCharacter_C_1] 600.001
[2016.03.27-16.49.45:481][364]LogBlueprintUserMessages: [SideScrollerCharacter_C_1] 600.001
[2016.03.27-16.49.45:497][365]LogBlueprintUserMessages: [SideScrollerCharacter_C_1] 600.001
[2016.03.27-16.49.45:513][366]LogBlueprintUserMessages: [SideScrollerCharacter_C_1] 600.001
[2016.03.27-16.49.45:529][367]LogBlueprintUserMessages: [SideScrollerCharacter_C_1] 600.001
[2016.03.27-16.49.45:545][368]LogBlueprintUserMessages: [SideScrollerCharacter_C_1] 600.001
[2016.03.27-16.49.45:561][369]LogBlueprintUserMessages: [SideScrollerCharacter_C_1] 600.001
[2016.03.27-16.49.45:578][370]LogBlueprintUserMessages: [SideScrollerCharacter_C_1] 600.001
[2016.03.27-16.49.45:594][371]LogBlueprintUserMessages: [SideScrollerCharacter_C_1] 600.001
[2016.03.27-16.49.45:610][372]LogBlueprintUserMessages: [SideScrollerCharacter_C_1] 600.001
[2016.03.27-16.49.45:626][373]LogBlueprintUserMessages: [SideScrollerCharacter_C_1] 600
[2016.03.27-16.49.45:642][374]LogBlueprintUserMessages: [SideScrollerCharacter_C_1] 600.001
[2016.03.27-16.49.45:658][375]LogBlueprintUserMessages: [SideScrollerCharacter_C_1] 600.001
[2016.03.27-16.49.45:674][376]LogBlueprintUserMessages: [SideScrollerCharacter_C_1] 600.001
[2016.03.27-16.49.45:691][377]LogBlueprintUserMessages: [SideScrollerCharacter_C_1] 600.001
[2016.03.27-16.49.45:707][378]LogBlueprintUserMessages: [SideScrollerCharacter_C_1] 600.001
[2016.03.27-16.49.45:723][379]LogBlueprintUserMessages: [SideScrollerCharacter_C_1] 600.001
[2016.03.27-16.49.45:739][380]LogBlueprintUserMessages: [SideScrollerCharacter_C_1] 600.001
[2016.03.27-16.49.45:755][381]LogBlueprintUserMessages: [SideScrollerCharacter_C_1] 600.001
[2016.03.27-16.49.45:771][382]LogBlueprintUserMessages: [SideScrollerCharacter_C_1] 600.001
[2016.03.27-16.49.45:787][383]LogBlueprintUserMessages: [SideScrollerCharacter_C_1] 600.001
[2016.03.27-16.49.45:803][384]LogBlueprintUserMessages: [SideScrollerCharacter_C_1] 600.001
[2016.03.27-16.49.45:819][385]LogBlueprintUserMessages: [SideScrollerCharacter_C_1] 600.001
[2016.03.27-16.49.45:836][386]LogBlueprintUserMessages: [SideScrollerCharacter_C_1] 600.001
[2016.03.27-16.49.45:852][387]LogBlueprintUserMessages: [SideScrollerCharacter_C_1] 600.001
[2016.03.27-16.49.45:868][388]LogBlueprintUserMessages: [SideScrollerCharacter_C_1] 600.001
[2016.03.27-16.49.45:884][389]LogBlueprintUserMessages: [SideScrollerCharacter_C_1] 600.001
[2016.03.27-16.49.45:900][390]LogBlueprintUserMessages: [SideScrollerCharacter_C_1] 600.001
[2016.03.27-16.49.45:916][391]LogBlueprintUserMessages: [SideScrollerCharacter_C_1] 600.001
[2016.03.27-16.49.45:932][392]LogBlueprintUserMessages: [SideScrollerCharacter_C_1] 600.001
[2016.03.27-16.49.45:949][393]LogBlueprintUserMessages: [SideScrollerCharacter_C_1] 600.001
[2016.03.27-16.49.45:965][394]LogBlueprintUserMessages: [SideScrollerCharacter_C_1] 600.001
[2016.03.27-16.49.45:981][395]LogBlueprintUserMessages: [SideScrollerCharacter_C_1] 600.001
[2016.03.27-16.49.45:998][396]LogBlueprintUserMessages: [SideScrollerCharacter_C_1] 600
[2016.03.27-16.49.46:014][397]LogBlueprintUserMessages: [SideScrollerCharacter_C_1] 600.001
[2016.03.27-16.49.46:030][398]LogBlueprintUserMessages: [SideScrollerCharacter_C_1] 600.001
[2016.03.27-16.49.46:046][399]LogBlueprintUserMessages: [SideScrollerCharacter_C_1] 600.001
[2016.03.27-16.49.46:062][400]LogBlueprintUserMessages: [SideScrollerCharacter_C_1] 600.001
[2016.03.27-16.49.46:078][401]LogBlueprintUserMessages: [SideScrollerCharacter_C_1] 600.001
[2016.03.27-16.49.46:094][402]LogBlueprintUserMessages: [SideScrollerCharacter_C_1] 600.001
[2016.03.27-16.49.46:110][403]LogBlueprintUserMessages: [SideScrollerCharacter_C_1] 600.001
[2016.03.27-16.49.46:127][404]LogBlueprintUserMessages: [SideScrollerCharacter_C_1] 600.001
[2016.03.27-16.49.46:143][405]LogBlueprintUserMessages: [SideScrollerCharacter_C_1] 600.001
[2016.03.27-16.49.46:159][406]LogBlueprintUserMessages: [SideScrollerCharacter_C_1] 600.001
[2016.03.27-16.49.46:175][407]LogBlueprintUserMessages: [SideScrollerCharacter_C_1] 600.001
[2016.03.27-16.49.46:191][408]LogBlueprintUserMessages: [SideScrollerCharacter_C_1] 600.001
[2016.03.27-16.49.46:207][409]LogBlueprintUserMessages: [SideScrollerCharacter_C_1] 600