[2016.03.27-13.59.25:619][  0]Log file open, 03/27/16 16:59:25
[2016.03.27-13.59.25:619][  0]LogInit:Display: Running engine for game: SCG
[2016.03.27-13.59.25:619][  0]LogPlatformFile: Not using cached read wrapper
[2016.03.27-13.59.25:619][  0]LogInit:Display: RandInit(-1019598964) SRandInit(-1019598963).
[2016.03.27-13.59.25:619][  0]LogTaskGraph: Started task graph with 4 named threads and 6 total threads.
[2016.03.27-13.59.25:619][  0]LogStats: Stats thread started at 0.075288
[2016.03.27-13.59.25:619][  0]LogInit: Version: 4.10.4-2872498+++depot+UE4-Releases+4.10
[2016.03.27-13.59.25:619][  0]LogInit: API Version: 2758231
[2016.03.27-13.59.25:619][  0]LogInit: Compiled (64-bit): Feb 18 2016 15:47:04
[2016.03.27-13.59.25:619][  0]LogInit: Compiled with Visual C++: 19.00.23026.00
[2016.03.27-13.59.25:619][  0]LogInit: Build Configuration: Development
[2016.03.27-13.59.25:619][  0]LogInit: Branch Name: ++depot+UE4-Releases+4.10
[2016.03.27-13.59.25:619][  0]LogInit: Command line:  /Temp/Autosaves/Game/SideScrollerBP/Maps/UEDPCSideScrollerExampleMap -game -PIEVIACONSOLE -ResX=1280 -ResY=720  -Multiprocess 
[2016.03.27-13.59.25:619][  0]LogInit: Base directory: C:/Program Files (x86)/Epic Games/4.10/Engine/Binaries/Win64/
[2016.03.27-13.59.25:619][  0]LogInit: Rocket: 1
[2016.03.27-13.59.25:639][  0]LogInit: Using libcurl 7.41.0
[2016.03.27-13.59.25:639][  0]LogInit:  - built for x86_64-pc-win32
[2016.03.27-13.59.25:639][  0]LogInit:  - supports SSL with WinSSL
[2016.03.27-13.59.25:639][  0]LogInit:  - other features:
[2016.03.27-13.59.25:639][  0]LogInit:      CURL_VERSION_SSL
[2016.03.27-13.59.25:639][  0]LogInit:      CURL_VERSION_IPV6
[2016.03.27-13.59.25:639][  0]LogInit:      CURL_VERSION_ASYNCHDNS
[2016.03.27-13.59.25:639][  0]LogInit:      CURL_VERSION_LARGEFILE
[2016.03.27-13.59.25:639][  0]LogInit:      CURL_VERSION_IDN
[2016.03.27-13.59.25:639][  0]LogInit:  CurlRequestOptions (configurable via config and command line):
[2016.03.27-13.59.25:639][  0]LogInit:  - bVerifyPeer = true  - Libcurl will verify peer certificate
[2016.03.27-13.59.25:639][  0]LogInit:  - bUseHttpProxy = false  - Libcurl will NOT use HTTP proxy
[2016.03.27-13.59.25:639][  0]LogInit:  - bDontReuseConnections = false  - Libcurl will reuse connections
[2016.03.27-13.59.25:639][  0]LogInit:  - CertBundlePath = nullptr  - Libcurl will use whatever was configured at build time.
[2016.03.27-13.59.25:647][  0]LogInit: Presizing for 0 objects not considered by GC, pre-allocating 0 bytes.
[2016.03.27-13.59.25:655][  0]LogInit: Object subsystem initialized
[2016.03.27-13.59.25:657][  0]LogInit: Selected Device Profile: [Windows]
[2016.03.27-13.59.25:657][  0]LogInit: Applying CVar settings loaded from the selected device profile: [Windows]
[2016.03.27-13.59.25:661][  0]LogInit: Computer: SS-ПК
[2016.03.27-13.59.25:661][  0]LogInit: User: SS
[2016.03.27-13.59.25:661][  0]LogInit: CPU Page size=4096, Cores=3
[2016.03.27-13.59.25:661][  0]LogInit: High frequency timer resolution =3.433251 MHz
[2016.03.27-13.59.25:661][  0]LogMemory: Memory total: Physical=8.0GB (8GB approx)
[2016.03.27-13.59.25:661][  0]LogMemory: Platform Memory Stats for Windows
[2016.03.27-13.59.25:661][  0]LogMemory: Process Physical Memory: 56.51 MB used, 56.51 MB peak
[2016.03.27-13.59.25:661][  0]LogMemory: Process Virtual Memory: 57.04 MB used, 57.04 MB peak
[2016.03.27-13.59.25:661][  0]LogMemory: Physical Memory: 6985.16 MB used, 8189.55 MB total
[2016.03.27-13.59.25:661][  0]LogMemory: Virtual Memory: 351.32 MB used, 8388608.00 MB total
[2016.03.27-13.59.25:717][  0]LogTextLocalizationManager: No translations for ('ru-RU') exist, falling back to 'en' for localization and internationalization data.
[2016.03.27-13.59.26:180][  0]LogD3D11RHI: Found D3D11 adapter 0: AMD Radeon R9 200 Series (Feature Level 11_0)
[2016.03.27-13.59.26:180][  0]LogD3D11RHI: Adapter has 3051MB of dedicated video memory, 0MB of dedicated system memory, and 3838MB of shared system memory, 1 output[s]
[2016.03.27-13.59.26:180][  0]LogD3D11RHI: Chosen D3D11 Adapter Id = 0
[2016.03.27-13.59.26:190][  0]LogD3D11RHI: !Direct3DDevice
[2016.03.27-13.59.26:190][  0]LogRHI: Texture pool is 1361 MB (70% of 1945 MB)
[2016.03.27-13.59.26:198][  0]LogD3D11RHI: Async texture creation disabled: no driver support
[2016.03.27-13.59.26:211][  0]LogShaderCompilers: Guid format shader working directory is -6 characters bigger than the processId version (../../../../../../Users/SS/Documents/GitHub/SCG_1/Intermediate/Shaders/WorkingDirectory/7512/).
[2016.03.27-13.59.26:211][  0]LogShaderCompilers: Cleaned the shader compiler working directory 'C:/Users/SS/AppData/Local/Temp/UnrealShaderWorkingDir/747EDC394AFE176B4406A4B2D3CAFE4C/'.
[2016.03.27-13.59.26:211][  0]LogShaderCompilers:Display: Using Local Shader Compiler.
[2016.03.27-13.59.27:830][  0]LogTemp:Display: Loaded TP AllDesktopTargetPlatform
[2016.03.27-13.59.27:837][  0]LogTemp:Display: Loaded TP WindowsClientTargetPlatform
[2016.03.27-13.59.27:844][  0]LogTemp:Display: Loaded TP WindowsNoEditorTargetPlatform
[2016.03.27-13.59.27:853][  0]LogTemp:Display: Loaded TP WindowsServerTargetPlatform
[2016.03.27-13.59.27:860][  0]LogTemp:Display: Loaded TP WindowsTargetPlatform
[2016.03.27-13.59.27:864][  0]LogTemp:Display: Loaded TP AndroidTargetPlatform
[2016.03.27-13.59.27:868][  0]LogTemp:Display: Loaded TP Android_ASTCTargetPlatform
[2016.03.27-13.59.27:873][  0]LogTemp:Display: Loaded TP Android_ATCTargetPlatform
[2016.03.27-13.59.27:877][  0]LogTemp:Display: Loaded TP Android_DXTTargetPlatform
[2016.03.27-13.59.27:883][  0]LogTemp:Display: Loaded TP Android_ETC1TargetPlatform
[2016.03.27-13.59.27:888][  0]LogTemp:Display: Loaded TP Android_ETC2TargetPlatform
[2016.03.27-13.59.27:898][  0]LogTemp:Display: Loaded TP Android_MultiTargetPlatform
[2016.03.27-13.59.27:898][  0]LogTemp:Display: Loaded TP Android_PVRTCTargetPlatform
[2016.03.27-13.59.27:899][  0]LogTemp:Display: Loaded TP HTML5TargetPlatform
[2016.03.27-13.59.27:920][  0]LogTemp:Display: Loaded TP IOSTargetPlatform
[2016.03.27-13.59.27:924][  0]LogTemp:Display: Loaded TP LinuxNoEditorTargetPlatform
[2016.03.27-13.59.27:929][  0]LogTemp:Display: Loaded TP LinuxServerTargetPlatform
[2016.03.27-13.59.27:935][  0]LogTemp:Display: Loaded TP LinuxTargetPlatform
[2016.03.27-13.59.27:935][  0]LogTargetPlatformManager:Display: Building Assets For Windows
[2016.03.27-13.59.28:056][  0]LogDerivedDataCache:Display: Max Cache Size: 512 MB
[2016.03.27-13.59.28:151][  0]LogDerivedDataCache: Loaded boot cache 0.09s 41MB C:/Users/SS/AppData/Local/UnrealEngine/4.10/DerivedDataCache/Boot.ddc.
[2016.03.27-13.59.28:151][  0]LogDerivedDataCache:Display: Loaded Boot cache: C:/Users/SS/AppData/Local/UnrealEngine/4.10/DerivedDataCache/Boot.ddc
[2016.03.27-13.59.28:151][  0]LogDerivedDataCache: FDerivedDataBackendGraph:  Pak pak cache file ../../../../../../Users/SS/Documents/GitHub/SCG_1/DerivedDataCache/DDC.ddp not found, will not use a pak cache.
[2016.03.27-13.59.28:151][  0]LogDerivedDataCache: Unable to find inner node Pak for hierarchical cache Hierarchy.
[2016.03.27-13.59.28:151][  0]LogDerivedDataCache: FDerivedDataBackendGraph:  CompressedPak pak cache file ../../../../../../Users/SS/Documents/GitHub/SCG_1/DerivedDataCache/Compressed.ddp not found, will not use a pak cache.
[2016.03.27-13.59.28:151][  0]LogDerivedDataCache: Unable to find inner node CompressedPak for hierarchical cache Hierarchy.
[2016.03.27-13.59.28:237][  0]LogDerivedDataCache:Display: Pak cache opened for reading ../../../Engine/DerivedDataCache/Compressed.ddp.
[2016.03.27-13.59.28:249][  0]LogDerivedDataCache: Using Local data cache path C:/Users/SS/AppData/Local/UnrealEngine/Common/DerivedDataCache: Writable
[2016.03.27-13.59.28:580][  0]LogInit: Selected Device Profile: [Windows]
[2016.03.27-13.59.28:581][  0]LogContentStreaming: Texture pool size is 1000.000000MB
[2016.03.27-13.59.28:602][  0]LogMeshUtilities: No automatic mesh reduction module available
[2016.03.27-13.59.28:602][  0]LogMeshUtilities: No automatic mesh merging module available
[2016.03.27-13.59.29:065][  0]LogInit: WinSock: version 1.1 (2.2), MaxSocks=32767, MaxUdp=65467
[2016.03.27-13.59.29:344][  0]LogWindowsMoviePlayer: Unable to load movie: ../../../../../../Users/SS/Documents/GitHub/SCG_1/Content/Movies/Default_Startup.mp4
[2016.03.27-13.59.29:492][  0]SourceControl: Info Source control is disabled
[2016.03.27-13.59.29:492][  0]SourceControl: Info Source control is disabled
[2016.03.27-13.59.29:523][  0]SourceControl: Info Source control is disabled
[2016.03.27-13.59.29:804][  0]LogObj: 27935 objects as part of root set at end of initial load.
[2016.03.27-13.59.29:804][  0]LogUObjectAllocator: 5830072 out of 0 bytes used by permanent object pool.
[2016.03.27-13.59.29:880][  0]LogEngine: Initializing Engine...
[2016.03.27-13.59.29:886][  0]LogHMD: Can't find Oculus library dev build: is proper Runtime installed? Version: 0.8.0.0
[2016.03.27-13.59.29:887][  0]LogHMD: SteamVR failed to initialize.  Err: 110
[2016.03.27-13.59.30:037][  0]LogInit: XAudio2 using 'Динамики (Realtek High Definition Audio)' : 2 channels at 48 kHz using 32 bits per sample (channel mask 0x3)
[2016.03.27-13.59.30:061][  0]LogInit: FAudioDevice initialized.
[2016.03.27-13.59.30:073][  0]LogInit: Texture streaming: Enabled
[2016.03.27-13.59.30:156][  0]LogNet: Browse: /Temp/Autosaves/Game/SideScrollerBP/Maps/UEDPCSideScrollerExampleMap?Name=Player
[2016.03.27-13.59.30:156][  0]LogLoad: LoadMap: /Temp/Autosaves/Game/SideScrollerBP/Maps/UEDPCSideScrollerExampleMap?Name=Player
[2016.03.27-13.59.30:197][  0]LogParticles: Destroying 0 GPU particle simulations for FXSystem 0x00000000200A8F40
[2016.03.27-13.59.30:214][  0]LogMemory: Platform Memory Stats for Windows
[2016.03.27-13.59.30:214][  0]LogMemory: Process Physical Memory: 382.29 MB used, 382.29 MB peak
[2016.03.27-13.59.30:214][  0]LogMemory: Process Virtual Memory: 354.99 MB used, 354.99 MB peak
[2016.03.27-13.59.30:214][  0]LogMemory: Physical Memory: 7301.45 MB used, 8189.55 MB total
[2016.03.27-13.59.30:214][  0]LogMemory: Virtual Memory: 877.88 MB used, 8388608.00 MB total
[2016.03.27-13.59.30:214][  0]LogMemory: 
[2016.03.27-13.59.30:214][  0]Allocator Stats for TBB: (not implemented)
[2016.03.27-13.59.31:185][  0]LogAIModule: Creating AISystem for world SideScrollerExampleMap
[2016.03.27-13.59.31:196][  0]LogWorld: Game class is 'GameModeSCG_C'
[2016.03.27-13.59.31:213][  0]LogWorld: Bringing World /Temp/Autosaves/Game/SideScrollerBP/Maps/UEDPCSideScrollerExampleMap.SideScrollerExampleMap up for play (max tick rate 0) at 2016.03.27-16.59.31
[2016.03.27-13.59.31:215][  0]LogWorld: Bringing up level for play took: 0.017011
[2016.03.27-13.59.31:215][  0]LogPathFollowing:Warning: No NavigationData found while trying to cache it for AIController_0's PathFollowingComponent
[2016.03.27-13.59.31:216][  0]LogInit:Display: Game Engine Initialized.
[2016.03.27-13.59.31:442][  0]LogLoad: Full Startup: 6.16 seconds (BP compile: 0.30 seconds)
[2016.03.27-13.59.31:465][  0]LogOcInput: Can't find Oculus library dev build: is proper Runtime installed? Version: 0.8.0.0
[2016.03.27-13.59.31:555][  0]LogRenderer: Reallocating scene render targets to support 128x128 (Frame:1).
[2016.03.27-13.59.31:757][  1]LogRenderer: Reallocating scene render targets to support 1280x720 (Frame:2).
[2016.03.27-13.59.52:055][223]LogBlueprintUserMessages: [SideScrollerCharacter_C_1] 0
[2016.03.27-13.59.52:070][224]LogBlueprintUserMessages: [SideScrollerCharacter_C_1] 0
[2016.03.27-13.59.52:086][225]LogBlueprintUserMessages: [SideScrollerCharacter_C_1] 0
[2016.03.27-13.59.52:103][226]LogBlueprintUserMessages: [SideScrollerCharacter_C_1] 0
[2016.03.27-13.59.52:119][227]LogBlueprintUserMessages: [SideScrollerCharacter_C_1] 0
[2016.03.27-13.59.52:135][228]LogBlueprintUserMessages: [SideScrollerCharacter_C_1] 0
[2016.03.27-13.59.52:151][229]LogBlueprintUserMessages: [SideScrollerCharacter_C_1] 0
[2016.03.27-13.59.52:167][230]LogBlueprintUserMessages: [SideScrollerCharacter_C_1] 0
[2016.03.27-13.59.52:183][231]LogBlueprintUserMessages: [SideScrollerCharacter_C_1] 0
[2016.03.27-13.59.52:200][232]LogBlueprintUserMessages: [SideScrollerCharacter_C_1] 0
[2016.03.27-13.59.52:216][233]LogBlueprintUserMessages: [SideScrollerCharacter_C_1] 0
[2016.03.27-13.59.52:232][234]LogBlueprintUserMessages: [SideScrollerCharacter_C_1] 33.033
[2016.03.27-13.59.52:248][235]LogBlueprintUserMessages: [SideScrollerCharacter_C_1] 66.067
[2016.03.27-13.59.52:264][236]LogBlueprintUserMessages: [SideScrollerCharacter_C_1] 99.1
[2016.03.27-13.59.52:280][237]LogBlueprintUserMessages: [SideScrollerCharacter_C_1] 132.134
[2016.03.27-13.59.52:296][238]LogBlueprintUserMessages: [SideScrollerCharacter_C_1] 165.167
[2016.03.27-13.59.52:312][239]LogBlueprintUserMessages: [SideScrollerCharacter_C_1] 198.2
[2016.03.27-13.59.52:329][240]LogBlueprintUserMessages: [SideScrollerCharacter_C_1] 231.234
[2016.03.27-13.59.52:345][241]LogBlueprintUserMessages: [SideScrollerCharacter_C_1] 264.267
[2016.03.27-13.59.52:361][242]LogBlueprintUserMessages: [SideScrollerCharacter_C_1] 297.301
[2016.03.27-13.59.52:377][243]LogBlueprintUserMessages: [SideScrollerCharacter_C_1] 330.334
[2016.03.27-13.59.52:393][244]LogBlueprintUserMessages: [SideScrollerCharacter_C_1] 363.367
[2016.03.27-13.59.52:409][245]LogBlueprintUserMessages: [SideScrollerCharacter_C_1] 396.401
[2016.03.27-13.59.52:425][246]LogBlueprintUserMessages: [SideScrollerCharacter_C_1] 429.432
[2016.03.27-13.59.52:441][247]LogBlueprintUserMessages: [SideScrollerCharacter_C_1] 462.464
[2016.03.27-13.59.52:458][248]LogBlueprintUserMessages: [SideScrollerCharacter_C_1] 495.495
[2016.03.27-13.59.52:474][249]LogBlueprintUserMessages: [SideScrollerCharacter_C_1] 528.527
[2016.03.27-13.59.52:490][250]LogBlueprintUserMessages: [SideScrollerCharacter_C_1] 561.558
[2016.03.27-13.59.52:506][251]LogBlueprintUserMessages: [SideScrollerCharacter_C_1] 594.59
[2016.03.27-13.59.52:522][252]LogBlueprintUserMessages: [SideScrollerCharacter_C_1] 600.001
[2016.03.27-13.59.52:538][253]LogBlueprintUserMessages: [SideScrollerCharacter_C_1] 600.001
[2016.03.27-13.59.52:554][254]LogBlueprintUserMessages: [SideScrollerCharacter_C_1] 600.001
[2016.03.27-13.59.52:570][255]LogBlueprintUserMessages: [SideScrollerCharacter_C_1] 600.001
[2016.03.27-13.59.52:587][256]LogBlueprintUserMessages: [SideScrollerCharacter_C_1] 600.001
[2016.03.27-13.59.52:603][257]LogBlueprintUserMessages: [SideScrollerCharacter_C_1] 600.001
[2016.03.27-13.59.52:619][258]LogBlueprintUserMessages: [SideScrollerCharacter_C_1] 600.001
[2016.03.27-13.59.52:635][259]LogBlueprintUserMessages: [SideScrollerCharacter_C_1] 600.001
[2016.03.27-13.59.52:651][260]LogBlueprintUserMessages: [SideScrollerCharacter_C_1] 600.001
[2016.03.27-13.59.52:667][261]LogBlueprintUserMessages: [SideScrollerCharacter_C_1] 600.001
[2016.03.27-13.59.52:683][262]LogBlueprintUserMessages: [SideScrollerCharacter_C_1] 600.001
[2016.03.27-13.59.52:700][263]LogBlueprintUserMessages: [SideScrollerCharacter_C_1] 600.001
[2016.03.27-13.59.52:716][264]LogBlueprintUserMessages: [SideScrollerCharacter_C_1] 600.001
[2016.03.27-13.59.52:732][265]LogBlueprintUserMessages: [SideScrollerCharacter_C_1] 600.001
[2016.03.27-13.59.52:748][266]LogBlueprintUserMessages: [SideScrollerCharacter_C_1] 600.001
[2016.03.27-13.59.52:764][267]LogBlueprintUserMessages: [SideScrollerCharacter_C_1] 600.001
[2016.03.27-13.59.52:780][268]LogBlueprintUserMessages: [SideScrollerCharacter_C_1] 600.001
[2016.03.27-13.59.52:796][269]LogBlueprintUserMessages: [SideScrollerCharacter_C_1] 600.001
[2016.03.27-13.59.52:812][270]LogBlueprintUserMessages: [SideScrollerCharacter_C_1] 600.001
[2016.03.27-13.59.52:829][271]LogBlueprintUserMessages: [SideScrollerCharacter_C_1] 600.001
[2016.03.27-13.59.52:845][272]LogBlueprintUserMessages: [SideScrollerCharacter_C_1] 600.001
[2016.03.27-13.59.52:861][273]LogBlueprintUserMessages: [SideScrollerCharacter_C_1] 600.001
[2016.03.27-13.59.52:877][274]LogBlueprintUserMessages: [SideScrollerCharacter_C_1] 600.001
[2016.03.27-13.59.52:893][275]LogBlueprintUserMessages: [SideScrollerCharacter_C_1] 600.001
[2016.03.27-13.59.52:909][276]LogBlueprintUserMessages: [SideScrollerCharacter_C_1] 600.001
[2016.03.27-13.59.52:925][277]LogBlueprintUserMessages: [SideScrollerCharacter_C_1] 600.001
[2016.03.27-13.59.52:941][278]LogBlueprintUserMessages: [SideScrollerCharacter_C_1] 600.001
[2016.03.27-13.59.52:959][279]LogBlueprintUserMessages: [SideScrollerCharacter_C_1] 600.001
[2016.03.27-13.59.52:975][280]LogBlueprintUserMessages: [SideScrollerCharacter_C_1] 599.999
[2016.03.27-13.59.52:992][281]LogBlueprintUserMessages: [SideScrollerCharacter_C_1] 600.001
[2016.03.27-13.59.53:008][282]LogBlueprintUserMessages: [SideScrollerCharacter_C_1] 600.001
[2016.03.27-13.59.53:024][283]LogBlueprintUserMessages: [SideScrollerCharacter_C_1] 600.001
[2016.03.27-13.59.53:040][284]LogBlueprintUserMessages: [SideScrollerCharacter_C_1] 600.001
[2016.03.27-13.59.53:056][285]LogBlueprintUserMessages: [SideScrollerCharacter_C_1] 600.002
[2016.03.27-13.59.53:072][286]LogBlueprintUserMessages: [SideScrollerCharacter_C_1] 600.001
[2016.03.27-13.59.53:088][287]LogBlueprintUserMessages: [SideScrollerCharacter_C_1] 600.001
[2016.03.27-13.59.53:104][288]LogBlueprintUserMessages: [SideScrollerCharacter_C_1] 600.001
[2016.03.27-13.59.53:121][289]LogBlueprintUserMessages: [SideScrollerCharacter_C_1] 600.001
[2016.03.27-13.59.53:137][290]LogBlueprintUserMessages: [SideScrollerCharacter_C_1] 600.001
[2016.03.27-13.59.53:153][291]LogBlueprintUserMessages: [SideScrollerCharacter_C_1] 600.001
[2016.03.27-13.59.53:169][292]LogBlueprintUserMessages: [SideScrollerCharacter_C_1] 600.001
[2016.03.27-13.59.53:185][293]LogBlueprintUserMessages: [SideScrollerCharacter_C_1] 600.001
[2016.03.27-13.59.53:201][294]LogBlueprintUserMessages: [SideScrollerCharacter_C_1] 600.001
[2016.03.27-13.59.53:217][295]LogBlueprintUserMessages: [SideScrollerCharacter_C_1] 600.001
[2016.03.27-13.59.53:233][296]LogBlueprintUserMessages: [SideScrollerCharacter_C_1] 600.001
[2016.03.27-13.59.53:250][297]LogBlueprintUserMessages: [SideScrollerCharacter_C_1] 600.001
[2016.03.27-13.59.53:266][298]LogBlueprintUserMessages: [SideScrollerCharacter_C_1] 600.001
[2016.03.27-13.59.53:282][299]LogBlueprintUserMessages: [SideScrollerCharacter_C_1] 600.001
[2016.03.27-13.59.53:298][300]LogBlueprintUserMessages: [SideScrollerCharacter_C_1] 600.001
[2016.03.27-13.59.53:314][301]LogBlueprintUserMessages: [SideScrollerCharacter_C_1] 600.001
[2016.03.27-13.59.53:330][302]LogBlueprintUserMessages: [SideScrollerCharacter_C_1] 600.001
[2016.03.27-13.59.53:346][303]LogBlueprintUserMessages: [SideScrollerCharacter_C_1] 600.001
[2016.03.27-13.59.53:362][304]LogBlueprintUserMessages: [SideScrollerCharacter_C_1] 600.001
[2016.03.27-13.59.53:379][305]LogBlueprintUserMessages: [SideScrollerCharacter_C_1] 600.001
[2016.03.27-13.59.53:395][306]LogBlueprintUserMessages: [SideScrollerCharacter_C_1] 600.001
[2016.03.27-13.59.53:411][307]LogBlueprintUserMessages: [SideScrollerCharacter_C_1] 600.001
[2016.03.27-13.59.53:427][308]LogBlueprintUserMessages: [SideScrollerCharacter_C_1] 599.998
[2016.03.27-13.59.53:443][309]LogBlueprintUserMessages: [SideScrollerCharacter_C_1] 600.001
[2016.03.27-13.59.53:459][310]LogBlueprintUserMessages: [SideScrollerCharacter_C_1] 600.001
[2016.03.27-13.59.53:476][311]LogBlueprintUserMessages: [SideScrollerCharacter_C_1] 600.001
[2016.03.27-13.59.53:492][312]LogBlueprintUserMessages: [SideScrollerCharacter_C_1] 600.001
[2016.03.27-13.59.53:508][313]LogBlueprintUserMessages: [SideScrollerCharacter_C_1] 600.001
[2016.03.27-13.59.53:524][314]LogBlueprintUserMessages: [SideScrollerCharacter_C_1] 600.001
[2016.03.27-13.59.53:540][315]LogBlueprintUserMessages: [SideScrollerCharacter_C_1] 600.001
[2016.03.27-13.59.53:557][316]LogBlueprintUserMessages: [SideScrollerCharacter_C_1] 600.001
[2016.03.27-13.59.53:572][317]LogBlueprintUserMessages: [SideScrollerCharacter_C_1] 600.001
[2016.03.27-13.59.53:588][318]LogBlueprintUserMessages: [SideScrollerCharacter_C_1] 600.001
[2016.03.27-13.59.53:605][319]LogBlueprintUserMessages: [SideScrollerCharacter_C_1] 600.001
[2016.03.27-13.59.53:621][320]LogBlueprintUserMessages: [SideScrollerCharacter_C_1] 600.001
[2016.03.27-13.59.53:637][321]LogBlueprintUserMessages: [SideScrollerCharacter_C_1] 600.001
[2016.03.27-13.59.53:653][322]LogBlueprintUserMessages: [SideScrollerCharacter_C_1] 600.001
[2016.03.27-13.59.53:669][323]LogBlueprintUserMessages: [SideScrollerCharacter_C_1] 600.001
[2016.03.27-13.59.53:685][324]LogBlueprintUserMessages: [SideScrollerCharacter_C_1] 600.001
[2016.03.27-13.59.53:701][325]LogBlueprintUserMessages: [SideScrollerCharacter_C_1] 600.001
[2016.03.27-13.59.53:717][326]LogBlueprintUserMessages: [SideScrollerCharacter_C_1] 600.001
[2016.03.27-13.59.53:733][327]LogBlueprintUserMessages: [SideScrollerCharacter_C_1] 600.001
[2016.03.27-13.59.53:750][328]LogBlueprintUserMessages: [SideScrollerCharacter_C_1] 600.001
[2016.03.27-13.59.53:766][329]LogBlueprintUserMessages: [SideScrollerCharacter_C_1] 600.001
[2016.03.27-13.59.53:783][330]LogBlueprintUserMessages: [SideScrollerCharacter_C_1] 600.002
[2016.03.27-13.59.53:798][331]LogBlueprintUserMessages: [SideScrollerCharacter_C_1] 600.001
[2016.03.27-13.59.53:814][332]LogBlueprintUserMessages: [SideScrollerCharacter_C_1] 600.001
[2016.03.27-13.59.53:830][333]LogBlueprintUserMessages: [SideScrollerCharacter_C_1] 600.001
[2016.03.27-13.59.53:847][334]LogBlueprintUserMessages: [SideScrollerCharacter_C_1] 600.001
[2016.03.27-13.59.53:863][335]LogBlueprintUserMessages: [SideScrollerCharacter_C_1] 600.001
[2016.03.27-13.59.53:879][336]LogBlueprintUserMessages: [SideScrollerCharacter_C_1] 600.001
[2016.03.27-13.59.53:895][337]LogBlueprintUserMessages: [SideScrollerCharacter_C_1] 600.001
[2016.03.27-13.59.53:911][338]LogBlueprintUserMessages: [SideScrollerCharacter_C_1] 600.001
[2016.03.27-13.59.53:927][339]LogBlueprintUserMessages: [SideScrollerCharacter_C_1] 600.001
[2016.03.27-13.59.53:943][340]LogBlueprintUserMessages: [SideScrollerCharacter_C_1] 600.001
[2016.03.27-13.59.53:960][341]LogBlueprintUserMessages: [SideScrollerCharacter_C_1] 600.001
[2016.03.27-13.59.53:976][342]LogBlueprintUserMessages: [SideScrollerCharacter_C_1] 600.001
[2016.03.27-13.59.53:992][343]LogBlueprintUserMessages: [SideScrollerCharacter_C_1] 600.001
[2016.03.27-13.59.54:008][344]LogBlueprintUserMessages: [SideScrollerCharacter_C_1] 600.001
[2016.03.27-13.59.54:024][345]LogBlueprintUserMessages: [SideScrollerCharacter_C_1] 600.001
[2016.03.27-13.59.54:040][346]LogBlueprintUserMessages: [SideScrollerCharacter_C_1] 600.001
[2016.03.27-13.59.54:056][347]LogBlueprintUserMessages: [SideScrollerCharacter_C_1] 600.001
[2016.03.27-13.59.54:072][348]LogBlueprintUserMessages: [SideScrollerCharacter_C_1] 600.001
[2016.03.27-13.59.54:088][349]LogBlueprintUserMessages: [SideScrollerCharacter_C_1] 600.001
[2016.03.27-13.59.54:105][350]LogBlueprintUserMessages: [SideScrollerCharacter_C_1] 600.001
[2016.03.27-13.59.54:121][351]LogBlueprintUserMessages: [SideScrollerCharacter_C_1] 600.001
[2016.03.27-13.59.54:137][352]LogBlueprintUserMessages: [SideScrollerCharacter_C_1] 600.001
[2016.03.27-13.59.54:153][353]LogBlueprintUserMessages: [SideScrollerCharacter_C_1] 600.001
[2016.03.27-13.59.54:169][354]LogBlueprintUserMessages: [SideScrollerCharacter_C_1] 600.001
[2016.03.27-13.59.54:185][355]LogBlueprintUserMessages: [SideScrollerCharacter_C_1] 600.001
[2016.03.27-13.59.54:201][356]LogBlueprintUserMessages: [SideScrollerCharacter_C_1] 600.001
[2016.03.27-13.59.54:218][357]LogBlueprintUserMessages: [SideScrollerCharacter_C_1] 600.001
[2016.03.27-13.59.54:234][358]LogBlueprintUserMessages: [SideScrollerCharacter_C_1] 600.001
[2016.03.27-13.59.54:250][359]LogBlueprintUserMessages: [SideScrollerCharacter_C_1] 600.001
[2016.03.27-13.59.54:266][360]LogBlueprintUserMessages: [SideScrollerCharacter_C_1] 600.001
[2016.03.27-13.59.54:282][361]LogBlueprintUserMessages: [SideScrollerCharacter_C_1] 600.001
[2016.03.27-13.59.54:298][362]LogBlueprintUserMessages: [SideScrollerCharacter_C_1] 600.001
[2016.03.27-13.59.54:314][363]LogBlueprintUserMessages: [SideScrollerCharacter_C_1] 600.001
[2016.03.27-13.59.54:331][364]LogBlueprintUserMessages: [SideScrollerCharacter_C_1] 600.001
[2016.03.27-13.59.54:347][365]LogBlueprintUserMessages: [SideScrollerCharacter_C_1] 600.001
[2016.03.27-13.59.54:363][366]LogBlueprintUserMessages: [SideScrollerCharacter_C_1] 600.001
[2016.03.27-13.59.54:379][367]LogBlueprintUserMessages: [SideScrollerCharacter_C_1] 600.001
[2016.03.27-13.59.54:395][368]LogBlueprintUserMessages: [SideScrollerCharacter_C_1] 600.001
[2016.03.27-13.59.54:411][369]LogBlueprintUserMessages: [SideScrollerCharacter_C_1] 600.001
[2016.03.27-13.59.54:427][370]LogBlueprintUserMessages: [SideScrollerCharacter_C_1] 600.001
[2016.03.27-13.59.54:443][371]LogBlueprintUserMessages: [SideScrollerCharacter_C_1] 600.001
[2016.03.27-13.59.54:460][372]LogBlueprintUserMessages: [SideScrollerCharacter_C_1] 600.001
[2016.03.27-13.59.54:476][373]LogBlueprintUserMessages: [SideScrollerCharacter_C_1] 600.001
[2016.03.27-13.59.54:492][374]LogBlueprintUserMessages: [SideScrollerCharacter_C_1] 600.001
[2016.03.27-13.59.54:508][375]LogBlueprintUserMessages: [SideScrollerCharacter_C_1] 600.001
[2016.03.27-13.59.54:524][376]LogBlueprintUserMessages: [SideScrollerCharacter_C_1] 600.001
[2016.03.27-13.59.54:540][377]LogBlueprintUserMessages: [SideScrollerCharacter_C_1] 600.001
[2016.03.27-13.59.54:557][378]LogBlueprintUserMessages: [SideScrollerCharacter_C_1] 600.001
[2016.03.27-13.59.54:573][379]LogBlueprintUserMessages: [SideScrollerCharacter_C_1] 600
[2016.03.27-13.59.54:589][380]LogBlueprintUserMessages: [SideScrollerCharacter_C_1] 600.001
[2016.03.27-13.59.54:605][381]LogBlueprintUserMessages: [SideScrollerCharacter_C_1] 600.001
[2016.03.27-13.59.54:621][382]LogBlueprintUserMessages: [SideScrollerCharacter_C_1] 599.999
[2016.03.27-13.59.54:637][383]LogBlueprintUserMessages: [SideScrollerCharacter_C_1] 599.999
[2016.03.27-13.59.54:653][384]LogBlueprintUserMessages: [SideScrollerCharacter_C_1] 600.001
[2016.03.27-13.59.54:670][385]LogBlueprintUserMessages: [SideScrollerCharacter_C_1] 600.001
[2016.03.27-13.59.54:686][386]LogBlueprintUserMessages: [SideScrollerCharacter_C_1] 600.001
[2016.03.27-13.59.54:702][387]LogBlueprintUserMessages: [SideScrollerCharacter_C_1] 600.001
[2016.03.27-13.59.54:718][388]LogBlueprintUserMessages: [SideScrollerCharacter_C_1] 600.001
[2016.03.27-13.59.54:734][389]LogBlueprintUserMessages: [SideScrollerCharacter_C_1] 600.001
[2016.03.27-13.59.54:750][390]LogBlueprintUserMessages: [SideScrollerCharacter_C_1] 600.001
[2016.03.27-13.59.54:766][391]LogBlueprintUserMessages: [SideScrollerCharacter_C_1] 600.001
[2016.03.27-13.59.54:782][392]LogBlueprintUserMessages: [SideScrollerCharacter_C_1] 600.001
[2016.03.27-13.59.54:799][393]LogBlueprintUserMessages: [SideScrollerCharacter_C_1] 600.001
[2016.03.27-13.59.54:815][394]LogBlueprintUserMessages: [SideScrollerCharacter_C_1] 600.001
[2016.03.27-13.59.54:831][395]LogBlueprintUserMessages: [SideScrollerCharacter_C_1] 600.001
[2016.03.27-13.59.54:847][396]LogBlueprintUserMessages: [SideScrollerCharacter_C_1] 600.001
[2016.03.27-13.59.54:863][397]LogBlueprintUserMessages: [SideScrollerCharacter_C_1] 600.001
[2016.03.27-13.59.54:879][398]LogBlueprintUserMessages: [SideScrollerCharacter_C_1] 600.001
[2016.03.27-13.59.54:895][399]LogBlueprintUserMessages: [SideScrollerCharacter_C_1] 600.001
[2016.03.27-13.59.54:911][400]LogBlueprintUserMessages: [SideScrollerCharacter_C_1] 600.001
[2016.03.27-13.59.54:928][401]LogBlueprintUserMessages: [SideScrollerCharacter_C_1] 600.001
[2016.03.27-13.59.54:944][402]LogBlueprintUserMessages: [SideScrollerCharacter_C_1] 600.001
[2016.03.27-13.59.54:960][403]LogBlueprintUserMessages: [SideScrollerCharacter_C_1] 600.001
[2016.03.27-13.59.54:976][404]LogBlueprintUserMessages: [SideScrollerCharacter_C_1] 600.001
[2016.03.27-13.59.54:992][405]LogBlueprintUserMessages: [SideScrollerCharacter_C_1] 600.001
[2016.03.27-13.59.55:008][406]LogBlueprintUserMessages: [SideScrollerCharacter_C_1] 600.001
[2016.03.27-13.59.55:024][407]LogBlueprintUserMessages: [SideScrollerCharacter_C_1] 600.001
[2016.03.27-13.59.55:040][408]LogBlueprintUserMessages: [SideScrollerCharacter_C_1] 600.001
[2016.03.27-13.59.55:057][409]LogBlueprintUserMessages: [SideScrollerCharacter_C_1] 600.001
[2016.03.27-13.59.55:073][410]LogBlueprintUserMessages: [SideScrollerCharacter_C_1] 600.001
[2016.03.27-13.59.55:089][411]LogBlueprintUserMessages: [SideScrollerCharacter_C_1] 600.001
[2016.03.27-13.59.55:105][412]LogBlueprintUserMessages: [SideScrollerCharacter_C_1] 600.001
[2016.03.27-13.59.55:121][413]LogBlueprintUserMessages: [SideScrollerCharacter_C_1] 600.001
[2016.03.27-13.59.55:137][414]LogBlueprintUserMessages: [SideScrollerCharacter_C_1] 600.001
[2016.03.27-13.59.55:153][415]LogBlueprintUserMessages: [SideScrollerCharacter_C_1] 600.001
[2016.03.27-13.59.55:170][416]LogBlueprintUserMessages: [SideScrollerCharacter_C_1] 600.001
[2016.03.27-13.59.55:186][417]LogBlueprintUserMessages: [SideScrollerCharacter_C_1] 600.001
[2016.03.27-13.59.55:202][418]LogBlueprintUserMessages: [SideScrollerCharacter_C_1] 600.001
[2016.03.27-13.59.55:218][419]LogBlueprintUserMessages: [SideScrollerCharacter_C_1] 600.001
[2016.03.27-13.59.55:234][420]LogBlueprintUserMessages: [SideScrollerCharacter_C_1] 600.001
[2016.03.27-13.59.55:250][421]LogBlueprintUserMessages: [SideScrollerCharacter_C_1] 600.001
[2016.03.27-13.59.55:266][422]LogBlueprintUserMessages: [SideScrollerCharacter_C_1] 600.001
[2016.03.27-13.59.55:282][423]LogBlueprintUserMessages: [SideScrollerCharacter_C_1] 600.001
[2016.03.27-13.59.55:299][424]LogBlueprintUserMessages: [SideScrollerCharacter_C_1] 600.001
[2016.03.27-13.59.55:315][425]LogBlueprintUserMessages: [SideScrollerCharacter_C_1] 600.001
[2016.03.27-13.59.55:331][426]LogBlueprintUserMessages: [SideScrollerCharacter_C_1] 508.903
[2016.03.27-14.56.59:013][567]LogEngine: All Windows Closed
[2016.03.27-14.56.59:013][567]LogWindows: FPlatformMisc::RequestExit(0)
[2016.03.27-14.56.59:140][568]LogExit: Preparing to exit.
[2016.03.27-14.56.59:512][568]LogExit: Game engine shut down
[2016.03.27-14.56.59:697][568]LogParticles: Destroying 0 GPU particle simulations for FXSystem 0x00000000118632E0
[2016.03.27-14.57.01:675][568]LogExit: Object subsystem successfully closed.
[2016.03.27-14.57.02:359][568]LogD3D11RHI: Shutdown
[2016.03.27-14.57.02:359][568]LogD3D11RHI: CleanupD3DDevice
[2016.03.27-14.57.02:522][568]LogD3D11RHI: ~FD3D11DynamicRHI
[2016.03.27-14.57.02:957][568]LogModuleManager: Shutting down and abandoning module AndroidDeviceDetection (117)
[2016.03.27-14.57.03:649][568]LogModuleManager: Shutting down and abandoning module AutomationController (116)
[2016.03.27-14.57.03:698][568]LogModuleManager: Shutting down and abandoning module AutomationWorker (115)
[2016.03.27-14.57.03:698][568]LogModuleManager: Shutting down and abandoning module CharacterAI (114)
[2016.03.27-14.57.03:698][568]LogModuleManager: Shutting down and abandoning module AITestSuite (113)
[2016.03.27-14.57.03:698][568]LogModuleManager: Shutting down and abandoning module GameplayDebugger (112)
[2016.03.27-14.57.03:746][568]LogModuleManager: Shutting down and abandoning module AIModule (111)
[2016.03.27-14.57.03:746][568]LogModuleManager: Shutting down and abandoning module MovieSceneCapture (110)
[2016.03.27-14.57.03:746][568]LogModuleManager: Shutting down and abandoning module GameLiveStreaming (109)
[2016.03.27-14.57.03:782][568]LogModuleManager: Shutting down and abandoning module StreamingPauseRendering (108)
[2016.03.27-14.57.03:782][568]LogModuleManager: Shutting down and abandoning module ProfilerService (107)
[2016.03.27-14.57.03:869][568]LogModuleManager: Shutting down and abandoning module TaskGraph (106)
[2016.03.27-14.57.03:903][568]LogModuleManager: Shutting down and abandoning module SlateRemote (105)
[2016.03.27-14.57.03:904][568]LogModuleManager: Shutting down and abandoning module SteamVRController (104)
[2016.03.27-14.57.03:904][568]LogModuleManager: Shutting down and abandoning module SteamVR (103)
[2016.03.27-14.57.03:904][568]LogModuleManager: Shutting down and abandoning module ProceduralMeshComponent (102)
[2016.03.27-14.57.03:904][568]LogModuleManager: Shutting down and abandoning module OculusLibrary (101)
[2016.03.27-14.57.03:904][568]LogModuleManager: Shutting down and abandoning module OculusInput (100)
[2016.03.27-14.57.03:904][568]LogModuleManager: Shutting down and abandoning module LeapMotionController (99)
[2016.03.27-14.57.04:361][568]LogModuleManager: Shutting down and abandoning module CustomMeshComponent (98)
[2016.03.27-14.57.04:361][568]LogModuleManager: Shutting down and abandoning module CableComponent (97)
[2016.03.27-14.57.04:361][568]LogModuleManager: Shutting down and abandoning module ArchVisCharacter (96)
[2016.03.27-14.57.04:362][568]LogModuleManager: Shutting down and abandoning module HTML5Networking (95)
[2016.03.27-14.57.04:362][568]LogModuleManager: Shutting down and abandoning module DesktopPlatform (94)
[2016.03.27-14.57.04:497][568]LogModuleManager: Shutting down and abandoning module DirectoryWatcher (93)
[2016.03.27-14.57.04:497][568]LogModuleManager: Shutting down and abandoning module HotReload (92)
[2016.03.27-14.57.04:539][568]LogModuleManager: Shutting down and abandoning module VisualStudioSourceCodeAccess (91)
[2016.03.27-14.57.04:539][568]LogModuleManager: Shutting down and abandoning module UObjectPlugin (90)
[2016.03.27-14.57.04:539][568]LogModuleManager: Shutting down and abandoning module SubversionSourceControl (89)
[2016.03.27-14.57.04:615][568]LogModuleManager: Shutting down and abandoning module SourceControl (88)
[2016.03.27-14.57.04:615][568]LogModuleManager: Shutting down and abandoning module PerforceSourceControl (87)
[2016.03.27-14.57.04:684][568]LogModuleManager: Shutting down and abandoning module UdpMessaging (86)
[2016.03.27-14.57.04:684][568]LogModuleManager: Shutting down and abandoning module LightPropagationVolumeRuntime (85)
[2016.03.27-14.57.04:684][568]LogModuleManager: Shutting down and abandoning module Paper2D (84)
[2016.03.27-14.57.04:704][568]LogModuleManager: Shutting down and abandoning module WindowsMoviePlayer (83)
[2016.03.27-14.57.04:725][568]LogModuleManager: Shutting down and abandoning module Media (82)
[2016.03.27-14.57.04:725][568]LogModuleManager: Shutting down and abandoning module WmfMedia (81)
[2016.03.27-14.57.04:725][568]LogModuleManager: Shutting down and abandoning module OnlineBlueprintSupport (80)
[2016.03.27-14.57.04:726][568]LogModuleManager: Shutting down and abandoning module GameplayTasksEditor (79)
[2016.03.27-14.57.04:726][568]LogModuleManager: Shutting down and abandoning module PropertyEditor (78)
[2016.03.27-14.57.04:726][568]LogModuleManager: Shutting down and abandoning module BehaviorTreeEditor (77)
[2016.03.27-14.57.04:828][568]LogModuleManager: Shutting down and abandoning module FunctionalTesting (76)
[2016.03.27-14.57.04:828][568]LogModuleManager: Shutting down and abandoning module CollisionAnalyzer (75)
[2016.03.27-14.57.04:881][568]LogModuleManager: Shutting down and abandoning module WorkspaceMenuStructure (74)
[2016.03.27-14.57.04:881][568]LogModuleManager: Shutting down and abandoning module MessageLog (73)
[2016.03.27-14.57.04:881][568]LogModuleManager: Shutting down and abandoning module Sequencer (72)
[2016.03.27-14.57.05:013][568]LogModuleManager: Shutting down and abandoning module AssetTools (71)
[2016.03.27-14.57.05:076][568]LogModuleManager: Shutting down and abandoning module UMGEditor (70)
[2016.03.27-14.57.05:146][568]LogModuleManager: Shutting down and abandoning module UMG (69)
[2016.03.27-14.57.05:186][568]LogModuleManager: Shutting down and abandoning module Slate (68)
[2016.03.27-14.57.05:186][568]LogModuleManager: Shutting down and abandoning module EditorStyle (67)
[2016.03.27-14.57.05:191][568]LogModuleManager: Shutting down and abandoning module SessionServices (66)
[2016.03.27-14.57.05:191][568]LogModuleManager: Shutting down and abandoning module SourceCodeAccess (65)
[2016.03.27-14.57.05:191][568]LogModuleManager: Shutting down and abandoning module HeadMountedDisplay (64)
[2016.03.27-14.57.05:191][568]LogModuleManager: Shutting down and abandoning module XAudio2 (63)
[2016.03.27-14.57.05:191][568]LogModuleManager: Shutting down and abandoning module Networking (61)
[2016.03.27-14.57.05:191][568]LogModuleManager: Shutting down and abandoning module Core (60)
[2016.03.27-14.57.05:191][568]LogModuleManager: Shutting down and abandoning module KismetCompiler (59)
[2016.03.27-14.57.05:191][568]LogModuleManager: Shutting down and abandoning module PhysXFormats (58)
[2016.03.27-14.57.05:191][568]LogModuleManager: Shutting down and abandoning module MeshUtilities (57)
[2016.03.27-14.57.05:191][568]LogModuleManager: Shutting down and abandoning module DerivedDataCache (56)
[2016.03.27-14.57.05:216][568]LogDerivedDataCache: Shutdown
[2016.03.27-14.57.05:216][568]LogModuleManager: Shutting down and abandoning module ShaderFormatOpenGL (55)
[2016.03.27-14.57.05:240][568]LogModuleManager: Shutting down and abandoning module ShaderFormatD3D (54)
[2016.03.27-14.57.05:240][568]LogModuleManager: Shutting down and abandoning module MetalShaderFormat (53)
[2016.03.27-14.57.05:285][568]LogModuleManager: Shutting down and abandoning module TextureFormatUncompressed (52)
[2016.03.27-14.57.05:285][568]LogModuleManager: Shutting down and abandoning module TextureFormatPVR (51)
[2016.03.27-14.57.05:285][568]LogModuleManager: Shutting down and abandoning module TextureFormatIntelISPCTexComp (50)
[2016.03.27-14.57.05:285][568]LogModuleManager: Shutting down and abandoning module TextureFormatDXT (49)
[2016.03.27-14.57.05:285][568]LogModuleManager: Shutting down and abandoning module ImageWrapper (48)
[2016.03.27-14.57.05:285][568]LogModuleManager: Shutting down and abandoning module TextureFormatASTC (47)
[2016.03.27-14.57.05:285][568]LogModuleManager: Shutting down and abandoning module TextureFormatAndroid (46)
[2016.03.27-14.57.05:285][568]LogModuleManager: Shutting down and abandoning module AudioFormatOpus (45)
[2016.03.27-14.57.05:285][568]LogModuleManager: Shutting down and abandoning module AudioFormatOgg (44)
[2016.03.27-14.57.05:285][568]LogModuleManager: Shutting down and abandoning module AudioFormatADPCM (43)
[2016.03.27-14.57.05:285][568]LogModuleManager: Shutting down and abandoning module LinuxTargetPlatform (42)
[2016.03.27-14.57.05:285][568]LogModuleManager: Shutting down and abandoning module LinuxServerTargetPlatform (41)
[2016.03.27-14.57.05:285][568]LogModuleManager: Shutting down and abandoning module LinuxNoEditorTargetPlatform (40)
[2016.03.27-14.57.05:285][568]LogModuleManager: Shutting down and abandoning module Messaging (39)
[2016.03.27-14.57.05:285][568]LogModuleManager: Shutting down and abandoning module IOSTargetPlatform (38)
[2016.03.27-14.57.05:285][568]LogModuleManager: Shutting down and abandoning module HTML5TargetPlatform (37)
[2016.03.27-14.57.05:285][568]LogModuleManager: Shutting down and abandoning module Android_PVRTCTargetPlatform (36)
[2016.03.27-14.57.05:285][568]LogModuleManager: Shutting down and abandoning module Android_MultiTargetPlatform (35)
[2016.03.27-14.57.05:285][568]LogModuleManager: Shutting down and abandoning module Android_ETC2TargetPlatform (34)
[2016.03.27-14.57.05:285][568]LogModuleManager: Shutting down and abandoning module Android_ETC1TargetPlatform (33)
[2016.03.27-14.57.05:285][568]LogModuleManager: Shutting down and abandoning module Android_DXTTargetPlatform (32)
[2016.03.27-14.57.05:285][568]LogModuleManager: Shutting down and abandoning module Android_ATCTargetPlatform (31)
[2016.03.27-14.57.05:285][568]LogModuleManager: Shutting down and abandoning module Android_ASTCTargetPlatform (30)
[2016.03.27-14.57.05:285][568]LogModuleManager: Shutting down and abandoning module AndroidTargetPlatform (29)
[2016.03.27-14.57.05:285][568]LogModuleManager: Shutting down and abandoning module WindowsTargetPlatform (28)
[2016.03.27-14.57.05:285][568]LogModuleManager: Shutting down and abandoning module WindowsServerTargetPlatform (27)
[2016.03.27-14.57.05:285][568]LogModuleManager: Shutting down and abandoning module WindowsNoEditorTargetPlatform (26)
[2016.03.27-14.57.05:285][568]LogModuleManager: Shutting down and abandoning module WindowsClientTargetPlatform (25)
[2016.03.27-14.57.05:285][568]LogModuleManager: Shutting down and abandoning module AllDesktopTargetPlatform (24)
[2016.03.27-14.57.05:285][568]LogModuleManager: Shutting down and abandoning module TargetPlatform (23)
[2016.03.27-14.57.05:285][568]LogModuleManager: Shutting down and abandoning module InputCore (22)
[2016.03.27-14.57.05:285][568]LogModuleManager: Shutting down and abandoning module Settings (21)
[2016.03.27-14.57.05:285][568]LogModuleManager: Shutting down and abandoning module OnlineSubsystem (19)
[2016.03.27-14.57.05:285][568]LogModuleManager: Shutting down and abandoning module HTTP (18)
[2016.03.27-14.57.05:285][568]LogModuleManager: Shutting down and abandoning module XMPP (17)
[2016.03.27-14.57.05:313][568]LogModuleManager: Shutting down and abandoning module OculusRift (16)
[2016.03.27-14.57.05:332][568]LogModuleManager: Shutting down and abandoning module ExampleDeviceProfileSelector (15)
[2016.03.27-14.57.05:332][568]LogModuleManager: Shutting down and abandoning module TextureCompressor (14)
[2016.03.27-14.57.05:363][568]LogModuleManager: Shutting down and abandoning module ShaderCore (13)
[2016.03.27-14.57.05:363][568]LogModuleManager: Shutting down and abandoning module Landscape (12)
[2016.03.27-14.57.05:363][568]LogModuleManager: Shutting down and abandoning module SlateRHIRenderer (11)
[2016.03.27-14.57.05:378][568]LogModuleManager: Shutting down and abandoning module OpenGLDrv (10)
[2016.03.27-14.57.05:398][568]LogModuleManager: Shutting down and abandoning module D3D11RHI (9)
[2016.03.27-14.57.05:398][568]LogModuleManager: Shutting down and abandoning module AnimGraphRuntime (8)
[2016.03.27-14.57.05:398][568]LogModuleManager: Shutting down and abandoning module Renderer (7)
[2016.03.27-14.57.05:398][568]LogModuleManager: Shutting down and abandoning module Engine (6)
[2016.03.27-14.57.05:398][568]LogModuleManager: Shutting down and abandoning module CoreUObject (5)
[2016.03.27-14.57.05:398][568]LogModuleManager: Shutting down and abandoning module NetworkFile (4)
[2016.03.27-14.57.05:434][568]LogModuleManager: Shutting down and abandoning module StreamingFile (3)
[2016.03.27-14.57.05:434][568]LogModuleManager: Shutting down and abandoning module SandboxFile (2)
[2016.03.27-14.57.05:453][568]LogModuleManager: Shutting down and abandoning module PakFile (1)
[2016.03.27-14.57.05:475][568]LogExit: Exiting.
[2016.03.27-14.57.05:494][568]Log file closed, 03/27/16 17:57:05
