[2016.03.27-13.46.30:584][  0]Log file open, 03/27/16 16:46:30
[2016.03.27-13.46.30:584][  0]LogInit:Display: Running engine for game: SCG
[2016.03.27-13.46.30:584][  0]LogPlatformFile: Not using cached read wrapper
[2016.03.27-13.46.30:584][  0]LogInit:Display: RandInit(612686417) SRandInit(612686419).
[2016.03.27-13.46.30:584][  0]LogTaskGraph: Started task graph with 4 named threads and 6 total threads.
[2016.03.27-13.46.30:584][  0]LogStats: Stats thread started at 0.487789
[2016.03.27-13.46.30:584][  0]LogInit: Version: 4.10.4-2872498+++depot+UE4-Releases+4.10
[2016.03.27-13.46.30:584][  0]LogInit: API Version: 2758231
[2016.03.27-13.46.30:584][  0]LogInit: Compiled (64-bit): Feb 18 2016 15:47:04
[2016.03.27-13.46.30:584][  0]LogInit: Compiled with Visual C++: 19.00.23026.00
[2016.03.27-13.46.30:584][  0]LogInit: Build Configuration: Development
[2016.03.27-13.46.30:584][  0]LogInit: Branch Name: ++depot+UE4-Releases+4.10
[2016.03.27-13.46.30:584][  0]LogInit: Command line:  /Temp/Autosaves/Game/SideScrollerBP/Maps/UEDPCSideScrollerExampleMap -game -PIEVIACONSOLE -ResX=1280 -ResY=720  -Multiprocess 
[2016.03.27-13.46.30:584][  0]LogInit: Base directory: C:/Program Files (x86)/Epic Games/4.10/Engine/Binaries/Win64/
[2016.03.27-13.46.30:584][  0]LogInit: Rocket: 1
[2016.03.27-13.46.30:728][  0]LogInit: Using libcurl 7.41.0
[2016.03.27-13.46.30:728][  0]LogInit:  - built for x86_64-pc-win32
[2016.03.27-13.46.30:728][  0]LogInit:  - supports SSL with WinSSL
[2016.03.27-13.46.30:728][  0]LogInit:  - other features:
[2016.03.27-13.46.30:728][  0]LogInit:      CURL_VERSION_SSL
[2016.03.27-13.46.30:728][  0]LogInit:      CURL_VERSION_IPV6
[2016.03.27-13.46.30:728][  0]LogInit:      CURL_VERSION_ASYNCHDNS
[2016.03.27-13.46.30:728][  0]LogInit:      CURL_VERSION_LARGEFILE
[2016.03.27-13.46.30:728][  0]LogInit:      CURL_VERSION_IDN
[2016.03.27-13.46.30:728][  0]LogInit:  CurlRequestOptions (configurable via config and command line):
[2016.03.27-13.46.30:728][  0]LogInit:  - bVerifyPeer = true  - Libcurl will verify peer certificate
[2016.03.27-13.46.30:728][  0]LogInit:  - bUseHttpProxy = false  - Libcurl will NOT use HTTP proxy
[2016.03.27-13.46.30:728][  0]LogInit:  - bDontReuseConnections = false  - Libcurl will reuse connections
[2016.03.27-13.46.30:728][  0]LogInit:  - CertBundlePath = nullptr  - Libcurl will use whatever was configured at build time.
[2016.03.27-13.46.30:829][  0]LogInit: Presizing for 0 objects not considered by GC, pre-allocating 0 bytes.
[2016.03.27-13.46.30:843][  0]LogInit: Object subsystem initialized
[2016.03.27-13.46.30:845][  0]LogInit: Selected Device Profile: [Windows]
[2016.03.27-13.46.30:845][  0]LogInit: Applying CVar settings loaded from the selected device profile: [Windows]
[2016.03.27-13.46.30:852][  0]LogInit: Computer: SS-ПК
[2016.03.27-13.46.30:852][  0]LogInit: User: SS
[2016.03.27-13.46.30:852][  0]LogInit: CPU Page size=4096, Cores=3
[2016.03.27-13.46.30:852][  0]LogInit: High frequency timer resolution =3.433251 MHz
[2016.03.27-13.46.30:852][  0]LogMemory: Memory total: Physical=8.0GB (8GB approx)
[2016.03.27-13.46.30:852][  0]LogMemory: Platform Memory Stats for Windows
[2016.03.27-13.46.30:852][  0]LogMemory: Process Physical Memory: 56.51 MB used, 56.51 MB peak
[2016.03.27-13.46.30:852][  0]LogMemory: Process Virtual Memory: 57.03 MB used, 57.03 MB peak
[2016.03.27-13.46.30:852][  0]LogMemory: Physical Memory: 7321.39 MB used, 8189.55 MB total
[2016.03.27-13.46.30:852][  0]LogMemory: Virtual Memory: 351.32 MB used, 8388608.00 MB total
[2016.03.27-13.46.31:274][  0]LogTextLocalizationManager: No translations for ('ru-RU') exist, falling back to 'en' for localization and internationalization data.
[2016.03.27-13.46.32:469][  0]LogD3D11RHI: Found D3D11 adapter 0: AMD Radeon R9 200 Series (Feature Level 11_0)
[2016.03.27-13.46.32:469][  0]LogD3D11RHI: Adapter has 3051MB of dedicated video memory, 0MB of dedicated system memory, and 3838MB of shared system memory, 1 output[s]
[2016.03.27-13.46.32:469][  0]LogD3D11RHI: Chosen D3D11 Adapter Id = 0
[2016.03.27-13.46.32:477][  0]LogD3D11RHI: !Direct3DDevice
[2016.03.27-13.46.32:477][  0]LogRHI: Texture pool is 1361 MB (70% of 1945 MB)
[2016.03.27-13.46.32:487][  0]LogD3D11RHI: Async texture creation disabled: no driver support
[2016.03.27-13.46.32:499][  0]LogShaderCompilers: Guid format shader working directory is -6 characters bigger than the processId version (../../../../../../Users/SS/Documents/GitHub/SCG_1/Intermediate/Shaders/WorkingDirectory/7388/).
[2016.03.27-13.46.32:499][  0]LogShaderCompilers: Cleaned the shader compiler working directory 'C:/Users/SS/AppData/Local/Temp/UnrealShaderWorkingDir/8B192A3C43D75C3C29C4C1A1B662F296/'.
[2016.03.27-13.46.32:499][  0]LogShaderCompilers:Display: Using Local Shader Compiler.
[2016.03.27-13.46.39:708][  0]LogTemp:Display: Loaded TP AllDesktopTargetPlatform
[2016.03.27-13.46.39:735][  0]LogTemp:Display: Loaded TP WindowsClientTargetPlatform
[2016.03.27-13.46.39:782][  0]LogTemp:Display: Loaded TP WindowsNoEditorTargetPlatform
[2016.03.27-13.46.39:800][  0]LogTemp:Display: Loaded TP WindowsServerTargetPlatform
[2016.03.27-13.46.39:826][  0]LogTemp:Display: Loaded TP WindowsTargetPlatform
[2016.03.27-13.46.39:861][  0]LogTemp:Display: Loaded TP AndroidTargetPlatform
[2016.03.27-13.46.39:898][  0]LogTemp:Display: Loaded TP Android_ASTCTargetPlatform
[2016.03.27-13.46.39:914][  0]LogTemp:Display: Loaded TP Android_ATCTargetPlatform
[2016.03.27-13.46.39:927][  0]LogTemp:Display: Loaded TP Android_DXTTargetPlatform
[2016.03.27-13.46.39:940][  0]LogTemp:Display: Loaded TP Android_ETC1TargetPlatform
[2016.03.27-13.46.39:968][  0]LogTemp:Display: Loaded TP Android_ETC2TargetPlatform
[2016.03.27-13.46.40:041][  0]LogTemp:Display: Loaded TP Android_MultiTargetPlatform
[2016.03.27-13.46.40:041][  0]LogTemp:Display: Loaded TP Android_PVRTCTargetPlatform
[2016.03.27-13.46.40:090][  0]LogTemp:Display: Loaded TP HTML5TargetPlatform
[2016.03.27-13.46.40:348][  0]LogTemp:Display: Loaded TP IOSTargetPlatform
[2016.03.27-13.46.40:360][  0]LogTemp:Display: Loaded TP LinuxNoEditorTargetPlatform
[2016.03.27-13.46.40:372][  0]LogTemp:Display: Loaded TP LinuxServerTargetPlatform
[2016.03.27-13.46.40:400][  0]LogTemp:Display: Loaded TP LinuxTargetPlatform
[2016.03.27-13.46.40:400][  0]LogTargetPlatformManager:Display: Building Assets For Windows
[2016.03.27-13.46.41:230][  0]LogDerivedDataCache:Display: Max Cache Size: 512 MB
[2016.03.27-13.46.41:725][  0]LogDerivedDataCache: Loaded boot cache 0.49s 41MB C:/Users/SS/AppData/Local/UnrealEngine/4.10/DerivedDataCache/Boot.ddc.
[2016.03.27-13.46.41:725][  0]LogDerivedDataCache:Display: Loaded Boot cache: C:/Users/SS/AppData/Local/UnrealEngine/4.10/DerivedDataCache/Boot.ddc
[2016.03.27-13.46.41:725][  0]LogDerivedDataCache: FDerivedDataBackendGraph:  Pak pak cache file ../../../../../../Users/SS/Documents/GitHub/SCG_1/DerivedDataCache/DDC.ddp not found, will not use a pak cache.
[2016.03.27-13.46.41:725][  0]LogDerivedDataCache: Unable to find inner node Pak for hierarchical cache Hierarchy.
[2016.03.27-13.46.41:725][  0]LogDerivedDataCache: FDerivedDataBackendGraph:  CompressedPak pak cache file ../../../../../../Users/SS/Documents/GitHub/SCG_1/DerivedDataCache/Compressed.ddp not found, will not use a pak cache.
[2016.03.27-13.46.41:725][  0]LogDerivedDataCache: Unable to find inner node CompressedPak for hierarchical cache Hierarchy.
[2016.03.27-13.46.41:847][  0]LogDerivedDataCache:Display: Pak cache opened for reading ../../../Engine/DerivedDataCache/Compressed.ddp.
[2016.03.27-13.46.41:859][  0]LogDerivedDataCache: Using Local data cache path C:/Users/SS/AppData/Local/UnrealEngine/Common/DerivedDataCache: Writable
[2016.03.27-13.46.46:566][  0]LogInit: Selected Device Profile: [Windows]
[2016.03.27-13.46.46:567][  0]LogContentStreaming: Texture pool size is 1000.000000MB
[2016.03.27-13.46.46:663][  0]LogMeshUtilities: No automatic mesh reduction module available
[2016.03.27-13.46.46:663][  0]LogMeshUtilities: No automatic mesh merging module available
[2016.03.27-13.46.47:259][  0]LogInit: WinSock: version 1.1 (2.2), MaxSocks=32767, MaxUdp=65467
[2016.03.27-13.46.49:991][  0]LogWindowsMoviePlayer: Unable to load movie: ../../../../../../Users/SS/Documents/GitHub/SCG_1/Content/Movies/Default_Startup.mp4
[2016.03.27-13.46.50:464][  0]SourceControl: Info Source control is disabled
[2016.03.27-13.46.50:464][  0]SourceControl: Info Source control is disabled
[2016.03.27-13.46.50:593][  0]SourceControl: Info Source control is disabled
[2016.03.27-13.46.51:634][  0]LogObj: 27935 objects as part of root set at end of initial load.
[2016.03.27-13.46.51:634][  0]LogUObjectAllocator: 5830072 out of 0 bytes used by permanent object pool.
[2016.03.27-13.46.51:999][  0]LogEngine: Initializing Engine...
[2016.03.27-13.46.52:005][  0]LogHMD: Can't find Oculus library dev build: is proper Runtime installed? Version: 0.8.0.0
[2016.03.27-13.46.52:068][  0]LogHMD: SteamVR failed to initialize.  Err: 110
[2016.03.27-13.46.52:202][  0]LogInit: XAudio2 using 'Динамики (Realtek High Definition Audio)' : 2 channels at 48 kHz using 32 bits per sample (channel mask 0x3)
[2016.03.27-13.46.52:220][  0]LogInit: FAudioDevice initialized.
[2016.03.27-13.46.52:230][  0]LogInit: Texture streaming: Enabled
[2016.03.27-13.46.52:521][  0]LogNet: Browse: /Temp/Autosaves/Game/SideScrollerBP/Maps/UEDPCSideScrollerExampleMap?Name=Player
[2016.03.27-13.46.52:521][  0]LogLoad: LoadMap: /Temp/Autosaves/Game/SideScrollerBP/Maps/UEDPCSideScrollerExampleMap?Name=Player
[2016.03.27-13.46.52:537][  0]LogParticles: Destroying 0 GPU particle simulations for FXSystem 0x0000000012328F40
[2016.03.27-13.46.52:551][  0]LogMemory: Platform Memory Stats for Windows
[2016.03.27-13.46.52:551][  0]LogMemory: Process Physical Memory: 381.26 MB used, 381.26 MB peak
[2016.03.27-13.46.52:551][  0]LogMemory: Process Virtual Memory: 355.39 MB used, 355.39 MB peak
[2016.03.27-13.46.52:551][  0]LogMemory: Physical Memory: 7380.25 MB used, 8189.55 MB total
[2016.03.27-13.46.52:551][  0]LogMemory: Virtual Memory: 882.11 MB used, 8388608.00 MB total
[2016.03.27-13.46.52:551][  0]LogMemory: 
[2016.03.27-13.46.52:551][  0]Allocator Stats for TBB: (not implemented)
[2016.03.27-13.46.54:828][  0]LogAIModule: Creating AISystem for world SideScrollerExampleMap
[2016.03.27-13.46.54:839][  0]LogWorld: Game class is 'GameModeSCG_C'
[2016.03.27-13.46.54:848][  0]LogWorld: Bringing World /Temp/Autosaves/Game/SideScrollerBP/Maps/UEDPCSideScrollerExampleMap.SideScrollerExampleMap up for play (max tick rate 0) at 2016.03.27-16.46.54
[2016.03.27-13.46.54:849][  0]LogWorld: Bringing up level for play took: 0.009861
[2016.03.27-13.46.54:850][  0]LogPathFollowing:Warning: No NavigationData found while trying to cache it for AIController_0's PathFollowingComponent
[2016.03.27-13.46.54:851][  0]LogInit:Display: Game Engine Initialized.
[2016.03.27-13.46.55:229][  0]LogLoad: Full Startup: 25.90 seconds (BP compile: 0.33 seconds)
[2016.03.27-13.46.55:252][  0]LogOcInput: Can't find Oculus library dev build: is proper Runtime installed? Version: 0.8.0.0
[2016.03.27-13.46.55:339][  0]LogRenderer: Reallocating scene render targets to support 128x128 (Frame:1).
[2016.03.27-13.46.55:497][  1]LogRenderer: Reallocating scene render targets to support 1280x720 (Frame:2).
[2016.03.27-13.47.02:945][453]LogBlueprintUserMessages: [SideScrollerCharacter_C_1] 599.999
[2016.03.27-13.47.02:961][454]LogBlueprintUserMessages: [SideScrollerCharacter_C_1] 599.999
[2016.03.27-13.47.02:977][455]LogBlueprintUserMessages: [SideScrollerCharacter_C_1] 508.901
[2016.03.27-13.47.02:993][456]LogBlueprintUserMessages: [SideScrollerCharacter_C_1] 426.619
[2016.03.27-13.47.03:009][457]LogBlueprintUserMessages: [SideScrollerCharacter_C_1] 352.299
[2016.03.27-13.47.03:025][458]LogBlueprintUserMessages: [SideScrollerCharacter_C_1] 285.173
[2016.03.27-13.47.03:041][459]LogBlueprintUserMessages: [SideScrollerCharacter_C_1] 224.542
[2016.03.27-13.47.03:058][460]LogBlueprintUserMessages: [SideScrollerCharacter_C_1] 169.778
[2016.03.27-13.47.03:074][461]LogBlueprintUserMessages: [SideScrollerCharacter_C_1] 120.314
[2016.03.27-13.47.03:090][462]LogBlueprintUserMessages: [SideScrollerCharacter_C_1] 75.637
[2016.03.27-13.47.03:106][463]LogBlueprintUserMessages: [SideScrollerCharacter_C_1] 35.285
[2016.03.27-13.47.03:122][464]LogBlueprintUserMessages: [SideScrollerCharacter_C_1] 68.318
[2016.03.27-13.47.03:138][465]LogBlueprintUserMessages: [SideScrollerCharacter_C_1] 101.352
[2016.03.27-13.47.03:154][466]LogBlueprintUserMessages: [SideScrollerCharacter_C_1] 134.385
[2016.03.27-13.47.03:170][467]LogBlueprintUserMessages: [SideScrollerCharacter_C_1] 167.419
[2016.03.27-13.47.03:187][468]LogBlueprintUserMessages: [SideScrollerCharacter_C_1] 200.452
[2016.03.27-13.47.03:203][469]LogBlueprintUserMessages: [SideScrollerCharacter_C_1] 233.485
[2016.03.27-13.47.03:219][470]LogBlueprintUserMessages: [SideScrollerCharacter_C_1] 266.519
[2016.03.27-13.47.03:235][471]LogBlueprintUserMessages: [SideScrollerCharacter_C_1] 299.552
[2016.03.27-13.47.03:251][472]LogBlueprintUserMessages: [SideScrollerCharacter_C_1] 332.586
[2016.03.27-13.47.03:267][473]LogBlueprintUserMessages: [SideScrollerCharacter_C_1] 365.619
[2016.03.27-13.47.03:283][474]LogBlueprintUserMessages: [SideScrollerCharacter_C_1] 398.652
[2016.03.27-13.47.03:299][475]LogBlueprintUserMessages: [SideScrollerCharacter_C_1] 431.684
[2016.03.27-13.47.03:316][476]LogBlueprintUserMessages: [SideScrollerCharacter_C_1] 464.715
[2016.03.27-13.47.03:332][477]LogBlueprintUserMessages: [SideScrollerCharacter_C_1] 497.747
[2016.03.27-13.47.03:348][478]LogBlueprintUserMessages: [SideScrollerCharacter_C_1] 530.779
[2016.03.27-13.47.03:364][479]LogBlueprintUserMessages: [SideScrollerCharacter_C_1] 563.81
[2016.03.27-13.47.03:380][480]LogBlueprintUserMessages: [SideScrollerCharacter_C_1] 596.842
[2016.03.27-13.47.03:396][481]LogBlueprintUserMessages: [SideScrollerCharacter_C_1] 600.001
[2016.03.27-13.47.03:412][482]LogBlueprintUserMessages: [SideScrollerCharacter_C_1] 600.001
[2016.03.27-13.47.03:428][483]LogBlueprintUserMessages: [SideScrollerCharacter_C_1] 600.001
[2016.03.27-13.47.03:445][484]LogBlueprintUserMessages: [SideScrollerCharacter_C_1] 600.001
[2016.03.27-13.47.03:461][485]LogBlueprintUserMessages: [SideScrollerCharacter_C_1] 600.001
[2016.03.27-13.47.03:477][486]LogBlueprintUserMessages: [SideScrollerCharacter_C_1] 600.001
[2016.03.27-13.47.03:493][487]LogBlueprintUserMessages: [SideScrollerCharacter_C_1] 600.001
[2016.03.27-13.47.03:509][488]LogBlueprintUserMessages: [SideScrollerCharacter_C_1] 600.001
[2016.03.27-13.47.03:525][489]LogBlueprintUserMessages: [SideScrollerCharacter_C_1] 600.001
[2016.03.27-13.47.03:541][490]LogBlueprintUserMessages: [SideScrollerCharacter_C_1] 600.001
[2016.03.27-13.47.03:558][491]LogBlueprintUserMessages: [SideScrollerCharacter_C_1] 600.001
[2016.03.27-13.47.03:574][492]LogBlueprintUserMessages: [SideScrollerCharacter_C_1] 600.001
[2016.03.27-13.47.03:590][493]LogBlueprintUserMessages: [SideScrollerCharacter_C_1] 600.001
[2016.03.27-13.47.03:606][494]LogBlueprintUserMessages: [SideScrollerCharacter_C_1] 600.001
[2016.03.27-13.47.03:622][495]LogBlueprintUserMessages: [SideScrollerCharacter_C_1] 599.999
[2016.03.27-13.47.03:638][496]LogBlueprintUserMessages: [SideScrollerCharacter_C_1] 600.001
[2016.03.27-13.47.03:654][497]LogBlueprintUserMessages: [SideScrollerCharacter_C_1] 600.001
[2016.03.27-13.47.03:670][498]LogBlueprintUserMessages: [SideScrollerCharacter_C_1] 600.001
[2016.03.27-13.47.03:687][499]LogBlueprintUserMessages: [SideScrollerCharacter_C_1] 600.001
[2016.03.27-13.47.03:703][500]LogBlueprintUserMessages: [SideScrollerCharacter_C_1] 600.001
[2016.03.27-13.47.03:720][501]LogBlueprintUserMessages: [SideScrollerCharacter_C_1] 600.001
[2016.03.27-13.47.03:736][502]LogBlueprintUserMessages: [SideScrollerCharacter_C_1] 599.998
[2016.03.27-13.47.03:752][503]LogBlueprintUserMessages: [SideScrollerCharacter_C_1] 600.001
[2016.03.27-13.47.03:768][504]LogBlueprintUserMessages: [SideScrollerCharacter_C_1] 600.001
[2016.03.27-13.47.03:784][505]LogBlueprintUserMessages: [SideScrollerCharacter_C_1] 600.001
[2016.03.27-13.47.03:800][506]LogBlueprintUserMessages: [SideScrollerCharacter_C_1] 600.001
[2016.03.27-13.47.03:817][507]LogBlueprintUserMessages: [SideScrollerCharacter_C_1] 600.001
[2016.03.27-13.47.03:833][508]LogBlueprintUserMessages: [SideScrollerCharacter_C_1] 600.001
[2016.03.27-13.47.03:849][509]LogBlueprintUserMessages: [SideScrollerCharacter_C_1] 600.001
[2016.03.27-13.47.03:865][510]LogBlueprintUserMessages: [SideScrollerCharacter_C_1] 600.001
[2016.03.27-13.47.03:881][511]LogBlueprintUserMessages: [SideScrollerCharacter_C_1] 600.001
[2016.03.27-13.47.03:897][512]LogBlueprintUserMessages: [SideScrollerCharacter_C_1] 600.001
[2016.03.27-13.47.03:913][513]LogBlueprintUserMessages: [SideScrollerCharacter_C_1] 600.001
[2016.03.27-13.47.03:930][514]LogBlueprintUserMessages: [SideScrollerCharacter_C_1] 600.001
[2016.03.27-13.47.03:946][515]LogBlueprintUserMessages: [SideScrollerCharacter_C_1] 600.001
[2016.03.27-13.47.03:962][516]LogBlueprintUserMessages: [SideScrollerCharacter_C_1] 600.001
[2016.03.27-13.47.03:978][517]LogBlueprintUserMessages: [SideScrollerCharacter_C_1] 600.001
[2016.03.27-13.47.03:994][518]LogBlueprintUserMessages: [SideScrollerCharacter_C_1] 600.001
[2016.03.27-13.47.04:010][519]LogBlueprintUserMessages: [SideScrollerCharacter_C_1] 600.001
[2016.03.27-13.47.04:026][520]LogBlueprintUserMessages: [SideScrollerCharacter_C_1] 600.001
[2016.03.27-13.47.04:042][521]LogBlueprintUserMessages: [SideScrollerCharacter_C_1] 600.001
[2016.03.27-13.47.04:059][522]LogBlueprintUserMessages: [SideScrollerCharacter_C_1] 600.001
[2016.03.27-13.47.04:075][523]LogBlueprintUserMessages: [SideScrollerCharacter_C_1] 600.001
[2016.03.27-13.47.04:091][524]LogBlueprintUserMessages: [SideScrollerCharacter_C_1] 600.001
[2016.03.27-13.47.04:107][525]LogBlueprintUserMessages: [SideScrollerCharacter_C_1] 600.001
[2016.03.27-13.47.04:123][526]LogBlueprintUserMessages: [SideScrollerCharacter_C_1] 600.001
[2016.03.27-13.47.04:139][527]LogBlueprintUserMessages: [SideScrollerCharacter_C_1] 600.001
[2016.03.27-13.47.04:155][528]LogBlueprintUserMessages: [SideScrollerCharacter_C_1] 600.001
[2016.03.27-13.47.04:171][529]LogBlueprintUserMessages: [SideScrollerCharacter_C_1] 600.001
[2016.03.27-13.47.04:188][530]LogBlueprintUserMessages: [SideScrollerCharacter_C_1] 600.001
[2016.03.27-13.47.04:204][531]LogBlueprintUserMessages: [SideScrollerCharacter_C_1] 600.001
[2016.03.27-13.47.04:220][532]LogBlueprintUserMessages: [SideScrollerCharacter_C_1] 600.001
[2016.03.27-13.47.04:236][533]LogBlueprintUserMessages: [SideScrollerCharacter_C_1] 600.001
[2016.03.27-13.47.04:252][534]LogBlueprintUserMessages: [SideScrollerCharacter_C_1] 600.001
[2016.03.27-13.47.04:268][535]LogBlueprintUserMessages: [SideScrollerCharacter_C_1] 600.001
[2016.03.27-13.47.04:284][536]LogBlueprintUserMessages: [SideScrollerCharacter_C_1] 600.001
[2016.03.27-13.47.04:300][537]LogBlueprintUserMessages: [SideScrollerCharacter_C_1] 600.001
[2016.03.27-13.47.04:317][538]LogBlueprintUserMessages: [SideScrollerCharacter_C_1] 600.001
[2016.03.27-13.47.04:333][539]LogBlueprintUserMessages: [SideScrollerCharacter_C_1] 600.001
[2016.03.27-13.47.04:349][540]LogBlueprintUserMessages: [SideScrollerCharacter_C_1] 600.001
[2016.03.27-13.47.04:365][541]LogBlueprintUserMessages: [SideScrollerCharacter_C_1] 600.001
[2016.03.27-13.47.04:381][542]LogBlueprintUserMessages: [SideScrollerCharacter_C_1] 600.001
[2016.03.27-13.47.04:397][543]LogBlueprintUserMessages: [SideScrollerCharacter_C_1] 600.001
[2016.03.27-13.47.04:413][544]LogBlueprintUserMessages: [SideScrollerCharacter_C_1] 600.001
[2016.03.27-13.47.04:430][545]LogBlueprintUserMessages: [SideScrollerCharacter_C_1] 600.001
[2016.03.27-13.47.04:446][546]LogBlueprintUserMessages: [SideScrollerCharacter_C_1] 600.001
[2016.03.27-13.47.04:462][547]LogBlueprintUserMessages: [SideScrollerCharacter_C_1] 600.001
[2016.03.27-13.47.04:478][548]LogBlueprintUserMessages: [SideScrollerCharacter_C_1] 600.001
[2016.03.27-13.47.04:494][549]LogBlueprintUserMessages: [SideScrollerCharacter_C_1] 600.001
[2016.03.27-13.47.04:510][550]LogBlueprintUserMessages: [SideScrollerCharacter_C_1] 600.001
[2016.03.27-13.47.04:526][551]LogBlueprintUserMessages: [SideScrollerCharacter_C_1] 600.001
[2016.03.27-13.47.04:542][552]LogBlueprintUserMessages: [SideScrollerCharacter_C_1] 600.001
[2016.03.27-13.47.04:559][553]LogBlueprintUserMessages: [SideScrollerCharacter_C_1] 600.001
[2016.03.27-13.47.04:575][554]LogBlueprintUserMessages: [SideScrollerCharacter_C_1] 600.001
[2016.03.27-13.47.04:591][555]LogBlueprintUserMessages: [SideScrollerCharacter_C_1] 600.001
[2016.03.27-13.47.04:607][556]LogBlueprintUserMessages: [SideScrollerCharacter_C_1] 600.001
[2016.03.27-13.47.04:623][557]LogBlueprintUserMessages: [SideScrollerCharacter_C_1] 600.001
[2016.03.27-13.47.04:639][558]LogBlueprintUserMessages: [SideScrollerCharacter_C_1] 600.001
[2016.03.27-13.47.04:656][559]LogBlueprintUserMessages: [SideScrollerCharacter_C_1] 600.001
[2016.03.27-13.47.04:671][560]LogBlueprintUserMessages: [SideScrollerCharacter_C_1] 600.001
[2016.03.27-13.47.04:688][561]LogBlueprintUserMessages: [SideScrollerCharacter_C_1] 600.001
[2016.03.27-13.47.04:704][562]LogBlueprintUserMessages: [SideScrollerCharacter_C_1] 600.001
[2016.03.27-13.47.04:720][563]LogBlueprintUserMessages: [SideScrollerCharacter_C_1] 600.001
[2016.03.27-13.47.04:736][564]LogBlueprintUserMessages: [SideScrollerCharacter_C_1] 600.001
[2016.03.27-13.47.04:752][565]LogBlueprintUserMessages: [SideScrollerCharacter_C_1] 600.001
[2016.03.27-13.47.04:768][566]LogBlueprintUserMessages: [SideScrollerCharacter_C_1] 600.001
[2016.03.27-13.47.04:784][567]LogBlueprintUserMessages: [SideScrollerCharacter_C_1] 600.001
[2016.03.27-13.47.04:800][568]LogBlueprintUserMessages: [SideScrollerCharacter_C_1] 600.001
[2016.03.27-13.47.04:817][569]LogBlueprintUserMessages: [SideScrollerCharacter_C_1] 600.001
[2016.03.27-13.47.04:833][570]LogBlueprintUserMessages: [SideScrollerCharacter_C_1] 600.001
[2016.03.27-13.47.04:849][571]LogBlueprintUserMessages: [SideScrollerCharacter_C_1] 600.001
[2016.03.27-13.47.04:865][572]LogBlueprintUserMessages: [SideScrollerCharacter_C_1] 600.001
[2016.03.27-13.47.04:881][573]LogBlueprintUserMessages: [SideScrollerCharacter_C_1] 600.001
[2016.03.27-13.47.04:897][574]LogBlueprintUserMessages: [SideScrollerCharacter_C_1] 600.001
[2016.03.27-13.47.04:913][575]LogBlueprintUserMessages: [SideScrollerCharacter_C_1] 600.001
[2016.03.27-13.47.04:929][576]LogBlueprintUserMessages: [SideScrollerCharacter_C_1] 600.001
[2016.03.27-13.47.04:946][577]LogBlueprintUserMessages: [SideScrollerCharacter_C_1] 600.001
[2016.03.27-13.47.04:962][578]LogBlueprintUserMessages: [SideScrollerCharacter_C_1] 600.001
[2016.03.27-13.47.04:978][579]LogBlueprintUserMessages: [SideScrollerCharacter_C_1] 600.001
[2016.03.27-13.47.04:994][580]LogBlueprintUserMessages: [SideScrollerCharacter_C_1] 600.001
[2016.03.27-13.47.05:010][581]LogBlueprintUserMessages: [SideScrollerCharacter_C_1] 600.001
[2016.03.27-13.47.05:026][582]LogBlueprintUserMessages: [SideScrollerCharacter_C_1] 600.001
[2016.03.27-13.47.05:042][583]LogBlueprintUserMessages: [SideScrollerCharacter_C_1] 600.001
[2016.03.27-13.47.05:059][584]LogBlueprintUserMessages: [SideScrollerCharacter_C_1] 600.001
[2016.03.27-13.47.05:075][585]LogBlueprintUserMessages: [SideScrollerCharacter_C_1] 600.001
[2016.03.27-13.47.05:091][586]LogBlueprintUserMessages: [SideScrollerCharacter_C_1] 600.001
[2016.03.27-13.47.05:107][587]LogBlueprintUserMessages: [SideScrollerCharacter_C_1] 600.001
[2016.03.27-13.47.05:123][588]LogBlueprintUserMessages: [SideScrollerCharacter_C_1] 600.001
[2016.03.27-13.47.05:139][589]LogBlueprintUserMessages: [SideScrollerCharacter_C_1] 600.001
[2016.03.27-13.47.05:155][590]LogBlueprintUserMessages: [SideScrollerCharacter_C_1] 600.001
[2016.03.27-13.47.05:171][591]LogBlueprintUserMessages: [SideScrollerCharacter_C_1] 600.001
[2016.03.27-13.47.05:188][592]LogBlueprintUserMessages: [SideScrollerCharacter_C_1] 600.001
[2016.03.27-13.47.05:204][593]LogBlueprintUserMessages: [SideScrollerCharacter_C_1] 600.001
[2016.03.27-13.47.05:220][594]LogBlueprintUserMessages: [SideScrollerCharacter_C_1] 600.001
[2016.03.27-13.47.05:236][595]LogBlueprintUserMessages: [SideScrollerCharacter_C_1] 600.001
[2016.03.27-13.47.05:252][596]LogBlueprintUserMessages: [SideScrollerCharacter_C_1] 600.001
[2016.03.27-13.47.05:268][597]LogBlueprintUserMessages: [SideScrollerCharacter_C_1] 600.001
[2016.03.27-13.47.05:284][598]LogBlueprintUserMessages: [SideScrollerCharacter_C_1] 600.001
[2016.03.27-13.47.05:300][599]LogBlueprintUserMessages: [SideScrollerCharacter_C_1] 600.001
[2016.03.27-13.47.05:317][600]LogBlueprintUserMessages: [SideScrollerCharacter_C_1] 600.001
[2016.03.27-13.47.05:333][601]LogBlueprintUserMessages: [SideScrollerCharacter_C_1] 600.001
[2016.03.27-13.47.05:349][602]LogBlueprintUserMessages: [SideScrollerCharacter_C_1] 600.001
[2016.03.27-13.47.05:365][603]LogBlueprintUserMessages: [SideScrollerCharacter_C_1] 600.001
[2016.03.27-13.47.05:381][604]LogBlueprintUserMessages: [SideScrollerCharacter_C_1] 600.001
[2016.03.27-13.47.05:397][605]LogBlueprintUserMessages: [SideScrollerCharacter_C_1] 600.001
[2016.03.27-13.47.05:413][606]LogBlueprintUserMessages: [SideScrollerCharacter_C_1] 600.001
[2016.03.27-13.47.05:429][607]LogBlueprintUserMessages: [SideScrollerCharacter_C_1] 600.001
[2016.03.27-13.47.05:446][608]LogBlueprintUserMessages: [SideScrollerCharacter_C_1] 600.001
[2016.03.27-13.47.05:462][609]LogBlueprintUserMessages: [SideScrollerCharacter_C_1] 599.999
[2016.03.27-13.47.05:478][610]LogBlueprintUserMessages: [SideScrollerCharacter_C_1] 600.001
[2016.03.27-13.47.05:494][611]LogBlueprintUserMessages: [SideScrollerCharacter_C_1] 600
[2016.03.27-13.47.05:510][612]LogBlueprintUserMessages: [SideScrollerCharacter_C_1] 600.001
[2016.03.27-13.47.05:526][613]LogBlueprintUserMessages: [SideScrollerCharacter_C_1] 600.001
[2016.03.27-13.47.05:542][614]LogBlueprintUserMessages: [SideScrollerCharacter_C_1] 600.001
[2016.03.27-13.47.05:559][615]LogBlueprintUserMessages: [SideScrollerCharacter_C_1] 600.001
[2016.03.27-13.47.05:575][616]LogBlueprintUserMessages: [SideScrollerCharacter_C_1] 600.001
[2016.03.27-13.47.05:591][617]LogBlueprintUserMessages: [SideScrollerCharacter_C_1] 600.001
[2016.03.27-13.47.05:607][618]LogBlueprintUserMessages: [SideScrollerCharacter_C_1] 600.001
[2016.03.27-13.47.05:623][619]LogBlueprintUserMessages: [SideScrollerCharacter_C_1] 600.001
[2016.03.27-13.47.05:639][620]LogBlueprintUserMessages: [SideScrollerCharacter_C_1] 600.001
[2016.03.27-13.47.05:656][621]LogBlueprintUserMessages: [SideScrollerCharacter_C_1] 600.001
[2016.03.27-13.47.05:671][622]LogBlueprintUserMessages: [SideScrollerCharacter_C_1] 600.001
[2016.03.27-13.47.05:688][623]LogBlueprintUserMessages: [SideScrollerCharacter_C_1] 600.001
[2016.03.27-13.47.05:704][624]LogBlueprintUserMessages: [SideScrollerCharacter_C_1] 600.001
[2016.03.27-13.47.05:720][625]LogBlueprintUserMessages: [SideScrollerCharacter_C_1] 600.001
[2016.03.27-13.47.05:736][626]LogBlueprintUserMessages: [SideScrollerCharacter_C_1] 600.001
[2016.03.27-13.47.05:752][627]LogBlueprintUserMessages: [SideScrollerCharacter_C_1] 600.001
[2016.03.27-13.47.05:768][628]LogBlueprintUserMessages: [SideScrollerCharacter_C_1] 600.001
[2016.03.27-13.47.05:784][629]LogBlueprintUserMessages: [SideScrollerCharacter_C_1] 600.001
[2016.03.27-13.47.05:800][630]LogBlueprintUserMessages: [SideScrollerCharacter_C_1] 600.001
[2016.03.27-13.47.05:817][631]LogBlueprintUserMessages: [SideScrollerCharacter_C_1] 600.001
[2016.03.27-13.47.05:833][632]LogBlueprintUserMessages: [SideScrollerCharacter_C_1] 600.001
[2016.03.27-13.47.05:849][633]LogBlueprintUserMessages: [SideScrollerCharacter_C_1] 600.001
[2016.03.27-13.47.05:865][634]LogBlueprintUserMessages: [SideScrollerCharacter_C_1] 600.001
[2016.03.27-13.47.05:881][635]LogBlueprintUserMessages: [SideScrollerCharacter_C_1] 600.001
[2016.03.27-13.47.05:897][636]LogBlueprintUserMessages: [SideScrollerCharacter_C_1] 600.001
[2016.03.27-13.47.05:913][637]LogBlueprintUserMessages: [SideScrollerCharacter_C_1] 600.001
[2016.03.27-13.47.05:929][638]LogBlueprintUserMessages: [SideScrollerCharacter_C_1] 600.001
[2016.03.27-13.47.05:946][639]LogBlueprintUserMessages: [SideScrollerCharacter_C_1] 600.001
[2016.03.27-13.47.05:962][640]LogBlueprintUserMessages: [SideScrollerCharacter_C_1] 600.001
[2016.03.27-13.47.05:978][641]LogBlueprintUserMessages: [SideScrollerCharacter_C_1] 600.001
[2016.03.27-13.47.05:994][642]LogBlueprintUserMessages: [SideScrollerCharacter_C_1] 600.001
[2016.03.27-13.47.06:010][643]LogBlueprintUserMessages: [SideScrollerCharacter_C_1] 600.001
[2016.03.27-13.47.06:026][644]LogBlueprintUserMessages: [SideScrollerCharacter_C_1] 600.001
[2016.03.27-13.47.06:042][645]LogBlueprintUserMessages: [SideScrollerCharacter_C_1] 600.001
[2016.03.27-13.47.06:059][646]LogBlueprintUserMessages: [SideScrollerCharacter_C_1] 600.001
[2016.03.27-13.47.06:075][647]LogBlueprintUserMessages: [SideScrollerCharacter_C_1] 600.001
[2016.03.27-13.47.06:091][648]LogBlueprintUserMessages: [SideScrollerCharacter_C_1] 600.001
[2016.03.27-13.47.06:107][649]LogBlueprintUserMessages: [SideScrollerCharacter_C_1] 600.001
[2016.03.27-13.47.06:123][650]LogBlueprintUserMessages: [SideScrollerCharacter_C_1] 600.001
[2016.03.27-13.47.06:139][651]LogBlueprintUserMessages: [SideScrollerCharacter_C_1] 600.001
[2016.03.27-13.47.06:156][652]LogBlueprintUserMessages: [SideScrollerCharacter_C_1] 600.001
[2016.03.27-13.47.06:171][653]LogBlueprintUserMessages: [SideScrollerCharacter_C_1] 600.001
[2016.03.27-13.47.06:188][654]LogBlueprintUserMessages: [SideScrollerCharacter_C_1] 600.001
[2016.03.27-13.47.06:204][655]LogBlueprintUserMessages: [SideScrollerCharacter_C_1] 508.903
[2016.03.27-13.47.06:220][656]LogBlueprintUserMessages: [SideScrollerCharacter_C_1] 426.621
[2016.03.27-13.47.06:236][657]LogBlueprintUserMessages: [SideScrollerCharacter_C_1] 352.301
[2016.03.27-13.47.06:252][658]LogBlueprintUserMessages: [SideScrollerCharacter_C_1] 285.174
[2016.03.27-13.47.06:268][659]LogBlueprintUserMessages: [SideScrollerCharacter_C_1] 224.545
[2016.03.27-13.47.12:850][ 67]LogScript:Warning: Cannot access 'Sphere'. It is pending kill. Property: 'K2Node_Event_OtherComp'
	BulletSCG_C /Temp/Autosaves/Game/SideScrollerBP/Maps/UEDPCSideScrollerExampleMap.SideScrollerExampleMap:PersistentLevel.BulletSCG_C_32
	Function /Game/BulletSCG.BulletSCG_C:ExecuteUbergraph_BulletSCG:002C
[2016.03.27-13.47.26:852][935]LogScript:Warning: Cannot access 'Sphere'. It is pending kill. Property: 'K2Node_Event_OtherComp'
	BulletSCG_C /Temp/Autosaves/Game/SideScrollerBP/Maps/UEDPCSideScrollerExampleMap.SideScrollerExampleMap:PersistentLevel.BulletSCG_C_60
	Function /Game/BulletSCG.BulletSCG_C:ExecuteUbergraph_BulletSCG:002C
[2016.03.27-13.47.28:352][ 28]LogScript:Warning: Cannot access 'Sphere'. It is pending kill. Property: 'K2Node_Event_OtherComp'
	BulletSCG_C /Temp/Autosaves/Game/SideScrollerBP/Maps/UEDPCSideScrollerExampleMap.SideScrollerExampleMap:PersistentLevel.BulletSCG_C_61
	Function /Game/BulletSCG.BulletSCG_C:ExecuteUbergraph_BulletSCG:002C
[2016.03.27-13.47.28:659][ 47]LogScript:Warning: Cannot access 'Sphere'. It is pending kill. Property: 'K2Node_Event_OtherComp'
	BulletSCG_C /Temp/Autosaves/Game/SideScrollerBP/Maps/UEDPCSideScrollerExampleMap.SideScrollerExampleMap:PersistentLevel.BulletSCG_C_68
	Function /Game/BulletSCG.BulletSCG_C:ExecuteUbergraph_BulletSCG:002C
[2016.03.27-13.47.28:771][ 54]LogScript:Warning: Cannot access 'Sphere'. It is pending kill. Property: 'K2Node_Event_OtherComp'
	BulletSCG_C /Temp/Autosaves/Game/SideScrollerBP/Maps/UEDPCSideScrollerExampleMap.SideScrollerExampleMap:PersistentLevel.BulletSCG_C_66
	Function /Game/BulletSCG.BulletSCG_C:ExecuteUbergraph_BulletSCG:002C
[2016.03.27-13.47.28:998][ 68]LogScript:Warning: Cannot access 'Sphere'. It is pending kill. Property: 'K2Node_Event_OtherComp'
	BulletSCG_C /Temp/Autosaves/Game/SideScrollerBP/Maps/UEDPCSideScrollerExampleMap.SideScrollerExampleMap:PersistentLevel.BulletSCG_C_70
	Function /Game/BulletSCG.BulletSCG_C:ExecuteUbergraph_BulletSCG:002C
[2016.03.27-13.47.29:416][ 94]LogScript:Warning: Cannot access 'Sphere'. It is pending kill. Property: 'K2Node_Event_OtherComp'
	BulletSCG_C /Temp/Autosaves/Game/SideScrollerBP/Maps/UEDPCSideScrollerExampleMap.SideScrollerExampleMap:PersistentLevel.BulletSCG_C_71
	Function /Game/BulletSCG.BulletSCG_C:ExecuteUbergraph_BulletSCG:002C
[2016.03.27-13.47.33:869][370]LogScript:Warning: Cannot access 'Sphere'. It is pending kill. Property: 'K2Node_Event_OtherComp'
	BulletSCG_C /Temp/Autosaves/Game/SideScrollerBP/Maps/UEDPCSideScrollerExampleMap.SideScrollerExampleMap:PersistentLevel.BulletSCG_C_81
	Function /Game/BulletSCG.BulletSCG_C:ExecuteUbergraph_BulletSCG:002C
[2016.03.27-13.47.49:372][331]LogScript:Warning: Cannot access 'Sphere'. It is pending kill. Property: 'K2Node_Event_OtherComp'
	BulletSCG_C /Temp/Autosaves/Game/SideScrollerBP/Maps/UEDPCSideScrollerExampleMap.SideScrollerExampleMap:PersistentLevel.BulletSCG_C_114
	Function /Game/BulletSCG.BulletSCG_C:ExecuteUbergraph_BulletSCG:002C
[2016.03.27-13.48.01:371][ 74]LogScript:Warning: Cannot access 'Sphere'. It is pending kill. Property: 'K2Node_Event_OtherComp'
	BulletSCG_C /Temp/Autosaves/Game/SideScrollerBP/Maps/UEDPCSideScrollerExampleMap.SideScrollerExampleMap:PersistentLevel.BulletSCG_C_136
	Function /Game/BulletSCG.BulletSCG_C:ExecuteUbergraph_BulletSCG:002C
[2016.03.27-13.49.12:626][463]LogScript:Warning: Cannot access 'Sphere'. It is pending kill. Property: 'K2Node_Event_OtherComp'
	BulletSCG_C /Temp/Autosaves/Game/SideScrollerBP/Maps/UEDPCSideScrollerExampleMap.SideScrollerExampleMap:PersistentLevel.BulletSCG_C_279
	Function /Game/BulletSCG.BulletSCG_C:ExecuteUbergraph_BulletSCG:002C
[2016.03.27-13.49.15:158][618]LogScript:Warning: Cannot access 'Sphere'. It is pending kill. Property: 'K2Node_Event_OtherComp'
	BulletSCG_C /Temp/Autosaves/Game/SideScrollerBP/Maps/UEDPCSideScrollerExampleMap.SideScrollerExampleMap:PersistentLevel.BulletSCG_C_285
	Function /Game/BulletSCG.BulletSCG_C:ExecuteUbergraph_BulletSCG:002C
[2016.03.27-13.49.39:283][ 94]LogScript:Warning: Cannot access 'Sphere'. It is pending kill. Property: 'K2Node_Event_OtherComp'
	BulletSCG_C /Temp/Autosaves/Game/SideScrollerBP/Maps/UEDPCSideScrollerExampleMap.SideScrollerExampleMap:PersistentLevel.BulletSCG_C_330
	Function /Game/BulletSCG.BulletSCG_C:ExecuteUbergraph_BulletSCG:002C
[2016.03.27-13.50.10:246][ 10]LogEngine: All Windows Closed
[2016.03.27-13.50.10:246][ 10]LogWindows: FPlatformMisc::RequestExit(0)
[2016.03.27-13.50.11:100][ 11]LogExit: Preparing to exit.
[2016.03.27-13.50.11:195][ 11]LogExit: Game engine shut down
[2016.03.27-13.50.11:197][ 11]LogParticles: Destroying 0 GPU particle simulations for FXSystem 0x00000000118BECA0
[2016.03.27-13.50.11:362][ 11]LogExit: Object subsystem successfully closed.
[2016.03.27-13.50.11:377][ 11]LogD3D11RHI: Shutdown
[2016.03.27-13.50.11:377][ 11]LogD3D11RHI: CleanupD3DDevice
[2016.03.27-13.50.11:407][ 11]LogD3D11RHI: ~FD3D11DynamicRHI
[2016.03.27-13.50.11:424][ 11]LogModuleManager: Shutting down and abandoning module AndroidDeviceDetection (117)
[2016.03.27-13.50.12:269][ 11]LogModuleManager: Shutting down and abandoning module AutomationController (116)
[2016.03.27-13.50.12:269][ 11]LogModuleManager: Shutting down and abandoning module AutomationWorker (115)
[2016.03.27-13.50.12:269][ 11]LogModuleManager: Shutting down and abandoning module CharacterAI (114)
[2016.03.27-13.50.12:269][ 11]LogModuleManager: Shutting down and abandoning module AITestSuite (113)
[2016.03.27-13.50.12:269][ 11]LogModuleManager: Shutting down and abandoning module GameplayDebugger (112)
[2016.03.27-13.50.12:269][ 11]LogModuleManager: Shutting down and abandoning module AIModule (111)
[2016.03.27-13.50.12:269][ 11]LogModuleManager: Shutting down and abandoning module MovieSceneCapture (110)
[2016.03.27-13.50.12:269][ 11]LogModuleManager: Shutting down and abandoning module GameLiveStreaming (109)
[2016.03.27-13.50.12:269][ 11]LogModuleManager: Shutting down and abandoning module StreamingPauseRendering (108)
[2016.03.27-13.50.12:269][ 11]LogModuleManager: Shutting down and abandoning module ProfilerService (107)
[2016.03.27-13.50.12:514][ 11]LogModuleManager: Shutting down and abandoning module TaskGraph (106)
[2016.03.27-13.50.12:514][ 11]LogModuleManager: Shutting down and abandoning module SlateRemote (105)
[2016.03.27-13.50.12:514][ 11]LogModuleManager: Shutting down and abandoning module SteamVRController (104)
[2016.03.27-13.50.12:514][ 11]LogModuleManager: Shutting down and abandoning module SteamVR (103)
[2016.03.27-13.50.12:514][ 11]LogModuleManager: Shutting down and abandoning module ProceduralMeshComponent (102)
[2016.03.27-13.50.12:514][ 11]LogModuleManager: Shutting down and abandoning module OculusLibrary (101)
[2016.03.27-13.50.12:514][ 11]LogModuleManager: Shutting down and abandoning module OculusInput (100)
[2016.03.27-13.50.12:514][ 11]LogModuleManager: Shutting down and abandoning module LeapMotionController (99)
[2016.03.27-13.50.12:560][ 11]LogModuleManager: Shutting down and abandoning module CustomMeshComponent (98)
[2016.03.27-13.50.12:560][ 11]LogModuleManager: Shutting down and abandoning module CableComponent (97)
[2016.03.27-13.50.12:560][ 11]LogModuleManager: Shutting down and abandoning module ArchVisCharacter (96)
[2016.03.27-13.50.12:560][ 11]LogModuleManager: Shutting down and abandoning module HTML5Networking (95)
[2016.03.27-13.50.12:560][ 11]LogModuleManager: Shutting down and abandoning module DesktopPlatform (94)
[2016.03.27-13.50.12:560][ 11]LogModuleManager: Shutting down and abandoning module DirectoryWatcher (93)
[2016.03.27-13.50.12:560][ 11]LogModuleManager: Shutting down and abandoning module HotReload (92)
[2016.03.27-13.50.12:560][ 11]LogModuleManager: Shutting down and abandoning module VisualStudioSourceCodeAccess (91)
[2016.03.27-13.50.12:560][ 11]LogModuleManager: Shutting down and abandoning module UObjectPlugin (90)
[2016.03.27-13.50.12:560][ 11]LogModuleManager: Shutting down and abandoning module SubversionSourceControl (89)
[2016.03.27-13.50.12:560][ 11]LogModuleManager: Shutting down and abandoning module SourceControl (88)
[2016.03.27-13.50.12:560][ 11]LogModuleManager: Shutting down and abandoning module PerforceSourceControl (87)
[2016.03.27-13.50.12:561][ 11]LogModuleManager: Shutting down and abandoning module UdpMessaging (86)
[2016.03.27-13.50.12:561][ 11]LogModuleManager: Shutting down and abandoning module LightPropagationVolumeRuntime (85)
[2016.03.27-13.50.12:561][ 11]LogModuleManager: Shutting down and abandoning module Paper2D (84)
[2016.03.27-13.50.12:561][ 11]LogModuleManager: Shutting down and abandoning module WindowsMoviePlayer (83)
[2016.03.27-13.50.12:564][ 11]LogModuleManager: Shutting down and abandoning module Media (82)
[2016.03.27-13.50.12:564][ 11]LogModuleManager: Shutting down and abandoning module WmfMedia (81)
[2016.03.27-13.50.12:565][ 11]LogModuleManager: Shutting down and abandoning module OnlineBlueprintSupport (80)
[2016.03.27-13.50.12:565][ 11]LogModuleManager: Shutting down and abandoning module GameplayTasksEditor (79)
[2016.03.27-13.50.12:565][ 11]LogModuleManager: Shutting down and abandoning module PropertyEditor (78)
[2016.03.27-13.50.12:565][ 11]LogModuleManager: Shutting down and abandoning module BehaviorTreeEditor (77)
[2016.03.27-13.50.12:565][ 11]LogModuleManager: Shutting down and abandoning module FunctionalTesting (76)
[2016.03.27-13.50.12:565][ 11]LogModuleManager: Shutting down and abandoning module CollisionAnalyzer (75)
[2016.03.27-13.50.12:565][ 11]LogModuleManager: Shutting down and abandoning module WorkspaceMenuStructure (74)
[2016.03.27-13.50.12:565][ 11]LogModuleManager: Shutting down and abandoning module MessageLog (73)
[2016.03.27-13.50.12:565][ 11]LogModuleManager: Shutting down and abandoning module Sequencer (72)
[2016.03.27-13.50.12:565][ 11]LogModuleManager: Shutting down and abandoning module AssetTools (71)
[2016.03.27-13.50.12:565][ 11]LogModuleManager: Shutting down and abandoning module UMGEditor (70)
[2016.03.27-13.50.12:565][ 11]LogModuleManager: Shutting down and abandoning module UMG (69)
[2016.03.27-13.50.12:565][ 11]LogModuleManager: Shutting down and abandoning module Slate (68)
[2016.03.27-13.50.12:565][ 11]LogModuleManager: Shutting down and abandoning module EditorStyle (67)
[2016.03.27-13.50.12:569][ 11]LogModuleManager: Shutting down and abandoning module SessionServices (66)
[2016.03.27-13.50.12:569][ 11]LogModuleManager: Shutting down and abandoning module SourceCodeAccess (65)
[2016.03.27-13.50.12:569][ 11]LogModuleManager: Shutting down and abandoning module HeadMountedDisplay (64)
[2016.03.27-13.50.12:569][ 11]LogModuleManager: Shutting down and abandoning module XAudio2 (63)
[2016.03.27-13.50.12:569][ 11]LogModuleManager: Shutting down and abandoning module Networking (61)
[2016.03.27-13.50.12:569][ 11]LogModuleManager: Shutting down and abandoning module Core (60)
[2016.03.27-13.50.12:569][ 11]LogModuleManager: Shutting down and abandoning module KismetCompiler (59)
[2016.03.27-13.50.12:569][ 11]LogModuleManager: Shutting down and abandoning module PhysXFormats (58)
[2016.03.27-13.50.12:569][ 11]LogModuleManager: Shutting down and abandoning module MeshUtilities (57)
[2016.03.27-13.50.12:569][ 11]LogModuleManager: Shutting down and abandoning module DerivedDataCache (56)
[2016.03.27-13.50.12:668][ 11]LogDerivedDataCache: Shutdown
[2016.03.27-13.50.12:668][ 11]LogModuleManager: Shutting down and abandoning module ShaderFormatOpenGL (55)
[2016.03.27-13.50.12:668][ 11]LogModuleManager: Shutting down and abandoning module ShaderFormatD3D (54)
[2016.03.27-13.50.12:668][ 11]LogModuleManager: Shutting down and abandoning module MetalShaderFormat (53)
[2016.03.27-13.50.12:668][ 11]LogModuleManager: Shutting down and abandoning module TextureFormatUncompressed (52)
[2016.03.27-13.50.12:668][ 11]LogModuleManager: Shutting down and abandoning module TextureFormatPVR (51)
[2016.03.27-13.50.12:668][ 11]LogModuleManager: Shutting down and abandoning module TextureFormatIntelISPCTexComp (50)
[2016.03.27-13.50.12:668][ 11]LogModuleManager: Shutting down and abandoning module TextureFormatDXT (49)
[2016.03.27-13.50.12:668][ 11]LogModuleManager: Shutting down and abandoning module ImageWrapper (48)
[2016.03.27-13.50.12:668][ 11]LogModuleManager: Shutting down and abandoning module TextureFormatASTC (47)
[2016.03.27-13.50.12:668][ 11]LogModuleManager: Shutting down and abandoning module TextureFormatAndroid (46)
[2016.03.27-13.50.12:668][ 11]LogModuleManager: Shutting down and abandoning module AudioFormatOpus (45)
[2016.03.27-13.50.12:668][ 11]LogModuleManager: Shutting down and abandoning module AudioFormatOgg (44)
[2016.03.27-13.50.12:668][ 11]LogModuleManager: Shutting down and abandoning module AudioFormatADPCM (43)
[2016.03.27-13.50.12:668][ 11]LogModuleManager: Shutting down and abandoning module LinuxTargetPlatform (42)
[2016.03.27-13.50.12:668][ 11]LogModuleManager: Shutting down and abandoning module LinuxServerTargetPlatform (41)
[2016.03.27-13.50.12:668][ 11]LogModuleManager: Shutting down and abandoning module LinuxNoEditorTargetPlatform (40)
[2016.03.27-13.50.12:668][ 11]LogModuleManager: Shutting down and abandoning module Messaging (39)
[2016.03.27-13.50.12:668][ 11]LogModuleManager: Shutting down and abandoning module IOSTargetPlatform (38)
[2016.03.27-13.50.12:668][ 11]LogModuleManager: Shutting down and abandoning module HTML5TargetPlatform (37)
[2016.03.27-13.50.12:668][ 11]LogModuleManager: Shutting down and abandoning module Android_PVRTCTargetPlatform (36)
[2016.03.27-13.50.12:668][ 11]LogModuleManager: Shutting down and abandoning module Android_MultiTargetPlatform (35)
[2016.03.27-13.50.12:668][ 11]LogModuleManager: Shutting down and abandoning module Android_ETC2TargetPlatform (34)
[2016.03.27-13.50.12:668][ 11]LogModuleManager: Shutting down and abandoning module Android_ETC1TargetPlatform (33)
[2016.03.27-13.50.12:668][ 11]LogModuleManager: Shutting down and abandoning module Android_DXTTargetPlatform (32)
[2016.03.27-13.50.12:668][ 11]LogModuleManager: Shutting down and abandoning module Android_ATCTargetPlatform (31)
[2016.03.27-13.50.12:668][ 11]LogModuleManager: Shutting down and abandoning module Android_ASTCTargetPlatform (30)
[2016.03.27-13.50.12:668][ 11]LogModuleManager: Shutting down and abandoning module AndroidTargetPlatform (29)
[2016.03.27-13.50.12:668][ 11]LogModuleManager: Shutting down and abandoning module WindowsTargetPlatform (28)
[2016.03.27-13.50.12:668][ 11]LogModuleManager: Shutting down and abandoning module WindowsServerTargetPlatform (27)
[2016.03.27-13.50.12:668][ 11]LogModuleManager: Shutting down and abandoning module WindowsNoEditorTargetPlatform (26)
[2016.03.27-13.50.12:668][ 11]LogModuleManager: Shutting down and abandoning module WindowsClientTargetPlatform (25)
[2016.03.27-13.50.12:668][ 11]LogModuleManager: Shutting down and abandoning module AllDesktopTargetPlatform (24)
[2016.03.27-13.50.12:668][ 11]LogModuleManager: Shutting down and abandoning module TargetPlatform (23)
[2016.03.27-13.50.12:668][ 11]LogModuleManager: Shutting down and abandoning module InputCore (22)
[2016.03.27-13.50.12:668][ 11]LogModuleManager: Shutting down and abandoning module Settings (21)
[2016.03.27-13.50.12:668][ 11]LogModuleManager: Shutting down and abandoning module OnlineSubsystem (19)
[2016.03.27-13.50.12:668][ 11]LogModuleManager: Shutting down and abandoning module HTTP (18)
[2016.03.27-13.50.12:669][ 11]LogModuleManager: Shutting down and abandoning module XMPP (17)
[2016.03.27-13.50.12:669][ 11]LogModuleManager: Shutting down and abandoning module OculusRift (16)
[2016.03.27-13.50.12:669][ 11]LogModuleManager: Shutting down and abandoning module ExampleDeviceProfileSelector (15)
[2016.03.27-13.50.12:669][ 11]LogModuleManager: Shutting down and abandoning module TextureCompressor (14)
[2016.03.27-13.50.12:669][ 11]LogModuleManager: Shutting down and abandoning module ShaderCore (13)
[2016.03.27-13.50.12:669][ 11]LogModuleManager: Shutting down and abandoning module Landscape (12)
[2016.03.27-13.50.12:669][ 11]LogModuleManager: Shutting down and abandoning module SlateRHIRenderer (11)
[2016.03.27-13.50.12:669][ 11]LogModuleManager: Shutting down and abandoning module OpenGLDrv (10)
[2016.03.27-13.50.12:669][ 11]LogModuleManager: Shutting down and abandoning module D3D11RHI (9)
[2016.03.27-13.50.12:669][ 11]LogModuleManager: Shutting down and abandoning module AnimGraphRuntime (8)
[2016.03.27-13.50.12:669][ 11]LogModuleManager: Shutting down and abandoning module Renderer (7)
[2016.03.27-13.50.12:669][ 11]LogModuleManager: Shutting down and abandoning module Engine (6)
[2016.03.27-13.50.12:669][ 11]LogModuleManager: Shutting down and abandoning module CoreUObject (5)
[2016.03.27-13.50.12:669][ 11]LogModuleManager: Shutting down and abandoning module NetworkFile (4)
[2016.03.27-13.50.12:669][ 11]LogModuleManager: Shutting down and abandoning module StreamingFile (3)
[2016.03.27-13.50.12:669][ 11]LogModuleManager: Shutting down and abandoning module SandboxFile (2)
[2016.03.27-13.50.12:669][ 11]LogModuleManager: Shutting down and abandoning module PakFile (1)
[2016.03.27-13.50.12:670][ 11]LogExit: Exiting.
[2016.03.27-13.50.12:671][ 11]Log file closed, 03/27/16 16:50:12
