[2016.03.27-17.04.58:709][  0]Log file open, 03/27/16 20:04:58
[2016.03.27-17.04.58:709][  0]LogInit:Display: Running engine for game: SCG
[2016.03.27-17.04.58:709][  0]LogPlatformFile: Not using cached read wrapper
[2016.03.27-17.04.58:709][  0]LogInit:Display: RandInit(-1453337382) SRandInit(-1453337380).
[2016.03.27-17.04.58:709][  0]LogTaskGraph: Started task graph with 4 named threads and 6 total threads.
[2016.03.27-17.04.58:709][  0]LogStats: Stats thread started at 0.225752
[2016.03.27-17.04.58:709][  0]LogInit: Version: 4.10.4-2872498+++depot+UE4-Releases+4.10
[2016.03.27-17.04.58:709][  0]LogInit: API Version: 2758231
[2016.03.27-17.04.58:709][  0]LogInit: Compiled (64-bit): Feb 18 2016 15:47:04
[2016.03.27-17.04.58:709][  0]LogInit: Compiled with Visual C++: 19.00.23026.00
[2016.03.27-17.04.58:709][  0]LogInit: Build Configuration: Development
[2016.03.27-17.04.58:709][  0]LogInit: Branch Name: ++depot+UE4-Releases+4.10
[2016.03.27-17.04.58:709][  0]LogInit: Command line:  /Temp/Autosaves/Game/SideScrollerBP/Maps/UEDPCSideScrollerExampleMap -game -PIEVIACONSOLE -ResX=1280 -ResY=720  -Multiprocess 
[2016.03.27-17.04.58:709][  0]LogInit: Base directory: C:/Program Files (x86)/Epic Games/4.10/Engine/Binaries/Win64/
[2016.03.27-17.04.58:709][  0]LogInit: Rocket: 1
[2016.03.27-17.04.58:733][  0]LogInit: Using libcurl 7.41.0
[2016.03.27-17.04.58:733][  0]LogInit:  - built for x86_64-pc-win32
[2016.03.27-17.04.58:733][  0]LogInit:  - supports SSL with WinSSL
[2016.03.27-17.04.58:733][  0]LogInit:  - other features:
[2016.03.27-17.04.58:733][  0]LogInit:      CURL_VERSION_SSL
[2016.03.27-17.04.58:733][  0]LogInit:      CURL_VERSION_IPV6
[2016.03.27-17.04.58:733][  0]LogInit:      CURL_VERSION_ASYNCHDNS
[2016.03.27-17.04.58:733][  0]LogInit:      CURL_VERSION_LARGEFILE
[2016.03.27-17.04.58:733][  0]LogInit:      CURL_VERSION_IDN
[2016.03.27-17.04.58:733][  0]LogInit:  CurlRequestOptions (configurable via config and command line):
[2016.03.27-17.04.58:733][  0]LogInit:  - bVerifyPeer = true  - Libcurl will verify peer certificate
[2016.03.27-17.04.58:733][  0]LogInit:  - bUseHttpProxy = false  - Libcurl will NOT use HTTP proxy
[2016.03.27-17.04.58:733][  0]LogInit:  - bDontReuseConnections = false  - Libcurl will reuse connections
[2016.03.27-17.04.58:733][  0]LogInit:  - CertBundlePath = nullptr  - Libcurl will use whatever was configured at build time.
[2016.03.27-17.04.58:743][  0]LogInit: Presizing for 0 objects not considered by GC, pre-allocating 0 bytes.
[2016.03.27-17.04.58:753][  0]LogInit: Object subsystem initialized
[2016.03.27-17.04.58:755][  0]LogInit: Selected Device Profile: [Windows]
[2016.03.27-17.04.58:755][  0]LogInit: Applying CVar settings loaded from the selected device profile: [Windows]
[2016.03.27-17.04.58:760][  0]LogInit: Computer: SS-ПК
[2016.03.27-17.04.58:760][  0]LogInit: User: SS
[2016.03.27-17.04.58:760][  0]LogInit: CPU Page size=4096, Cores=3
[2016.03.27-17.04.58:760][  0]LogInit: High frequency timer resolution =3.433251 MHz
[2016.03.27-17.04.58:760][  0]LogMemory: Memory total: Physical=8.0GB (8GB approx)
[2016.03.27-17.04.58:760][  0]LogMemory: Platform Memory Stats for Windows
[2016.03.27-17.04.58:760][  0]LogMemory: Process Physical Memory: 56.56 MB used, 56.56 MB peak
[2016.03.27-17.04.58:760][  0]LogMemory: Process Virtual Memory: 57.03 MB used, 57.03 MB peak
[2016.03.27-17.04.58:760][  0]LogMemory: Physical Memory: 7374.82 MB used, 8189.55 MB total
[2016.03.27-17.04.58:760][  0]LogMemory: Virtual Memory: 351.32 MB used, 8388608.00 MB total
[2016.03.27-17.04.58:829][  0]LogTextLocalizationManager: No translations for ('ru-RU') exist, falling back to 'en' for localization and internationalization data.
[2016.03.27-17.04.59:618][  0]LogD3D11RHI: Found D3D11 adapter 0: AMD Radeon R9 200 Series (Feature Level 11_0)
[2016.03.27-17.04.59:618][  0]LogD3D11RHI: Adapter has 3051MB of dedicated video memory, 0MB of dedicated system memory, and 3838MB of shared system memory, 1 output[s]
[2016.03.27-17.04.59:618][  0]LogD3D11RHI: Chosen D3D11 Adapter Id = 0
[2016.03.27-17.04.59:626][  0]LogD3D11RHI: !Direct3DDevice
[2016.03.27-17.04.59:626][  0]LogRHI: Texture pool is 1361 MB (70% of 1945 MB)
[2016.03.27-17.04.59:633][  0]LogD3D11RHI: Async texture creation disabled: no driver support
[2016.03.27-17.04.59:644][  0]LogShaderCompilers: Guid format shader working directory is -6 characters bigger than the processId version (../../../../../../Users/SS/Documents/GitHub/SCG_1/Intermediate/Shaders/WorkingDirectory/6252/).
[2016.03.27-17.04.59:645][  0]LogShaderCompilers: Cleaned the shader compiler working directory 'C:/Users/SS/AppData/Local/Temp/UnrealShaderWorkingDir/0CE6F7C44420DAC982D9C2A1B7DFE81D/'.
[2016.03.27-17.04.59:645][  0]LogShaderCompilers:Display: Using Local Shader Compiler.
[2016.03.27-17.05.06:039][  0]LogTemp:Display: Loaded TP AllDesktopTargetPlatform
[2016.03.27-17.05.06:047][  0]LogTemp:Display: Loaded TP WindowsClientTargetPlatform
[2016.03.27-17.05.06:052][  0]LogTemp:Display: Loaded TP WindowsNoEditorTargetPlatform
[2016.03.27-17.05.06:058][  0]LogTemp:Display: Loaded TP WindowsServerTargetPlatform
[2016.03.27-17.05.06:064][  0]LogTemp:Display: Loaded TP WindowsTargetPlatform
[2016.03.27-17.05.06:068][  0]LogTemp:Display: Loaded TP AndroidTargetPlatform
[2016.03.27-17.05.06:074][  0]LogTemp:Display: Loaded TP Android_ASTCTargetPlatform
[2016.03.27-17.05.06:078][  0]LogTemp:Display: Loaded TP Android_ATCTargetPlatform
[2016.03.27-17.05.06:082][  0]LogTemp:Display: Loaded TP Android_DXTTargetPlatform
[2016.03.27-17.05.06:087][  0]LogTemp:Display: Loaded TP Android_ETC1TargetPlatform
[2016.03.27-17.05.06:091][  0]LogTemp:Display: Loaded TP Android_ETC2TargetPlatform
[2016.03.27-17.05.06:100][  0]LogTemp:Display: Loaded TP Android_MultiTargetPlatform
[2016.03.27-17.05.06:100][  0]LogTemp:Display: Loaded TP Android_PVRTCTargetPlatform
[2016.03.27-17.05.06:102][  0]LogTemp:Display: Loaded TP HTML5TargetPlatform
[2016.03.27-17.05.06:129][  0]LogTemp:Display: Loaded TP IOSTargetPlatform
[2016.03.27-17.05.06:133][  0]LogTemp:Display: Loaded TP LinuxNoEditorTargetPlatform
[2016.03.27-17.05.06:137][  0]LogTemp:Display: Loaded TP LinuxServerTargetPlatform
[2016.03.27-17.05.06:161][  0]LogTemp:Display: Loaded TP LinuxTargetPlatform
[2016.03.27-17.05.06:161][  0]LogTargetPlatformManager:Display: Building Assets For Windows
[2016.03.27-17.05.06:431][  0]LogDerivedDataCache:Display: Max Cache Size: 512 MB
[2016.03.27-17.05.06:977][  0]LogDerivedDataCache: Loaded boot cache 0.55s 41MB C:/Users/SS/AppData/Local/UnrealEngine/4.10/DerivedDataCache/Boot.ddc.
[2016.03.27-17.05.06:977][  0]LogDerivedDataCache:Display: Loaded Boot cache: C:/Users/SS/AppData/Local/UnrealEngine/4.10/DerivedDataCache/Boot.ddc
[2016.03.27-17.05.06:977][  0]LogDerivedDataCache: FDerivedDataBackendGraph:  Pak pak cache file ../../../../../../Users/SS/Documents/GitHub/SCG_1/DerivedDataCache/DDC.ddp not found, will not use a pak cache.
[2016.03.27-17.05.06:977][  0]LogDerivedDataCache: Unable to find inner node Pak for hierarchical cache Hierarchy.
[2016.03.27-17.05.06:977][  0]LogDerivedDataCache: FDerivedDataBackendGraph:  CompressedPak pak cache file ../../../../../../Users/SS/Documents/GitHub/SCG_1/DerivedDataCache/Compressed.ddp not found, will not use a pak cache.
[2016.03.27-17.05.06:977][  0]LogDerivedDataCache: Unable to find inner node CompressedPak for hierarchical cache Hierarchy.
[2016.03.27-17.05.07:072][  0]LogDerivedDataCache:Display: Pak cache opened for reading ../../../Engine/DerivedDataCache/Compressed.ddp.
[2016.03.27-17.05.07:084][  0]LogDerivedDataCache: Using Local data cache path C:/Users/SS/AppData/Local/UnrealEngine/Common/DerivedDataCache: Writable
[2016.03.27-17.05.10:513][  0]LogInit: Selected Device Profile: [Windows]
[2016.03.27-17.05.10:513][  0]LogContentStreaming: Texture pool size is 1000.000000MB
[2016.03.27-17.05.10:562][  0]LogMeshUtilities: No automatic mesh reduction module available
[2016.03.27-17.05.10:562][  0]LogMeshUtilities: No automatic mesh merging module available
[2016.03.27-17.05.11:289][  0]LogInit: WinSock: version 1.1 (2.2), MaxSocks=32767, MaxUdp=65467
[2016.03.27-17.05.12:888][  0]LogWindowsMoviePlayer: Unable to load movie: ../../../../../../Users/SS/Documents/GitHub/SCG_1/Content/Movies/Default_Startup.mp4
[2016.03.27-17.05.13:069][  0]SourceControl: Info Source control is disabled
[2016.03.27-17.05.13:069][  0]SourceControl: Info Source control is disabled
[2016.03.27-17.05.13:086][  0]SourceControl: Info Source control is disabled
[2016.03.27-17.05.13:437][  0]LogObj: 27935 objects as part of root set at end of initial load.
[2016.03.27-17.05.13:437][  0]LogUObjectAllocator: 5830072 out of 0 bytes used by permanent object pool.
[2016.03.27-17.05.13:976][  0]LogEngine: Initializing Engine...
[2016.03.27-17.05.13:983][  0]LogHMD: Can't find Oculus library dev build: is proper Runtime installed? Version: 0.8.0.0
[2016.03.27-17.05.14:191][  0]LogHMD: SteamVR failed to initialize.  Err: 110
[2016.03.27-17.05.14:357][  0]LogInit: XAudio2 using 'Динамики (Realtek High Definition Audio)' : 2 channels at 48 kHz using 32 bits per sample (channel mask 0x3)
[2016.03.27-17.05.14:376][  0]LogInit: FAudioDevice initialized.
[2016.03.27-17.05.14:388][  0]LogInit: Texture streaming: Enabled
[2016.03.27-17.05.14:674][  0]LogNet: Browse: /Temp/Autosaves/Game/SideScrollerBP/Maps/UEDPCSideScrollerExampleMap?Name=Player
[2016.03.27-17.05.14:679][  0]LogLoad: LoadMap: /Temp/Autosaves/Game/SideScrollerBP/Maps/UEDPCSideScrollerExampleMap?Name=Player
[2016.03.27-17.05.14:696][  0]LogParticles: Destroying 0 GPU particle simulations for FXSystem 0x00000000126CCF40
[2016.03.27-17.05.14:710][  0]LogMemory: Platform Memory Stats for Windows
[2016.03.27-17.05.14:710][  0]LogMemory: Process Physical Memory: 381.00 MB used, 381.00 MB peak
[2016.03.27-17.05.14:710][  0]LogMemory: Process Virtual Memory: 356.21 MB used, 356.21 MB peak
[2016.03.27-17.05.14:710][  0]LogMemory: Physical Memory: 7325.07 MB used, 8189.55 MB total
[2016.03.27-17.05.14:710][  0]LogMemory: Virtual Memory: 879.06 MB used, 8388608.00 MB total
[2016.03.27-17.05.14:710][  0]LogMemory: 
[2016.03.27-17.05.14:710][  0]Allocator Stats for TBB: (not implemented)
[2016.03.27-17.05.16:615][  0]LogAIModule: Creating AISystem for world SideScrollerExampleMap
[2016.03.27-17.05.16:627][  0]LogWorld: Game class is 'GameModeSCG_C'
[2016.03.27-17.05.16:637][  0]LogWorld: Bringing World /Temp/Autosaves/Game/SideScrollerBP/Maps/UEDPCSideScrollerExampleMap.SideScrollerExampleMap up for play (max tick rate 0) at 2016.03.27-20.05.16
[2016.03.27-17.05.16:639][  0]LogWorld: Bringing up level for play took: 0.010361
[2016.03.27-17.05.16:639][  0]LogPathFollowing:Warning: No NavigationData found while trying to cache it for AIController_0's PathFollowingComponent
[2016.03.27-17.05.16:640][  0]LogInit:Display: Game Engine Initialized.
[2016.03.27-17.05.16:863][  0]LogLoad: Full Startup: 18.85 seconds (BP compile: 0.56 seconds)
[2016.03.27-17.05.16:887][  0]LogOcInput: Can't find Oculus library dev build: is proper Runtime installed? Version: 0.8.0.0
[2016.03.27-17.05.16:976][  0]LogRenderer: Reallocating scene render targets to support 128x128 (Frame:1).
[2016.03.27-17.05.17:132][  1]LogRenderer: Reallocating scene render targets to support 1280x720 (Frame:2).
[2016.03.27-17.05.20:781][218]LogBlueprintUserMessages: [SideScrollerCharacter_C_1] 0
[2016.03.27-17.05.20:797][219]LogBlueprintUserMessages: [SideScrollerCharacter_C_1] 0
[2016.03.27-17.05.20:813][220]LogBlueprintUserMessages: [SideScrollerCharacter_C_1] 0
[2016.03.27-17.05.20:829][221]LogBlueprintUserMessages: [SideScrollerCharacter_C_1] 0
[2016.03.27-17.05.20:846][222]LogBlueprintUserMessages: [SideScrollerCharacter_C_1] 0
[2016.03.27-17.05.20:862][223]LogBlueprintUserMessages: [SideScrollerCharacter_C_1] 0
[2016.03.27-17.05.20:878][224]LogBlueprintUserMessages: [SideScrollerCharacter_C_1] 0
[2016.03.27-17.05.20:912][225]LogBlueprintUserMessages: [SideScrollerCharacter_C_1] 0
[2016.03.27-17.05.20:928][226]LogBlueprintUserMessages: [SideScrollerCharacter_C_1] 0
[2016.03.27-17.05.20:944][227]LogBlueprintUserMessages: [SideScrollerCharacter_C_1] 0
[2016.03.27-17.05.20:960][228]LogBlueprintUserMessages: [SideScrollerCharacter_C_1] 33.033
[2016.03.27-17.05.20:978][229]LogBlueprintUserMessages: [SideScrollerCharacter_C_1] 66.067
[2016.03.27-17.05.20:993][230]LogBlueprintUserMessages: [SideScrollerCharacter_C_1] 99.1
[2016.03.27-17.05.21:009][231]LogBlueprintUserMessages: [SideScrollerCharacter_C_1] 132.134
[2016.03.27-17.05.21:025][232]LogBlueprintUserMessages: [SideScrollerCharacter_C_1] 165.167
[2016.03.27-17.05.21:041][233]LogBlueprintUserMessages: [SideScrollerCharacter_C_1] 198.2
[2016.03.27-17.05.21:057][234]LogBlueprintUserMessages: [SideScrollerCharacter_C_1] 231.234
[2016.03.27-17.05.21:074][235]LogBlueprintUserMessages: [SideScrollerCharacter_C_1] 264.267
[2016.03.27-17.05.21:089][236]LogBlueprintUserMessages: [SideScrollerCharacter_C_1] 297.301
[2016.03.27-17.05.21:106][237]LogBlueprintUserMessages: [SideScrollerCharacter_C_1] 330.334
[2016.03.27-17.05.21:122][238]LogBlueprintUserMessages: [SideScrollerCharacter_C_1] 363.367
[2016.03.27-17.05.21:138][239]LogBlueprintUserMessages: [SideScrollerCharacter_C_1] 396.401
[2016.03.27-17.05.21:154][240]LogBlueprintUserMessages: [SideScrollerCharacter_C_1] 429.432
[2016.03.27-17.05.21:170][241]LogBlueprintUserMessages: [SideScrollerCharacter_C_1] 462.464
[2016.03.27-17.05.21:186][242]LogBlueprintUserMessages: [SideScrollerCharacter_C_1] 495.495
[2016.03.27-17.05.21:202][243]LogBlueprintUserMessages: [SideScrollerCharacter_C_1] 528.588
[2016.03.27-17.05.21:218][244]LogBlueprintUserMessages: [SideScrollerCharacter_C_1] 561.623
[2016.03.27-17.05.21:235][245]LogBlueprintUserMessages: [SideScrollerCharacter_C_1] 594.654
[2016.03.27-17.05.21:251][246]LogBlueprintUserMessages: [SideScrollerCharacter_C_1] 600.001
[2016.03.27-17.05.21:267][247]LogBlueprintUserMessages: [SideScrollerCharacter_C_1] 600.001
[2016.03.27-17.05.21:283][248]LogBlueprintUserMessages: [SideScrollerCharacter_C_1] 600.001
[2016.03.27-17.05.21:299][249]LogBlueprintUserMessages: [SideScrollerCharacter_C_1] 600.001
[2016.03.27-17.05.21:315][250]LogBlueprintUserMessages: [SideScrollerCharacter_C_1] 600.001
[2016.03.27-17.05.21:331][251]LogBlueprintUserMessages: [SideScrollerCharacter_C_1] 600.001
[2016.03.27-17.05.21:348][252]LogBlueprintUserMessages: [SideScrollerCharacter_C_1] 600.001
[2016.03.27-17.05.21:364][253]LogBlueprintUserMessages: [SideScrollerCharacter_C_1] 600.001
[2016.03.27-17.05.21:380][254]LogBlueprintUserMessages: [SideScrollerCharacter_C_1] 600.001
[2016.03.27-17.05.21:396][255]LogBlueprintUserMessages: [SideScrollerCharacter_C_1] 599.999
[2016.03.27-17.05.21:412][256]LogBlueprintUserMessages: [SideScrollerCharacter_C_1] 600.001
[2016.03.27-17.05.21:428][257]LogBlueprintUserMessages: [SideScrollerCharacter_C_1] 600.001
[2016.03.27-17.05.21:444][258]LogBlueprintUserMessages: [SideScrollerCharacter_C_1] 600.001
[2016.03.27-17.05.21:460][259]LogBlueprintUserMessages: [SideScrollerCharacter_C_1] 600.001
[2016.03.27-17.05.21:477][260]LogBlueprintUserMessages: [SideScrollerCharacter_C_1] 600.001
[2016.03.27-17.05.21:493][261]LogBlueprintUserMessages: [SideScrollerCharacter_C_1] 600.001
[2016.03.27-17.05.21:509][262]LogBlueprintUserMessages: [SideScrollerCharacter_C_1] 600.001
[2016.03.27-17.05.21:525][263]LogBlueprintUserMessages: [SideScrollerCharacter_C_1] 600.001
[2016.03.27-17.05.21:541][264]LogBlueprintUserMessages: [SideScrollerCharacter_C_1] 600.001
[2016.03.27-17.05.21:557][265]LogBlueprintUserMessages: [SideScrollerCharacter_C_1] 600.001
[2016.03.27-17.05.21:573][266]LogBlueprintUserMessages: [SideScrollerCharacter_C_1] 600.001
[2016.03.27-17.05.21:589][267]LogBlueprintUserMessages: [SideScrollerCharacter_C_1] 600.001
[2016.03.27-17.05.21:606][268]LogBlueprintUserMessages: [SideScrollerCharacter_C_1] 600.001
[2016.03.27-17.05.21:622][269]LogBlueprintUserMessages: [SideScrollerCharacter_C_1] 600.001
[2016.03.27-17.05.21:638][270]LogBlueprintUserMessages: [SideScrollerCharacter_C_1] 600.001
[2016.03.27-17.05.21:654][271]LogBlueprintUserMessages: [SideScrollerCharacter_C_1] 600.001
[2016.03.27-17.05.21:670][272]LogBlueprintUserMessages: [SideScrollerCharacter_C_1] 600.001
[2016.03.27-17.05.21:686][273]LogBlueprintUserMessages: [SideScrollerCharacter_C_1] 600.001
[2016.03.27-17.05.21:703][274]LogBlueprintUserMessages: [SideScrollerCharacter_C_1] 600.001
[2016.03.27-17.05.21:719][275]LogBlueprintUserMessages: [SideScrollerCharacter_C_1] 600.001
[2016.03.27-17.05.21:735][276]LogBlueprintUserMessages: [SideScrollerCharacter_C_1] 600.001
[2016.03.27-17.05.21:751][277]LogBlueprintUserMessages: [SideScrollerCharacter_C_1] 600.001
[2016.03.27-17.05.21:767][278]LogBlueprintUserMessages: [SideScrollerCharacter_C_1] 600.001
[2016.03.27-17.05.21:783][279]LogBlueprintUserMessages: [SideScrollerCharacter_C_1] 600.001
[2016.03.27-17.05.21:799][280]LogBlueprintUserMessages: [SideScrollerCharacter_C_1] 600.001
[2016.03.27-17.05.21:815][281]LogBlueprintUserMessages: [SideScrollerCharacter_C_1] 600.001
[2016.03.27-17.05.21:831][282]LogBlueprintUserMessages: [SideScrollerCharacter_C_1] 600.001
[2016.03.27-17.05.21:848][283]LogBlueprintUserMessages: [SideScrollerCharacter_C_1] 600.001
[2016.03.27-17.05.21:864][284]LogBlueprintUserMessages: [SideScrollerCharacter_C_1] 600.001
[2016.03.27-17.05.21:880][285]LogBlueprintUserMessages: [SideScrollerCharacter_C_1] 600.001
[2016.03.27-17.05.21:896][286]LogBlueprintUserMessages: [SideScrollerCharacter_C_1] 600.001
[2016.03.27-17.05.21:912][287]LogBlueprintUserMessages: [SideScrollerCharacter_C_1] 600.001
[2016.03.27-17.05.21:928][288]LogBlueprintUserMessages: [SideScrollerCharacter_C_1] 600.001
[2016.03.27-17.05.21:944][289]LogBlueprintUserMessages: [SideScrollerCharacter_C_1] 600.001
[2016.03.27-17.05.21:960][290]LogBlueprintUserMessages: [SideScrollerCharacter_C_1] 600.001
[2016.03.27-17.05.21:979][291]LogBlueprintUserMessages: [SideScrollerCharacter_C_1] 600.001
[2016.03.27-17.05.21:993][292]LogBlueprintUserMessages: [SideScrollerCharacter_C_1] 600.001
[2016.03.27-17.05.22:009][293]LogBlueprintUserMessages: [SideScrollerCharacter_C_1] 600.001
[2016.03.27-17.05.22:025][294]LogBlueprintUserMessages: [SideScrollerCharacter_C_1] 600.001
[2016.03.27-17.05.22:041][295]LogBlueprintUserMessages: [SideScrollerCharacter_C_1] 600.001
[2016.03.27-17.05.22:057][296]LogBlueprintUserMessages: [SideScrollerCharacter_C_1] 600.001
[2016.03.27-17.05.22:073][297]LogBlueprintUserMessages: [SideScrollerCharacter_C_1] 600.001
[2016.03.27-17.05.22:090][298]LogBlueprintUserMessages: [SideScrollerCharacter_C_1] 600.001
[2016.03.27-17.05.22:106][299]LogBlueprintUserMessages: [SideScrollerCharacter_C_1] 600.001
[2016.03.27-17.05.22:122][300]LogBlueprintUserMessages: [SideScrollerCharacter_C_1] 600.001
[2016.03.27-17.05.22:138][301]LogBlueprintUserMessages: [SideScrollerCharacter_C_1] 600.001
[2016.03.27-17.05.22:154][302]LogBlueprintUserMessages: [SideScrollerCharacter_C_1] 600.001
[2016.03.27-17.05.22:170][303]LogBlueprintUserMessages: [SideScrollerCharacter_C_1] 600.001
[2016.03.27-17.05.22:186][304]LogBlueprintUserMessages: [SideScrollerCharacter_C_1] 600.001
[2016.03.27-17.05.22:203][305]LogBlueprintUserMessages: [SideScrollerCharacter_C_1] 600.001
[2016.03.27-17.05.22:218][306]LogBlueprintUserMessages: [SideScrollerCharacter_C_1] 600.001
[2016.03.27-17.05.22:235][307]LogBlueprintUserMessages: [SideScrollerCharacter_C_1] 600.001
[2016.03.27-17.05.22:251][308]LogBlueprintUserMessages: [SideScrollerCharacter_C_1] 600.001
[2016.03.27-17.05.22:267][309]LogBlueprintUserMessages: [SideScrollerCharacter_C_1] 600.001
[2016.03.27-17.05.22:283][310]LogBlueprintUserMessages: [SideScrollerCharacter_C_1] 600.001
[2016.03.27-17.05.22:299][311]LogBlueprintUserMessages: [SideScrollerCharacter_C_1] 600.001
[2016.03.27-17.05.22:315][312]LogBlueprintUserMessages: [SideScrollerCharacter_C_1] 600.001
[2016.03.27-17.05.22:331][313]LogBlueprintUserMessages: [SideScrollerCharacter_C_1] 600.001
[2016.03.27-17.05.22:348][314]LogBlueprintUserMessages: [SideScrollerCharacter_C_1] 600.001
[2016.03.27-17.05.22:364][315]LogBlueprintUserMessages: [SideScrollerCharacter_C_1] 600.001
[2016.03.27-17.05.22:380][316]LogBlueprintUserMessages: [SideScrollerCharacter_C_1] 600.001
[2016.03.27-17.05.22:396][317]LogBlueprintUserMessages: [SideScrollerCharacter_C_1] 600.001
[2016.03.27-17.05.22:412][318]LogBlueprintUserMessages: [SideScrollerCharacter_C_1] 600.001
[2016.03.27-17.05.22:428][319]LogBlueprintUserMessages: [SideScrollerCharacter_C_1] 600.001
[2016.03.27-17.05.22:444][320]LogBlueprintUserMessages: [SideScrollerCharacter_C_1] 600.001
[2016.03.27-17.05.22:461][321]LogBlueprintUserMessages: [SideScrollerCharacter_C_1] 600.001
[2016.03.27-17.05.22:481][322]LogBlueprintUserMessages: [SideScrollerCharacter_C_1] 600.001
[2016.03.27-17.05.22:497][323]LogBlueprintUserMessages: [SideScrollerCharacter_C_1] 600.001
[2016.03.27-17.05.22:515][324]LogBlueprintUserMessages: [SideScrollerCharacter_C_1] 600.001
[2016.03.27-17.05.22:531][325]LogBlueprintUserMessages: [SideScrollerCharacter_C_1] 599.999
[2016.03.27-17.05.22:547][326]LogBlueprintUserMessages: [SideScrollerCharacter_C_1] 600.001
[2016.03.27-17.05.22:563][327]LogBlueprintUserMessages: [SideScrollerCharacter_C_1] 600.001
[2016.03.27-17.05.22:580][328]LogBlueprintUserMessages: [SideScrollerCharacter_C_1] 600.001
[2016.03.27-17.05.22:596][329]LogBlueprintUserMessages: [SideScrollerCharacter_C_1] 600.001
[2016.03.27-17.05.22:612][330]LogBlueprintUserMessages: [SideScrollerCharacter_C_1] 600.001
[2016.03.27-17.05.22:628][331]LogBlueprintUserMessages: [SideScrollerCharacter_C_1] 600.001
[2016.03.27-17.05.22:644][332]LogBlueprintUserMessages: [SideScrollerCharacter_C_1] 600.001
[2016.03.27-17.05.22:660][333]LogBlueprintUserMessages: [SideScrollerCharacter_C_1] 600.001
[2016.03.27-17.05.22:677][334]LogBlueprintUserMessages: [SideScrollerCharacter_C_1] 600.001
[2016.03.27-17.05.22:693][335]LogBlueprintUserMessages: [SideScrollerCharacter_C_1] 600.001
[2016.03.27-17.05.22:709][336]LogBlueprintUserMessages: [SideScrollerCharacter_C_1] 600.001
[2016.03.27-17.05.22:725][337]LogBlueprintUserMessages: [SideScrollerCharacter_C_1] 600.001
[2016.03.27-17.05.22:742][338]LogBlueprintUserMessages: [SideScrollerCharacter_C_1] 600.001
[2016.03.27-17.05.22:758][339]LogBlueprintUserMessages: [SideScrollerCharacter_C_1] 600.001
[2016.03.27-17.05.22:774][340]LogBlueprintUserMessages: [SideScrollerCharacter_C_1] 600.001
[2016.03.27-17.05.22:790][341]LogBlueprintUserMessages: [SideScrollerCharacter_C_1] 600.001
[2016.03.27-17.05.22:807][342]LogBlueprintUserMessages: [SideScrollerCharacter_C_1] 600.001
[2016.03.27-17.05.22:823][343]LogBlueprintUserMessages: [SideScrollerCharacter_C_1] 600.001
[2016.03.27-17.05.22:839][344]LogBlueprintUserMessages: [SideScrollerCharacter_C_1] 600.001
[2016.03.27-17.05.22:855][345]LogBlueprintUserMessages: [SideScrollerCharacter_C_1] 600.001
[2016.03.27-17.05.22:871][346]LogBlueprintUserMessages: [SideScrollerCharacter_C_1] 600.001
[2016.03.27-17.05.22:887][347]LogBlueprintUserMessages: [SideScrollerCharacter_C_1] 600.001
[2016.03.27-17.05.22:904][348]LogBlueprintUserMessages: [SideScrollerCharacter_C_1] 600.001
[2016.03.27-17.05.22:920][349]LogBlueprintUserMessages: [SideScrollerCharacter_C_1] 600.001
[2016.03.27-17.05.22:936][350]LogBlueprintUserMessages: [SideScrollerCharacter_C_1] 600.001
[2016.03.27-17.05.22:952][351]LogBlueprintUserMessages: [SideScrollerCharacter_C_1] 600.001
[2016.03.27-17.05.22:968][352]LogBlueprintUserMessages: [SideScrollerCharacter_C_1] 600.001
[2016.03.27-17.05.22:984][353]LogBlueprintUserMessages: [SideScrollerCharacter_C_1] 600.001
[2016.03.27-17.05.23:000][354]LogBlueprintUserMessages: [SideScrollerCharacter_C_1] 600.001
[2016.03.27-17.05.23:016][355]LogBlueprintUserMessages: [SideScrollerCharacter_C_1] 600.001
[2016.03.27-17.05.23:032][356]LogBlueprintUserMessages: [SideScrollerCharacter_C_1] 600.001
[2016.03.27-17.05.23:048][357]LogBlueprintUserMessages: [SideScrollerCharacter_C_1] 600.001
[2016.03.27-17.05.23:065][358]LogBlueprintUserMessages: [SideScrollerCharacter_C_1] 600.001
[2016.03.27-17.05.23:081][359]LogBlueprintUserMessages: [SideScrollerCharacter_C_1] 600.001
[2016.03.27-17.05.23:097][360]LogBlueprintUserMessages: [SideScrollerCharacter_C_1] 600.001
[2016.03.27-17.05.23:113][361]LogBlueprintUserMessages: [SideScrollerCharacter_C_1] 600.001
[2016.03.27-17.05.23:129][362]LogBlueprintUserMessages: [SideScrollerCharacter_C_1] 600.001
[2016.03.27-17.05.23:145][363]LogBlueprintUserMessages: [SideScrollerCharacter_C_1] 600.001
[2016.03.27-17.05.23:161][364]LogBlueprintUserMessages: [SideScrollerCharacter_C_1] 600.001
[2016.03.27-17.05.23:179][365]LogBlueprintUserMessages: [SideScrollerCharacter_C_1] 600.001
[2016.03.27-17.05.23:196][366]LogBlueprintUserMessages: [SideScrollerCharacter_C_1] 599.999
[2016.03.27-17.05.23:212][367]LogBlueprintUserMessages: [SideScrollerCharacter_C_1] 600.001
[2016.03.27-17.05.23:228][368]LogBlueprintUserMessages: [SideScrollerCharacter_C_1] 600.001
[2016.03.27-17.05.23:244][369]LogBlueprintUserMessages: [SideScrollerCharacter_C_1] 600.001
[2016.03.27-17.05.23:260][370]LogBlueprintUserMessages: [SideScrollerCharacter_C_1] 600.001
[2016.03.27-17.05.23:276][371]LogBlueprintUserMessages: [SideScrollerCharacter_C_1] 600.001
[2016.03.27-17.05.23:292][372]LogBlueprintUserMessages: [SideScrollerCharacter_C_1] 600.001
[2016.03.27-17.05.23:308][373]LogBlueprintUserMessages: [SideScrollerCharacter_C_1] 600.001
[2016.03.27-17.05.23:325][374]LogBlueprintUserMessages: [SideScrollerCharacter_C_1] 600.001
[2016.03.27-17.05.23:341][375]LogBlueprintUserMessages: [SideScrollerCharacter_C_1] 600.001
[2016.03.27-17.05.23:357][376]LogBlueprintUserMessages: [SideScrollerCharacter_C_1] 600.001
[2016.03.27-17.05.23:373][377]LogBlueprintUserMessages: [SideScrollerCharacter_C_1] 600.001
[2016.03.27-17.05.23:389][378]LogBlueprintUserMessages: [SideScrollerCharacter_C_1] 600.001
[2016.03.27-17.05.23:405][379]LogBlueprintUserMessages: [SideScrollerCharacter_C_1] 600.001
[2016.03.27-17.05.23:421][380]LogBlueprintUserMessages: [SideScrollerCharacter_C_1] 600.001
[2016.03.27-17.05.23:437][381]LogBlueprintUserMessages: [SideScrollerCharacter_C_1] 600.001
[2016.03.27-17.05.23:454][382]LogBlueprintUserMessages: [SideScrollerCharacter_C_1] 600.001
[2016.03.27-17.05.23:470][383]LogBlueprintUserMessages: [SideScrollerCharacter_C_1] 600.001
[2016.03.27-17.05.23:486][384]LogBlueprintUserMessages: [SideScrollerCharacter_C_1] 600.001
[2016.03.27-17.05.23:502][385]LogBlueprintUserMessages: [SideScrollerCharacter_C_1] 600.001
[2016.03.27-17.05.23:518][386]LogBlueprintUserMessages: [SideScrollerCharacter_C_1] 600.001
[2016.03.27-17.05.23:534][387]LogBlueprintUserMessages: [SideScrollerCharacter_C_1] 600.001
[2016.03.27-17.05.23:550][388]LogBlueprintUserMessages: [SideScrollerCharacter_C_1] 600.001
[2016.03.27-17.05.23:567][389]LogBlueprintUserMessages: [SideScrollerCharacter_C_1] 600.001
[2016.03.27-17.05.23:583][390]LogBlueprintUserMessages: [SideScrollerCharacter_C_1] 600.001
[2016.03.27-17.05.23:599][391]LogBlueprintUserMessages: [SideScrollerCharacter_C_1] 600.001
[2016.03.27-17.05.23:615][392]LogBlueprintUserMessages: [SideScrollerCharacter_C_1] 600.001
[2016.03.27-17.05.23:631][393]LogBlueprintUserMessages: [SideScrollerCharacter_C_1] 600.001
[2016.03.27-17.05.23:647][394]LogBlueprintUserMessages: [SideScrollerCharacter_C_1] 600.001
[2016.03.27-17.05.23:663][395]LogBlueprintUserMessages: [SideScrollerCharacter_C_1] 600.001
[2016.03.27-17.05.23:680][396]LogBlueprintUserMessages: [SideScrollerCharacter_C_1] 600.001
[2016.03.27-17.05.23:696][397]LogBlueprintUserMessages: [SideScrollerCharacter_C_1] 600.001
[2016.03.27-17.05.23:712][398]LogBlueprintUserMessages: [SideScrollerCharacter_C_1] 600.001
[2016.03.27-17.05.23:728][399]LogBlueprintUserMessages: [SideScrollerCharacter_C_1] 600.001
[2016.03.27-17.05.23:744][400]LogBlueprintUserMessages: [SideScrollerCharacter_C_1] 600.001
[2016.03.27-17.05.23:760][401]LogBlueprintUserMessages: [SideScrollerCharacter_C_1] 600.001
[2016.03.27-17.05.23:776][402]LogBlueprintUserMessages: [SideScrollerCharacter_C_1] 600.001
[2016.03.27-17.05.23:792][403]LogBlueprintUserMessages: [SideScrollerCharacter_C_1] 600.001
[2016.03.27-17.05.23:809][404]LogBlueprintUserMessages: [SideScrollerCharacter_C_1] 600.001
[2016.03.27-17.05.23:825][405]LogBlueprintUserMessages: [SideScrollerCharacter_C_1] 600.001
[2016.03.27-17.05.23:841][406]LogBlueprintUserMessages: [SideScrollerCharacter_C_1] 600.001
[2016.03.27-17.05.23:857][407]LogBlueprintUserMessages: [SideScrollerCharacter_C_1] 600.001
[2016.03.27-17.05.23:873][408]LogBlueprintUserMessages: [SideScrollerCharacter_C_1] 600.001
[2016.03.27-17.05.23:889][409]LogBlueprintUserMessages: [SideScrollerCharacter_C_1] 600.001
[2016.03.27-17.05.23:905][410]LogBlueprintUserMessages: [SideScrollerCharacter_C_1] 600.001
[2016.03.27-17.05.23:922][411]LogBlueprintUserMessages: [SideScrollerCharacter_C_1] 600.001
[2016.03.27-17.05.23:938][412]LogBlueprintUserMessages: [SideScrollerCharacter_C_1] 600.001
[2016.03.27-17.05.23:954][413]LogBlueprintUserMessages: [SideScrollerCharacter_C_1] 600.001
[2016.03.27-17.05.23:970][414]LogBlueprintUserMessages: [SideScrollerCharacter_C_1] 600.001
[2016.03.27-17.05.23:986][415]LogBlueprintUserMessages: [SideScrollerCharacter_C_1] 599.999
[2016.03.27-17.05.24:002][416]LogBlueprintUserMessages: [SideScrollerCharacter_C_1] 600.001
[2016.03.27-17.05.24:018][417]LogBlueprintUserMessages: [SideScrollerCharacter_C_1] 508.903
[2016.03.27-17.05.24:034][418]LogBlueprintUserMessages: [SideScrollerCharacter_C_1] 426.621
[2016.03.27-17.05.24:051][419]LogBlueprintUserMessages: [SideScrollerCharacter_C_1] 352.301
[2016.03.27-17.05.24:067][420]LogBlueprintUserMessages: [SideScrollerCharacter_C_1] 285.174
[2016.03.27-17.05.24:083][421]LogBlueprintUserMessages: [SideScrollerCharacter_C_1] 224.545
[2016.03.27-17.05.24:099][422]LogBlueprintUserMessages: [SideScrollerCharacter_C_1] 169.384
[2016.03.27-17.05.24:115][423]LogBlueprintUserMessages: [SideScrollerCharacter_C_1] 119.96
[2016.03.27-17.05.24:131][424]LogBlueprintUserMessages: [SideScrollerCharacter_C_1] 75.319
[2016.03.27-17.05.24:147][425]LogBlueprintUserMessages: [SideScrollerCharacter_C_1] 34.995
[2016.03.27-17.05.24:164][426]LogBlueprintUserMessages: [SideScrollerCharacter_C_1] 0
[2016.03.27-17.05.24:180][427]LogBlueprintUserMessages: [SideScrollerCharacter_C_1] 0
[2016.03.27-17.05.24:196][428]LogBlueprintUserMessages: [SideScrollerCharacter_C_1] 0
[2016.03.27-17.05.24:212][429]LogBlueprintUserMessages: [SideScrollerCharacter_C_1] 0
[2016.03.27-17.05.24:228][430]LogBlueprintUserMessages: [SideScrollerCharacter_C_1] 0
[2016.03.27-17.05.24:244][431]LogBlueprintUserMessages: [SideScrollerCharacter_C_1] 0
[2016.03.27-17.05.24:260][432]LogBlueprintUserMessages: [SideScrollerCharacter_C_1] 0
[2016.03.27-17.05.24:277][433]LogBlueprintUserMessages: [SideScrollerCharacter_C_1] 0
[2016.03.27-17.05.24:293][434]LogBlueprintUserMessages: [SideScrollerCharacter_C_1] 0
[2016.03.27-17.05.24:309][435]LogBlueprintUserMessages: [SideScrollerCharacter_C_1] 0
[2016.03.27-17.05.24:325][436]LogBlueprintUserMessages: [SideScrollerCharacter_C_1] 0
[2016.03.27-17.05.24:341][437]LogBlueprintUserMessages: [SideScrollerCharacter_C_1] 0
[2016.03.27-17.05.24:357][438]LogBlueprintUserMessages: [SideScrollerCharacter_C_1] 0
[2016.03.27-17.05.24:373][439]LogBlueprintUserMessages: [SideScrollerCharacter_C_1] 0
[2016.03.27-17.05.24:390][440]LogBlueprintUserMessages: [SideScrollerCharacter_C_1] 0
[2016.03.27-17.05.24:406][441]LogBlueprintUserMessages: [SideScrollerCharacter_C_1] 0
[2016.03.27-17.05.24:422][442]LogBlueprintUserMessages: [SideScrollerCharacter_C_1] 0
[2016.03.27-17.05.24:438][443]LogBlueprintUserMessages: [SideScrollerCharacter_C_1] 0
[2016.03.27-17.05.24:454][444]LogBlueprintUserMessages: [SideScrollerCharacter_C_1] 0
[2016.03.27-17.05.24:470][445]LogBlueprintUserMessages: [SideScrollerCharacter_C_1] 0
[2016.03.27-17.05.24:486][446]LogBlueprintUserMessages: [SideScrollerCharacter_C_1] 0
[2016.03.27-19.05.50:858][676]LogEngine: All Windows Closed
[2016.03.27-19.05.50:859][676]LogWindows: FPlatformMisc::RequestExit(0)
[2016.03.27-19.05.51:788][677]LogExit: Preparing 